
Running self-nucmer on /data/djs217/PROJECTS/47_phage/xcc/03_workdir/files/738C_assembly.fna
[RUNNING:] nucmer --maxmatch --nosimplify --prefix=seq_seq3103484 /data/djs217/PROJECTS/47_phage/xcc/03_workdir/files/738C_assembly.fna /data/djs217/PROJECTS/47_phage/xcc/03_workdir/files/738C_assembly.fna 2>/dev/null
[RUNNING:] show-coords -r -I 97 -L 75 -T seq_seq3103484.delta | awk '$1 != $3 || $2 != $4 && $8==$9 {print}' > seq_seq3103484.coords

Running self-nucmer on /data/djs217/PROJECTS/47_phage/xcc/03_workdir/files/WHRI_5212__NCPPB_528_.fna
[RUNNING:] nucmer --maxmatch --nosimplify --prefix=seq_seq3103563 /data/djs217/PROJECTS/47_phage/xcc/03_workdir/files/WHRI_5212__NCPPB_528_.fna /data/djs217/PROJECTS/47_phage/xcc/03_workdir/files/WHRI_5212__NCPPB_528_.fna 2>/dev/null
[RUNNING:] show-coords -r -I 97 -L 75 -T seq_seq3103563.delta | awk '$1 != $3 || $2 != $4 && $8==$9 {print}' > seq_seq3103563.coords

Running self-nucmer on /data/djs217/PROJECTS/47_phage/xcc/03_workdir/files/3873_assembly.fna
[RUNNING:] nucmer --maxmatch --nosimplify --prefix=seq_seq3103650 /data/djs217/PROJECTS/47_phage/xcc/03_workdir/files/3873_assembly.fna /data/djs217/PROJECTS/47_phage/xcc/03_workdir/files/3873_assembly.fna 2>/dev/null
[RUNNING:] show-coords -r -I 97 -L 75 -T seq_seq3103650.delta | awk '$1 != $3 || $2 != $4 && $8==$9 {print}' > seq_seq3103650.coords

Running self-nucmer on /data/djs217/PROJECTS/47_phage/xcc/03_workdir/files/3851_assembly.fna
[RUNNING:] nucmer --maxmatch --nosimplify --prefix=seq_seq3103729 /data/djs217/PROJECTS/47_phage/xcc/03_workdir/files/3851_assembly.fna /data/djs217/PROJECTS/47_phage/xcc/03_workdir/files/3851_assembly.fna 2>/dev/null
[RUNNING:] show-coords -r -I 97 -L 75 -T seq_seq3103729.delta | awk '$1 != $3 || $2 != $4 && $8==$9 {print}' > seq_seq3103729.coords

Repeat coords for all references found.
Self-NUCmer complete
==================================================================
Aligning to the reference genome /data/djs217/PROJECTS/47_phage/xcc/03_workdir/files/WHRI_5212__NCPPB_528_.fna

Running nucmer on WHRI_5212__NCPPB_528__738C_assembly
Running nucmer on WHRI_5212__NCPPB_528__WHRI_5212__NCPPB_528_
Running nucmer on WHRI_5212__NCPPB_528__3873_assembly
Running nucmer on WHRI_5212__NCPPB_528__3851_assembly

NUCmer on all reference genomes complete.
==================================================================

runContigNUCmer.pl -r /data/djs217/PROJECTS/47_phage/xcc/03_workdir/files/WHRI_5212__NCPPB_528_.fna -q /data/djs217/PROJECTS/47_phage/xcc/03_workdir -d /data/djs217/PROJECTS/47_phage/xcc/03_workdir/results -l /data/djs217/PROJECTS/47_phage/xcc/03_workdir/contigs_list.txt -t 1 -y 2 2>>/data/djs217/PROJECTS/47_phage/xcc/03_workdir/results/xcc_fastree.error >> /data/djs217/PROJECTS/47_phage/xcc/03_workdir/results/xcc_fastree.log


Using given reference:  /data/djs217/PROJECTS/47_phage/xcc/03_workdir/files/WHRI_5212__NCPPB_528_.fna
Running nucmer on WHRI_5212__NCPPB_528__WHRI_6047_contig
Running nucmer on WHRI_5212__NCPPB_528__WHRI_8022A_contig
Running nucmer on WHRI_5212__NCPPB_528__WHRI_6087_contig
Running nucmer on WHRI_5212__NCPPB_528__WHRI_8841_contig
Running nucmer on WHRI_5212__NCPPB_528__WHRI_8441A_contig
Running nucmer on WHRI_5212__NCPPB_528__WHRI_10020A_contig
Running nucmer on WHRI_5212__NCPPB_528__WHRI_6198_contig
Running nucmer on WHRI_5212__NCPPB_528__WHRI_8468A_contig
Running nucmer on WHRI_5212__NCPPB_528__WHRI_8891A_contig
Running nucmer on WHRI_5212__NCPPB_528__WHRI_3836E_contig
Running nucmer on WHRI_5212__NCPPB_528__WHRI_5587_contig
Running nucmer on WHRI_5212__NCPPB_528__WHRI_8423A_contig
Running nucmer on WHRI_5212__NCPPB_528__WHRI_8449A_contig
Running nucmer on WHRI_5212__NCPPB_528__WHRI_7806_contig
Running nucmer on WHRI_5212__NCPPB_528__WHRI_8819_contig
Running nucmer on WHRI_5212__NCPPB_528__WHRI_3880__NCPPB_2986__contig
Running nucmer on WHRI_5212__NCPPB_528__WHRI_8420A_contig
Running nucmer on WHRI_5212__NCPPB_528__WHRI_8964_contig
Running nucmer on WHRI_5212__NCPPB_528__WHRI_7292_contig
Running nucmer on WHRI_5212__NCPPB_528__WHRI_8892A_contig
Running nucmer on WHRI_5212__NCPPB_528__WHRI_8333_contig
Running nucmer on WHRI_5212__NCPPB_528__WHRI_6020A_contig
Running nucmer on WHRI_5212__NCPPB_528__WHRI_5495_contig
Running nucmer on WHRI_5212__NCPPB_528__WHRI_8443B_contig
Running nucmer on WHRI_5212__NCPPB_528__WHRI_7073_contig
Running nucmer on WHRI_5212__NCPPB_528__WHRI_10217A_contig
Running nucmer on WHRI_5212__NCPPB_528__WHRI_8434_contig
Running nucmer on WHRI_5212__NCPPB_528__WHRI_6309A_contig
Running nucmer on WHRI_5212__NCPPB_528__WHRI_8455A_contig
Running nucmer on WHRI_5212__NCPPB_528__WHRI_8959A_contig
Running nucmer on WHRI_5212__NCPPB_528__WHRI_8688_contig
Running nucmer on WHRI_5212__NCPPB_528__WHRI_8903A_contig
Running nucmer on WHRI_5212__NCPPB_528__WHRI_8372_contig
Running nucmer on WHRI_5212__NCPPB_528__WHRI_6018A_contig
Running nucmer on WHRI_5212__NCPPB_528__WHRI_8823_contig
Running nucmer on WHRI_5212__NCPPB_528__WHRI_5610_contig
Running nucmer on WHRI_5212__NCPPB_528__WHRI_5819_contig
Running nucmer on WHRI_5212__NCPPB_528__WHRI_5734_contig
Running nucmer on WHRI_5212__NCPPB_528__WHRI_7787_contig
Running nucmer on WHRI_5212__NCPPB_528__WHRI_6186_contig
Running nucmer on WHRI_5212__NCPPB_528__WHRI_5741_contig
Running nucmer on WHRI_5212__NCPPB_528__WHRI_7809_contig
Running nucmer on WHRI_5212__NCPPB_528__WHRI_6073_contig
Running nucmer on WHRI_5212__NCPPB_528__WHRI_8323_contig
Running nucmer on WHRI_5212__NCPPB_528__WHRI_7072_contig
Running nucmer on WHRI_5212__NCPPB_528__WHRI_8662_contig
Running nucmer on WHRI_5212__NCPPB_528__WHRI_8322_contig
Running nucmer on WHRI_5212__NCPPB_528__WHRI_8629_contig
Running nucmer on WHRI_5212__NCPPB_528__WHRI_6056_contig
Running nucmer on WHRI_5212__NCPPB_528__WHRI_10030A_contig
Running nucmer on WHRI_5212__NCPPB_528__WHRI_8650_contig
Running nucmer on WHRI_5212__NCPPB_528__WHRI_6044_contig
Running nucmer on WHRI_5212__NCPPB_528__WHRI_10042_contig
Running nucmer on WHRI_5212__NCPPB_528__WHRI_8709_contig
Running nucmer on WHRI_5212__NCPPB_528__WHRI_6050_contig
Running nucmer on WHRI_5212__NCPPB_528__WHRI_7795_contig
Running nucmer on WHRI_5212__NCPPB_528__WHRI_10034B_contig
Running nucmer on WHRI_5212__NCPPB_528__WHRI_3876__NCPPB_1043__contig
Running nucmer on WHRI_5212__NCPPB_528__WHRI_8452A_contig
Running nucmer on WHRI_5212__NCPPB_528__WHRI_5811A_contig
Running nucmer on WHRI_5212__NCPPB_528__WHRI_5499_contig
Running nucmer on WHRI_5212__NCPPB_528__WHRI_10072A_contig
Running nucmer on WHRI_5212__NCPPB_528__WHRI_6414_contig
Running nucmer on WHRI_5212__NCPPB_528__WHRI_5490_contig
Running nucmer on WHRI_5212__NCPPB_528__WHRI_6071_contig
Running nucmer on WHRI_5212__NCPPB_528__WHRI_6381__NCPPB_529__contig
Running nucmer on WHRI_5212__NCPPB_528__WHRI_7230_contig
Running nucmer on WHRI_5212__NCPPB_528__WHRI_7240_contig
Running nucmer on WHRI_5212__NCPPB_528__WHRI_8895_contig
Running nucmer on WHRI_5212__NCPPB_528__WHRI_3978_contig
Running nucmer on WHRI_5212__NCPPB_528__WHRI_8839_contig
Running nucmer on WHRI_5212__NCPPB_528__WHRI_6075_contig
Running nucmer on WHRI_5212__NCPPB_528__WHRI_8879_contig
Running nucmer on WHRI_5212__NCPPB_528__WHRI_8127_contig
Running nucmer on WHRI_5212__NCPPB_528__WHRI_6190_contig
Running nucmer on WHRI_5212__NCPPB_528__WHRI_8934A_contig
Running nucmer on WHRI_5212__NCPPB_528__WHRI_8020A_contig
Running nucmer on WHRI_5212__NCPPB_528__WHRI_10071A_contig
Running nucmer on WHRI_5212__NCPPB_528__WHRI_5715A_contig
Running nucmer on WHRI_5212__NCPPB_528__WHRI_7260_contig
Running nucmer on WHRI_5212__NCPPB_528__WHRI_3976A_contig
Running nucmer on WHRI_5212__NCPPB_528__WHRI_5714B_contig
Running nucmer on WHRI_5212__NCPPB_528__WHRI_8825_contig
Running nucmer on WHRI_5212__NCPPB_528__WHRI_5812_contig
Running nucmer on WHRI_5212__NCPPB_528__WHRI_6063_contig
Running nucmer on WHRI_5212__NCPPB_528__WHRI_7273_contig
Running nucmer on WHRI_5212__NCPPB_528__WHRI_6069_contig
Running nucmer on WHRI_5212__NCPPB_528__WHRI_6191_contig
Running nucmer on WHRI_5212__NCPPB_528__WHRI_8446_contig
Running nucmer on WHRI_5212__NCPPB_528__WHRI_6024A_contig
Running nucmer on WHRI_5212__NCPPB_528__WHRI_3832A_contig
Running nucmer on WHRI_5212__NCPPB_528__WHRI_6023A_contig
Running nucmer on WHRI_5212__NCPPB_528__WHRI_5594_contig
Running nucmer on WHRI_5212__NCPPB_528__WHRI_5176_contig
Running nucmer on WHRI_5212__NCPPB_528__WHRI_8450A_contig
Running nucmer on WHRI_5212__NCPPB_528__WHRI_10033A_contig
Running nucmer on WHRI_5212__NCPPB_528__WHRI_5487_contig
Running nucmer on WHRI_5212__NCPPB_528__WHRI_8952A_contig
Running nucmer on WHRI_5212__NCPPB_528__WHRI_6068_contig
Running nucmer on WHRI_5212__NCPPB_528__WHRI_5582_contig
Running nucmer on WHRI_5212__NCPPB_528__WHRI_8500_contig
Running nucmer on WHRI_5212__NCPPB_528__WHRI_8758_contig
Running nucmer on WHRI_5212__NCPPB_528__WHRI_6188_contig
Running nucmer on WHRI_5212__NCPPB_528__WHRI_8894_contig
Running nucmer on WHRI_5212__NCPPB_528__WHRI_6074_contig
Running nucmer on WHRI_5212__NCPPB_528__WHRI_5588_contig
Running nucmer on WHRI_5212__NCPPB_528__WHRI_6196_contig
Running nucmer on WHRI_5212__NCPPB_528__WHRI_7071_contig
Running nucmer on WHRI_5212__NCPPB_528__WHRI_5736_contig
Running nucmer on WHRI_5212__NCPPB_528__WHRI_3830A_contig
Running nucmer on WHRI_5212__NCPPB_528__WHRI_8023A_contig
Running nucmer on WHRI_5212__NCPPB_528__WHRI_10019C_contig
Running nucmer on WHRI_5212__NCPPB_528__WHRI_5808_contig
Running nucmer on WHRI_5212__NCPPB_528__WHRI_6089_contig
Running nucmer on WHRI_5212__NCPPB_528__WHRI_5485_contig
Running nucmer on WHRI_5212__NCPPB_528__WHRI_6019C_contig
Running nucmer on WHRI_5212__NCPPB_528__WHRI_8450B_contig
Running nucmer on WHRI_5212__NCPPB_528__WHRI_7942_contig
Running nucmer on WHRI_5212__NCPPB_528__WHRI_8469_contig
Running nucmer on WHRI_5212__NCPPB_528__WHRI_7807_contig
Running nucmer on WHRI_5212__NCPPB_528__WHRI_6062_contig
Running nucmer on WHRI_5212__NCPPB_528__WHRI_7277_contig
Running nucmer on WHRI_5212__NCPPB_528__WHRI_10019A_contig
Running nucmer on WHRI_5212__NCPPB_528__WHRI_8975A_contig
Running nucmer on WHRI_5212__NCPPB_528__WHRI_5583_contig
Running nucmer on WHRI_5212__NCPPB_528__WHRI_8955_contig
Running nucmer on WHRI_5212__NCPPB_528__WHRI_8596_contig
Running nucmer on WHRI_5212__NCPPB_528__WHRI_8820_contig
Running nucmer on WHRI_5212__NCPPB_528__WHRI_5740_contig
Running nucmer on WHRI_5212__NCPPB_528__WHRI_6067_contig
Running nucmer on WHRI_5212__NCPPB_528__WHRI_8401_contig
Running nucmer on WHRI_5212__NCPPB_528__WHRI_6367_contig
Running nucmer on WHRI_5212__NCPPB_528__WHRI_7281_contig
Running nucmer on WHRI_5212__NCPPB_528__WHRI_5585_contig
Running nucmer on WHRI_5212__NCPPB_528__WHRI_5737_contig
Running nucmer on WHRI_5212__NCPPB_528__WHRI_8807_contig
Running nucmer on WHRI_5212__NCPPB_528__WHRI_6195Rx_contig
Running nucmer on WHRI_5212__NCPPB_528__WHRI_10213_contig
Running nucmer on WHRI_5212__NCPPB_528__WHRI_8021_contig
Running nucmer on WHRI_5212__NCPPB_528__WHRI_6187_contig
Running nucmer on WHRI_5212__NCPPB_528__WHRI_5589_contig
Running nucmer on WHRI_5212__NCPPB_528__WHRI_7074_contig
Running nucmer on WHRI_5212__NCPPB_528__WHRI_6366_contig
Running nucmer on WHRI_5212__NCPPB_528__WHRI_3820A_contig
Running nucmer on WHRI_5212__NCPPB_528__WHRI_6065_contig
Running nucmer on WHRI_5212__NCPPB_528__WHRI_6183_contig
Running nucmer on WHRI_5212__NCPPB_528__WHRI_5651_contig
Running nucmer on WHRI_5212__NCPPB_528__WHRI_8836_contig
Running nucmer on WHRI_5212__NCPPB_528__WHRI_7782_contig
Running nucmer on WHRI_5212__NCPPB_528__WHRI_8763_contig
Running nucmer on WHRI_5212__NCPPB_528__WHRI_8337B_contig
Running nucmer on WHRI_5212__NCPPB_528__WHRI_3833A_contig
Running nucmer on WHRI_5212__NCPPB_528__WHRI_8806_contig
Running nucmer on WHRI_5212__NCPPB_528__WHRI_6136_contig
Running nucmer on WHRI_5212__NCPPB_528__WHRI_8539_contig
Running nucmer on WHRI_5212__NCPPB_528__WHRI_10040_contig
Running nucmer on WHRI_5212__NCPPB_528__WHRI_8463A_contig
Running nucmer on WHRI_5212__NCPPB_528__WHRI_3818A_contig
Running nucmer on WHRI_5212__NCPPB_528__WHRI_7286_contig
Running nucmer on WHRI_5212__NCPPB_528__WHRI_8023C_contig
Running nucmer on WHRI_5212__NCPPB_528__WHRI_8979_contig
Running nucmer on WHRI_5212__NCPPB_528__WHRI_5586_contig
Running nucmer on WHRI_5212__NCPPB_528__WHRI_8653_contig
Running nucmer on WHRI_5212__NCPPB_528__WHRI_6052_contig
Running nucmer on WHRI_5212__NCPPB_528__WHRI_5814_contig
Running nucmer on WHRI_5212__NCPPB_528__WHRI_8436_contig
Running nucmer on WHRI_5212__NCPPB_528__WHRI_6046_contig
Running nucmer on WHRI_5212__NCPPB_528__WHRI_5739_contig
Running nucmer on WHRI_5212__NCPPB_528__WHRI_3844B_contig
Running nucmer on WHRI_5212__NCPPB_528__WHRI_6061_contig
Running nucmer on WHRI_5212__NCPPB_528__WHRI_3975A_contig
Running nucmer on WHRI_5212__NCPPB_528__WHRI_6022A_contig
Running nucmer on WHRI_5212__NCPPB_528__WHRI_1279A_contig
Running nucmer on WHRI_5212__NCPPB_528__WHRI_3819A_contig
Running nucmer on WHRI_5212__NCPPB_528__WHRI_5771_contig
Running nucmer on WHRI_5212__NCPPB_528__WHRI_8816_contig
Running nucmer on WHRI_5212__NCPPB_528__WHRI_6184_contig
Running nucmer on WHRI_5212__NCPPB_528__WHRI_8951_contig
Running nucmer on WHRI_5212__NCPPB_528__WHRI_5743_contig
Running nucmer on WHRI_5212__NCPPB_528__WHRI_6192_contig
Running nucmer on WHRI_5212__NCPPB_528__WHRI_10062A_contig
Running nucmer on WHRI_5212__NCPPB_528__WHRI_7264_contig
Running nucmer on WHRI_5212__NCPPB_528__WHRI_7275_contig
Running nucmer on WHRI_5212__NCPPB_528__WHRI_5804_contig
Running nucmer on WHRI_5212__NCPPB_528__WHRI_5190_contig
Running nucmer on WHRI_5212__NCPPB_528__WHRI_6182_contig
Running nucmer on WHRI_5212__NCPPB_528__WHRI_10061_contig
Running nucmer on WHRI_5212__NCPPB_528__WHRI_8453B_contig
Running nucmer on WHRI_5212__NCPPB_528__WHRI_7761_contig
Running nucmer on WHRI_5212__NCPPB_528__WHRI_7943_contig
Running nucmer on WHRI_5212__NCPPB_528__WHRI_8808_contig
Running nucmer on WHRI_5212__NCPPB_528__WHRI_6412_contig
Running nucmer on WHRI_5212__NCPPB_528__WHRI_8572_contig
Running nucmer on WHRI_5212__NCPPB_528__WHRI_7657_contig
Running nucmer on WHRI_5212__NCPPB_528__WHRI_7944_contig
Running nucmer on WHRI_5212__NCPPB_528__WHRI_8320_contig
Running nucmer on WHRI_5212__NCPPB_528__WHRI_8447A_contig
Running nucmer on WHRI_5212__NCPPB_528__WHRI_8668_contig
Running nucmer on WHRI_5212__NCPPB_528__WHRI_7289_contig
Running nucmer on WHRI_5212__NCPPB_528__WHRI_5630_contig
Running nucmer on WHRI_5212__NCPPB_528__WHRI_7805_contig
Running nucmer on WHRI_5212__NCPPB_528__WHRI_8865_contig
Running nucmer on WHRI_5212__NCPPB_528__WHRI_8458A_contig
Running nucmer on WHRI_5212__NCPPB_528__WHRI_5659_contig
Running nucmer on WHRI_5212__NCPPB_528__WHRI_6057_contig
Running nucmer on WHRI_5212__NCPPB_528__WHRI_3971A_contig
Running nucmer on WHRI_5212__NCPPB_528__WHRI_8788_contig
Running nucmer on WHRI_5212__NCPPB_528__WHRI_5806_contig
Running nucmer on WHRI_5212__NCPPB_528__WHRI_3977A_contig
Running nucmer on WHRI_5212__NCPPB_528__WHRI_10021A_contig
Running nucmer on WHRI_5212__NCPPB_528__WHRI_5802_contig
Running nucmer on WHRI_5212__NCPPB_528__WHRI_5796_contig
Running nucmer on WHRI_5212__NCPPB_528__WHRI_7284_contig
Running nucmer on WHRI_5212__NCPPB_528__WHRI_8908_contig
Running nucmer on WHRI_5212__NCPPB_528__WHRI_5735_contig
Running nucmer on WHRI_5212__NCPPB_528__WHRI_8414A_contig
Running nucmer on WHRI_5212__NCPPB_528__WHRI_5742_contig
Running nucmer on WHRI_5212__NCPPB_528__WHRI_5821_contig
Running nucmer on WHRI_5212__NCPPB_528__WHRI_6090_contig
Running nucmer on WHRI_5212__NCPPB_528__WHRI_8838_contig
Running nucmer on WHRI_5212__NCPPB_528__WHRI_8429A_contig
Running nucmer on WHRI_5212__NCPPB_528__WHRI_8759_contig
Running nucmer on WHRI_5212__NCPPB_528__WHRI_5733_contig
Running nucmer on WHRI_5212__NCPPB_528__WHRI_5811B_contig
Running nucmer on WHRI_5212__NCPPB_528__WHRI_5489_contig
Running nucmer on WHRI_5212__NCPPB_528__WHRI_5792_contig
Running nucmer on WHRI_5212__NCPPB_528__WHRI_6180_contig
Running nucmer on WHRI_5212__NCPPB_528__WHRI_8981_contig
Running nucmer on WHRI_5212__NCPPB_528__WHRI_6059_contig
Running nucmer on WHRI_5212__NCPPB_528__WHRI_6380__NCPPB_404__contig
Running nucmer on WHRI_5212__NCPPB_528__WHRI_8462A_contig
Running nucmer on WHRI_5212__NCPPB_528__WHRI_10018B_contig
Running nucmer on WHRI_5212__NCPPB_528__WHRI_8430_contig
Running nucmer on WHRI_5212__NCPPB_528__WHRI_8412_contig
Running nucmer on WHRI_5212__NCPPB_528__WHRI_7279_contig
Running nucmer on WHRI_5212__NCPPB_528__WHRI_6051_contig
Running nucmer on WHRI_5212__NCPPB_528__WHRI_5592_contig
Running nucmer on WHRI_5212__NCPPB_528__WHRI_10023A_contig
Running nucmer on WHRI_5212__NCPPB_528__WHRI_6049_contig
Running nucmer on WHRI_5212__NCPPB_528__WHRI_8332_contig
Running nucmer on WHRI_5212__NCPPB_528__WHRI_7808_contig
Running nucmer on WHRI_5212__NCPPB_528__WHRI_8646_contig
Running nucmer on WHRI_5212__NCPPB_528__WHRI_7294_contig
Running nucmer on WHRI_5212__NCPPB_528__WHRI_3831A_contig
Running nucmer on WHRI_5212__NCPPB_528__WHRI_6053_contig
Running nucmer on WHRI_5212__NCPPB_528__WHRI_8868_contig
Running nucmer on WHRI_5212__NCPPB_528__WHRI_8978_contig
Running nucmer on WHRI_5212__NCPPB_528__WHRI_8578_contig
Running nucmer on WHRI_5212__NCPPB_528__WHRI_3843B_contig
Running nucmer on WHRI_5212__NCPPB_528__WHRI_8966_contig
Running nucmer on WHRI_5212__NCPPB_528__WHRI_8409_contig
Running nucmer on WHRI_5212__NCPPB_528__WHRI_8824A_contig
Running nucmer on WHRI_5212__NCPPB_528__WHRI_8821_contig
Running nucmer on WHRI_5212__NCPPB_528__WHRI_6055_contig
Running nucmer on WHRI_5212__NCPPB_528__WHRI_8063_contig
Running nucmer on WHRI_5212__NCPPB_528__WHRI_8779_contig
Running nucmer on WHRI_5212__NCPPB_528__WHRI_6368_contig
Running nucmer on WHRI_5212__NCPPB_528__WHRI_8980_contig
Running nucmer on WHRI_5212__NCPPB_528__WHRI_8622_contig
Running nucmer on WHRI_5212__NCPPB_528__WHRI_8471_contig
Running nucmer on WHRI_5212__NCPPB_528__WHRI_8826A_contig
Running nucmer on WHRI_5212__NCPPB_528__WHRI_8448A_contig
Running nucmer on WHRI_5212__NCPPB_528__WHRI_3883__NCPPB_1946__contig
Running nucmer on WHRI_5212__NCPPB_528__WHRI_5591_contig
Running nucmer on WHRI_5212__NCPPB_528__WHRI_7234_contig
Running nucmer on WHRI_5212__NCPPB_528__WHRI_6076_contig
Running nucmer on WHRI_5212__NCPPB_528__WHRI_10018A_contig
Running nucmer on WHRI_5212__NCPPB_528__WHRI_8544_contig
Running nucmer on WHRI_5212__NCPPB_528__WHRI_7779_contig
Running nucmer on WHRI_5212__NCPPB_528__WHRI_5482_contig
Running nucmer on WHRI_5212__NCPPB_528__WHRI_8459B_contig
Running nucmer on WHRI_5212__NCPPB_528__WHRI_8348_contig
Running nucmer on WHRI_5212__NCPPB_528__WHRI_3973A_contig
Running nucmer on WHRI_5212__NCPPB_528__WHRI_8733_contig
Running nucmer on WHRI_5212__NCPPB_528__WHRI_7290_contig
Running nucmer on WHRI_5212__NCPPB_528__WHRI_7287_contig
Running nucmer on WHRI_5212__NCPPB_528__WHRI_5732_contig
Running nucmer on WHRI_5212__NCPPB_528__WHRI_8460B_contig
Running nucmer on WHRI_5212__NCPPB_528__WHRI_6369_contig
Running nucmer on WHRI_5212__NCPPB_528__WHRI_7283_contig
Running nucmer on WHRI_5212__NCPPB_528__WHRI_8020C_contig
Running nucmer on WHRI_5212__NCPPB_528__WHRI_3877__NCPPB_1645__contig
Running nucmer on WHRI_5212__NCPPB_528__WHRI_6070_contig
Running nucmer on WHRI_5212__NCPPB_528__WHRI_6379__NCPPB_45__contig
Running nucmer on WHRI_5212__NCPPB_528__WHRI_8976_contig
Running nucmer on WHRI_5212__NCPPB_528__WHRI_8618_contig
Running nucmer on WHRI_5212__NCPPB_528__WHRI_8541_contig
Running nucmer on WHRI_5212__NCPPB_528__WHRI_8377_contig
Running nucmer on WHRI_5212__NCPPB_528__WHRI_8022C_contig
Running nucmer on WHRI_5212__NCPPB_528__WHRI_8909A_contig
Running nucmer on WHRI_5212__NCPPB_528__WHRI_6058_contig
Running nucmer on WHRI_5212__NCPPB_528__WHRI_8968_contig
Running nucmer on WHRI_5212__NCPPB_528__WHRI_3835A_contig
Running nucmer on WHRI_5212__NCPPB_528__WHRI_5800_contig
Running nucmer on WHRI_5212__NCPPB_528__WHRI_10071B_contig
Running nucmer on WHRI_5212__NCPPB_528__WHRI_6072_contig
Running nucmer on WHRI_5212__NCPPB_528__WHRI_6048_contig
Running nucmer on WHRI_5212__NCPPB_528__WHRI_3834A_contig
Running nucmer on WHRI_5212__NCPPB_528__WHRI_5816_contig
Running nucmer on WHRI_5212__NCPPB_528__WHRI_10072B_contig
Running nucmer on WHRI_5212__NCPPB_528__WHRI_6077_contig
Running nucmer on WHRI_5212__NCPPB_528__WHRI_8837_contig
Running nucmer on WHRI_5212__NCPPB_528__WHRI_10215A_contig
Running nucmer on WHRI_5212__NCPPB_528__WHRI_8374_contig
Running nucmer on WHRI_5212__NCPPB_528__WHRI_5631_contig
Running nucmer on WHRI_5212__NCPPB_528__WHRI_6064_contig
Running nucmer on WHRI_5212__NCPPB_528__WHRI_5655_contig
Running nucmer on WHRI_5212__NCPPB_528__WHRI_6045_contig
Running nucmer on WHRI_5212__NCPPB_528__WHRI_7776_contig
Running nucmer on WHRI_5212__NCPPB_528__WHRI_5772_contig
Running nucmer on WHRI_5212__NCPPB_528__WHRI_6194_contig
Running nucmer on WHRI_5212__NCPPB_528__WHRI_6019A_contig
Running nucmer on WHRI_5212__NCPPB_528__WHRI_10021B_contig
Running nucmer on WHRI_5212__NCPPB_528__WHRI_8648_contig
Running nucmer on WHRI_5212__NCPPB_528__WHRI_5498_contig
Running nucmer on WHRI_5212__NCPPB_528__WHRI_6189_contig
Running nucmer on WHRI_5212__NCPPB_528__WHRI_8454A_contig
Running nucmer on WHRI_5212__NCPPB_528__WHRI_8444A_contig
Running nucmer on WHRI_5212__NCPPB_528__WHRI_8746_contig
Running nucmer on WHRI_5212__NCPPB_528__WHRI_7285_contig
Running nucmer on WHRI_5212__NCPPB_528__WHRI_8416A_contig
Running nucmer on WHRI_5212__NCPPB_528__WHRI_8737_contig
Running nucmer on WHRI_5212__NCPPB_528__WHRI_6290_contig
Running nucmer on WHRI_5212__NCPPB_528__WHRI_7810_contig
Running nucmer on WHRI_5212__NCPPB_528__WHRI_8713_contig
Running nucmer on WHRI_5212__NCPPB_528__WHRI_8330_contig
Running nucmer on WHRI_5212__NCPPB_528__WHRI_7804_contig
Running nucmer on WHRI_5212__NCPPB_528__WHRI_8721_contig
Running nucmer on WHRI_5212__NCPPB_528__WHRI_5494A_contig
Running nucmer on WHRI_5212__NCPPB_528__WHRI_8953_contig
Running nucmer on WHRI_5212__NCPPB_528__WHRI_6066_contig
Running nucmer on WHRI_5212__NCPPB_528__WHRI_6054_contig
Running nucmer on WHRI_5212__NCPPB_528__WHRI_7262_contig
Running nucmer on WHRI_5212__NCPPB_528__WHRI_10024A_contig
NUCmer on all contig/draft genomes complete.


buildSNPDB.pl -i /data/djs217/PROJECTS/47_phage/xcc/03_workdir/results -r /data/djs217/PROJECTS/47_phage/xcc/03_workdir/files/WHRI_5212__NCPPB_528_.fna -l /data/djs217/PROJECTS/47_phage/xcc/03_workdir/working_list.txt -p xcc_fastree -c 0 -g 0.1 2>>/data/djs217/PROJECTS/47_phage/xcc/03_workdir/results/xcc_fastree.error >> /data/djs217/PROJECTS/47_phage/xcc/03_workdir/results/xcc_fastree.log

Reading Gaps file.
WHRI_8462A_contig covered 0.93709 of the WHRI_5212__NCPPB_528_ (<cutoff = 0.1). It will be used to build SNP tree and matrix.
REPEATS covered 0.99008 of the WHRI_5212__NCPPB_528_ (<cutoff = 0.1). It will be used to build SNP tree and matrix.
WHRI_8980_contig covered 0.96494 of the WHRI_5212__NCPPB_528_ (<cutoff = 0.1). It will be used to build SNP tree and matrix.
WHRI_8868_contig covered 0.92783 of the WHRI_5212__NCPPB_528_ (<cutoff = 0.1). It will be used to build SNP tree and matrix.
3851_assembly covered 0.98707 of the WHRI_5212__NCPPB_528_ (<cutoff = 0.1). It will be used to build SNP tree and matrix.
WHRI_6019A_contig covered 0.93668 of the WHRI_5212__NCPPB_528_ (<cutoff = 0.1). It will be used to build SNP tree and matrix.
WHRI_8622_contig covered 0.93770 of the WHRI_5212__NCPPB_528_ (<cutoff = 0.1). It will be used to build SNP tree and matrix.
WHRI_3976A_contig covered 0.93706 of the WHRI_5212__NCPPB_528_ (<cutoff = 0.1). It will be used to build SNP tree and matrix.
WHRI_8688_contig covered 0.95685 of the WHRI_5212__NCPPB_528_ (<cutoff = 0.1). It will be used to build SNP tree and matrix.
WHRI_8979_contig covered 0.95605 of the WHRI_5212__NCPPB_528_ (<cutoff = 0.1). It will be used to build SNP tree and matrix.
WHRI_6195Rx_contig covered 0.93550 of the WHRI_5212__NCPPB_528_ (<cutoff = 0.1). It will be used to build SNP tree and matrix.
WHRI_8463A_contig covered 0.95750 of the WHRI_5212__NCPPB_528_ (<cutoff = 0.1). It will be used to build SNP tree and matrix.
WHRI_8841_contig covered 0.96019 of the WHRI_5212__NCPPB_528_ (<cutoff = 0.1). It will be used to build SNP tree and matrix.
WHRI_7290_contig covered 0.95924 of the WHRI_5212__NCPPB_528_ (<cutoff = 0.1). It will be used to build SNP tree and matrix.
WHRI_5811A_contig covered 0.95855 of the WHRI_5212__NCPPB_528_ (<cutoff = 0.1). It will be used to build SNP tree and matrix.
WHRI_8330_contig covered 0.93726 of the WHRI_5212__NCPPB_528_ (<cutoff = 0.1). It will be used to build SNP tree and matrix.
WHRI_8450B_contig covered 0.94571 of the WHRI_5212__NCPPB_528_ (<cutoff = 0.1). It will be used to build SNP tree and matrix.
WHRI_3830A_contig covered 0.97278 of the WHRI_5212__NCPPB_528_ (<cutoff = 0.1). It will be used to build SNP tree and matrix.
WHRI_6059_contig covered 0.93803 of the WHRI_5212__NCPPB_528_ (<cutoff = 0.1). It will be used to build SNP tree and matrix.
WHRI_5494A_contig covered 0.99227 of the WHRI_5212__NCPPB_528_ (<cutoff = 0.1). It will be used to build SNP tree and matrix.
WHRI_8837_contig covered 0.93709 of the WHRI_5212__NCPPB_528_ (<cutoff = 0.1). It will be used to build SNP tree and matrix.
WHRI_8448A_contig covered 0.95052 of the WHRI_5212__NCPPB_528_ (<cutoff = 0.1). It will be used to build SNP tree and matrix.
WHRI_5485_contig covered 0.98153 of the WHRI_5212__NCPPB_528_ (<cutoff = 0.1). It will be used to build SNP tree and matrix.
WHRI_10217A_contig covered 0.93892 of the WHRI_5212__NCPPB_528_ (<cutoff = 0.1). It will be used to build SNP tree and matrix.
WHRI_7944_contig covered 0.82178 of the WHRI_5212__NCPPB_528_ (<cutoff = 0.1). It will be used to build SNP tree and matrix.
WHRI_10018A_contig covered 0.93651 of the WHRI_5212__NCPPB_528_ (<cutoff = 0.1). It will be used to build SNP tree and matrix.
WHRI_6024A_contig covered 0.93974 of the WHRI_5212__NCPPB_528_ (<cutoff = 0.1). It will be used to build SNP tree and matrix.
WHRI_7808_contig covered 0.93909 of the WHRI_5212__NCPPB_528_ (<cutoff = 0.1). It will be used to build SNP tree and matrix.
WHRI_7289_contig covered 0.96731 of the WHRI_5212__NCPPB_528_ (<cutoff = 0.1). It will be used to build SNP tree and matrix.
WHRI_8713_contig covered 0.95886 of the WHRI_5212__NCPPB_528_ (<cutoff = 0.1). It will be used to build SNP tree and matrix.
WHRI_5740_contig covered 0.93670 of the WHRI_5212__NCPPB_528_ (<cutoff = 0.1). It will be used to build SNP tree and matrix.
WHRI_8934A_contig covered 0.96653 of the WHRI_5212__NCPPB_528_ (<cutoff = 0.1). It will be used to build SNP tree and matrix.
WHRI_6367_contig covered 0.92697 of the WHRI_5212__NCPPB_528_ (<cutoff = 0.1). It will be used to build SNP tree and matrix.
WHRI_8458A_contig covered 0.94471 of the WHRI_5212__NCPPB_528_ (<cutoff = 0.1). It will be used to build SNP tree and matrix.
WHRI_8401_contig covered 0.92843 of the WHRI_5212__NCPPB_528_ (<cutoff = 0.1). It will be used to build SNP tree and matrix.
WHRI_7806_contig covered 0.93838 of the WHRI_5212__NCPPB_528_ (<cutoff = 0.1). It will be used to build SNP tree and matrix.
WHRI_6049_contig covered 0.93660 of the WHRI_5212__NCPPB_528_ (<cutoff = 0.1). It will be used to build SNP tree and matrix.
WHRI_10018B_contig covered 0.94055 of the WHRI_5212__NCPPB_528_ (<cutoff = 0.1). It will be used to build SNP tree and matrix.
WHRI_5585_contig covered 0.97728 of the WHRI_5212__NCPPB_528_ (<cutoff = 0.1). It will be used to build SNP tree and matrix.
WHRI_7761_contig covered 0.92862 of the WHRI_5212__NCPPB_528_ (<cutoff = 0.1). It will be used to build SNP tree and matrix.
WHRI_3971A_contig covered 0.93686 of the WHRI_5212__NCPPB_528_ (<cutoff = 0.1). It will be used to build SNP tree and matrix.
WHRI_6379__NCPPB_45__contig covered 0.96187 of the WHRI_5212__NCPPB_528_ (<cutoff = 0.1). It will be used to build SNP tree and matrix.
WHRI_3977A_contig covered 0.93657 of the WHRI_5212__NCPPB_528_ (<cutoff = 0.1). It will be used to build SNP tree and matrix.
WHRI_7279_contig covered 0.93126 of the WHRI_5212__NCPPB_528_ (<cutoff = 0.1). It will be used to build SNP tree and matrix.
WHRI_5819_contig covered 0.95860 of the WHRI_5212__NCPPB_528_ (<cutoff = 0.1). It will be used to build SNP tree and matrix.
WHRI_6290_contig covered 0.99218 of the WHRI_5212__NCPPB_528_ (<cutoff = 0.1). It will be used to build SNP tree and matrix.
WHRI_8022C_contig covered 0.92819 of the WHRI_5212__NCPPB_528_ (<cutoff = 0.1). It will be used to build SNP tree and matrix.
WHRI_8955_contig covered 0.90812 of the WHRI_5212__NCPPB_528_ (<cutoff = 0.1). It will be used to build SNP tree and matrix.
WHRI_8452A_contig covered 0.93725 of the WHRI_5212__NCPPB_528_ (<cutoff = 0.1). It will be used to build SNP tree and matrix.
WHRI_6050_contig covered 0.93867 of the WHRI_5212__NCPPB_528_ (<cutoff = 0.1). It will be used to build SNP tree and matrix.
WHRI_8460B_contig covered 0.95178 of the WHRI_5212__NCPPB_528_ (<cutoff = 0.1). It will be used to build SNP tree and matrix.
WHRI_8023C_contig covered 0.93802 of the WHRI_5212__NCPPB_528_ (<cutoff = 0.1). It will be used to build SNP tree and matrix.
WHRI_5800_contig covered 0.93670 of the WHRI_5212__NCPPB_528_ (<cutoff = 0.1). It will be used to build SNP tree and matrix.
WHRI_6075_contig covered 0.92674 of the WHRI_5212__NCPPB_528_ (<cutoff = 0.1). It will be used to build SNP tree and matrix.
WHRI_8759_contig covered 0.96508 of the WHRI_5212__NCPPB_528_ (<cutoff = 0.1). It will be used to build SNP tree and matrix.
WHRI_3973A_contig covered 0.93693 of the WHRI_5212__NCPPB_528_ (<cutoff = 0.1). It will be used to build SNP tree and matrix.
WHRI_8441A_contig covered 0.93671 of the WHRI_5212__NCPPB_528_ (<cutoff = 0.1). It will be used to build SNP tree and matrix.
WHRI_8469_contig covered 0.93869 of the WHRI_5212__NCPPB_528_ (<cutoff = 0.1). It will be used to build SNP tree and matrix.
WHRI_3843B_contig covered 0.99207 of the WHRI_5212__NCPPB_528_ (<cutoff = 0.1). It will be used to build SNP tree and matrix.
WHRI_8539_contig covered 0.93724 of the WHRI_5212__NCPPB_528_ (<cutoff = 0.1). It will be used to build SNP tree and matrix.
WHRI_8836_contig covered 0.93645 of the WHRI_5212__NCPPB_528_ (<cutoff = 0.1). It will be used to build SNP tree and matrix.
WHRI_8838_contig covered 0.98137 of the WHRI_5212__NCPPB_528_ (<cutoff = 0.1). It will be used to build SNP tree and matrix.
WHRI_8412_contig covered 0.92989 of the WHRI_5212__NCPPB_528_ (<cutoff = 0.1). It will be used to build SNP tree and matrix.
WHRI_8447A_contig covered 0.93700 of the WHRI_5212__NCPPB_528_ (<cutoff = 0.1). It will be used to build SNP tree and matrix.
WHRI_8459B_contig covered 0.94465 of the WHRI_5212__NCPPB_528_ (<cutoff = 0.1). It will be used to build SNP tree and matrix.
WHRI_6069_contig covered 0.92681 of the WHRI_5212__NCPPB_528_ (<cutoff = 0.1). It will be used to build SNP tree and matrix.
WHRI_8894_contig covered 0.95001 of the WHRI_5212__NCPPB_528_ (<cutoff = 0.1). It will be used to build SNP tree and matrix.
WHRI_5495_contig covered 0.98561 of the WHRI_5212__NCPPB_528_ (<cutoff = 0.1). It will be used to build SNP tree and matrix.
WHRI_8063_contig covered 0.95882 of the WHRI_5212__NCPPB_528_ (<cutoff = 0.1). It will be used to build SNP tree and matrix.
WHRI_8819_contig covered 0.96421 of the WHRI_5212__NCPPB_528_ (<cutoff = 0.1). It will be used to build SNP tree and matrix.
WHRI_7807_contig covered 0.99179 of the WHRI_5212__NCPPB_528_ (<cutoff = 0.1). It will be used to build SNP tree and matrix.
WHRI_6381__NCPPB_529__contig covered 0.93102 of the WHRI_5212__NCPPB_528_ (<cutoff = 0.1). It will be used to build SNP tree and matrix.
WHRI_3818A_contig covered 0.93707 of the WHRI_5212__NCPPB_528_ (<cutoff = 0.1). It will be used to build SNP tree and matrix.
WHRI_6368_contig covered 0.95767 of the WHRI_5212__NCPPB_528_ (<cutoff = 0.1). It will be used to build SNP tree and matrix.
WHRI_8468A_contig covered 0.95917 of the WHRI_5212__NCPPB_528_ (<cutoff = 0.1). It will be used to build SNP tree and matrix.
WHRI_5739_contig covered 0.97954 of the WHRI_5212__NCPPB_528_ (<cutoff = 0.1). It will be used to build SNP tree and matrix.
WHRI_6366_contig covered 0.97035 of the WHRI_5212__NCPPB_528_ (<cutoff = 0.1). It will be used to build SNP tree and matrix.
WHRI_8430_contig covered 0.94074 of the WHRI_5212__NCPPB_528_ (<cutoff = 0.1). It will be used to build SNP tree and matrix.
WHRI_3880__NCPPB_2986__contig covered 0.96255 of the WHRI_5212__NCPPB_528_ (<cutoff = 0.1). It will be used to build SNP tree and matrix.
WHRI_10071A_contig covered 0.92516 of the WHRI_5212__NCPPB_528_ (<cutoff = 0.1). It will be used to build SNP tree and matrix.
WHRI_8348_contig covered 0.93695 of the WHRI_5212__NCPPB_528_ (<cutoff = 0.1). It will be used to build SNP tree and matrix.
WHRI_8807_contig covered 0.94511 of the WHRI_5212__NCPPB_528_ (<cutoff = 0.1). It will be used to build SNP tree and matrix.
WHRI_10072B_contig covered 0.92524 of the WHRI_5212__NCPPB_528_ (<cutoff = 0.1). It will be used to build SNP tree and matrix.
WHRI_5802_contig covered 0.97913 of the WHRI_5212__NCPPB_528_ (<cutoff = 0.1). It will be used to build SNP tree and matrix.
WHRI_8824A_contig covered 0.92890 of the WHRI_5212__NCPPB_528_ (<cutoff = 0.1). It will be used to build SNP tree and matrix.
WHRI_6052_contig covered 0.93773 of the WHRI_5212__NCPPB_528_ (<cutoff = 0.1). It will be used to build SNP tree and matrix.
WHRI_5594_contig covered 0.93595 of the WHRI_5212__NCPPB_528_ (<cutoff = 0.1). It will be used to build SNP tree and matrix.
WHRI_7283_contig covered 0.93505 of the WHRI_5212__NCPPB_528_ (<cutoff = 0.1). It will be used to build SNP tree and matrix.
WHRI_10034B_contig covered 0.93676 of the WHRI_5212__NCPPB_528_ (<cutoff = 0.1). It will be used to build SNP tree and matrix.
WHRI_8763_contig covered 0.96427 of the WHRI_5212__NCPPB_528_ (<cutoff = 0.1). It will be used to build SNP tree and matrix.
WHRI_5811B_contig covered 0.95883 of the WHRI_5212__NCPPB_528_ (<cutoff = 0.1). It will be used to build SNP tree and matrix.
WHRI_8450A_contig covered 0.95076 of the WHRI_5212__NCPPB_528_ (<cutoff = 0.1). It will be used to build SNP tree and matrix.
WHRI_8020C_contig covered 0.92719 of the WHRI_5212__NCPPB_528_ (<cutoff = 0.1). It will be used to build SNP tree and matrix.
WHRI_5816_contig covered 0.95898 of the WHRI_5212__NCPPB_528_ (<cutoff = 0.1). It will be used to build SNP tree and matrix.
WHRI_8964_contig covered 0.93798 of the WHRI_5212__NCPPB_528_ (<cutoff = 0.1). It will be used to build SNP tree and matrix.
WHRI_6053_contig covered 0.93796 of the WHRI_5212__NCPPB_528_ (<cutoff = 0.1). It will be used to build SNP tree and matrix.
WHRI_8374_contig covered 0.93693 of the WHRI_5212__NCPPB_528_ (<cutoff = 0.1). It will be used to build SNP tree and matrix.
WHRI_7074_contig covered 0.93385 of the WHRI_5212__NCPPB_528_ (<cutoff = 0.1). It will be used to build SNP tree and matrix.
WHRI_8746_contig covered 0.93902 of the WHRI_5212__NCPPB_528_ (<cutoff = 0.1). It will be used to build SNP tree and matrix.
WHRI_8409_contig covered 0.97673 of the WHRI_5212__NCPPB_528_ (<cutoff = 0.1). It will be used to build SNP tree and matrix.
WHRI_5736_contig covered 0.97489 of the WHRI_5212__NCPPB_528_ (<cutoff = 0.1). It will be used to build SNP tree and matrix.
WHRI_6369_contig covered 0.92687 of the WHRI_5212__NCPPB_528_ (<cutoff = 0.1). It will be used to build SNP tree and matrix.
WHRI_10042_contig covered 0.92461 of the WHRI_5212__NCPPB_528_ (<cutoff = 0.1). It will be used to build SNP tree and matrix.
WHRI_7287_contig covered 0.93635 of the WHRI_5212__NCPPB_528_ (<cutoff = 0.1). It will be used to build SNP tree and matrix.
WHRI_3819A_contig covered 0.93593 of the WHRI_5212__NCPPB_528_ (<cutoff = 0.1). It will be used to build SNP tree and matrix.
WHRI_7281_contig covered 0.96418 of the WHRI_5212__NCPPB_528_ (<cutoff = 0.1). It will be used to build SNP tree and matrix.
WHRI_6309A_contig covered 0.92574 of the WHRI_5212__NCPPB_528_ (<cutoff = 0.1). It will be used to build SNP tree and matrix.
WHRI_6047_contig covered 0.93876 of the WHRI_5212__NCPPB_528_ (<cutoff = 0.1). It will be used to build SNP tree and matrix.
WHRI_8816_contig covered 0.92434 of the WHRI_5212__NCPPB_528_ (<cutoff = 0.1). It will be used to build SNP tree and matrix.
WHRI_8629_contig covered 0.93687 of the WHRI_5212__NCPPB_528_ (<cutoff = 0.1). It will be used to build SNP tree and matrix.
WHRI_6066_contig covered 0.92710 of the WHRI_5212__NCPPB_528_ (<cutoff = 0.1). It will be used to build SNP tree and matrix.
WHRI_8758_contig covered 0.93764 of the WHRI_5212__NCPPB_528_ (<cutoff = 0.1). It will be used to build SNP tree and matrix.
WHRI_6057_contig covered 0.93650 of the WHRI_5212__NCPPB_528_ (<cutoff = 0.1). It will be used to build SNP tree and matrix.
WHRI_8500_contig covered 0.93605 of the WHRI_5212__NCPPB_528_ (<cutoff = 0.1). It will be used to build SNP tree and matrix.
WHRI_10062A_contig covered 0.93855 of the WHRI_5212__NCPPB_528_ (<cutoff = 0.1). It will be used to build SNP tree and matrix.
WHRI_10021A_contig covered 0.93747 of the WHRI_5212__NCPPB_528_ (<cutoff = 0.1). It will be used to build SNP tree and matrix.
WHRI_6184_contig covered 0.93825 of the WHRI_5212__NCPPB_528_ (<cutoff = 0.1). It will be used to build SNP tree and matrix.
WHRI_8839_contig covered 0.98143 of the WHRI_5212__NCPPB_528_ (<cutoff = 0.1). It will be used to build SNP tree and matrix.
WHRI_7234_contig covered 0.95669 of the WHRI_5212__NCPPB_528_ (<cutoff = 0.1). It will be used to build SNP tree and matrix.
WHRI_8337B_contig covered 0.88007 of the WHRI_5212__NCPPB_528_ (<cutoff = 0.1). It will be used to build SNP tree and matrix.
WHRI_6068_contig covered 0.93790 of the WHRI_5212__NCPPB_528_ (<cutoff = 0.1). It will be used to build SNP tree and matrix.
WHRI_6051_contig covered 0.93810 of the WHRI_5212__NCPPB_528_ (<cutoff = 0.1). It will be used to build SNP tree and matrix.
WHRI_8332_contig covered 0.95852 of the WHRI_5212__NCPPB_528_ (<cutoff = 0.1). It will be used to build SNP tree and matrix.
WHRI_7292_contig covered 0.93679 of the WHRI_5212__NCPPB_528_ (<cutoff = 0.1). It will be used to build SNP tree and matrix.
WHRI_8541_contig covered 0.93630 of the WHRI_5212__NCPPB_528_ (<cutoff = 0.1). It will be used to build SNP tree and matrix.
WHRI_3978_contig covered 0.94827 of the WHRI_5212__NCPPB_528_ (<cutoff = 0.1). It will be used to build SNP tree and matrix.
WHRI_3832A_contig covered 0.97283 of the WHRI_5212__NCPPB_528_ (<cutoff = 0.1). It will be used to build SNP tree and matrix.
WHRI_8808_contig covered 0.94775 of the WHRI_5212__NCPPB_528_ (<cutoff = 0.1). It will be used to build SNP tree and matrix.
WHRI_6062_contig covered 0.93797 of the WHRI_5212__NCPPB_528_ (<cutoff = 0.1). It will be used to build SNP tree and matrix.
WHRI_5733_contig covered 0.97525 of the WHRI_5212__NCPPB_528_ (<cutoff = 0.1). It will be used to build SNP tree and matrix.
WHRI_8806_contig covered 0.94398 of the WHRI_5212__NCPPB_528_ (<cutoff = 0.1). It will be used to build SNP tree and matrix.
WHRI_6412_contig covered 0.95810 of the WHRI_5212__NCPPB_528_ (<cutoff = 0.1). It will be used to build SNP tree and matrix.
WHRI_10021B_contig covered 0.93574 of the WHRI_5212__NCPPB_528_ (<cutoff = 0.1). It will be used to build SNP tree and matrix.
WHRI_8443B_contig covered 0.96494 of the WHRI_5212__NCPPB_528_ (<cutoff = 0.1). It will be used to build SNP tree and matrix.
WHRI_3833A_contig covered 0.97267 of the WHRI_5212__NCPPB_528_ (<cutoff = 0.1). It will be used to build SNP tree and matrix.
WHRI_7264_contig covered 0.93324 of the WHRI_5212__NCPPB_528_ (<cutoff = 0.1). It will be used to build SNP tree and matrix.
WHRI_8825_contig covered 0.93003 of the WHRI_5212__NCPPB_528_ (<cutoff = 0.1). It will be used to build SNP tree and matrix.
WHRI_6063_contig covered 0.93796 of the WHRI_5212__NCPPB_528_ (<cutoff = 0.1). It will be used to build SNP tree and matrix.
WHRI_5732_contig covered 0.97519 of the WHRI_5212__NCPPB_528_ (<cutoff = 0.1). It will be used to build SNP tree and matrix.
WHRI_8453B_contig covered 0.93939 of the WHRI_5212__NCPPB_528_ (<cutoff = 0.1). It will be used to build SNP tree and matrix.
WHRI_8416A_contig covered 0.92777 of the WHRI_5212__NCPPB_528_ (<cutoff = 0.1). It will be used to build SNP tree and matrix.
WHRI_8737_contig covered 0.92821 of the WHRI_5212__NCPPB_528_ (<cutoff = 0.1). It will be used to build SNP tree and matrix.
WHRI_8976_contig covered 0.93788 of the WHRI_5212__NCPPB_528_ (<cutoff = 0.1). It will be used to build SNP tree and matrix.
WHRI_8333_contig covered 0.93597 of the WHRI_5212__NCPPB_528_ (<cutoff = 0.1). It will be used to build SNP tree and matrix.
WHRI_6018A_contig covered 0.98514 of the WHRI_5212__NCPPB_528_ (<cutoff = 0.1). It will be used to build SNP tree and matrix.
WHRI_8436_contig covered 0.94059 of the WHRI_5212__NCPPB_528_ (<cutoff = 0.1). It will be used to build SNP tree and matrix.
WHRI_5741_contig covered 0.93687 of the WHRI_5212__NCPPB_528_ (<cutoff = 0.1). It will be used to build SNP tree and matrix.
WHRI_7277_contig covered 0.93020 of the WHRI_5212__NCPPB_528_ (<cutoff = 0.1). It will be used to build SNP tree and matrix.
WHRI_8978_contig covered 0.93890 of the WHRI_5212__NCPPB_528_ (<cutoff = 0.1). It will be used to build SNP tree and matrix.
WHRI_5655_contig covered 0.95869 of the WHRI_5212__NCPPB_528_ (<cutoff = 0.1). It will be used to build SNP tree and matrix.
WHRI_5812_contig covered 0.95936 of the WHRI_5212__NCPPB_528_ (<cutoff = 0.1). It will be used to build SNP tree and matrix.
WHRI_7809_contig covered 0.93692 of the WHRI_5212__NCPPB_528_ (<cutoff = 0.1). It will be used to build SNP tree and matrix.
WHRI_6046_contig covered 0.93868 of the WHRI_5212__NCPPB_528_ (<cutoff = 0.1). It will be used to build SNP tree and matrix.
WHRI_3883__NCPPB_1946__contig covered 0.96815 of the WHRI_5212__NCPPB_528_ (<cutoff = 0.1). It will be used to build SNP tree and matrix.
WHRI_6194_contig covered 0.95784 of the WHRI_5212__NCPPB_528_ (<cutoff = 0.1). It will be used to build SNP tree and matrix.
WHRI_8446_contig covered 0.94826 of the WHRI_5212__NCPPB_528_ (<cutoff = 0.1). It will be used to build SNP tree and matrix.
WHRI_7286_contig covered 0.93726 of the WHRI_5212__NCPPB_528_ (<cutoff = 0.1). It will be used to build SNP tree and matrix.
WHRI_10024A_contig covered 0.92977 of the WHRI_5212__NCPPB_528_ (<cutoff = 0.1). It will be used to build SNP tree and matrix.
WHRI_5737_contig covered 0.98079 of the WHRI_5212__NCPPB_528_ (<cutoff = 0.1). It will be used to build SNP tree and matrix.
WHRI_6048_contig covered 0.92679 of the WHRI_5212__NCPPB_528_ (<cutoff = 0.1). It will be used to build SNP tree and matrix.
WHRI_5742_contig covered 0.97521 of the WHRI_5212__NCPPB_528_ (<cutoff = 0.1). It will be used to build SNP tree and matrix.
WHRI_6136_contig covered 0.92792 of the WHRI_5212__NCPPB_528_ (<cutoff = 0.1). It will be used to build SNP tree and matrix.
WHRI_8709_contig covered 0.92933 of the WHRI_5212__NCPPB_528_ (<cutoff = 0.1). It will be used to build SNP tree and matrix.
WHRI_8981_contig covered 0.96485 of the WHRI_5212__NCPPB_528_ (<cutoff = 0.1). It will be used to build SNP tree and matrix.
WHRI_6058_contig covered 0.93601 of the WHRI_5212__NCPPB_528_ (<cutoff = 0.1). It will be used to build SNP tree and matrix.
WHRI_5806_contig covered 0.93661 of the WHRI_5212__NCPPB_528_ (<cutoff = 0.1). It will be used to build SNP tree and matrix.
WHRI_6061_contig covered 0.92675 of the WHRI_5212__NCPPB_528_ (<cutoff = 0.1). It will be used to build SNP tree and matrix.
WHRI_3831A_contig covered 0.97257 of the WHRI_5212__NCPPB_528_ (<cutoff = 0.1). It will be used to build SNP tree and matrix.
WHRI_10071B_contig covered 0.92515 of the WHRI_5212__NCPPB_528_ (<cutoff = 0.1). It will be used to build SNP tree and matrix.
WHRI_6074_contig covered 0.92694 of the WHRI_5212__NCPPB_528_ (<cutoff = 0.1). It will be used to build SNP tree and matrix.
WHRI_7795_contig covered 0.92648 of the WHRI_5212__NCPPB_528_ (<cutoff = 0.1). It will be used to build SNP tree and matrix.
WHRI_7273_contig covered 0.95578 of the WHRI_5212__NCPPB_528_ (<cutoff = 0.1). It will be used to build SNP tree and matrix.
WHRI_10072A_contig covered 0.92524 of the WHRI_5212__NCPPB_528_ (<cutoff = 0.1). It will be used to build SNP tree and matrix.
WHRI_7810_contig covered 0.93400 of the WHRI_5212__NCPPB_528_ (<cutoff = 0.1). It will be used to build SNP tree and matrix.
WHRI_5743_contig covered 0.97509 of the WHRI_5212__NCPPB_528_ (<cutoff = 0.1). It will be used to build SNP tree and matrix.
WHRI_8895_contig covered 0.96524 of the WHRI_5212__NCPPB_528_ (<cutoff = 0.1). It will be used to build SNP tree and matrix.
WHRI_8449A_contig covered 0.95866 of the WHRI_5212__NCPPB_528_ (<cutoff = 0.1). It will be used to build SNP tree and matrix.
WHRI_5808_contig covered 0.95854 of the WHRI_5212__NCPPB_528_ (<cutoff = 0.1). It will be used to build SNP tree and matrix.
WHRI_6056_contig covered 0.92710 of the WHRI_5212__NCPPB_528_ (<cutoff = 0.1). It will be used to build SNP tree and matrix.
WHRI_6067_contig covered 0.95854 of the WHRI_5212__NCPPB_528_ (<cutoff = 0.1). It will be used to build SNP tree and matrix.
WHRI_8733_contig covered 0.96890 of the WHRI_5212__NCPPB_528_ (<cutoff = 0.1). It will be used to build SNP tree and matrix.
WHRI_6182_contig covered 0.93312 of the WHRI_5212__NCPPB_528_ (<cutoff = 0.1). It will be used to build SNP tree and matrix.
WHRI_5771_contig covered 0.93923 of the WHRI_5212__NCPPB_528_ (<cutoff = 0.1). It will be used to build SNP tree and matrix.
WHRI_5482_contig covered 0.93684 of the WHRI_5212__NCPPB_528_ (<cutoff = 0.1). It will be used to build SNP tree and matrix.
WHRI_8959A_contig covered 0.96684 of the WHRI_5212__NCPPB_528_ (<cutoff = 0.1). It will be used to build SNP tree and matrix.
WHRI_7657_contig covered 0.93696 of the WHRI_5212__NCPPB_528_ (<cutoff = 0.1). It will be used to build SNP tree and matrix.
WHRI_5591_contig covered 0.93594 of the WHRI_5212__NCPPB_528_ (<cutoff = 0.1). It will be used to build SNP tree and matrix.
WHRI_5630_contig covered 0.98515 of the WHRI_5212__NCPPB_528_ (<cutoff = 0.1). It will be used to build SNP tree and matrix.
WHRI_8788_contig covered 0.96600 of the WHRI_5212__NCPPB_528_ (<cutoff = 0.1). It will be used to build SNP tree and matrix.
WHRI_6087_contig covered 0.96341 of the WHRI_5212__NCPPB_528_ (<cutoff = 0.1). It will be used to build SNP tree and matrix.
WHRI_10040_contig covered 0.95665 of the WHRI_5212__NCPPB_528_ (<cutoff = 0.1). It will be used to build SNP tree and matrix.
WHRI_7073_contig covered 0.93693 of the WHRI_5212__NCPPB_528_ (<cutoff = 0.1). It will be used to build SNP tree and matrix.
WHRI_6380__NCPPB_404__contig covered 0.98936 of the WHRI_5212__NCPPB_528_ (<cutoff = 0.1). It will be used to build SNP tree and matrix.
WHRI_8650_contig covered 0.93758 of the WHRI_5212__NCPPB_528_ (<cutoff = 0.1). It will be used to build SNP tree and matrix.
WHRI_5792_contig covered 0.93659 of the WHRI_5212__NCPPB_528_ (<cutoff = 0.1). It will be used to build SNP tree and matrix.
WHRI_5588_contig covered 0.97713 of the WHRI_5212__NCPPB_528_ (<cutoff = 0.1). It will be used to build SNP tree and matrix.
WHRI_6183_contig covered 0.93259 of the WHRI_5212__NCPPB_528_ (<cutoff = 0.1). It will be used to build SNP tree and matrix.
WHRI_7072_contig covered 0.93399 of the WHRI_5212__NCPPB_528_ (<cutoff = 0.1). It will be used to build SNP tree and matrix.
WHRI_5586_contig covered 0.97713 of the WHRI_5212__NCPPB_528_ (<cutoff = 0.1). It will be used to build SNP tree and matrix.
WHRI_8892A_contig covered 0.96608 of the WHRI_5212__NCPPB_528_ (<cutoff = 0.1). It will be used to build SNP tree and matrix.
WHRI_8434_contig covered 0.93688 of the WHRI_5212__NCPPB_528_ (<cutoff = 0.1). It will be used to build SNP tree and matrix.
WHRI_8377_contig covered 0.93715 of the WHRI_5212__NCPPB_528_ (<cutoff = 0.1). It will be used to build SNP tree and matrix.
WHRI_5212__NCPPB_528_ covered 0.99996 of the WHRI_5212__NCPPB_528_ (<cutoff = 0.1). It will be used to build SNP tree and matrix.
WHRI_5190_contig covered 0.95775 of the WHRI_5212__NCPPB_528_ (<cutoff = 0.1). It will be used to build SNP tree and matrix.
WHRI_10019C_contig covered 0.93804 of the WHRI_5212__NCPPB_528_ (<cutoff = 0.1). It will be used to build SNP tree and matrix.
WHRI_10061_contig covered 0.93901 of the WHRI_5212__NCPPB_528_ (<cutoff = 0.1). It will be used to build SNP tree and matrix.
WHRI_8414A_contig covered 0.93461 of the WHRI_5212__NCPPB_528_ (<cutoff = 0.1). It will be used to build SNP tree and matrix.
WHRI_10213_contig covered 0.93809 of the WHRI_5212__NCPPB_528_ (<cutoff = 0.1). It will be used to build SNP tree and matrix.
WHRI_8372_contig covered 0.93579 of the WHRI_5212__NCPPB_528_ (<cutoff = 0.1). It will be used to build SNP tree and matrix.
WHRI_7284_contig covered 0.93650 of the WHRI_5212__NCPPB_528_ (<cutoff = 0.1). It will be used to build SNP tree and matrix.
WHRI_8820_contig covered 0.95877 of the WHRI_5212__NCPPB_528_ (<cutoff = 0.1). It will be used to build SNP tree and matrix.
WHRI_6198_contig covered 0.93748 of the WHRI_5212__NCPPB_528_ (<cutoff = 0.1). It will be used to build SNP tree and matrix.
WHRI_5498_contig covered 0.93641 of the WHRI_5212__NCPPB_528_ (<cutoff = 0.1). It will be used to build SNP tree and matrix.
WHRI_6196_contig covered 0.96635 of the WHRI_5212__NCPPB_528_ (<cutoff = 0.1). It will be used to build SNP tree and matrix.
WHRI_8429A_contig covered 0.94426 of the WHRI_5212__NCPPB_528_ (<cutoff = 0.1). It will be used to build SNP tree and matrix.
WHRI_8572_contig covered 0.97033 of the WHRI_5212__NCPPB_528_ (<cutoff = 0.1). It will be used to build SNP tree and matrix.
WHRI_8022A_contig covered 0.93600 of the WHRI_5212__NCPPB_528_ (<cutoff = 0.1). It will be used to build SNP tree and matrix.
WHRI_8891A_contig covered 0.96181 of the WHRI_5212__NCPPB_528_ (<cutoff = 0.1). It will be used to build SNP tree and matrix.
WHRI_6044_contig covered 0.93799 of the WHRI_5212__NCPPB_528_ (<cutoff = 0.1). It will be used to build SNP tree and matrix.
WHRI_7071_contig covered 0.93407 of the WHRI_5212__NCPPB_528_ (<cutoff = 0.1). It will be used to build SNP tree and matrix.
WHRI_8322_contig covered 0.93717 of the WHRI_5212__NCPPB_528_ (<cutoff = 0.1). It will be used to build SNP tree and matrix.
WHRI_10019A_contig covered 0.93944 of the WHRI_5212__NCPPB_528_ (<cutoff = 0.1). It will be used to build SNP tree and matrix.
738C_assembly covered 0.95550 of the WHRI_5212__NCPPB_528_ (<cutoff = 0.1). It will be used to build SNP tree and matrix.
WHRI_5592_contig covered 0.93572 of the WHRI_5212__NCPPB_528_ (<cutoff = 0.1). It will be used to build SNP tree and matrix.
WHRI_6054_contig covered 0.93792 of the WHRI_5212__NCPPB_528_ (<cutoff = 0.1). It will be used to build SNP tree and matrix.
WHRI_8721_contig covered 0.93567 of the WHRI_5212__NCPPB_528_ (<cutoff = 0.1). It will be used to build SNP tree and matrix.
WHRI_8903A_contig covered 0.93866 of the WHRI_5212__NCPPB_528_ (<cutoff = 0.1). It will be used to build SNP tree and matrix.
WHRI_5772_contig covered 0.93599 of the WHRI_5212__NCPPB_528_ (<cutoff = 0.1). It will be used to build SNP tree and matrix.
WHRI_5487_contig covered 0.93696 of the WHRI_5212__NCPPB_528_ (<cutoff = 0.1). It will be used to build SNP tree and matrix.
WHRI_6076_contig covered 0.92700 of the WHRI_5212__NCPPB_528_ (<cutoff = 0.1). It will be used to build SNP tree and matrix.
WHRI_6187_contig covered 0.95574 of the WHRI_5212__NCPPB_528_ (<cutoff = 0.1). It will be used to build SNP tree and matrix.
WHRI_8323_contig covered 0.93703 of the WHRI_5212__NCPPB_528_ (<cutoff = 0.1). It will be used to build SNP tree and matrix.
WHRI_5804_contig covered 0.93686 of the WHRI_5212__NCPPB_528_ (<cutoff = 0.1). It will be used to build SNP tree and matrix.
WHRI_8023A_contig covered 0.94520 of the WHRI_5212__NCPPB_528_ (<cutoff = 0.1). It will be used to build SNP tree and matrix.
WHRI_8826A_contig covered 0.93008 of the WHRI_5212__NCPPB_528_ (<cutoff = 0.1). It will be used to build SNP tree and matrix.
WHRI_8975A_contig covered 0.96282 of the WHRI_5212__NCPPB_528_ (<cutoff = 0.1). It will be used to build SNP tree and matrix.
WHRI_8544_contig covered 0.93703 of the WHRI_5212__NCPPB_528_ (<cutoff = 0.1). It will be used to build SNP tree and matrix.
WHRI_6072_contig covered 0.93801 of the WHRI_5212__NCPPB_528_ (<cutoff = 0.1). It will be used to build SNP tree and matrix.
WHRI_8578_contig covered 0.97024 of the WHRI_5212__NCPPB_528_ (<cutoff = 0.1). It will be used to build SNP tree and matrix.
WHRI_7779_contig covered 0.97909 of the WHRI_5212__NCPPB_528_ (<cutoff = 0.1). It will be used to build SNP tree and matrix.
WHRI_6020A_contig covered 0.93623 of the WHRI_5212__NCPPB_528_ (<cutoff = 0.1). It will be used to build SNP tree and matrix.
WHRI_8865_contig covered 0.92428 of the WHRI_5212__NCPPB_528_ (<cutoff = 0.1). It will be used to build SNP tree and matrix.
WHRI_5587_contig covered 0.97678 of the WHRI_5212__NCPPB_528_ (<cutoff = 0.1). It will be used to build SNP tree and matrix.
WHRI_8968_contig covered 0.93744 of the WHRI_5212__NCPPB_528_ (<cutoff = 0.1). It will be used to build SNP tree and matrix.
WHRI_8951_contig covered 0.93589 of the WHRI_5212__NCPPB_528_ (<cutoff = 0.1). It will be used to build SNP tree and matrix.
WHRI_8420A_contig covered 0.93622 of the WHRI_5212__NCPPB_528_ (<cutoff = 0.1). It will be used to build SNP tree and matrix.
WHRI_5814_contig covered 0.95877 of the WHRI_5212__NCPPB_528_ (<cutoff = 0.1). It will be used to build SNP tree and matrix.
WHRI_6073_contig covered 0.93807 of the WHRI_5212__NCPPB_528_ (<cutoff = 0.1). It will be used to build SNP tree and matrix.
WHRI_8618_contig covered 0.93993 of the WHRI_5212__NCPPB_528_ (<cutoff = 0.1). It will be used to build SNP tree and matrix.
WHRI_5659_contig covered 0.95914 of the WHRI_5212__NCPPB_528_ (<cutoff = 0.1). It will be used to build SNP tree and matrix.
WHRI_8966_contig covered 0.93778 of the WHRI_5212__NCPPB_528_ (<cutoff = 0.1). It will be used to build SNP tree and matrix.
WHRI_3975A_contig covered 0.98717 of the WHRI_5212__NCPPB_528_ (<cutoff = 0.1). It will be used to build SNP tree and matrix.
WHRI_8879_contig covered 0.96092 of the WHRI_5212__NCPPB_528_ (<cutoff = 0.1). It will be used to build SNP tree and matrix.
WHRI_6192_contig covered 0.96120 of the WHRI_5212__NCPPB_528_ (<cutoff = 0.1). It will be used to build SNP tree and matrix.
WHRI_8455A_contig covered 0.93698 of the WHRI_5212__NCPPB_528_ (<cutoff = 0.1). It will be used to build SNP tree and matrix.
WHRI_6019C_contig covered 0.93667 of the WHRI_5212__NCPPB_528_ (<cutoff = 0.1). It will be used to build SNP tree and matrix.
WHRI_5796_contig covered 0.93653 of the WHRI_5212__NCPPB_528_ (<cutoff = 0.1). It will be used to build SNP tree and matrix.
WHRI_10020A_contig covered 0.93768 of the WHRI_5212__NCPPB_528_ (<cutoff = 0.1). It will be used to build SNP tree and matrix.
WHRI_7805_contig covered 0.93535 of the WHRI_5212__NCPPB_528_ (<cutoff = 0.1). It will be used to build SNP tree and matrix.
WHRI_6191_contig covered 0.92678 of the WHRI_5212__NCPPB_528_ (<cutoff = 0.1). It will be used to build SNP tree and matrix.
WHRI_5734_contig covered 0.97488 of the WHRI_5212__NCPPB_528_ (<cutoff = 0.1). It will be used to build SNP tree and matrix.
WHRI_7262_contig covered 0.93441 of the WHRI_5212__NCPPB_528_ (<cutoff = 0.1). It will be used to build SNP tree and matrix.
WHRI_5582_contig covered 0.97720 of the WHRI_5212__NCPPB_528_ (<cutoff = 0.1). It will be used to build SNP tree and matrix.
WHRI_10030A_contig covered 0.96152 of the WHRI_5212__NCPPB_528_ (<cutoff = 0.1). It will be used to build SNP tree and matrix.
WHRI_6414_contig covered 0.93552 of the WHRI_5212__NCPPB_528_ (<cutoff = 0.1). It will be used to build SNP tree and matrix.
WHRI_8471_contig covered 0.94799 of the WHRI_5212__NCPPB_528_ (<cutoff = 0.1). It will be used to build SNP tree and matrix.
WHRI_6077_contig covered 0.92701 of the WHRI_5212__NCPPB_528_ (<cutoff = 0.1). It will be used to build SNP tree and matrix.
WHRI_6186_contig covered 0.92787 of the WHRI_5212__NCPPB_528_ (<cutoff = 0.1). It will be used to build SNP tree and matrix.
WHRI_8953_contig covered 0.91551 of the WHRI_5212__NCPPB_528_ (<cutoff = 0.1). It will be used to build SNP tree and matrix.
WHRI_6071_contig covered 0.93800 of the WHRI_5212__NCPPB_528_ (<cutoff = 0.1). It will be used to build SNP tree and matrix.
WHRI_5583_contig covered 0.87015 of the WHRI_5212__NCPPB_528_ (<cutoff = 0.1). It will be used to build SNP tree and matrix.
WHRI_6188_contig covered 0.95704 of the WHRI_5212__NCPPB_528_ (<cutoff = 0.1). It will be used to build SNP tree and matrix.
WHRI_7294_contig covered 0.93713 of the WHRI_5212__NCPPB_528_ (<cutoff = 0.1). It will be used to build SNP tree and matrix.
WHRI_6064_contig covered 0.94837 of the WHRI_5212__NCPPB_528_ (<cutoff = 0.1). It will be used to build SNP tree and matrix.
WHRI_8596_contig covered 0.92745 of the WHRI_5212__NCPPB_528_ (<cutoff = 0.1). It will be used to build SNP tree and matrix.
WHRI_3834A_contig covered 0.95498 of the WHRI_5212__NCPPB_528_ (<cutoff = 0.1). It will be used to build SNP tree and matrix.
WHRI_6190_contig covered 0.94455 of the WHRI_5212__NCPPB_528_ (<cutoff = 0.1). It will be used to build SNP tree and matrix.
WHRI_10215A_contig covered 0.93857 of the WHRI_5212__NCPPB_528_ (<cutoff = 0.1). It will be used to build SNP tree and matrix.
WHRI_5490_contig covered 0.97913 of the WHRI_5212__NCPPB_528_ (<cutoff = 0.1). It will be used to build SNP tree and matrix.
WHRI_7782_contig covered 0.97832 of the WHRI_5212__NCPPB_528_ (<cutoff = 0.1). It will be used to build SNP tree and matrix.
WHRI_8662_contig covered 0.96773 of the WHRI_5212__NCPPB_528_ (<cutoff = 0.1). It will be used to build SNP tree and matrix.
WHRI_10023A_contig covered 0.93756 of the WHRI_5212__NCPPB_528_ (<cutoff = 0.1). It will be used to build SNP tree and matrix.
WHRI_8909A_contig covered 0.96597 of the WHRI_5212__NCPPB_528_ (<cutoff = 0.1). It will be used to build SNP tree and matrix.
WHRI_6022A_contig covered 0.97934 of the WHRI_5212__NCPPB_528_ (<cutoff = 0.1). It will be used to build SNP tree and matrix.
WHRI_7942_contig covered 0.87177 of the WHRI_5212__NCPPB_528_ (<cutoff = 0.1). It will be used to build SNP tree and matrix.
WHRI_7776_contig covered 0.96468 of the WHRI_5212__NCPPB_528_ (<cutoff = 0.1). It will be used to build SNP tree and matrix.
WHRI_5176_contig covered 0.93589 of the WHRI_5212__NCPPB_528_ (<cutoff = 0.1). It will be used to build SNP tree and matrix.
WHRI_10033A_contig covered 0.93802 of the WHRI_5212__NCPPB_528_ (<cutoff = 0.1). It will be used to build SNP tree and matrix.
WHRI_6070_contig covered 0.93801 of the WHRI_5212__NCPPB_528_ (<cutoff = 0.1). It will be used to build SNP tree and matrix.
WHRI_8423A_contig covered 0.92905 of the WHRI_5212__NCPPB_528_ (<cutoff = 0.1). It will be used to build SNP tree and matrix.
WHRI_8908_contig covered 0.96542 of the WHRI_5212__NCPPB_528_ (<cutoff = 0.1). It will be used to build SNP tree and matrix.
WHRI_6089_contig covered 0.93441 of the WHRI_5212__NCPPB_528_ (<cutoff = 0.1). It will be used to build SNP tree and matrix.
WHRI_6023A_contig covered 0.93929 of the WHRI_5212__NCPPB_528_ (<cutoff = 0.1). It will be used to build SNP tree and matrix.
WHRI_7943_contig covered 0.87120 of the WHRI_5212__NCPPB_528_ (<cutoff = 0.1). It will be used to build SNP tree and matrix.
WHRI_8646_contig covered 0.93843 of the WHRI_5212__NCPPB_528_ (<cutoff = 0.1). It will be used to build SNP tree and matrix.
WHRI_8779_contig covered 0.92738 of the WHRI_5212__NCPPB_528_ (<cutoff = 0.1). It will be used to build SNP tree and matrix.
WHRI_6055_contig covered 0.93598 of the WHRI_5212__NCPPB_528_ (<cutoff = 0.1). It will be used to build SNP tree and matrix.
WHRI_5489_contig covered 0.99185 of the WHRI_5212__NCPPB_528_ (<cutoff = 0.1). It will be used to build SNP tree and matrix.
WHRI_6189_contig covered 0.95642 of the WHRI_5212__NCPPB_528_ (<cutoff = 0.1). It will be used to build SNP tree and matrix.
WHRI_8648_contig covered 0.92732 of the WHRI_5212__NCPPB_528_ (<cutoff = 0.1). It will be used to build SNP tree and matrix.
WHRI_8952A_contig covered 0.96469 of the WHRI_5212__NCPPB_528_ (<cutoff = 0.1). It will be used to build SNP tree and matrix.
WHRI_7260_contig covered 0.93527 of the WHRI_5212__NCPPB_528_ (<cutoff = 0.1). It will be used to build SNP tree and matrix.
WHRI_7285_contig covered 0.93642 of the WHRI_5212__NCPPB_528_ (<cutoff = 0.1). It will be used to build SNP tree and matrix.
WHRI_6090_contig covered 0.93368 of the WHRI_5212__NCPPB_528_ (<cutoff = 0.1). It will be used to build SNP tree and matrix.
WHRI_3836E_contig covered 0.95495 of the WHRI_5212__NCPPB_528_ (<cutoff = 0.1). It will be used to build SNP tree and matrix.
3873_assembly covered 0.93573 of the WHRI_5212__NCPPB_528_ (<cutoff = 0.1). It will be used to build SNP tree and matrix.
WHRI_6045_contig covered 0.92665 of the WHRI_5212__NCPPB_528_ (<cutoff = 0.1). It will be used to build SNP tree and matrix.
WHRI_7787_contig covered 0.92926 of the WHRI_5212__NCPPB_528_ (<cutoff = 0.1). It will be used to build SNP tree and matrix.
WHRI_5610_contig covered 0.98908 of the WHRI_5212__NCPPB_528_ (<cutoff = 0.1). It will be used to build SNP tree and matrix.
WHRI_5589_contig covered 0.95855 of the WHRI_5212__NCPPB_528_ (<cutoff = 0.1). It will be used to build SNP tree and matrix.
WHRI_5651_contig covered 0.95887 of the WHRI_5212__NCPPB_528_ (<cutoff = 0.1). It will be used to build SNP tree and matrix.
WHRI_3844B_contig covered 0.99205 of the WHRI_5212__NCPPB_528_ (<cutoff = 0.1). It will be used to build SNP tree and matrix.
WHRI_8821_contig covered 0.92880 of the WHRI_5212__NCPPB_528_ (<cutoff = 0.1). It will be used to build SNP tree and matrix.
WHRI_7275_contig covered 0.93085 of the WHRI_5212__NCPPB_528_ (<cutoff = 0.1). It will be used to build SNP tree and matrix.
WHRI_8021_contig covered 0.92924 of the WHRI_5212__NCPPB_528_ (<cutoff = 0.1). It will be used to build SNP tree and matrix.
WHRI_1279A_contig covered 0.95988 of the WHRI_5212__NCPPB_528_ (<cutoff = 0.1). It will be used to build SNP tree and matrix.
WHRI_6180_contig covered 0.93566 of the WHRI_5212__NCPPB_528_ (<cutoff = 0.1). It will be used to build SNP tree and matrix.
WHRI_7230_contig covered 0.96472 of the WHRI_5212__NCPPB_528_ (<cutoff = 0.1). It will be used to build SNP tree and matrix.
WHRI_8653_contig covered 0.92837 of the WHRI_5212__NCPPB_528_ (<cutoff = 0.1). It will be used to build SNP tree and matrix.
WHRI_3876__NCPPB_1043__contig covered 0.93719 of the WHRI_5212__NCPPB_528_ (<cutoff = 0.1). It will be used to build SNP tree and matrix.
WHRI_3877__NCPPB_1645__contig covered 0.94114 of the WHRI_5212__NCPPB_528_ (<cutoff = 0.1). It will be used to build SNP tree and matrix.
WHRI_7240_contig covered 0.93417 of the WHRI_5212__NCPPB_528_ (<cutoff = 0.1). It will be used to build SNP tree and matrix.
WHRI_5631_contig covered 0.98455 of the WHRI_5212__NCPPB_528_ (<cutoff = 0.1). It will be used to build SNP tree and matrix.
WHRI_5714B_contig covered 0.97488 of the WHRI_5212__NCPPB_528_ (<cutoff = 0.1). It will be used to build SNP tree and matrix.
WHRI_6065_contig covered 0.93663 of the WHRI_5212__NCPPB_528_ (<cutoff = 0.1). It will be used to build SNP tree and matrix.
WHRI_8444A_contig covered 0.94860 of the WHRI_5212__NCPPB_528_ (<cutoff = 0.1). It will be used to build SNP tree and matrix.
WHRI_3835A_contig covered 0.97253 of the WHRI_5212__NCPPB_528_ (<cutoff = 0.1). It will be used to build SNP tree and matrix.
WHRI_8823_contig covered 0.92880 of the WHRI_5212__NCPPB_528_ (<cutoff = 0.1). It will be used to build SNP tree and matrix.
WHRI_8127_contig covered 0.93686 of the WHRI_5212__NCPPB_528_ (<cutoff = 0.1). It will be used to build SNP tree and matrix.
WHRI_3820A_contig covered 0.97282 of the WHRI_5212__NCPPB_528_ (<cutoff = 0.1). It will be used to build SNP tree and matrix.
WHRI_5821_contig covered 0.93672 of the WHRI_5212__NCPPB_528_ (<cutoff = 0.1). It will be used to build SNP tree and matrix.
WHRI_8020A_contig covered 0.92935 of the WHRI_5212__NCPPB_528_ (<cutoff = 0.1). It will be used to build SNP tree and matrix.
WHRI_7804_contig covered 0.93663 of the WHRI_5212__NCPPB_528_ (<cutoff = 0.1). It will be used to build SNP tree and matrix.
WHRI_8320_contig covered 0.95899 of the WHRI_5212__NCPPB_528_ (<cutoff = 0.1). It will be used to build SNP tree and matrix.
WHRI_8454A_contig covered 0.94250 of the WHRI_5212__NCPPB_528_ (<cutoff = 0.1). It will be used to build SNP tree and matrix.
WHRI_5499_contig covered 0.98525 of the WHRI_5212__NCPPB_528_ (<cutoff = 0.1). It will be used to build SNP tree and matrix.
WHRI_5715A_contig covered 0.97477 of the WHRI_5212__NCPPB_528_ (<cutoff = 0.1). It will be used to build SNP tree and matrix.
WHRI_5735_contig covered 0.97499 of the WHRI_5212__NCPPB_528_ (<cutoff = 0.1). It will be used to build SNP tree and matrix.
WHRI_8668_contig covered 0.92765 of the WHRI_5212__NCPPB_528_ (<cutoff = 0.1). It will be used to build SNP tree and matrix.
Printing Summary Statistics.
Creating SNP alignment.
Creating SNP stats file. 
SNP alignment complete.
Reconstructing phylogeny using FastTree
export OMP_NUM_THREADS=1; FastTree -quiet -nt -gtr < /data/djs217/PROJECTS/47_phage/xcc/03_workdir/results/xcc_fastree_all_snp_alignment.fna > /data/djs217/PROJECTS/47_phage/xcc/03_workdir/results/xcc_fastree_all.fasttree 2>>/data/djs217/PROJECTS/47_phage/xcc/03_workdir/results/xcc_fastree.error 

Tree phylogeny complete.
