╭──────────────────────────────────────────────────────────────────────────────────────────────────────────────────────────────────────────────────────────────────────────╮
│  Executing geNomad summary (v1.11.1). This will summarize the results across modules into a classification report.                                                       │
│  ──────────────────────────────────────────────────────────────────────────────────────────────────────────────────────────────────────────────────────────────────────  │
│  Outputs:                                                                                                                                                                │
│    genomad/3851.assembly_summary                                                                                                                                         │
│    ├── 3851.assembly_summary.json (execution parameters)                                                                                                                 │
│    ├── 3851.assembly_virus_summary.tsv (virus classification summary)                                                                                                    │
│    ├── 3851.assembly_plasmid_summary.tsv (plasmid classification summary)                                                                                                │
│    ├── 3851.assembly_virus.fna (virus nucleotide FASTA file)                                                                                                             │
│    ├── 3851.assembly_plasmid.fna (plasmid nucleotide FASTA file)                                                                                                         │
│    ├── 3851.assembly_virus_proteins.faa (virus protein FASTA file)                                                                                                       │
│    ├── 3851.assembly_plasmid_proteins.faa (plasmid protein FASTA file)                                                                                                   │
│    ├── 3851.assembly_virus_genes.tsv (virus gene annotation data)                                                                                                        │
│    └── 3851.assembly_plasmid_genes.tsv (plasmid gene annotation data)                                                                                                    │
╰──────────────────────────────────────────────────────────────────────────────────────────────────────────────────────────────────────────────────────────────────────────╯
[07:26:45] Executing genomad summary.                                                                                                                                       
[07:26:45] Creating the genomad/3851.assembly_summary directory.                                                                                                            
[07:26:45] Using scores from aggregated-classification.                                                                                                                     
[07:26:45] 7 plasmid(s) and 2 virus(es) were identified.                                                                                                                    
[07:26:45] Nucleotide sequences were written to 3851.assembly_plasmid.fna and 3851.assembly_virus.fna.                                                                      
[07:26:45] Protein sequences were written to 3851.assembly_plasmid_proteins.faa and 3851.assembly_virus_proteins.faa.                                                       
[07:26:45] Gene annotation data was written to 3851.assembly_plasmid_genes.tsv and 3851.assembly_virus_genes.tsv.                                                           
[07:26:45] Summary files were written to 3851.assembly_plasmid_summary.tsv and 3851.assembly_virus_summary.tsv.                                                             
[07:26:45] geNomad summary finished!                                                                                                                                        
