
Running self-nucmer on /data/djs217/PROJECTS/47_phage/xcr-xci/03_workdir/files/WHRI_8093_armoraciae.fna
[RUNNING:] nucmer --maxmatch --nosimplify --prefix=seq_seq680333 /data/djs217/PROJECTS/47_phage/xcr-xci/03_workdir/files/WHRI_8093_armoraciae.fna /data/djs217/PROJECTS/47_phage/xcr-xci/03_workdir/files/WHRI_8093_armoraciae.fna 2>/dev/null
[RUNNING:] show-coords -r -I 97 -L 75 -T seq_seq680333.delta | awk '$1 != $3 || $2 != $4 && $8==$9 {print}' > seq_seq680333.coords

Repeat coords for all references found.
Self-NUCmer complete
==================================================================
Aligning to the reference genome /data/djs217/PROJECTS/47_phage/xcr-xci/03_workdir/files/WHRI_8093_armoraciae.fna

Running nucmer on WHRI_8093_armoraciae_WHRI_8093_armoraciae

NUCmer on all reference genomes complete.
==================================================================

runContigNUCmer.pl -r /data/djs217/PROJECTS/47_phage/xcr-xci/03_workdir/files/WHRI_8093_armoraciae.fna -q /data/djs217/PROJECTS/47_phage/xcr-xci/03_workdir -d /data/djs217/PROJECTS/47_phage/xcr-xci/03_workdir/results -l /data/djs217/PROJECTS/47_phage/xcr-xci/03_workdir/contigs_list.txt -t 1 -y 2 2>>/data/djs217/PROJECTS/47_phage/xcr-xci/03_workdir/results/xcr-xci_fasttree.error >> /data/djs217/PROJECTS/47_phage/xcr-xci/03_workdir/results/xcr-xci_fasttree.log


Using given reference:  /data/djs217/PROJECTS/47_phage/xcr-xci/03_workdir/files/WHRI_8093_armoraciae.fna
Running nucmer on WHRI_8093_armoraciae_WHRI_8875A_raphani_contig
Running nucmer on WHRI_8093_armoraciae_WHRI_8872_raphani_contig
Running nucmer on WHRI_8093_armoraciae_WHRI_8858_raphani_contig
Running nucmer on WHRI_8093_armoraciae_WHRI_5219__NCPPB_2517__campestris_contig
Running nucmer on WHRI_8093_armoraciae_WHRI_8817_raphani_contig
Running nucmer on WHRI_8093_armoraciae_WHRI_8889_raphani_contig
Running nucmer on WHRI_8093_armoraciae_WHRI_6520_raphani_contig
Running nucmer on WHRI_8093_armoraciae_WHRI_8882_raphani_contig
Running nucmer on WHRI_8093_armoraciae_WHRI_8303_raphani_contig
Running nucmer on WHRI_8093_armoraciae_WHRI_8870_raphani_contig
Running nucmer on WHRI_8093_armoraciae_WHRI_8523_contig
Running nucmer on WHRI_8093_armoraciae_WHRI_6490_raphani_contig
Running nucmer on WHRI_8093_armoraciae_WHRI_8527_incanae_contig
Running nucmer on WHRI_8093_armoraciae_WHRI_6376_armoraciae_contig
Running nucmer on WHRI_8093_armoraciae_WHRI_8866_raphani_contig
Running nucmer on WHRI_8093_armoraciae_WHRI_8834_raphani_contig
Running nucmer on WHRI_8093_armoraciae_WHRI_6499_raphani_contig
Running nucmer on WHRI_8093_armoraciae_WHRI_6492_raphani_contig
Running nucmer on WHRI_8093_armoraciae_WHRI_6489_raphani_contig
Running nucmer on WHRI_8093_armoraciae_WHRI_6491_raphani_contig
Running nucmer on WHRI_8093_armoraciae_WHRI_8887_raphani_contig
Running nucmer on WHRI_8093_armoraciae_WHRI_8305_raphani_contig
Running nucmer on WHRI_8093_armoraciae_WHRI_10224_incanae_contig
Running nucmer on WHRI_8093_armoraciae_WHRI_6497_raphani_contig
Running nucmer on WHRI_8093_armoraciae_WHRI_8873_raphani_contig
Running nucmer on WHRI_8093_armoraciae_WHRI_7979_raphani_contig
Running nucmer on WHRI_8093_armoraciae_WHRI_7803_campestris_contig
Running nucmer on WHRI_8093_armoraciae_WHRI_8890_raphani_contig
Running nucmer on WHRI_8093_armoraciae_WHRI_6498_raphani_contig
Running nucmer on WHRI_8093_armoraciae_WHRI_8884_raphani_contig
Running nucmer on WHRI_8093_armoraciae_WHRI_8876_raphani_contig
Running nucmer on WHRI_8093_armoraciae_WHRI_8867_raphani_contig
Running nucmer on WHRI_8093_armoraciae_WHRI_10223_incanae_contig
Running nucmer on WHRI_8093_armoraciae_WHRI_6378_incanae_contig
Running nucmer on WHRI_8093_armoraciae_WHRI_8881_raphani_contig
Running nucmer on WHRI_8093_armoraciae_WHRI_10225_incanae_contig
Running nucmer on WHRI_8093_armoraciae_WHRI_6493_raphani_contig
Running nucmer on WHRI_8093_armoraciae_WHRI_8880_raphani_contig
Running nucmer on WHRI_8093_armoraciae_WHRI_7974_raphani_contig
Running nucmer on WHRI_8093_armoraciae_WHRI_6518_raphani_contig
Running nucmer on WHRI_8093_armoraciae_WHRI_8871_raphani_contig
Running nucmer on WHRI_8093_armoraciae_WHRI_8818_raphani_contig
Running nucmer on WHRI_8093_armoraciae_WHRI_8869_raphani_contig
Running nucmer on WHRI_8093_armoraciae_WHRI_8885_raphani_contig
Running nucmer on WHRI_8093_armoraciae_WHRI_6519_raphani_contig
Running nucmer on WHRI_8093_armoraciae_WHRI_8888_raphani_contig
Running nucmer on WHRI_8093_armoraciae_WHRI_6494_raphani_contig
Running nucmer on WHRI_8093_armoraciae_WHRI_8304_raphani_contig
Running nucmer on WHRI_8093_armoraciae_WHRI_10006_raphani_contig
Running nucmer on WHRI_8093_armoraciae_WHRI_8874_raphani_contig
Running nucmer on WHRI_8093_armoraciae_WHRI_8878_raphani_contig
NUCmer on all contig/draft genomes complete.

Empty Gap Files: /data/djs217/PROJECTS/47_phage/xcr-xci/03_workdir/results/gaps/WHRI_8093_armoraciae_WHRI_8093_armoraciae.gaps

buildSNPDB.pl -i /data/djs217/PROJECTS/47_phage/xcr-xci/03_workdir/results -r /data/djs217/PROJECTS/47_phage/xcr-xci/03_workdir/files/WHRI_8093_armoraciae.fna -l /data/djs217/PROJECTS/47_phage/xcr-xci/03_workdir/working_list.txt -p xcr-xci_fasttree -c 0 -g 0.1 2>>/data/djs217/PROJECTS/47_phage/xcr-xci/03_workdir/results/xcr-xci_fasttree.error >> /data/djs217/PROJECTS/47_phage/xcr-xci/03_workdir/results/xcr-xci_fasttree.log

Reading Gaps file.
WHRI_7803_campestris_contig covered 0.92956 of the WHRI_8093_armoraciae (<cutoff = 0.1). It will be used to build SNP tree and matrix.
WHRI_6493_raphani_contig covered 0.95867 of the WHRI_8093_armoraciae (<cutoff = 0.1). It will be used to build SNP tree and matrix.
WHRI_8890_raphani_contig covered 0.90658 of the WHRI_8093_armoraciae (<cutoff = 0.1). It will be used to build SNP tree and matrix.
WHRI_8818_raphani_contig covered 0.93067 of the WHRI_8093_armoraciae (<cutoff = 0.1). It will be used to build SNP tree and matrix.
WHRI_8875A_raphani_contig covered 0.93171 of the WHRI_8093_armoraciae (<cutoff = 0.1). It will be used to build SNP tree and matrix.
WHRI_8867_raphani_contig covered 0.92102 of the WHRI_8093_armoraciae (<cutoff = 0.1). It will be used to build SNP tree and matrix.
WHRI_8834_raphani_contig covered 0.91949 of the WHRI_8093_armoraciae (<cutoff = 0.1). It will be used to build SNP tree and matrix.
WHRI_8885_raphani_contig covered 0.93230 of the WHRI_8093_armoraciae (<cutoff = 0.1). It will be used to build SNP tree and matrix.
WHRI_8873_raphani_contig covered 0.92046 of the WHRI_8093_armoraciae (<cutoff = 0.1). It will be used to build SNP tree and matrix.
WHRI_10224_incanae_contig covered 0.90480 of the WHRI_8093_armoraciae (<cutoff = 0.1). It will be used to build SNP tree and matrix.
WHRI_8866_raphani_contig covered 0.92155 of the WHRI_8093_armoraciae (<cutoff = 0.1). It will be used to build SNP tree and matrix.
WHRI_8304_raphani_contig covered 0.92214 of the WHRI_8093_armoraciae (<cutoff = 0.1). It will be used to build SNP tree and matrix.
WHRI_6489_raphani_contig covered 0.92784 of the WHRI_8093_armoraciae (<cutoff = 0.1). It will be used to build SNP tree and matrix.
WHRI_6491_raphani_contig covered 0.95376 of the WHRI_8093_armoraciae (<cutoff = 0.1). It will be used to build SNP tree and matrix.
WHRI_8878_raphani_contig covered 0.93701 of the WHRI_8093_armoraciae (<cutoff = 0.1). It will be used to build SNP tree and matrix.
WHRI_6492_raphani_contig covered 0.93059 of the WHRI_8093_armoraciae (<cutoff = 0.1). It will be used to build SNP tree and matrix.
WHRI_7979_raphani_contig covered 0.99896 of the WHRI_8093_armoraciae (<cutoff = 0.1). It will be used to build SNP tree and matrix.
WHRI_8888_raphani_contig covered 0.93337 of the WHRI_8093_armoraciae (<cutoff = 0.1). It will be used to build SNP tree and matrix.
WHRI_6498_raphani_contig covered 0.75173 of the WHRI_8093_armoraciae (<cutoff = 0.1). It will be used to build SNP tree and matrix.
WHRI_8871_raphani_contig covered 0.93239 of the WHRI_8093_armoraciae (<cutoff = 0.1). It will be used to build SNP tree and matrix.
WHRI_8882_raphani_contig covered 0.87921 of the WHRI_8093_armoraciae (<cutoff = 0.1). It will be used to build SNP tree and matrix.
WHRI_8881_raphani_contig covered 0.91495 of the WHRI_8093_armoraciae (<cutoff = 0.1). It will be used to build SNP tree and matrix.
WHRI_6520_raphani_contig covered 0.91189 of the WHRI_8093_armoraciae (<cutoff = 0.1). It will be used to build SNP tree and matrix.
WHRI_8869_raphani_contig covered 0.92155 of the WHRI_8093_armoraciae (<cutoff = 0.1). It will be used to build SNP tree and matrix.
WHRI_7974_raphani_contig covered 0.92285 of the WHRI_8093_armoraciae (<cutoff = 0.1). It will be used to build SNP tree and matrix.
WHRI_8872_raphani_contig covered 0.92110 of the WHRI_8093_armoraciae (<cutoff = 0.1). It will be used to build SNP tree and matrix.
WHRI_6378_incanae_contig covered 0.88924 of the WHRI_8093_armoraciae (<cutoff = 0.1). It will be used to build SNP tree and matrix.
WHRI_6518_raphani_contig covered 0.91509 of the WHRI_8093_armoraciae (<cutoff = 0.1). It will be used to build SNP tree and matrix.
WHRI_8305_raphani_contig covered 0.92044 of the WHRI_8093_armoraciae (<cutoff = 0.1). It will be used to build SNP tree and matrix.
WHRI_8523_contig covered 0.90292 of the WHRI_8093_armoraciae (<cutoff = 0.1). It will be used to build SNP tree and matrix.
WHRI_8876_raphani_contig covered 0.93215 of the WHRI_8093_armoraciae (<cutoff = 0.1). It will be used to build SNP tree and matrix.
WHRI_6490_raphani_contig covered 0.91463 of the WHRI_8093_armoraciae (<cutoff = 0.1). It will be used to build SNP tree and matrix.
WHRI_8303_raphani_contig covered 0.92902 of the WHRI_8093_armoraciae (<cutoff = 0.1). It will be used to build SNP tree and matrix.
WHRI_8887_raphani_contig covered 0.92898 of the WHRI_8093_armoraciae (<cutoff = 0.1). It will be used to build SNP tree and matrix.
WHRI_6376_armoraciae_contig covered 0.90913 of the WHRI_8093_armoraciae (<cutoff = 0.1). It will be used to build SNP tree and matrix.
WHRI_6497_raphani_contig covered 0.92496 of the WHRI_8093_armoraciae (<cutoff = 0.1). It will be used to build SNP tree and matrix.
WHRI_10225_incanae_contig covered 0.90301 of the WHRI_8093_armoraciae (<cutoff = 0.1). It will be used to build SNP tree and matrix.
REPEATS covered 0.98915 of the WHRI_8093_armoraciae (<cutoff = 0.1). It will be used to build SNP tree and matrix.
WHRI_8870_raphani_contig covered 0.92150 of the WHRI_8093_armoraciae (<cutoff = 0.1). It will be used to build SNP tree and matrix.
WHRI_8880_raphani_contig covered 0.91002 of the WHRI_8093_armoraciae (<cutoff = 0.1). It will be used to build SNP tree and matrix.
WHRI_8527_incanae_contig covered 0.90352 of the WHRI_8093_armoraciae (<cutoff = 0.1). It will be used to build SNP tree and matrix.
WHRI_8858_raphani_contig covered 0.93232 of the WHRI_8093_armoraciae (<cutoff = 0.1). It will be used to build SNP tree and matrix.
WHRI_8889_raphani_contig covered 0.96619 of the WHRI_8093_armoraciae (<cutoff = 0.1). It will be used to build SNP tree and matrix.
WHRI_8817_raphani_contig covered 0.91863 of the WHRI_8093_armoraciae (<cutoff = 0.1). It will be used to build SNP tree and matrix.
WHRI_6494_raphani_contig covered 0.93160 of the WHRI_8093_armoraciae (<cutoff = 0.1). It will be used to build SNP tree and matrix.
WHRI_8884_raphani_contig covered 0.92135 of the WHRI_8093_armoraciae (<cutoff = 0.1). It will be used to build SNP tree and matrix.
WHRI_10006_raphani_contig covered 0.93682 of the WHRI_8093_armoraciae (<cutoff = 0.1). It will be used to build SNP tree and matrix.
WHRI_5219__NCPPB_2517__campestris_contig covered 0.90268 of the WHRI_8093_armoraciae (<cutoff = 0.1). It will be used to build SNP tree and matrix.
WHRI_6519_raphani_contig covered 0.92106 of the WHRI_8093_armoraciae (<cutoff = 0.1). It will be used to build SNP tree and matrix.
WHRI_10223_incanae_contig covered 0.90436 of the WHRI_8093_armoraciae (<cutoff = 0.1). It will be used to build SNP tree and matrix.
WHRI_6499_raphani_contig covered 0.92454 of the WHRI_8093_armoraciae (<cutoff = 0.1). It will be used to build SNP tree and matrix.
WHRI_8874_raphani_contig covered 0.87727 of the WHRI_8093_armoraciae (<cutoff = 0.1). It will be used to build SNP tree and matrix.
Printing Summary Statistics.
Creating SNP alignment.
Creating SNP stats file. 
SNP alignment complete.
Reconstructing phylogeny using FastTree
export OMP_NUM_THREADS=1; FastTree -quiet -nt -gtr < /data/djs217/PROJECTS/47_phage/xcr-xci/03_workdir/results/xcr-xci_fasttree_all_snp_alignment.fna > /data/djs217/PROJECTS/47_phage/xcr-xci/03_workdir/results/xcr-xci_fasttree_all.fasttree 2>>/data/djs217/PROJECTS/47_phage/xcr-xci/03_workdir/results/xcr-xci_fasttree.error 

Tree phylogeny complete.
