createdb WHRI_8021_annotate/WHRI_8021_proteins.faa WHRI_8021_annotate/WHRI_8021_mmseqs2/query_db/query_db 

MMseqs Version:                    	18.8cc5c
Database type                      	0
Shuffle input database             	true
Createdb mode                      	0
Write lookup file                  	1
Offset of numeric ids              	0
Threads                            	32
Compressed                         	0
Mask residues                      	0
Mask residues probability          	0.9
Mask lower case residues           	0
Mask lower letter repeating N times	0
Use GPU                            	0
Verbosity                          	3

Converting sequences
[
Time for merging to query_db_h: 0h 0m 0s 2ms
Time for merging to query_db: 0h 0m 0s 3ms
Database type: Aminoacid
Time for processing: 0h 0m 0s 44ms
prefilter WHRI_8021_annotate/WHRI_8021_mmseqs2/query_db/query_db genomad_db/genomad_db WHRI_8021_annotate/WHRI_8021_mmseqs2/search_db/prefilter_db --threads 32 -s 4.2 --split 8 --split-mode 0 --max-seqs 10000000 --min-ungapped-score 25 -k 5 

MMseqs Version:                    	18.8cc5c
Substitution matrix                	aa:blosum62.out,nucl:nucleotide.out
Seed substitution matrix           	aa:VTML80.out,nucl:nucleotide.out
Sensitivity                        	4.2
k-mer length                       	5
Target search mode                 	0
k-score                            	seq:2147483647,prof:2147483647
Alphabet size                      	aa:21,nucl:5
Max sequence length                	65535
Max results per query              	10000000
Split database                     	8
Split mode                         	0
Split memory limit                 	0
Coverage threshold                 	0
Coverage mode                      	0
Compositional bias                 	1
Compositional bias scale           	1
Diagonal scoring                   	true
Exact k-mer matching               	0
Mask residues                      	1
Mask residues probability          	0.9
Mask lower case residues           	0
Mask lower letter repeating N times	0
Minimum diagonal score             	25
Selected taxa                      	
Include identical seq. id.         	false
Spaced k-mers                      	1
Preload mode                       	0
Pseudo count a                     	substitution:1.100,context:1.400
Pseudo count b                     	substitution:4.100,context:5.800
Spaced k-mer pattern               	
Local temporary path               	
Threads                            	32
Compressed                         	0
Verbosity                          	3

Query database size: 4263 type: Aminoacid
Target split mode. Searching through 8 splits
Estimated memory consumption: 625M
Target database size: 227918 type: Profile
Process prefiltering step 1 of 8

Index table k-mer threshold: 89 at k-mer size 5 
Index table: counting k-mers
[=================================================================] 22.18K 1s 520ms
Index table: Masked residues: 0
Index table: fill
[=================================================================] 22.18K 4s 492ms
Index statistics
Entries:          299281932
DB size:          1743 MB
Avg k-mer size:   73.279758
Top 10 k-mers
    GWWPW	863
    PPPWW	851
    WWWPW	845
    WWWPP	842
    WWPPW	837
    PPWWW	826
    WWDPW	809
    WWWPG	808
    DPWWW	808
    DWWPP	801
Time for index table init: 0h 0m 7s 281ms
k-mer similarity threshold: 89
Starting prefiltering scores calculation (step 1 of 8)
Query db start 1 to 4263
Target db start 1 to 22178
[=================================================================] 4.26K 0s 94ms

0.945841 k-mers per position
18666 DB matches per sequence
0 overflows
39 sequences passed prefiltering per query sequence
30 median result list length
44 sequences with 0 size result lists
Time for merging to prefilter_db_tmp_0: 0h 0m 0s 2ms
Time for merging to prefilter_db_tmp_0_tmp: 0h 0m 0s 6ms
Process prefiltering step 2 of 8

Index table k-mer threshold: 89 at k-mer size 5 
Index table: counting k-mers
[=================================================================] 24.94K 1s 182ms
Index table: Masked residues: 0
Index table: fill
[=================================================================] 24.94K 3s 720ms
Index statistics
Entries:          315250187
DB size:          1835 MB
Avg k-mer size:   77.189616
Top 10 k-mers
    WWWPP	989
    GWWPP	951
    DWWPP	925
    WWPPP	918
    DWWPW	887
    PPPWD	873
    PWWPW	872
    GWWPW	870
    DWPPW	865
    WWPPW	862
Time for index table init: 0h 0m 6s 53ms
k-mer similarity threshold: 89
Starting prefiltering scores calculation (step 2 of 8)
Query db start 1 to 4263
Target db start 22179 to 47115
[=================================================================] 4.26K 0s 166ms

0.945841 k-mers per position
19639 DB matches per sequence
0 overflows
44 sequences passed prefiltering per query sequence
34 median result list length
37 sequences with 0 size result lists
Time for merging to prefilter_db_tmp_1: 0h 0m 0s 3ms
Time for merging to prefilter_db_tmp_1_tmp: 0h 0m 0s 7ms
Process prefiltering step 3 of 8

Index table k-mer threshold: 89 at k-mer size 5 
Index table: counting k-mers
[=================================================================] 26.50K 1s 307ms
Index table: Masked residues: 0
Index table: fill
[===========================