createdb genomad/GCA_035060195.1_ASM3506019v1_genomic_annotate/GCA_035060195.1_ASM3506019v1_genomic_proteins.faa genomad/GCA_035060195.1_ASM3506019v1_genomic_annotate/GCA_035060195.1_ASM3506019v1_genomic_mmseqs2/query_db/query_db 

MMseqs Version:                    	18.8cc5c
Database type                      	0
Shuffle input database             	true
Createdb mode                      	0
Write lookup file                  	1
Offset of numeric ids              	0
Threads                            	32
Compressed                         	0
Mask residues                      	0
Mask residues probability          	0.9
Mask lower case residues           	0
Mask lower letter repeating N times	0
Use GPU                            	0
Verbosity                          	3

Converting sequences
[
Time for merging to query_db_h: 0h 0m 0s 3ms
Time for merging to query_db: 0h 0m 0s 3ms
Database type: Aminoacid
Time for processing: 0h 0m 0s 124ms
prefilter genomad/GCA_035060195.1_ASM3506019v1_genomic_annotate/GCA_035060195.1_ASM3506019v1_genomic_mmseqs2/query_db/query_db genomad_db/genomad_db genomad/GCA_035060195.1_ASM3506019v1_genomic_annotate/GCA_035060195.1_ASM3506019v1_genomic_mmseqs2/search_db/prefilter_db --threads 32 -s 4.2 --split 8 --split-mode 0 --max-seqs 10000000 --min-ungapped-score 25 -k 5 

MMseqs Version:                    	18.8cc5c
Substitution matrix                	aa:blosum62.out,nucl:nucleotide.out
Seed substitution matrix           	aa:VTML80.out,nucl:nucleotide.out
Sensitivity                        	4.2
k-mer length                       	5
Target search mode                 	0
k-score                            	seq:2147483647,prof:2147483647
Alphabet size                      	aa:21,nucl:5
Max sequence length                	65535
Max results per query              	10000000
Split database                     	8
Split mode                         	0
Split memory limit                 	0
Coverage threshold                 	0
Coverage mode                      	0
Compositional bias                 	1
Compositional bias scale           	1
Diagonal scoring                   	true
Exact k-mer matching               	0
Mask residues                      	1
Mask residues probability          	0.9
Mask lower case residues           	0
Mask lower letter repeating N times	0
Minimum diagonal score             	25
Selected taxa                      	
Include identical seq. id.         	false
Spaced k-mers                      	1
Preload mode                       	0
Pseudo count a                     	substitution:1.100,context:1.400
Pseudo count b                     	substitution:4.100,context:5.800
Spaced k-mer pattern               	
Local temporary path               	
Threads                            	32
Compressed                         	0
Verbosity                          	3

Query database size: 4228 type: Aminoacid
Target split mode. Searching through 8 splits
Estimated memory consumption: 625M
Target database size: 227918 type: Profile
Process prefiltering step 1 of 8

Index table k-mer threshold: 89 at k-mer size 5 
Index table: counting k-mers
[=================================================================] 22.18K 1s 252ms
Index table: Masked residues: 0
Index table: fill
[==============================================