createdb genomad/GCA_035025325.1_ASM3502532v1_genomic_annotate/GCA_035025325.1_ASM3502532v1_genomic_proteins.faa genomad/GCA_035025325.1_ASM3502532v1_genomic_annotate/GCA_035025325.1_ASM3502532v1_genomic_mmseqs2/query_db/query_db 

MMseqs Version:                    	18.8cc5c
Database type                      	0
Shuffle input database             	true
Createdb mode                      	0
Write lookup file                  	1
Offset of numeric ids              	0
Threads                            	32
Compressed                         	0
Mask residues                      	0
Mask residues probability          	0.9
Mask lower case residues           	0
Mask lower letter repeating N times	0
Use GPU                            	0
Verbosity                          	3

Converting sequences
[
Time for merging to query_db_h: 0h 0m 0s 2ms
Time for merging to query_db: 0h 0m 0s 3ms
Database type: Aminoacid
Time for processing: 0h 0m 0s 41ms
prefilter genomad/GCA_035025325.1_ASM3502532v1_genomic_annotate/GCA_035025325.1_ASM3502532v1_genomic_mmseqs2/query_db/query_db genomad_db/genomad_db genomad/GCA_035025325.1_ASM3502532v1_genomic_annotate/GCA_035025325.1_ASM3502532v1_genomic_mmseqs2/search_db/prefilter_db --threads 32 -s 4.2 --split 8 --split-mode 0 --max-seqs 10000000 --min-ungapped-score 25 -k 5 

MMseqs Version:                    	18.8cc5c
Substitution matrix                	aa:blosum62.out,nucl:nucleotide.out
Seed substitution matrix           	aa:VTML80.out,nucl:nucleotide.out
Sensitivity                        	4.2
k-mer length                       	5
Target search mode                 	0
k-score                            	seq:2147483647,prof:2147483647
Alphabet size                      	aa:21,nucl:5
Max sequence length                	65535
Max results per query              	10000000
Split database                     	8
Split mode                         	0
Split memory limit                 	0
Coverage threshold                 	0
Coverage mode                      	0
Compositional bias                 	1
Compositional bias scale           	1
Diagonal scoring                   	true
Exact k-mer matching               	0
Mask residues                      	1
Mask residues probability          	0.9
Mask lower case residues           	0
Mask lower letter repeating N times	0
Minimum diagonal score             	25
Selected taxa                      	
Include identical seq. id.         	false
Spaced k-mers                      	1
Preload mode                       	0
Pseudo count a                     	substitution:1.100,context:1.400
Pseudo count b                     	substitution:4.100,context:5.800
Spaced k-mer pattern               	
Local temporary path               	
Threads                            	32
Compressed                         	0
Verbosity                          	3

Query database size: 4249 type: Aminoacid
Target split mode. Searching through 8 splits
Estimated memory consumption: 625M
Target database size: 227918 type: Profile
Process prefiltering step 1 of 8

Index table k-mer threshold: 89 at k-mer size 5 
Index table: counting k-mers
[=================================================================] 22.18K 1s 284ms
Index table: Masked residues: 0
Index table: fill
[=================================================================] 22.18K 3s 758ms
Index statistics
Entries:          299281932
DB size:          1743 MB
Avg k-mer size:   73.279758
Top 10 k-mers
    GWWPW	863
    PPPWW	851
    WWWPW	845
    WWWPP	842
    WWPPW	837
    PPWWW	826
    WWDPW	809
    WWWPG	808
    DPWWW	808
    DWWPP	801
Time for index table init: 0h 0m 6s 195ms
k-mer similarity threshold: 89
Starting prefiltering scores calculation (step 1 of 8)
Query db start 1 to 4249
Target db start 1 to 22178
[=================================================================] 4.25K 0s 79ms

0.946201 k-mers per position
18744 DB matches per sequence
0 overflows
39 sequences passed prefiltering per query sequence
30 median result list length
40 sequences with 0 size result lists
Time for merging to prefilter_db_tmp_0: 0h 0m 0s 3ms
Time for merging to prefilter_db_tmp_0_tmp: 0h 0m 0s 6ms
Process prefiltering step 2 of 8

Index table k-mer threshold: 89 at k-mer size 5 
Index table: counting k-mers
[=================================================================] 24.94K 1s 373ms
Index table: Masked residues: 0
Index table: fill
[=================================================================] 24.94K 4s 237ms
Index statistics
Entries:          315250187
DB size:          1835 MB
Avg k-mer size:   77.189616
Top 10 k-mers
    WWWPP	989
    GWWPP	951
    DWWPP	925
    WWPPP	918
    DWWPW	887
    PPPWD	873
    PWWPW	872
    GWWPW	870
    DWPPW	865
    WWPPW	862
Time for index table init: 0h 0m 6s 686ms
k-mer similarity threshold: 89
Starting prefiltering scores calculation (step 2 of 8)
Query db start 1 to 4249
Target db start 22179 to 47115
[=================================================================] 4.25K 0s 231ms

0.946201 k-mers per position
19719 DB matches per sequence
0 overflows
44 sequences passed prefiltering per query sequence
34 median result list length
34 sequences with 0 size result lists
Time for merging to prefilter_db_tmp_1: 0h 0m 0s 3ms
Time for merging to prefilter_db_tmp_1_tmp: 0h 0m 0s 5ms
Process prefiltering step 3 of 8

Index table k-mer threshold: 89 at k-mer size 5 
Index table: counting k-mers
[=================================================================] 26.50K 1s 521ms
Index table: Masked residues: 0
Index table: fill
[=================================================================] 26.50K 4s 622ms
Index statistics
Entries:          351832698
DB size:          2044 MB
Avg k-mer size:   86.146914
Top 10 k-mers
    GWWPP	1086
    WWWPP	1059
    DWWPP	1050
    PPPWW	1045
    GWWPW	1018
    PPWWW	1016
    GWWDW	1007
    PDWWW	1005
    PPWGW	1000
    WWPWP	999
Time for index table init: 0h 0m 7s 404ms
k-mer similarity threshold: 89
Starting prefiltering scores calculation (step 3 of 8)
Query db start 1 to 4249
Target db start 47116 to 73619
[=================================================================] 4.25K 0s 113ms

0.946201 k-mers per position
21951 DB matches per sequence
0 overflows
48 sequences passed prefiltering per query sequence
37 median result list length
41 sequences with 0 size result lists
Time for merging to prefilter_db_tmp_2: 0h 0m 0s 2ms
Time for merging to prefilter_db_tmp_2_tmp: 0h 0m 0s 3ms
Process prefiltering step 4 of 8

Index table k-mer threshold: 89 at k-mer size 5 
Index table: counting k-mers
[=================================================================] 29.81K 1s 298ms
Index table: Masked residues: 0
Index table: fill
[=================================