╭─────────────────────────────────────────────────────────────────────────────────────────────────────────────────────────────────────────────────────────────────────╮
│  Executing geNomad summary (v1.11.1). This will summarize the results across modules into a classification report.                                                  │
│  ─────────────────────────────────────────────────────────────────────────────────────────────────────────────────────────────────────────────────────────────────  │
│  Outputs:                                                                                                                                                           │
│    genomad/GCA_040193995.1_ASM4019399v1_genomic_summary                                                                                                             │
│    ├── GCA_040193995.1_ASM4019399v1_genomic_summary.json (execution parameters)                                                                                     │
│    ├── GCA_040193995.1_ASM4019399v1_genomic_virus_summary.tsv (virus classification summary)                                                                        │
│    ├── GCA_040193995.1_ASM4019399v1_genomic_plasmid_summary.tsv (plasmid classification summary)                                                                    │
│    ├── GCA_040193995.1_ASM4019399v1_genomic_virus.fna (virus nucleotide FASTA file)                                                                                 │
│    ├── GCA_040193995.1_ASM4019399v1_genomic_plasmid.fna (plasmid nucleotide FASTA file)                                                                             │
│    ├── GCA_040193995.1_ASM4019399v1_genomic_virus_proteins.faa (virus protein FASTA file)                                                                           │
│    ├── GCA_040193995.1_ASM4019399v1_genomic_plasmid_proteins.faa (plasmid protein FASTA file)                                                                       │
│    ├── GCA_040193995.1_ASM4019399v1_genomic_virus_genes.tsv (virus gene annotation data)                                                                            │
│    └── GCA_040193995.1_ASM4019399v1_genomic_plasmid_genes.tsv (plasmid gene annotation data)                                                                        │
╰─────────────────────────────────────────────────────────────────────────────────────────────────────────────────────────────────────────────────────────────────────╯
[20:27:16] Executing genomad summary.                                                                                                                                  
[20:27:16] Creating the genomad/GCA_040193995.1_ASM4019399v1_genomic_summary directory.                                                                                
[20:27:16] Using scores from aggregated-classification.                                                                                                                
[20:27:16] 23 plasmid(s) and 12 virus(es) were identified.                                                                                                             
[20:27:16] Nucleotide sequences were written to GCA_040193995.1_ASM4019399v1_genomic_plasmid.fna and GCA_040193995.1_ASM4019399v1_genomic_virus.fna.                   
[20:27:16] Protein sequences were written to GCA_040193995.1_ASM4019399v1_genomic_plasmid_proteins.faa and GCA_040193995.1_ASM4019399v1_genomic_virus_proteins.faa.    
[20:27:16] Gene annotation data was written to GCA_040193995.1_ASM4019399v1_genomic_plasmid_genes.tsv and GCA_040193995.1_ASM4019399v1_genomic_virus_genes.tsv.        
[20:27:16] Summary files were written to GCA_040193995.1_ASM4019399v1_genomic_plasmid_summary.tsv and GCA_040193995.1_ASM4019399v1_genomic_virus_summary.tsv.          
[20:27:16] geNomad summary finished!                                                                                                                                   
