╭─────────────────────────────────────────────────────────────────────────────────────────────────────────────────────────────────────────────────────────────────────╮
│  Executing geNomad marker-classification (v1.11.1). This will classify the input sequences into chromosome, plasmid, or virus based on the presence of geNomad      │
│  markers and other gene-related features.                                                                                                                           │
│  ─────────────────────────────────────────────────────────────────────────────────────────────────────────────────────────────────────────────────────────────────  │
│  Outputs:                                                                                                                                                           │
│    genomad/GCA_034554075.1_ASM3455407v1_genomic_marker_classification                                                                                               │
│    ├── GCA_034554075.1_ASM3455407v1_genomic_marker_classification.json (execution parameters)                                                                       │
│    ├── GCA_034554075.1_ASM3455407v1_genomic_features.tsv (sequence feature data: tabular format)                                                                    │
│    ├── GCA_034554075.1_ASM3455407v1_genomic_features.npz (sequence feature data: binary format)                                                                     │
│    ├── GCA_034554075.1_ASM3455407v1_genomic_marker_classification.tsv (sequence classification: tabular format)                                                     │
│    ├── GCA_034554075.1_ASM3455407v1_genomic_marker_classification.npz (sequence classification: binary format)                                                      │
│    ├── GCA_034554075.1_ASM3455407v1_genomic_provirus_features.tsv (provirus feature data: tabular format)                                                           │
│    ├── GCA_034554075.1_ASM3455407v1_genomic_provirus_features.npz (provirus feature data: binary format)                                                            │
│    ├── GCA_034554075.1_ASM3455407v1_genomic_provirus_marker_classification.tsv (provirus classification: tabular format)                                            │
│    └── GCA_034554075.1_ASM3455407v1_genomic_provirus_marker_classification.npz (provirus classification: binary format)                                             │
╰─────────────────────────────────────────────────────────────────────────────────────────────────────────────────────────────────────────────────────────────────────╯
[13:54:32] Executing genomad marker-classification.                                                                                                                    
[13:54:33] Creating the genomad/GCA_034554075.1_ASM3455407v1_genomic_marker_classification directory.                                                                  
[13:54:33] Sequence features computed.                                                                                                                                 
[13:54:33] Sequence features in binary format written to GCA_034554075.1_ASM3455407v1_genomic_features.npz.                                                            
[13:54:33] Sequence features in tabular format written to GCA_034554075.1_ASM3455407v1_genomic_features.tsv.                                                           
[13:54:34] Provirus features computed.                                                                                                                                 
[13:54:34] Provirus features in binary format written to GCA_034554075.1_ASM3455407v1_genomic_provirus_features.npz.                                                   
[13:54:34] Provirus features in tabular format written to GCA_034554075.1_ASM3455407v1_genomic_provirus_features.tsv.                                                  
[13:54:34] Sequences classified.                                                                                                                                       
[13:54:34] Sequence classification in binary format written to GCA_034554075.1_ASM3455407v1_genomic_marker_classification.npz.                                         
[13:54:34] Sequence classification in tabular format written to GCA_034554075.1_ASM3455407v1_genomic_marker_classification.tsv.                                        
[13:54:34] Proviruses classified.                                                                                                                                      
[13:54:34] Provirus classification in binary format written to GCA_034554075.1_ASM3455407v1_genomic_provirus_marker_classification.npz.                                
[13:54:34] Provirus classification in tabular format written to GCA_034554075.1_ASM3455407v1_genomic_provirus_marker_classification.tsv.                               
[13:54:34] geNomad marker-classification finished!                                                                                                                     
