╭────────────────────────────────────────────────────────────────────────────────────────────────────────────────────────────────────────────────────────────────────────────────────────────────────────────╮
│  Executing geNomad nn-classification (v1.11.1). This will classify the input sequences into chromosome, plasmid, or virus based on the nucleotide sequence.                                                │
│  ────────────────────────────────────────────────────────────────────────────────────────────────────────────────────────────────────────────────────────────────────────────────────────────────────────  │
│  Outputs:                                                                                                                                                                                                  │
│    genomad/GCA_034552995.1_ASM3455299v1_genomic_nn_classification                                                                                                                                          │
│    ├── GCA_034552995.1_ASM3455299v1_genomic_nn_classification.json (execution parameters)                                                                                                                  │
│    ├── GCA_034552995.1_ASM3455299v1_genomic_encoded_sequences (directory containing encoded sequence data)                                                                                                 │
│    ├── GCA_034552995.1_ASM3455299v1_genomic_nn_classification.tsv (contig classification: tabular format)                                                                                                  │
│    ├── GCA_034552995.1_ASM3455299v1_genomic_nn_classification.npz (contig classification: binary format)                                                                                                   │
│    ├── GCA_034552995.1_ASM3455299v1_genomic_encoded_proviruses (directory containing encoded sequence data)                                                                                                │
│    ├── GCA_034552995.1_ASM3455299v1_genomic_provirus_nn_classification.tsv (provirus classification: tabular format)                                                                                       │
│    └── GCA_034552995.1_ASM3455299v1_genomic_provirus_nn_classification.npz (provirus classification: binary format)                                                                                        │
╰────────────────────────────────────────────────────────────────────────────────────────────────────────────────────────────────────────────────────────────────────────────────────────────────────────────╯
[12:59:23] Executing genomad nn-classification.                                                                                                                                                               
[12:59:23] Creating the genomad/GCA_034552995.1_ASM3455299v1_genomic_nn_classification directory.                                                                                                             
[12:59:23] Creating the genomad/GCA_034552995.1_ASM3455299v1_genomic_nn_classification/GCA_034552995.1_ASM3455299v1_genomic_encoded_sequences directory.                                                      
[12:59:23] Encoded sequence data written to GCA_034552995.1_ASM3455299v1_genomic_encoded_sequences.                                                                                                           
[12:59:23] Creating the genomad/GCA_034552995.1_ASM3455299v1_genomic_nn_classification/GCA_034552995.1_ASM3455299v1_genomic_encoded_proviruses directory.                                                     
[12:59:23] Encoded provirus data written to GCA_034552995.1_ASM3455299v1_genomic_encoded_proviruses.                                                                                                          
[12:59:30] Sequences classified.                                                                                                                                                                              
[12:59:30] Sequence classification in binary format written to GCA_034552995.1_ASM3455299v1_genomic_nn_classification.npz.                                                                                    
[12:59:30] Deleting encoded sequence data.                                                                                                                                                                    
[12:59:30] Sequence classification in tabular format written to GCA_034552995.1_ASM3455299v1_genomic_nn_classification.tsv.                                                                                   
[12:59:32] Proviruses classified.                                                                                                                                                                             
[12:59:32] Provirus classification in binary format written to GCA_034552995.1_ASM3455299v1_genomic_provirus_nn_classification.npz.                                                                           
[12:59:32] Deleting encoded provirus data.                                                                                                                                                                    
[12:59:32] Provirus classification in tabular format written to GCA_034552995.1_ASM3455299v1_genomic_provirus_nn_classification.tsv.                                                                          
[12:59:32] geNomad nn-classification finished!                                                                                                                                                                
