╭─────────────────────────────────────────────────────────────────────────────────────────────────────────────────────────────────────────────────────────────────────╮
│  Executing geNomad summary (v1.11.1). This will summarize the results across modules into a classification report.                                                  │
│  ─────────────────────────────────────────────────────────────────────────────────────────────────────────────────────────────────────────────────────────────────  │
│  Outputs:                                                                                                                                                           │
│    genomad/GCA_034553855.1_ASM3455385v1_genomic_summary                                                                                                             │
│    ├── GCA_034553855.1_ASM3455385v1_genomic_summary.json (execution parameters)                                                                                     │
│    ├── GCA_034553855.1_ASM3455385v1_genomic_virus_summary.tsv (virus classification summary)                                                                        │
│    ├── GCA_034553855.1_ASM3455385v1_genomic_plasmid_summary.tsv (plasmid classification summary)                                                                    │
│    ├── GCA_034553855.1_ASM3455385v1_genomic_virus.fna (virus nucleotide FASTA file)                                                                                 │
│    ├── GCA_034553855.1_ASM3455385v1_genomic_plasmid.fna (plasmid nucleotide FASTA file)                                                                             │
│    ├── GCA_034553855.1_ASM3455385v1_genomic_virus_proteins.faa (virus protein FASTA file)                                                                           │
│    ├── GCA_034553855.1_ASM3455385v1_genomic_plasmid_proteins.faa (plasmid protein FASTA file)                                                                       │
│    ├── GCA_034553855.1_ASM3455385v1_genomic_virus_genes.tsv (virus gene annotation data)                                                                            │
│    └── GCA_034553855.1_ASM3455385v1_genomic_plasmid_genes.tsv (plasmid gene annotation data)                                                                        │
╰─────────────────────────────────────────────────────────────────────────────────────────────────────────────────────────────────────────────────────────────────────╯
[13:42:27] Executing genomad summary.                                                                                                                                  
[13:42:27] Creating the genomad/GCA_034553855.1_ASM3455385v1_genomic_summary directory.                                                                                
[13:42:27] Using scores from aggregated-classification.                                                                                                                
[13:42:27] 12 plasmid(s) and 2 virus(es) were identified.                                                                                                              
[13:42:27] Nucleotide sequences were written to GCA_034553855.1_ASM3455385v1_genomic_plasmid.fna and GCA_034553855.1_ASM3455385v1_genomic_virus.fna.                   
[13:42:27] Protein sequences were written to GCA_034553855.1_ASM3455385v1_genomic_plasmid_proteins.faa and GCA_034553855.1_ASM3455385v1_genomic_virus_proteins.faa.    
[13:42:27] Gene annotation data was written to GCA_034553855.1_ASM3455385v1_genomic_plasmid_genes.tsv and GCA_034553855.1_ASM3455385v1_genomic_virus_genes.tsv.        
[13:42:27] Summary files were written to GCA_034553855.1_ASM3455385v1_genomic_plasmid_summary.tsv and GCA_034553855.1_ASM3455385v1_genomic_virus_summary.tsv.          
[13:42:27] geNomad summary finished!                                                                                                                                   
