╭─────────────────────────────────────────────────────────────────────────────────────────────────────────────────────────────────────────────────────────────────────╮
│  Executing geNomad marker-classification (v1.11.1). This will classify the input sequences into chromosome, plasmid, or virus based on the presence of geNomad      │
│  markers and other gene-related features.                                                                                                                           │
│  ─────────────────────────────────────────────────────────────────────────────────────────────────────────────────────────────────────────────────────────────────  │
│  Outputs:                                                                                                                                                           │
│    genomad/GCA_035023265.1_ASM3502326v1_genomic_marker_classification                                                                                               │
│    ├── GCA_035023265.1_ASM3502326v1_genomic_marker_classification.json (execution parameters)                                                                       │
│    ├── GCA_035023265.1_ASM3502326v1_genomic_features.tsv (sequence feature data: tabular format)                                                                    │
│    ├── GCA_035023265.1_ASM3502326v1_genomic_features.npz (sequence feature data: binary format)                                                                     │
│    ├── GCA_035023265.1_ASM3502326v1_genomic_marker_classification.tsv (sequence classification: tabular format)                                                     │
│    └── GCA_035023265.1_ASM3502326v1_genomic_marker_classification.npz (sequence classification: binary format)                                                      │
╰─────────────────────────────────────────────────────────────────────────────────────────────────────────────────────────────────────────────────────────────────────╯
[14:19:16] Executing genomad marker-classification.                                                                                                                    
[14:19:16] Creating the genomad/GCA_035023265.1_ASM3502326v1_genomic_marker_classification directory.                                                                  
[14:19:17] Sequence features computed.                                                                                                                                 
[14:19:17] Sequence features in binary format written to GCA_035023265.1_ASM3502326v1_genomic_features.npz.                                                            
[14:19:17] Sequence features in tabular format written to GCA_035023265.1_ASM3502326v1_genomic_features.tsv.                                                           
[14:19:17] Sequences classified.                                                                                                                                       
[14:19:17] Sequence classification in binary format written to GCA_035023265.1_ASM3502326v1_genomic_marker_classification.npz.                                         
[14:19:17] Sequence classification in tabular format written to GCA_035023265.1_ASM3502326v1_genomic_marker_classification.tsv.                                        
[14:19:17] geNomad marker-classification finished!                                                                                                                     
