╭─────────────────────────────────────────────────────────────────────────────────────────────────────────────────────────────────────────────────────────────────────╮
│  Executing geNomad nn-classification (v1.11.1). This will classify the input sequences into chromosome, plasmid, or virus based on the nucleotide sequence.         │
│  ─────────────────────────────────────────────────────────────────────────────────────────────────────────────────────────────────────────────────────────────────  │
│  Outputs:                                                                                                                                                           │
│    genomad/GCA_035058795.1_ASM3505879v1_genomic_nn_classification                                                                                                   │
│    ├── GCA_035058795.1_ASM3505879v1_genomic_nn_classification.json (execution parameters)                                                                           │
│    ├── GCA_035058795.1_ASM3505879v1_genomic_encoded_sequences (directory containing encoded sequence data)                                                          │
│    ├── GCA_035058795.1_ASM3505879v1_genomic_nn_classification.tsv (contig classification: tabular format)                                                           │
│    ├── GCA_035058795.1_ASM3505879v1_genomic_nn_classification.npz (contig classification: binary format)                                                            │
│    ├── GCA_035058795.1_ASM3505879v1_genomic_encoded_proviruses (directory containing encoded sequence data)                                                         │
│    ├── GCA_035058795.1_ASM3505879v1_genomic_provirus_nn_classification.tsv (provirus classification: tabular format)                                                │
│    └── GCA_035058795.1_ASM3505879v1_genomic_provirus_nn_classification.npz (provirus classification: binary format)                                                 │
╰─────────────────────────────────────────────────────────────────────────────────────────────────────────────────────────────────────────────────────────────────────╯
[18:03:54] Executing genomad nn-classification.                                                                                                                        
[18:03:54] Creating the genomad/GCA_035058795.1_ASM3505879v1_genomic_nn_classification directory.                                                                      
[18:03:54] Creating the genomad/GCA_035058795.1_ASM3505879v1_genomic_nn_classification/GCA_035058795.1_ASM3505879v1_genomic_encoded_sequences directory.               
[18:03:55] Encoded sequence data written to GCA_035058795.1_ASM3505879v1_genomic_encoded_sequences.                                                                    
[18:03:55] Creating the genomad/GCA_035058795.1_ASM3505879v1_genomic_nn_classification/GCA_035058795.1_ASM3505879v1_genomic_encoded_proviruses directory.              
[18:03:55] Encoded provirus data written to GCA_035058795.1_ASM3505879v1_genomic_encoded_proviruses.                                                                   
[18:04:02] Sequences classified.                                                                                                                                       
[18:04:02] Sequence classification in binary format written to GCA_035058795.1_ASM3505879v1_genomic_nn_classification.npz.                                             
[18:04:02] Deleting encoded sequence data.                                                                                                                             
[18:04:02] Sequence classification in tabular format written to GCA_035058795.1_ASM3505879v1_genomic_nn_classification.tsv.                                            
[18:04:05] Proviruses classified.                                                                                                                                      
[18:04:05] Provirus classification in binary format written to GCA_035058795.1_ASM3505879v1_genomic_provirus_nn_classification.npz.                                    
[18:04:05] Deleting encoded provirus data.                                                                                                                             
[18:04:05] Provirus classification in tabular format written to GCA_035058795.1_ASM3505879v1_genomic_provirus_nn_classification.tsv.                                   
[18:04:05] geNomad nn-classification finished!                                                                                                                         
