╭─────────────────────────────────────────────────────────────────────────────────────────────────────────────────────────────────────────────────────────────────────╮
│  Executing geNomad marker-classification (v1.11.1). This will classify the input sequences into chromosome, plasmid, or virus based on the presence of geNomad      │
│  markers and other gene-related features.                                                                                                                           │
│  ─────────────────────────────────────────────────────────────────────────────────────────────────────────────────────────────────────────────────────────────────  │
│  Outputs:                                                                                                                                                           │
│    genomad/GCA_035025285.1_ASM3502528v1_genomic_marker_classification                                                                                               │
│    ├── GCA_035025285.1_ASM3502528v1_genomic_marker_classification.json (execution parameters)                                                                       │
│    ├── GCA_035025285.1_ASM3502528v1_genomic_features.tsv (sequence feature data: tabular format)                                                                    │
│    ├── GCA_035025285.1_ASM3502528v1_genomic_features.npz (sequence feature data: binary format)                                                                     │
│    ├── GCA_035025285.1_ASM3502528v1_genomic_marker_classification.tsv (sequence classification: tabular format)                                                     │
│    └── GCA_035025285.1_ASM3502528v1_genomic_marker_classification.npz (sequence classification: binary format)                                                      │
╰─────────────────────────────────────────────────────────────────────────────────────────────────────────────────────────────────────────────────────────────────────╯
[15:14:34] Executing genomad marker-classification.                                                                                                                    
[15:14:34] Creating the genomad/GCA_035025285.1_ASM3502528v1_genomic_marker_classification directory.                                                                  
[15:14:34] Sequence features computed.                                                                                                                                 
[15:14:34] Sequence features in binary format written to GCA_035025285.1_ASM3502528v1_genomic_features.npz.                                                            
[15:14:34] Sequence features in tabular format written to GCA_035025285.1_ASM3502528v1_genomic_features.tsv.                                                           
[15:14:34] Sequences classified.                                                                                                                                       
[15:14:35] Sequence classification in binary format written to GCA_035025285.1_ASM3502528v1_genomic_marker_classification.npz.                                         
[15:14:35] Sequence classification in tabular format written to GCA_035025285.1_ASM3502528v1_genomic_marker_classification.tsv.                                        
[15:14:35] geNomad marker-classification finished!                                                                                                                     
