╭─────────────────────────────────────────────────────────────────────────────────────────────────────────────────────────────────────────────────────────────────────╮
│  Executing geNomad summary (v1.11.1). This will summarize the results across modules into a classification report.                                                  │
│  ─────────────────────────────────────────────────────────────────────────────────────────────────────────────────────────────────────────────────────────────────  │
│  Outputs:                                                                                                                                                           │
│    genomad/GCA_035060835.1_ASM3506083v1_genomic_summary                                                                                                             │
│    ├── GCA_035060835.1_ASM3506083v1_genomic_summary.json (execution parameters)                                                                                     │
│    ├── GCA_035060835.1_ASM3506083v1_genomic_virus_summary.tsv (virus classification summary)                                                                        │
│    ├── GCA_035060835.1_ASM3506083v1_genomic_plasmid_summary.tsv (plasmid classification summary)                                                                    │
│    ├── GCA_035060835.1_ASM3506083v1_genomic_virus.fna (virus nucleotide FASTA file)                                                                                 │
│    ├── GCA_035060835.1_ASM3506083v1_genomic_plasmid.fna (plasmid nucleotide FASTA file)                                                                             │
│    ├── GCA_035060835.1_ASM3506083v1_genomic_virus_proteins.faa (virus protein FASTA file)                                                                           │
│    ├── GCA_035060835.1_ASM3506083v1_genomic_plasmid_proteins.faa (plasmid protein FASTA file)                                                                       │
│    ├── GCA_035060835.1_ASM3506083v1_genomic_virus_genes.tsv (virus gene annotation data)                                                                            │
│    └── GCA_035060835.1_ASM3506083v1_genomic_plasmid_genes.tsv (plasmid gene annotation data)                                                                        │
╰─────────────────────────────────────────────────────────────────────────────────────────────────────────────────────────────────────────────────────────────────────╯
[19:35:38] Executing genomad summary.                                                                                                                                  
[19:35:38] Creating the genomad/GCA_035060835.1_ASM3506083v1_genomic_summary directory.                                                                                
[19:35:38] Using scores from aggregated-classification.                                                                                                                
[19:35:38] 19 plasmid(s) and 1 virus(es) were identified.                                                                                                              
[19:35:38] Nucleotide sequences were written to GCA_035060835.1_ASM3506083v1_genomic_plasmid.fna and GCA_035060835.1_ASM3506083v1_genomic_virus.fna.                   
[19:35:38] Protein sequences were written to GCA_035060835.1_ASM3506083v1_genomic_plasmid_proteins.faa and GCA_035060835.1_ASM3506083v1_genomic_virus_proteins.faa.    
[19:35:38] Gene annotation data was written to GCA_035060835.1_ASM3506083v1_genomic_plasmid_genes.tsv and GCA_035060835.1_ASM3506083v1_genomic_virus_genes.tsv.        
[19:35:38] Summary files were written to GCA_035060835.1_ASM3506083v1_genomic_plasmid_summary.tsv and GCA_035060835.1_ASM3506083v1_genomic_virus_summary.tsv.          
[19:35:38] geNomad summary finished!                                                                                                                                   
