╭──────────────────────────────────────────────────────────────────────────────────────────────────────────────────────────────────────────────────────────╮
│  Executing geNomad annotate (v1.11.1). This will perform gene calling in the input sequences and annotate the predicted proteins with geNomad's          │
│  markers.                                                                                                                                                │
│  ──────────────────────────────────────────────────────────────────────────────────────────────────────────────────────────────────────────────────────  │
│  Outputs:                                                                                                                                                │
│    genomad/GCA_040194355.1_ASM4019435v1_genomic_annotate                                                                                                 │
│    ├── GCA_040194355.1_ASM4019435v1_genomic_annotate.json (execution parameters)                                                                         │
│    ├── GCA_040194355.1_ASM4019435v1_genomic_genes.tsv (gene annotation data)                                                                             │
│    ├── GCA_040194355.1_ASM4019435v1_genomic_taxonomy.tsv (taxonomic assignment)                                                                          │
│    ├── GCA_040194355.1_ASM4019435v1_genomic_mmseqs2.tsv (MMseqs2 output file)                                                                            │
│    └── GCA_040194355.1_ASM4019435v1_genomic_proteins.faa (protein FASTA file)                                                                            │
╰──────────────────────────────────────────────────────────────────────────────────────────────────────────────────────────────────────────────────────────╯
[20:43:38] Executing genomad annotate.                                                                                                                      
[20:43:38] Creating the genomad/GCA_040194355.1_ASM4019435v1_genomic_annotate directory.                                                                    
[20:43:41] Proteins predicted with pyrodigal-gv were written to GCA_040194355.1_ASM4019435v1_genomic_proteins.faa.                                          
[20:44:39] Proteins annotated with MMseqs2 and geNomad database (v1.9) were written to GCA_040194355.1_ASM4019435v1_genomic_mmseqs2.tsv.                    
[20:44:39] Deleting GCA_040194355.1_ASM4019435v1_genomic_mmseqs2.                                                                                           
[20:44:40] Gene data was written to GCA_040194355.1_ASM4019435v1_genomic_genes.tsv.                                                                         
[20:44:40] Taxonomic assignment data was written to GCA_040194355.1_ASM4019435v1_genomic_taxonomy.tsv.                                                      
[20:44:40] geNomad annotate finished!                                                                                                                       
