╭─────────────────────────────────────────────────────────────────────────────────────────────────────────────────────────────────────────────────────────────────────╮
│  Executing geNomad find-proviruses (v1.11.1). This will find putative proviral regions within the input sequences.                                                  │
│  ─────────────────────────────────────────────────────────────────────────────────────────────────────────────────────────────────────────────────────────────────  │
│  Outputs:                                                                                                                                                           │
│    genomad/GCA_035025805.1_ASM3502580v1_genomic_find_proviruses                                                                                                     │
│    ├── GCA_035025805.1_ASM3502580v1_genomic_find_proviruses.json (execution parameters)                                                                             │
│    ├── GCA_035025805.1_ASM3502580v1_genomic_provirus.tsv (provirus data)                                                                                            │
│    ├── GCA_035025805.1_ASM3502580v1_genomic_provirus.fna (provirus nucleotide sequences)                                                                            │
│    ├── GCA_035025805.1_ASM3502580v1_genomic_provirus_proteins.faa (provirus protein sequences)                                                                      │
│    ├── GCA_035025805.1_ASM3502580v1_genomic_provirus_genes.tsv (provirus gene annotation data)                                                                      │
│    ├── GCA_035025805.1_ASM3502580v1_genomic_provirus_taxonomy.tsv (provirus taxonomic assignment)                                                                   │
│    ├── GCA_035025805.1_ASM3502580v1_genomic_provirus_mmseqs2.tsv (MMseqs2 output file)                                                                              │
│    └── GCA_035025805.1_ASM3502580v1_genomic_provirus_aragorn.tsv (Aragorn output file)                                                                              │
╰─────────────────────────────────────────────────────────────────────────────────────────────────────────────────────────────────────────────────────────────────────╯
[15:50:44] Executing genomad find-proviruses.                                                                                                                          
[15:50:44] Creating the genomad/GCA_035025805.1_ASM3502580v1_genomic_find_proviruses directory.                                                                        
[15:50:46] Integrases identified with MMseqs2 and geNomad database (v1.9) were written to GCA_035025805.1_ASM3502580v1_genomic_provirus_mmseqs2.tsv.                   
[15:50:46] Deleting GCA_035025805.1_ASM3502580v1_genomic_provirus_mmseqs2.                                                                                             
[15:50:46] Deleting GCA_035025805.1_ASM3502580v1_genomic_provirus_mmseqs2_input.faa.                                                                                   
[15:50:47] tRNAs identified with Aragorn were written to GCA_035025805.1_ASM3502580v1_genomic_provirus_aragorn.tsv.                                                    
[15:50:47] Deleting GCA_035025805.1_ASM3502580v1_genomic_provirus_aragorn_input.fna.                                                                                   
[15:50:48] Provirus regions identified.                                                                                                                                
[15:50:48] Provirus data was written to GCA_035025805.1_ASM3502580v1_genomic_provirus.tsv.                                                                             
[15:50:48] Provirus nucleotide sequences were written to GCA_035025805.1_ASM3502580v1_genomic_provirus.fna.                                                            
[15:50:48] Provirus protein sequences were written to GCA_035025805.1_ASM3502580v1_genomic_provirus_proteins.faa.                                                      
[15:50:48] Provirus gene data was written to GCA_035025805.1_ASM3502580v1_genomic_provirus_genes.tsv.                                                                  
[15:50:48] Taxonomic assignment data was written to GCA_035025805.1_ASM3502580v1_genomic_provirus_taxonomy.tsv.                                                        
[15:50:48] geNomad find-proviruses finished!                                                                                                                           
