╭─────────────────────────────────────────────────────────────────────────────────────────────────────────────────────────────────────────────────────────────────────╮
│  Executing geNomad summary (v1.11.1). This will summarize the results across modules into a classification report.                                                  │
│  ─────────────────────────────────────────────────────────────────────────────────────────────────────────────────────────────────────────────────────────────────  │
│  Outputs:                                                                                                                                                           │
│    genomad/GCA_035025245.1_ASM3502524v1_genomic_summary                                                                                                             │
│    ├── GCA_035025245.1_ASM3502524v1_genomic_summary.json (execution parameters)                                                                                     │
│    ├── GCA_035025245.1_ASM3502524v1_genomic_virus_summary.tsv (virus classification summary)                                                                        │
│    ├── GCA_035025245.1_ASM3502524v1_genomic_plasmid_summary.tsv (plasmid classification summary)                                                                    │
│    ├── GCA_035025245.1_ASM3502524v1_genomic_virus.fna (virus nucleotide FASTA file)                                                                                 │
│    ├── GCA_035025245.1_ASM3502524v1_genomic_plasmid.fna (plasmid nucleotide FASTA file)                                                                             │
│    ├── GCA_035025245.1_ASM3502524v1_genomic_virus_proteins.faa (virus protein FASTA file)                                                                           │
│    ├── GCA_035025245.1_ASM3502524v1_genomic_plasmid_proteins.faa (plasmid protein FASTA file)                                                                       │
│    ├── GCA_035025245.1_ASM3502524v1_genomic_virus_genes.tsv (virus gene annotation data)                                                                            │
│    └── GCA_035025245.1_ASM3502524v1_genomic_plasmid_genes.tsv (plasmid gene annotation data)                                                                        │
╰─────────────────────────────────────────────────────────────────────────────────────────────────────────────────────────────────────────────────────────────────────╯
[15:11:33] Executing genomad summary.                                                                                                                                  
[15:11:33] Creating the genomad/GCA_035025245.1_ASM3502524v1_genomic_summary directory.                                                                                
[15:11:33] Using scores from aggregated-classification.                                                                                                                
[15:11:33] 11 plasmid(s) and 1 virus(es) were identified.                                                                                                              
[15:11:33] Nucleotide sequences were written to GCA_035025245.1_ASM3502524v1_genomic_plasmid.fna and GCA_035025245.1_ASM3502524v1_genomic_virus.fna.                   
[15:11:33] Protein sequences were written to GCA_035025245.1_ASM3502524v1_genomic_plasmid_proteins.faa and GCA_035025245.1_ASM3502524v1_genomic_virus_proteins.faa.    
[15:11:33] Gene annotation data was written to GCA_035025245.1_ASM3502524v1_genomic_plasmid_genes.tsv and GCA_035025245.1_ASM3502524v1_genomic_virus_genes.tsv.        
[15:11:33] Summary files were written to GCA_035025245.1_ASM3502524v1_genomic_plasmid_summary.tsv and GCA_035025245.1_ASM3502524v1_genomic_virus_summary.tsv.          
[15:11:33] geNomad summary finished!                                                                                                                                   
