╭─────────────────────────────────────────────────────────────────────────────────────────────────────────────────────────────────────────────────────────────────────╮
│  Executing geNomad marker-classification (v1.11.1). This will classify the input sequences into chromosome, plasmid, or virus based on the presence of geNomad      │
│  markers and other gene-related features.                                                                                                                           │
│  ─────────────────────────────────────────────────────────────────────────────────────────────────────────────────────────────────────────────────────────────────  │
│  Outputs:                                                                                                                                                           │
│    genomad/GCA_035060555.1_ASM3506055v1_genomic_marker_classification                                                                                               │
│    ├── GCA_035060555.1_ASM3506055v1_genomic_marker_classification.json (execution parameters)                                                                       │
│    ├── GCA_035060555.1_ASM3506055v1_genomic_features.tsv (sequence feature data: tabular format)                                                                    │
│    ├── GCA_035060555.1_ASM3506055v1_genomic_features.npz (sequence feature data: binary format)                                                                     │
│    ├── GCA_035060555.1_ASM3506055v1_genomic_marker_classification.tsv (sequence classification: tabular format)                                                     │
│    └── GCA_035060555.1_ASM3506055v1_genomic_marker_classification.npz (sequence classification: binary format)                                                      │
╰─────────────────────────────────────────────────────────────────────────────────────────────────────────────────────────────────────────────────────────────────────╯
[19:17:15] Executing genomad marker-classification.                                                                                                                    
[19:17:15] Creating the genomad/GCA_035060555.1_ASM3506055v1_genomic_marker_classification directory.                                                                  
[19:17:15] Sequence features computed.                                                                                                                                 
[19:17:15] Sequence features in binary format written to GCA_035060555.1_ASM3506055v1_genomic_features.npz.                                                            
[19:17:15] Sequence features in tabular format written to GCA_035060555.1_ASM3506055v1_genomic_features.tsv.                                                           
[19:17:15] Sequences classified.                                                                                                                                       
[19:17:15] Sequence classification in binary format written to GCA_035060555.1_ASM3506055v1_genomic_marker_classification.npz.                                         
[19:17:15] Sequence classification in tabular format written to GCA_035060555.1_ASM3506055v1_genomic_marker_classification.tsv.                                        
[19:17:15] geNomad marker-classification finished!                                                                                                                     
