╭─────────────────────────────────────────────────────────────────────────────────────────────────────────────────────────────────────────────────────────────────────╮
│  Executing geNomad aggregated-classification (v1.11.1). This will aggregate the results of the marker-classification and nn-classification modules to classify the  │
│  input sequences into chromosome, plasmid, or virus.                                                                                                                │
│  ─────────────────────────────────────────────────────────────────────────────────────────────────────────────────────────────────────────────────────────────────  │
│  Outputs:                                                                                                                                                           │
│    genomad/GCA_034553815.1_ASM3455381v1_genomic_aggregated_classification                                                                                           │
│    ├── GCA_034553815.1_ASM3455381v1_genomic_aggregated_classification.json (execution parameters)                                                                   │
│    ├── GCA_034553815.1_ASM3455381v1_genomic_aggregated_classification.tsv (sequence classification: tabular format)                                                 │
│    ├── GCA_034553815.1_ASM3455381v1_genomic_aggregated_classification.npz (sequence classification: binary format)                                                  │
│    ├── GCA_034553815.1_ASM3455381v1_genomic_provirus_aggregated_classification.tsv (provirus classification: tabular format)                                        │
│    └── GCA_034553815.1_ASM3455381v1_genomic_provirus_aggregated_classification.npz (provirus classification: binary format)                                         │
╰─────────────────────────────────────────────────────────────────────────────────────────────────────────────────────────────────────────────────────────────────────╯
[13:39:40] Executing genomad aggregated-classification.                                                                                                                
[13:39:40] Creating the genomad/GCA_034553815.1_ASM3455381v1_genomic_aggregated_classification directory.                                                              
[13:39:40] The total marker frequencies of the input sequences were computed.                                                                                          
[13:39:40] Sequences classified.                                                                                                                                       
[13:39:40] Sequence classification in binary format written to GCA_034553815.1_ASM3455381v1_genomic_aggregated_classification.npz.                                     
[13:39:40] Sequence classification in tabular format written to GCA_034553815.1_ASM3455381v1_genomic_aggregated_classification.tsv.                                    
[13:39:40] Proviruses classified.                                                                                                                                      
[13:39:40] Provirus classification in binary format written to GCA_034553815.1_ASM3455381v1_genomic_provirus_aggregated_classification.npz.                            
[13:39:40] Provirus classification in tabular format written to GCA_034553815.1_ASM3455381v1_genomic_provirus_aggregated_classification.tsv.                           
[13:39:40] geNomad aggregated-classification finished!                                                                                                                 
