╭──────────────────────────────────────────────────────────────────────────────────────────────────────────────────────────────────────────────────────────╮
│  Executing geNomad find-proviruses (v1.11.1). This will find putative proviral regions within the input sequences.                                       │
│  ──────────────────────────────────────────────────────────────────────────────────────────────────────────────────────────────────────────────────────  │
│  Outputs:                                                                                                                                                │
│    genomad/GCA_041889105.1_ASM4188910v1_genomic_find_proviruses                                                                                          │
│    ├── GCA_041889105.1_ASM4188910v1_genomic_find_proviruses.json (execution parameters)                                                                  │
│    ├── GCA_041889105.1_ASM4188910v1_genomic_provirus.tsv (provirus data)                                                                                 │
│    ├── GCA_041889105.1_ASM4188910v1_genomic_provirus.fna (provirus nucleotide sequences)                                                                 │
│    ├── GCA_041889105.1_ASM4188910v1_genomic_provirus_proteins.faa (provirus protein sequences)                                                           │
│    ├── GCA_041889105.1_ASM4188910v1_genomic_provirus_genes.tsv (provirus gene annotation data)                                                           │
│    ├── GCA_041889105.1_ASM4188910v1_genomic_provirus_taxonomy.tsv (provirus taxonomic assignment)                                                        │
│    ├── GCA_041889105.1_ASM4188910v1_genomic_provirus_mmseqs2.tsv (MMseqs2 output file)                                                                   │
│    └── GCA_041889105.1_ASM4188910v1_genomic_provirus_aragorn.tsv (Aragorn output file)                                                                   │
╰──────────────────────────────────────────────────────────────────────────────────────────────────────────────────────────────────────────────────────────╯
[20:46:18] Executing genomad find-proviruses.                                                                                                               
[20:46:18] Creating the genomad/GCA_041889105.1_ASM4188910v1_genomic_find_proviruses directory.                                                             
[20:46:22] Integrases identified with MMseqs2 and geNomad database (v1.9) were written to GCA_041889105.1_ASM4188910v1_genomic_provirus_mmseqs2.tsv.        
[20:46:22] Deleting GCA_041889105.1_ASM4188910v1_genomic_provirus_mmseqs2.                                                                                  
[20:46:22] Deleting GCA_041889105.1_ASM4188910v1_genomic_provirus_mmseqs2_input.faa.                                                                        
[20:46:39] tRNAs identified with Aragorn were written to GCA_041889105.1_ASM4188910v1_genomic_provirus_aragorn.tsv.                                         
[20:46:39] Deleting GCA_041889105.1_ASM4188910v1_genomic_provirus_aragorn_input.fna.                                                                        
[20:46:40] Provirus regions identified.                                                                                                                     
[20:46:40] Provirus data was written to GCA_041889105.1_ASM4188910v1_genomic_provirus.tsv.                                                                  
[20:46:40] Provirus nucleotide sequences were written to GCA_041889105.1_ASM4188910v1_genomic_provirus.fna.                                                 
[20:46:40] Provirus protein sequences were written to GCA_041889105.1_ASM4188910v1_genomic_provirus_proteins.faa.                                           
[20:46:40] Provirus gene data was written to GCA_041889105.1_ASM4188910v1_genomic_provirus_genes.tsv.                                                       
[20:46:40] Taxonomic assignment data was written to GCA_041889105.1_ASM4188910v1_genomic_provirus_taxonomy.tsv.                                             
[20:46:40] geNomad find-proviruses finished!                                                                                                                
