╭─────────────────────────────────────────────────────────────────────────────────────────────────────────────────────────────────────────────────────────────────────╮
│  Executing geNomad nn-classification (v1.11.1). This will classify the input sequences into chromosome, plasmid, or virus based on the nucleotide sequence.         │
│  ─────────────────────────────────────────────────────────────────────────────────────────────────────────────────────────────────────────────────────────────────  │
│  Outputs:                                                                                                                                                           │
│    genomad/GCA_034554195.1_ASM3455419v1_genomic_nn_classification                                                                                                   │
│    ├── GCA_034554195.1_ASM3455419v1_genomic_nn_classification.json (execution parameters)                                                                           │
│    ├── GCA_034554195.1_ASM3455419v1_genomic_encoded_sequences (directory containing encoded sequence data)                                                          │
│    ├── GCA_034554195.1_ASM3455419v1_genomic_nn_classification.tsv (contig classification: tabular format)                                                           │
│    ├── GCA_034554195.1_ASM3455419v1_genomic_nn_classification.npz (contig classification: binary format)                                                            │
│    ├── GCA_034554195.1_ASM3455419v1_genomic_encoded_proviruses (directory containing encoded sequence data)                                                         │
│    ├── GCA_034554195.1_ASM3455419v1_genomic_provirus_nn_classification.tsv (provirus classification: tabular format)                                                │
│    └── GCA_034554195.1_ASM3455419v1_genomic_provirus_nn_classification.npz (provirus classification: binary format)                                                 │
╰─────────────────────────────────────────────────────────────────────────────────────────────────────────────────────────────────────────────────────────────────────╯
[14:02:47] Executing genomad nn-classification.                                                                                                                        
[14:02:47] Creating the genomad/GCA_034554195.1_ASM3455419v1_genomic_nn_classification directory.                                                                      
[14:02:47] Creating the genomad/GCA_034554195.1_ASM3455419v1_genomic_nn_classification/GCA_034554195.1_ASM3455419v1_genomic_encoded_sequences directory.               
[14:02:48] Encoded sequence data written to GCA_034554195.1_ASM3455419v1_genomic_encoded_sequences.                                                                    
[14:02:48] Creating the genomad/GCA_034554195.1_ASM3455419v1_genomic_nn_classification/GCA_034554195.1_ASM3455419v1_genomic_encoded_proviruses directory.              
[14:02:48] Encoded provirus data written to GCA_034554195.1_ASM3455419v1_genomic_encoded_proviruses.                                                                   
[14:02:55] Sequences classified.                                                                                                                                       
[14:02:55] Sequence classification in binary format written to GCA_034554195.1_ASM3455419v1_genomic_nn_classification.npz.                                             
[14:02:55] Deleting encoded sequence data.                                                                                                                             
[14:02:55] Sequence classification in tabular format written to GCA_034554195.1_ASM3455419v1_genomic_nn_classification.tsv.                                            
[14:02:57] Proviruses classified.                                                                                                                                      
[14:02:57] Provirus classification in binary format written to GCA_034554195.1_ASM3455419v1_genomic_provirus_nn_classification.npz.                                    
[14:02:57] Deleting encoded provirus data.                                                                                                                             
[14:02:57] Provirus classification in tabular format written to GCA_034554195.1_ASM3455419v1_genomic_provirus_nn_classification.tsv.                                   
[14:02:57] geNomad nn-classification finished!                                                                                                                         
