╭─────────────────────────────────────────────────────────────────────────────────────────────────────────────────────────────────────────────────────────────────────╮
│  Executing geNomad find-proviruses (v1.11.1). This will find putative proviral regions within the input sequences.                                                  │
│  ─────────────────────────────────────────────────────────────────────────────────────────────────────────────────────────────────────────────────────────────────  │
│  Outputs:                                                                                                                                                           │
│    genomad/GCA_035059995.1_ASM3505999v1_genomic_find_proviruses                                                                                                     │
│    ├── GCA_035059995.1_ASM3505999v1_genomic_find_proviruses.json (execution parameters)                                                                             │
│    ├── GCA_035059995.1_ASM3505999v1_genomic_provirus.tsv (provirus data)                                                                                            │
│    ├── GCA_035059995.1_ASM3505999v1_genomic_provirus.fna (provirus nucleotide sequences)                                                                            │
│    ├── GCA_035059995.1_ASM3505999v1_genomic_provirus_proteins.faa (provirus protein sequences)                                                                      │
│    ├── GCA_035059995.1_ASM3505999v1_genomic_provirus_genes.tsv (provirus gene annotation data)                                                                      │
│    ├── GCA_035059995.1_ASM3505999v1_genomic_provirus_taxonomy.tsv (provirus taxonomic assignment)                                                                   │
│    ├── GCA_035059995.1_ASM3505999v1_genomic_provirus_mmseqs2.tsv (MMseqs2 output file)                                                                              │
│    └── GCA_035059995.1_ASM3505999v1_genomic_provirus_aragorn.tsv (Aragorn output file)                                                                              │
╰─────────────────────────────────────────────────────────────────────────────────────────────────────────────────────────────────────────────────────────────────────╯
[18:59:06] Executing genomad find-proviruses.                                                                                                                          
[18:59:06] Creating the genomad/GCA_035059995.1_ASM3505999v1_genomic_find_proviruses directory.                                                                        
[18:59:09] Integrases identified with MMseqs2 and geNomad database (v1.9) were written to GCA_035059995.1_ASM3505999v1_genomic_provirus_mmseqs2.tsv.                   
[18:59:09] Deleting GCA_035059995.1_ASM3505999v1_genomic_provirus_mmseqs2.                                                                                             
[18:59:09] Deleting GCA_035059995.1_ASM3505999v1_genomic_provirus_mmseqs2_input.faa.                                                                                   
[18:59:09] tRNAs identified with Aragorn were written to GCA_035059995.1_ASM3505999v1_genomic_provirus_aragorn.tsv.                                                    
[18:59:09] Deleting GCA_035059995.1_ASM3505999v1_genomic_provirus_aragorn_input.fna.                                                                                   
[18:59:10] Provirus regions identified.                                                                                                                                
[18:59:10] Provirus data was written to GCA_035059995.1_ASM3505999v1_genomic_provirus.tsv.                                                                             
[18:59:10] Provirus nucleotide sequences were written to GCA_035059995.1_ASM3505999v1_genomic_provirus.fna.                                                            
[18:59:10] Provirus protein sequences were written to GCA_035059995.1_ASM3505999v1_genomic_provirus_proteins.faa.                                                      
[18:59:10] Provirus gene data was written to GCA_035059995.1_ASM3505999v1_genomic_provirus_genes.tsv.                                                                  
[18:59:10] Taxonomic assignment data was written to GCA_035059995.1_ASM3505999v1_genomic_provirus_taxonomy.tsv.                                                        
[18:59:10] geNomad find-proviruses finished!                                                                                                                           
