╭─────────────────────────────────────────────────────────────────────────────────────────────────────────────────────────────────────────────────────────────────────╮
│  Executing geNomad nn-classification (v1.11.1). This will classify the input sequences into chromosome, plasmid, or virus based on the nucleotide sequence.         │
│  ─────────────────────────────────────────────────────────────────────────────────────────────────────────────────────────────────────────────────────────────────  │
│  Outputs:                                                                                                                                                           │
│    genomad/GCA_035061235.1_ASM3506123v1_genomic_nn_classification                                                                                                   │
│    ├── GCA_035061235.1_ASM3506123v1_genomic_nn_classification.json (execution parameters)                                                                           │
│    ├── GCA_035061235.1_ASM3506123v1_genomic_encoded_sequences (directory containing encoded sequence data)                                                          │
│    ├── GCA_035061235.1_ASM3506123v1_genomic_nn_classification.tsv (contig classification: tabular format)                                                           │
│    ├── GCA_035061235.1_ASM3506123v1_genomic_nn_classification.npz (contig classification: binary format)                                                            │
│    ├── GCA_035061235.1_ASM3506123v1_genomic_encoded_proviruses (directory containing encoded sequence data)                                                         │
│    ├── GCA_035061235.1_ASM3506123v1_genomic_provirus_nn_classification.tsv (provirus classification: tabular format)                                                │
│    └── GCA_035061235.1_ASM3506123v1_genomic_provirus_nn_classification.npz (provirus classification: binary format)                                                 │
╰─────────────────────────────────────────────────────────────────────────────────────────────────────────────────────────────────────────────────────────────────────╯
[19:58:54] Executing genomad nn-classification.                                                                                                                        
[19:58:54] Creating the genomad/GCA_035061235.1_ASM3506123v1_genomic_nn_classification directory.                                                                      
[19:58:54] Creating the genomad/GCA_035061235.1_ASM3506123v1_genomic_nn_classification/GCA_035061235.1_ASM3506123v1_genomic_encoded_sequences directory.               
[19:58:55] Encoded sequence data written to GCA_035061235.1_ASM3506123v1_genomic_encoded_sequences.                                                                    
[19:58:55] Creating the genomad/GCA_035061235.1_ASM3506123v1_genomic_nn_classification/GCA_035061235.1_ASM3506123v1_genomic_encoded_proviruses directory.              
[19:58:55] Encoded provirus data written to GCA_035061235.1_ASM3506123v1_genomic_encoded_proviruses.                                                                   
[19:59:03] Sequences classified.                                                                                                                                       
[19:59:03] Sequence classification in binary format written to GCA_035061235.1_ASM3506123v1_genomic_nn_classification.npz.                                             
[19:59:03] Deleting encoded sequence data.                                                                                                                             
[19:59:03] Sequence classification in tabular format written to GCA_035061235.1_ASM3506123v1_genomic_nn_classification.tsv.                                            
[19:59:05] Proviruses classified.                                                                                                                                      
[19:59:05] Provirus classification in binary format written to GCA_035061235.1_ASM3506123v1_genomic_provirus_nn_classification.npz.                                    
[19:59:05] Deleting encoded provirus data.                                                                                                                             
[19:59:05] Provirus classification in tabular format written to GCA_035061235.1_ASM3506123v1_genomic_provirus_nn_classification.tsv.                                   
[19:59:05] geNomad nn-classification finished!                                                                                                                         
