╭──────────────────────────────────────────────────────────────────────────────────────────────────────────────────────────────────────────────────────────╮
│  Executing geNomad summary (v1.11.1). This will summarize the results across modules into a classification report.                                       │
│  ──────────────────────────────────────────────────────────────────────────────────────────────────────────────────────────────────────────────────────  │
│  Outputs:                                                                                                                                                │
│    genomad/GCA_040194335.2_ASM4019433v2_genomic_summary                                                                                                  │
│    ├── GCA_040194335.2_ASM4019433v2_genomic_summary.json (execution parameters)                                                                          │
│    ├── GCA_040194335.2_ASM4019433v2_genomic_virus_summary.tsv (virus classification summary)                                                             │
│    ├── GCA_040194335.2_ASM4019433v2_genomic_plasmid_summary.tsv (plasmid classification summary)                                                         │
│    ├── GCA_040194335.2_ASM4019433v2_genomic_virus.fna (virus nucleotide FASTA file)                                                                      │
│    ├── GCA_040194335.2_ASM4019433v2_genomic_plasmid.fna (plasmid nucleotide FASTA file)                                                                  │
│    ├── GCA_040194335.2_ASM4019433v2_genomic_virus_proteins.faa (virus protein FASTA file)                                                                │
│    ├── GCA_040194335.2_ASM4019433v2_genomic_plasmid_proteins.faa (plasmid protein FASTA file)                                                            │
│    ├── GCA_040194335.2_ASM4019433v2_genomic_virus_genes.tsv (virus gene annotation data)                                                                 │
│    └── GCA_040194335.2_ASM4019433v2_genomic_plasmid_genes.tsv (plasmid gene annotation data)                                                             │
╰──────────────────────────────────────────────────────────────────────────────────────────────────────────────────────────────────────────────────────────╯
[20:43:34] Executing genomad summary.                                                                                                                       
[20:43:34] Creating the genomad/GCA_040194335.2_ASM4019433v2_genomic_summary directory.                                                                     
[20:43:34] Using scores from aggregated-classification.                                                                                                     
[20:43:34] 0 plasmid(s) and 1 virus(es) were identified.                                                                                                    
[20:43:35] Nucleotide sequences were written to GCA_040194335.2_ASM4019433v2_genomic_plasmid.fna and GCA_040194335.2_ASM4019433v2_genomic_virus.fna.        
[20:43:35] Protein sequences were written to GCA_040194335.2_ASM4019433v2_genomic_plasmid_proteins.faa and                                                  
           GCA_040194335.2_ASM4019433v2_genomic_virus_proteins.faa.                                                                                         
[20:43:35] Gene annotation data was written to GCA_040194335.2_ASM4019433v2_genomic_plasmid_genes.tsv and                                                   
           GCA_040194335.2_ASM4019433v2_genomic_virus_genes.tsv.                                                                                            
[20:43:35] Summary files were written to GCA_040194335.2_ASM4019433v2_genomic_plasmid_summary.tsv and                                                       
           GCA_040194335.2_ASM4019433v2_genomic_virus_summary.tsv.                                                                                          
[20:43:35] geNomad summary finished!                                                                                                                        
