╭─────────────────────────────────────────────────────────────────────────────────────────────────────────────────────────────────────────────────────────────────────╮
│  Executing geNomad summary (v1.11.1). This will summarize the results across modules into a classification report.                                                  │
│  ─────────────────────────────────────────────────────────────────────────────────────────────────────────────────────────────────────────────────────────────────  │
│  Outputs:                                                                                                                                                           │
│    genomad/GCA_035059285.1_ASM3505928v1_genomic_summary                                                                                                             │
│    ├── GCA_035059285.1_ASM3505928v1_genomic_summary.json (execution parameters)                                                                                     │
│    ├── GCA_035059285.1_ASM3505928v1_genomic_virus_summary.tsv (virus classification summary)                                                                        │
│    ├── GCA_035059285.1_ASM3505928v1_genomic_plasmid_summary.tsv (plasmid classification summary)                                                                    │
│    ├── GCA_035059285.1_ASM3505928v1_genomic_virus.fna (virus nucleotide FASTA file)                                                                                 │
│    ├── GCA_035059285.1_ASM3505928v1_genomic_plasmid.fna (plasmid nucleotide FASTA file)                                                                             │
│    ├── GCA_035059285.1_ASM3505928v1_genomic_virus_proteins.faa (virus protein FASTA file)                                                                           │
│    ├── GCA_035059285.1_ASM3505928v1_genomic_plasmid_proteins.faa (plasmid protein FASTA file)                                                                       │
│    ├── GCA_035059285.1_ASM3505928v1_genomic_virus_genes.tsv (virus gene annotation data)                                                                            │
│    └── GCA_035059285.1_ASM3505928v1_genomic_plasmid_genes.tsv (plasmid gene annotation data)                                                                        │
╰─────────────────────────────────────────────────────────────────────────────────────────────────────────────────────────────────────────────────────────────────────╯
[18:18:38] Executing genomad summary.                                                                                                                                  
[18:18:38] Creating the genomad/GCA_035059285.1_ASM3505928v1_genomic_summary directory.                                                                                
[18:18:38] Using scores from aggregated-classification.                                                                                                                
[18:18:38] 16 plasmid(s) and 0 virus(es) were identified.                                                                                                              
[18:18:38] Nucleotide sequences were written to GCA_035059285.1_ASM3505928v1_genomic_plasmid.fna and GCA_035059285.1_ASM3505928v1_genomic_virus.fna.                   
[18:18:38] Protein sequences were written to GCA_035059285.1_ASM3505928v1_genomic_plasmid_proteins.faa and GCA_035059285.1_ASM3505928v1_genomic_virus_proteins.faa.    
[18:18:38] Gene annotation data was written to GCA_035059285.1_ASM3505928v1_genomic_plasmid_genes.tsv and GCA_035059285.1_ASM3505928v1_genomic_virus_genes.tsv.        
[18:18:38] Summary files were written to GCA_035059285.1_ASM3505928v1_genomic_plasmid_summary.tsv and GCA_035059285.1_ASM3505928v1_genomic_virus_summary.tsv.          
[18:18:38] geNomad summary finished!                                                                                                                                   
