╭─────────────────────────────────────────────────────────────────────────────────────────────────────────────────────────────────────────────────────────────────────╮
│  Executing geNomad aggregated-classification (v1.11.1). This will aggregate the results of the marker-classification and nn-classification modules to classify the  │
│  input sequences into chromosome, plasmid, or virus.                                                                                                                │
│  ─────────────────────────────────────────────────────────────────────────────────────────────────────────────────────────────────────────────────────────────────  │
│  Outputs:                                                                                                                                                           │
│    genomad/GCA_035058795.1_ASM3505879v1_genomic_aggregated_classification                                                                                           │
│    ├── GCA_035058795.1_ASM3505879v1_genomic_aggregated_classification.json (execution parameters)                                                                   │
│    ├── GCA_035058795.1_ASM3505879v1_genomic_aggregated_classification.tsv (sequence classification: tabular format)                                                 │
│    ├── GCA_035058795.1_ASM3505879v1_genomic_aggregated_classification.npz (sequence classification: binary format)                                                  │
│    ├── GCA_035058795.1_ASM3505879v1_genomic_provirus_aggregated_classification.tsv (provirus classification: tabular format)                                        │
│    └── GCA_035058795.1_ASM3505879v1_genomic_provirus_aggregated_classification.npz (provirus classification: binary format)                                         │
╰─────────────────────────────────────────────────────────────────────────────────────────────────────────────────────────────────────────────────────────────────────╯
[18:04:05] Executing genomad aggregated-classification.                                                                                                                
[18:04:05] Creating the genomad/GCA_035058795.1_ASM3505879v1_genomic_aggregated_classification directory.                                                              
[18:04:05] The total marker frequencies of the input sequences were computed.                                                                                          
[18:04:05] Sequences classified.                                                                                                                                       
[18:04:05] Sequence classification in binary format written to GCA_035058795.1_ASM3505879v1_genomic_aggregated_classification.npz.                                     
[18:04:05] Sequence classification in tabular format written to GCA_035058795.1_ASM3505879v1_genomic_aggregated_classification.tsv.                                    
[18:04:05] Proviruses classified.                                                                                                                                      
[18:04:05] Provirus classification in binary format written to GCA_035058795.1_ASM3505879v1_genomic_provirus_aggregated_classification.npz.                            
[18:04:05] Provirus classification in tabular format written to GCA_035058795.1_ASM3505879v1_genomic_provirus_aggregated_classification.tsv.                           
[18:04:05] geNomad aggregated-classification finished!                                                                                                                 
