╭─────────────────────────────────────────────────────────────────────────────────────────────────────────────────────────────────────────────────────────────────────╮
│  Executing geNomad find-proviruses (v1.11.1). This will find putative proviral regions within the input sequences.                                                  │
│  ─────────────────────────────────────────────────────────────────────────────────────────────────────────────────────────────────────────────────────────────────  │
│  Outputs:                                                                                                                                                           │
│    genomad/GCA_034554095.1_ASM3455409v1_genomic_find_proviruses                                                                                                     │
│    ├── GCA_034554095.1_ASM3455409v1_genomic_find_proviruses.json (execution parameters)                                                                             │
│    ├── GCA_034554095.1_ASM3455409v1_genomic_provirus.tsv (provirus data)                                                                                            │
│    ├── GCA_034554095.1_ASM3455409v1_genomic_provirus.fna (provirus nucleotide sequences)                                                                            │
│    ├── GCA_034554095.1_ASM3455409v1_genomic_provirus_proteins.faa (provirus protein sequences)                                                                      │
│    ├── GCA_034554095.1_ASM3455409v1_genomic_provirus_genes.tsv (provirus gene annotation data)                                                                      │
│    ├── GCA_034554095.1_ASM3455409v1_genomic_provirus_taxonomy.tsv (provirus taxonomic assignment)                                                                   │
│    ├── GCA_034554095.1_ASM3455409v1_genomic_provirus_mmseqs2.tsv (MMseqs2 output file)                                                                              │
│    └── GCA_034554095.1_ASM3455409v1_genomic_provirus_aragorn.tsv (Aragorn output file)                                                                              │
╰─────────────────────────────────────────────────────────────────────────────────────────────────────────────────────────────────────────────────────────────────────╯
[13:55:53] Executing genomad find-proviruses.                                                                                                                          
[13:55:53] Creating the genomad/GCA_034554095.1_ASM3455409v1_genomic_find_proviruses directory.                                                                        
[13:55:56] Integrases identified with MMseqs2 and geNomad database (v1.9) were written to GCA_034554095.1_ASM3455409v1_genomic_provirus_mmseqs2.tsv.                   
[13:55:56] Deleting GCA_034554095.1_ASM3455409v1_genomic_provirus_mmseqs2.                                                                                             
[13:55:56] Deleting GCA_034554095.1_ASM3455409v1_genomic_provirus_mmseqs2_input.faa.                                                                                   
[13:55:57] tRNAs identified with Aragorn were written to GCA_034554095.1_ASM3455409v1_genomic_provirus_aragorn.tsv.                                                    
[13:55:57] Deleting GCA_034554095.1_ASM3455409v1_genomic_provirus_aragorn_input.fna.                                                                                   
[13:55:58] Provirus regions identified.                                                                                                                                
[13:55:58] Provirus data was written to GCA_034554095.1_ASM3455409v1_genomic_provirus.tsv.                                                                             
[13:55:58] Provirus nucleotide sequences were written to GCA_034554095.1_ASM3455409v1_genomic_provirus.fna.                                                            
[13:55:58] Provirus protein sequences were written to GCA_034554095.1_ASM3455409v1_genomic_provirus_proteins.faa.                                                      
[13:55:58] Provirus gene data was written to GCA_034554095.1_ASM3455409v1_genomic_provirus_genes.tsv.                                                                  
[13:55:58] Taxonomic assignment data was written to GCA_034554095.1_ASM3455409v1_genomic_provirus_taxonomy.tsv.                                                        
[13:55:58] geNomad find-proviruses finished!                                                                                                                           
