╭─────────────────────────────────────────────────────────────────────────────────────────────────────────────────────────────────────────────────────────────────────╮
│  Executing geNomad aggregated-classification (v1.11.1). This will aggregate the results of the marker-classification and nn-classification modules to classify the  │
│  input sequences into chromosome, plasmid, or virus.                                                                                                                │
│  ─────────────────────────────────────────────────────────────────────────────────────────────────────────────────────────────────────────────────────────────────  │
│  Outputs:                                                                                                                                                           │
│    genomad/GCA_035025565.1_ASM3502556v1_genomic_aggregated_classification                                                                                           │
│    ├── GCA_035025565.1_ASM3502556v1_genomic_aggregated_classification.json (execution parameters)                                                                   │
│    ├── GCA_035025565.1_ASM3502556v1_genomic_aggregated_classification.tsv (sequence classification: tabular format)                                                 │
│    ├── GCA_035025565.1_ASM3502556v1_genomic_aggregated_classification.npz (sequence classification: binary format)                                                  │
│    ├── GCA_035025565.1_ASM3502556v1_genomic_provirus_aggregated_classification.tsv (provirus classification: tabular format)                                        │
│    └── GCA_035025565.1_ASM3502556v1_genomic_provirus_aggregated_classification.npz (provirus classification: binary format)                                         │
╰─────────────────────────────────────────────────────────────────────────────────────────────────────────────────────────────────────────────────────────────────────╯
[15:33:04] Executing genomad aggregated-classification.                                                                                                                
[15:33:04] Creating the genomad/GCA_035025565.1_ASM3502556v1_genomic_aggregated_classification directory.                                                              
[15:33:04] The total marker frequencies of the input sequences were computed.                                                                                          
[15:33:04] Sequences classified.                                                                                                                                       
[15:33:04] Sequence classification in binary format written to GCA_035025565.1_ASM3502556v1_genomic_aggregated_classification.npz.                                     
[15:33:04] Sequence classification in tabular format written to GCA_035025565.1_ASM3502556v1_genomic_aggregated_classification.tsv.                                    
[15:33:04] Proviruses classified.                                                                                                                                      
[15:33:04] Provirus classification in binary format written to GCA_035025565.1_ASM3502556v1_genomic_provirus_aggregated_classification.npz.                            
[15:33:04] Provirus classification in tabular format written to GCA_035025565.1_ASM3502556v1_genomic_provirus_aggregated_classification.tsv.                           
[15:33:04] geNomad aggregated-classification finished!                                                                                                                 
