╭─────────────────────────────────────────────────────────────────────────────────────────────────────────────────────────────────────────────────────────────────────╮
│  Executing geNomad summary (v1.11.1). This will summarize the results across modules into a classification report.                                                  │
│  ─────────────────────────────────────────────────────────────────────────────────────────────────────────────────────────────────────────────────────────────────  │
│  Outputs:                                                                                                                                                           │
│    genomad/GCA_035025765.1_ASM3502576v1_genomic_summary                                                                                                             │
│    ├── GCA_035025765.1_ASM3502576v1_genomic_summary.json (execution parameters)                                                                                     │
│    ├── GCA_035025765.1_ASM3502576v1_genomic_virus_summary.tsv (virus classification summary)                                                                        │
│    ├── GCA_035025765.1_ASM3502576v1_genomic_plasmid_summary.tsv (plasmid classification summary)                                                                    │
│    ├── GCA_035025765.1_ASM3502576v1_genomic_virus.fna (virus nucleotide FASTA file)                                                                                 │
│    ├── GCA_035025765.1_ASM3502576v1_genomic_plasmid.fna (plasmid nucleotide FASTA file)                                                                             │
│    ├── GCA_035025765.1_ASM3502576v1_genomic_virus_proteins.faa (virus protein FASTA file)                                                                           │
│    ├── GCA_035025765.1_ASM3502576v1_genomic_plasmid_proteins.faa (plasmid protein FASTA file)                                                                       │
│    ├── GCA_035025765.1_ASM3502576v1_genomic_virus_genes.tsv (virus gene annotation data)                                                                            │
│    └── GCA_035025765.1_ASM3502576v1_genomic_plasmid_genes.tsv (plasmid gene annotation data)                                                                        │
╰─────────────────────────────────────────────────────────────────────────────────────────────────────────────────────────────────────────────────────────────────────╯
[15:48:06] Executing genomad summary.                                                                                                                                  
[15:48:06] Creating the genomad/GCA_035025765.1_ASM3502576v1_genomic_summary directory.                                                                                
[15:48:07] Using scores from aggregated-classification.                                                                                                                
[15:48:07] 9 plasmid(s) and 1 virus(es) were identified.                                                                                                               
[15:48:07] Nucleotide sequences were written to GCA_035025765.1_ASM3502576v1_genomic_plasmid.fna and GCA_035025765.1_ASM3502576v1_genomic_virus.fna.                   
[15:48:07] Protein sequences were written to GCA_035025765.1_ASM3502576v1_genomic_plasmid_proteins.faa and GCA_035025765.1_ASM3502576v1_genomic_virus_proteins.faa.    
[15:48:07] Gene annotation data was written to GCA_035025765.1_ASM3502576v1_genomic_plasmid_genes.tsv and GCA_035025765.1_ASM3502576v1_genomic_virus_genes.tsv.        
[15:48:07] Summary files were written to GCA_035025765.1_ASM3502576v1_genomic_plasmid_summary.tsv and GCA_035025765.1_ASM3502576v1_genomic_virus_summary.tsv.          
[15:48:07] geNomad summary finished!                                                                                                                                   
