╭─────────────────────────────────────────────────────────────────────────────────────────────────────────────────────────────────────────────────────────────────────╮
│  Executing geNomad marker-classification (v1.11.1). This will classify the input sequences into chromosome, plasmid, or virus based on the presence of geNomad      │
│  markers and other gene-related features.                                                                                                                           │
│  ─────────────────────────────────────────────────────────────────────────────────────────────────────────────────────────────────────────────────────────────────  │
│  Outputs:                                                                                                                                                           │
│    genomad/GCA_034553955.1_ASM3455395v1_genomic_marker_classification                                                                                               │
│    ├── GCA_034553955.1_ASM3455395v1_genomic_marker_classification.json (execution parameters)                                                                       │
│    ├── GCA_034553955.1_ASM3455395v1_genomic_features.tsv (sequence feature data: tabular format)                                                                    │
│    ├── GCA_034553955.1_ASM3455395v1_genomic_features.npz (sequence feature data: binary format)                                                                     │
│    ├── GCA_034553955.1_ASM3455395v1_genomic_marker_classification.tsv (sequence classification: tabular format)                                                     │
│    └── GCA_034553955.1_ASM3455395v1_genomic_marker_classification.npz (sequence classification: binary format)                                                      │
╰─────────────────────────────────────────────────────────────────────────────────────────────────────────────────────────────────────────────────────────────────────╯
[13:46:17] Executing genomad marker-classification.                                                                                                                    
[13:46:17] Creating the genomad/GCA_034553955.1_ASM3455395v1_genomic_marker_classification directory.                                                                  
[13:46:18] Sequence features computed.                                                                                                                                 
[13:46:18] Sequence features in binary format written to GCA_034553955.1_ASM3455395v1_genomic_features.npz.                                                            
[13:46:18] Sequence features in tabular format written to GCA_034553955.1_ASM3455395v1_genomic_features.tsv.                                                           
[13:46:18] Sequences classified.                                                                                                                                       
[13:46:18] Sequence classification in binary format written to GCA_034553955.1_ASM3455395v1_genomic_marker_classification.npz.                                         
[13:46:18] Sequence classification in tabular format written to GCA_034553955.1_ASM3455395v1_genomic_marker_classification.tsv.                                        
[13:46:18] geNomad marker-classification finished!                                                                                                                     
