╭─────────────────────────────────────────────────────────────────────────────────────────────────────────────────────────────────────────────────────────────────────╮
│  Executing geNomad nn-classification (v1.11.1). This will classify the input sequences into chromosome, plasmid, or virus based on the nucleotide sequence.         │
│  ─────────────────────────────────────────────────────────────────────────────────────────────────────────────────────────────────────────────────────────────────  │
│  Outputs:                                                                                                                                                           │
│    genomad/GCA_035025305.1_ASM3502530v1_genomic_nn_classification                                                                                                   │
│    ├── GCA_035025305.1_ASM3502530v1_genomic_nn_classification.json (execution parameters)                                                                           │
│    ├── GCA_035025305.1_ASM3502530v1_genomic_encoded_sequences (directory containing encoded sequence data)                                                          │
│    ├── GCA_035025305.1_ASM3502530v1_genomic_nn_classification.tsv (contig classification: tabular format)                                                           │
│    ├── GCA_035025305.1_ASM3502530v1_genomic_nn_classification.npz (contig classification: binary format)                                                            │
│    ├── GCA_035025305.1_ASM3502530v1_genomic_encoded_proviruses (directory containing encoded sequence data)                                                         │
│    ├── GCA_035025305.1_ASM3502530v1_genomic_provirus_nn_classification.tsv (provirus classification: tabular format)                                                │
│    └── GCA_035025305.1_ASM3502530v1_genomic_provirus_nn_classification.npz (provirus classification: binary format)                                                 │
╰─────────────────────────────────────────────────────────────────────────────────────────────────────────────────────────────────────────────────────────────────────╯
[15:16:09] Executing genomad nn-classification.                                                                                                                        
[15:16:09] Creating the genomad/GCA_035025305.1_ASM3502530v1_genomic_nn_classification directory.                                                                      
[15:16:09] Creating the genomad/GCA_035025305.1_ASM3502530v1_genomic_nn_classification/GCA_035025305.1_ASM3502530v1_genomic_encoded_sequences directory.               
[15:16:09] Encoded sequence data written to GCA_035025305.1_ASM3502530v1_genomic_encoded_sequences.                                                                    
[15:16:09] Creating the genomad/GCA_035025305.1_ASM3502530v1_genomic_nn_classification/GCA_035025305.1_ASM3502530v1_genomic_encoded_proviruses directory.              
[15:16:09] Encoded provirus data written to GCA_035025305.1_ASM3502530v1_genomic_encoded_proviruses.                                                                   
[15:16:17] Sequences classified.                                                                                                                                       
[15:16:17] Sequence classification in binary format written to GCA_035025305.1_ASM3502530v1_genomic_nn_classification.npz.                                             
[15:16:17] Deleting encoded sequence data.                                                                                                                             
[15:16:17] Sequence classification in tabular format written to GCA_035025305.1_ASM3502530v1_genomic_nn_classification.tsv.                                            
[15:16:20] Proviruses classified.                                                                                                                                      
[15:16:20] Provirus classification in binary format written to GCA_035025305.1_ASM3502530v1_genomic_provirus_nn_classification.npz.                                    
[15:16:20] Deleting encoded provirus data.                                                                                                                             
[15:16:20] Provirus classification in tabular format written to GCA_035025305.1_ASM3502530v1_genomic_provirus_nn_classification.tsv.                                   
[15:16:20] geNomad nn-classification finished!                                                                                                                         
