╭─────────────────────────────────────────────────────────────────────────────────────────────────────────────────────────────────────────────────────────────────────╮
│  Executing geNomad nn-classification (v1.11.1). This will classify the input sequences into chromosome, plasmid, or virus based on the nucleotide sequence.         │
│  ─────────────────────────────────────────────────────────────────────────────────────────────────────────────────────────────────────────────────────────────────  │
│  Outputs:                                                                                                                                                           │
│    genomad/GCA_035025945.1_ASM3502594v1_genomic_nn_classification                                                                                                   │
│    ├── GCA_035025945.1_ASM3502594v1_genomic_nn_classification.json (execution parameters)                                                                           │
│    ├── GCA_035025945.1_ASM3502594v1_genomic_encoded_sequences (directory containing encoded sequence data)                                                          │
│    ├── GCA_035025945.1_ASM3502594v1_genomic_nn_classification.tsv (contig classification: tabular format)                                                           │
│    ├── GCA_035025945.1_ASM3502594v1_genomic_nn_classification.npz (contig classification: binary format)                                                            │
│    ├── GCA_035025945.1_ASM3502594v1_genomic_encoded_proviruses (directory containing encoded sequence data)                                                         │
│    ├── GCA_035025945.1_ASM3502594v1_genomic_provirus_nn_classification.tsv (provirus classification: tabular format)                                                │
│    └── GCA_035025945.1_ASM3502594v1_genomic_provirus_nn_classification.npz (provirus classification: binary format)                                                 │
╰─────────────────────────────────────────────────────────────────────────────────────────────────────────────────────────────────────────────────────────────────────╯
[16:00:01] Executing genomad nn-classification.                                                                                                                        
[16:00:01] Creating the genomad/GCA_035025945.1_ASM3502594v1_genomic_nn_classification directory.                                                                      
[16:00:01] Creating the genomad/GCA_035025945.1_ASM3502594v1_genomic_nn_classification/GCA_035025945.1_ASM3502594v1_genomic_encoded_sequences directory.               
[16:00:02] Encoded sequence data written to GCA_035025945.1_ASM3502594v1_genomic_encoded_sequences.                                                                    
[16:00:02] Creating the genomad/GCA_035025945.1_ASM3502594v1_genomic_nn_classification/GCA_035025945.1_ASM3502594v1_genomic_encoded_proviruses directory.              
[16:00:02] Encoded provirus data written to GCA_035025945.1_ASM3502594v1_genomic_encoded_proviruses.                                                                   
[16:00:08] Sequences classified.                                                                                                                                       
[16:00:08] Sequence classification in binary format written to GCA_035025945.1_ASM3502594v1_genomic_nn_classification.npz.                                             
[16:00:08] Deleting encoded sequence data.                                                                                                                             
[16:00:08] Sequence classification in tabular format written to GCA_035025945.1_ASM3502594v1_genomic_nn_classification.tsv.                                            
[16:00:11] Proviruses classified.                                                                                                                                      
[16:00:11] Provirus classification in binary format written to GCA_035025945.1_ASM3502594v1_genomic_provirus_nn_classification.npz.                                    
[16:00:11] Deleting encoded provirus data.                                                                                                                             
[16:00:11] Provirus classification in tabular format written to GCA_035025945.1_ASM3502594v1_genomic_provirus_nn_classification.tsv.                                   
[16:00:11] geNomad nn-classification finished!                                                                                                                         
