╭─────────────────────────────────────────────────────────────────────────────────────────────────────────────────────────────────────────────────────────────────────╮
│  Executing geNomad find-proviruses (v1.11.1). This will find putative proviral regions within the input sequences.                                                  │
│  ─────────────────────────────────────────────────────────────────────────────────────────────────────────────────────────────────────────────────────────────────  │
│  Outputs:                                                                                                                                                           │
│    genomad/GCA_035027085.1_ASM3502708v1_genomic_find_proviruses                                                                                                     │
│    ├── GCA_035027085.1_ASM3502708v1_genomic_find_proviruses.json (execution parameters)                                                                             │
│    ├── GCA_035027085.1_ASM3502708v1_genomic_provirus.tsv (provirus data)                                                                                            │
│    ├── GCA_035027085.1_ASM3502708v1_genomic_provirus.fna (provirus nucleotide sequences)                                                                            │
│    ├── GCA_035027085.1_ASM3502708v1_genomic_provirus_proteins.faa (provirus protein sequences)                                                                      │
│    ├── GCA_035027085.1_ASM3502708v1_genomic_provirus_genes.tsv (provirus gene annotation data)                                                                      │
│    ├── GCA_035027085.1_ASM3502708v1_genomic_provirus_taxonomy.tsv (provirus taxonomic assignment)                                                                   │
│    ├── GCA_035027085.1_ASM3502708v1_genomic_provirus_mmseqs2.tsv (MMseqs2 output file)                                                                              │
│    └── GCA_035027085.1_ASM3502708v1_genomic_provirus_aragorn.tsv (Aragorn output file)                                                                              │
╰─────────────────────────────────────────────────────────────────────────────────────────────────────────────────────────────────────────────────────────────────────╯
[17:13:33] Executing genomad find-proviruses.                                                                                                                          
[17:13:33] Creating the genomad/GCA_035027085.1_ASM3502708v1_genomic_find_proviruses directory.                                                                        
[17:13:36] Integrases identified with MMseqs2 and geNomad database (v1.9) were written to GCA_035027085.1_ASM3502708v1_genomic_provirus_mmseqs2.tsv.                   
[17:13:36] Deleting GCA_035027085.1_ASM3502708v1_genomic_provirus_mmseqs2.                                                                                             
[17:13:36] Deleting GCA_035027085.1_ASM3502708v1_genomic_provirus_mmseqs2_input.faa.                                                                                   
[17:13:37] tRNAs identified with Aragorn were written to GCA_035027085.1_ASM3502708v1_genomic_provirus_aragorn.tsv.                                                    
[17:13:37] Deleting GCA_035027085.1_ASM3502708v1_genomic_provirus_aragorn_input.fna.                                                                                   
[17:13:37] Provirus regions identified.                                                                                                                                
[17:13:37] Provirus data was written to GCA_035027085.1_ASM3502708v1_genomic_provirus.tsv.                                                                             
[17:13:37] Provirus nucleotide sequences were written to GCA_035027085.1_ASM3502708v1_genomic_provirus.fna.                                                            
[17:13:37] Provirus protein sequences were written to GCA_035027085.1_ASM3502708v1_genomic_provirus_proteins.faa.                                                      
[17:13:37] Provirus gene data was written to GCA_035027085.1_ASM3502708v1_genomic_provirus_genes.tsv.                                                                  
[17:13:37] Taxonomic assignment data was written to GCA_035027085.1_ASM3502708v1_genomic_provirus_taxonomy.tsv.                                                        
[17:13:37] geNomad find-proviruses finished!                                                                                                                           
