╭─────────────────────────────────────────────────────────────────────────────────────────────────────────────────────────────────────────────────────────────────────╮
│  Executing geNomad marker-classification (v1.11.1). This will classify the input sequences into chromosome, plasmid, or virus based on the presence of geNomad      │
│  markers and other gene-related features.                                                                                                                           │
│  ─────────────────────────────────────────────────────────────────────────────────────────────────────────────────────────────────────────────────────────────────  │
│  Outputs:                                                                                                                                                           │
│    genomad/GCA_035059455.1_ASM3505945v1_genomic_marker_classification                                                                                               │
│    ├── GCA_035059455.1_ASM3505945v1_genomic_marker_classification.json (execution parameters)                                                                       │
│    ├── GCA_035059455.1_ASM3505945v1_genomic_features.tsv (sequence feature data: tabular format)                                                                    │
│    ├── GCA_035059455.1_ASM3505945v1_genomic_features.npz (sequence feature data: binary format)                                                                     │
│    ├── GCA_035059455.1_ASM3505945v1_genomic_marker_classification.tsv (sequence classification: tabular format)                                                     │
│    └── GCA_035059455.1_ASM3505945v1_genomic_marker_classification.npz (sequence classification: binary format)                                                      │
╰─────────────────────────────────────────────────────────────────────────────────────────────────────────────────────────────────────────────────────────────────────╯
[18:30:56] Executing genomad marker-classification.                                                                                                                    
[18:30:56] Creating the genomad/GCA_035059455.1_ASM3505945v1_genomic_marker_classification directory.                                                                  
[18:30:56] Sequence features computed.                                                                                                                                 
[18:30:56] Sequence features in binary format written to GCA_035059455.1_ASM3505945v1_genomic_features.npz.                                                            
[18:30:56] Sequence features in tabular format written to GCA_035059455.1_ASM3505945v1_genomic_features.tsv.                                                           
[18:30:57] Sequences classified.                                                                                                                                       
[18:30:57] Sequence classification in binary format written to GCA_035059455.1_ASM3505945v1_genomic_marker_classification.npz.                                         
[18:30:57] Sequence classification in tabular format written to GCA_035059455.1_ASM3505945v1_genomic_marker_classification.tsv.                                        
[18:30:57] geNomad marker-classification finished!                                                                                                                     
