╭────────────────────────────────────────────────────────────────────────────────────────────────────────────────────────────────────────────────────────────────────────────────────────────────────────────╮
│  Executing geNomad marker-classification (v1.11.1). This will classify the input sequences into chromosome, plasmid, or virus based on the presence of geNomad markers and other gene-related features.    │
│  ────────────────────────────────────────────────────────────────────────────────────────────────────────────────────────────────────────────────────────────────────────────────────────────────────────  │
│  Outputs:                                                                                                                                                                                                  │
│    genomad/GCA_034552595.1_ASM3455259v1_genomic_marker_classification                                                                                                                                      │
│    ├── GCA_034552595.1_ASM3455259v1_genomic_marker_classification.json (execution parameters)                                                                                                              │
│    ├── GCA_034552595.1_ASM3455259v1_genomic_features.tsv (sequence feature data: tabular format)                                                                                                           │
│    ├── GCA_034552595.1_ASM3455259v1_genomic_features.npz (sequence feature data: binary format)                                                                                                            │
│    ├── GCA_034552595.1_ASM3455259v1_genomic_marker_classification.tsv (sequence classification: tabular format)                                                                                            │
│    └── GCA_034552595.1_ASM3455259v1_genomic_marker_classification.npz (sequence classification: binary format)                                                                                             │
╰────────────────────────────────────────────────────────────────────────────────────────────────────────────────────────────────────────────────────────────────────────────────────────────────────────────╯
[12:35:41] Executing genomad marker-classification.                                                                                                                                                           
[12:35:41] Creating the genomad/GCA_034552595.1_ASM3455259v1_genomic_marker_classification directory.                                                                                                         
[12:35:42] Sequence features computed.                                                                                                                                                                        
[12:35:42] Sequence features in binary format written to GCA_034552595.1_ASM3455259v1_genomic_features.npz.                                                                                                   
[12:35:42] Sequence features in tabular format written to GCA_034552595.1_ASM3455259v1_genomic_features.tsv.                                                                                                  
[12:35:42] Sequences classified.                                                                                                                                                                              
[12:35:42] Sequence classification in binary format written to GCA_034552595.1_ASM3455259v1_genomic_marker_classification.npz.                                                                                
[12:35:42] Sequence classification in tabular format written to GCA_034552595.1_ASM3455259v1_genomic_marker_classification.tsv.                                                                               
[12:35:42] geNomad marker-classification finished!                                                                                                                                                            
