╭────────────────────────────────────────────────────────────────────────────────────────────────────────────────────────────────────────────────────────────────────────────────────────────────────────────╮
│  Executing geNomad marker-classification (v1.11.1). This will classify the input sequences into chromosome, plasmid, or virus based on the presence of geNomad markers and other gene-related features.    │
│  ────────────────────────────────────────────────────────────────────────────────────────────────────────────────────────────────────────────────────────────────────────────────────────────────────────  │
│  Outputs:                                                                                                                                                                                                  │
│    genomad/GCA_034552975.1_ASM3455297v1_genomic_marker_classification                                                                                                                                      │
│    ├── GCA_034552975.1_ASM3455297v1_genomic_marker_classification.json (execution parameters)                                                                                                              │
│    ├── GCA_034552975.1_ASM3455297v1_genomic_features.tsv (sequence feature data: tabular format)                                                                                                           │
│    ├── GCA_034552975.1_ASM3455297v1_genomic_features.npz (sequence feature data: binary format)                                                                                                            │
│    ├── GCA_034552975.1_ASM3455297v1_genomic_marker_classification.tsv (sequence classification: tabular format)                                                                                            │
│    ├── GCA_034552975.1_ASM3455297v1_genomic_marker_classification.npz (sequence classification: binary format)                                                                                             │
│    ├── GCA_034552975.1_ASM3455297v1_genomic_provirus_features.tsv (provirus feature data: tabular format)                                                                                                  │
│    ├── GCA_034552975.1_ASM3455297v1_genomic_provirus_features.npz (provirus feature data: binary format)                                                                                                   │
│    ├── GCA_034552975.1_ASM3455297v1_genomic_provirus_marker_classification.tsv (provirus classification: tabular format)                                                                                   │
│    └── GCA_034552975.1_ASM3455297v1_genomic_provirus_marker_classification.npz (provirus classification: binary format)                                                                                    │
╰────────────────────────────────────────────────────────────────────────────────────────────────────────────────────────────────────────────────────────────────────────────────────────────────────────────╯
[12:57:53] Executing genomad marker-classification.                                                                                                                                                           
[12:57:53] Creating the genomad/GCA_034552975.1_ASM3455297v1_genomic_marker_classification directory.                                                                                                         
[12:57:54] Sequence features computed.                                                                                                                                                                        
[12:57:54] Sequence features in binary format written to GCA_034552975.1_ASM3455297v1_genomic_features.npz.                                                                                                   
[12:57:54] Sequence features in tabular format written to GCA_034552975.1_ASM3455297v1_genomic_features.tsv.                                                                                                  
[12:57:54] Provirus features computed.                                                                                                                                                                        
[12:57:54] Provirus features in binary format written to GCA_034552975.1_ASM3455297v1_genomic_provirus_features.npz.                                                                                          
[12:57:54] Provirus features in tabular format written to GCA_034552975.1_ASM3455297v1_genomic_provirus_features.tsv.                                                                                         
[12:57:54] Sequences classified.                                                                                                                                                                              
[12:57:54] Sequence classification in binary format written to GCA_034552975.1_ASM3455297v1_genomic_marker_classification.npz.                                                                                
[12:57:54] Sequence classification in tabular format written to GCA_034552975.1_ASM3455297v1_genomic_marker_classification.tsv.                                                                               
[12:57:55] Proviruses classified.                                                                                                                                                                             
[12:57:55] Provirus classification in binary format written to GCA_034552975.1_ASM3455297v1_genomic_provirus_marker_classification.npz.                                                                       
[12:57:55] Provirus classification in tabular format written to GCA_034552975.1_ASM3455297v1_genomic_provirus_marker_classification.tsv.                                                                      
[12:57:55] geNomad marker-classification finished!                                                                                                                                                            
