╭─────────────────────────────────────────────────────────────────────────────────────────────────────────────────────────────────────────────────────────────────────╮
│  Executing geNomad find-proviruses (v1.11.1). This will find putative proviral regions within the input sequences.                                                  │
│  ─────────────────────────────────────────────────────────────────────────────────────────────────────────────────────────────────────────────────────────────────  │
│  Outputs:                                                                                                                                                           │
│    genomad/GCA_040193935.1_ASM4019393v1_genomic_find_proviruses                                                                                                     │
│    ├── GCA_040193935.1_ASM4019393v1_genomic_find_proviruses.json (execution parameters)                                                                             │
│    ├── GCA_040193935.1_ASM4019393v1_genomic_provirus.tsv (provirus data)                                                                                            │
│    ├── GCA_040193935.1_ASM4019393v1_genomic_provirus.fna (provirus nucleotide sequences)                                                                            │
│    ├── GCA_040193935.1_ASM4019393v1_genomic_provirus_proteins.faa (provirus protein sequences)                                                                      │
│    ├── GCA_040193935.1_ASM4019393v1_genomic_provirus_genes.tsv (provirus gene annotation data)                                                                      │
│    ├── GCA_040193935.1_ASM4019393v1_genomic_provirus_taxonomy.tsv (provirus taxonomic assignment)                                                                   │
│    ├── GCA_040193935.1_ASM4019393v1_genomic_provirus_mmseqs2.tsv (MMseqs2 output file)                                                                              │
│    └── GCA_040193935.1_ASM4019393v1_genomic_provirus_aragorn.tsv (Aragorn output file)                                                                              │
╰─────────────────────────────────────────────────────────────────────────────────────────────────────────────────────────────────────────────────────────────────────╯
[20:22:51] Executing genomad find-proviruses.                                                                                                                          
[20:22:51] Creating the genomad/GCA_040193935.1_ASM4019393v1_genomic_find_proviruses directory.                                                                        
[20:22:55] Integrases identified with MMseqs2 and geNomad database (v1.9) were written to GCA_040193935.1_ASM4019393v1_genomic_provirus_mmseqs2.tsv.                   
[20:22:55] Deleting GCA_040193935.1_ASM4019393v1_genomic_provirus_mmseqs2.                                                                                             
[20:22:55] Deleting GCA_040193935.1_ASM4019393v1_genomic_provirus_mmseqs2_input.faa.                                                                                   
[20:22:55] tRNAs identified with Aragorn were written to GCA_040193935.1_ASM4019393v1_genomic_provirus_aragorn.tsv.                                                    
[20:22:55] Deleting GCA_040193935.1_ASM4019393v1_genomic_provirus_aragorn_input.fna.                                                                                   
[20:22:56] Provirus regions identified.                                                                                                                                
[20:22:56] Provirus data was written to GCA_040193935.1_ASM4019393v1_genomic_provirus.tsv.                                                                             
[20:22:56] Provirus nucleotide sequences were written to GCA_040193935.1_ASM4019393v1_genomic_provirus.fna.                                                            
[20:22:56] Provirus protein sequences were written to GCA_040193935.1_ASM4019393v1_genomic_provirus_proteins.faa.                                                      
[20:22:56] Provirus gene data was written to GCA_040193935.1_ASM4019393v1_genomic_provirus_genes.tsv.                                                                  
[20:22:56] Taxonomic assignment data was written to GCA_040193935.1_ASM4019393v1_genomic_provirus_taxonomy.tsv.                                                        
[20:22:56] geNomad find-proviruses finished!                                                                                                                           
