╭──────────────────────────────────────────────────────────────────────────────────────────────────────────────────────────────────────────────────────────╮
│  Executing geNomad nn-classification (v1.11.1). This will classify the input sequences into chromosome, plasmid, or virus based on the nucleotide        │
│  sequence.                                                                                                                                               │
│  ──────────────────────────────────────────────────────────────────────────────────────────────────────────────────────────────────────────────────────  │
│  Outputs:                                                                                                                                                │
│    genomad/GCA_047458735.1_ASM4745873v1_genomic_nn_classification                                                                                        │
│    ├── GCA_047458735.1_ASM4745873v1_genomic_nn_classification.json (execution parameters)                                                                │
│    ├── GCA_047458735.1_ASM4745873v1_genomic_encoded_sequences (directory containing encoded sequence data)                                               │
│    ├── GCA_047458735.1_ASM4745873v1_genomic_nn_classification.tsv (contig classification: tabular format)                                                │
│    ├── GCA_047458735.1_ASM4745873v1_genomic_nn_classification.npz (contig classification: binary format)                                                 │
│    ├── GCA_047458735.1_ASM4745873v1_genomic_encoded_proviruses (directory containing encoded sequence data)                                              │
│    ├── GCA_047458735.1_ASM4745873v1_genomic_provirus_nn_classification.tsv (provirus classification: tabular format)                                     │
│    └── GCA_047458735.1_ASM4745873v1_genomic_provirus_nn_classification.npz (provirus classification: binary format)                                      │
╰──────────────────────────────────────────────────────────────────────────────────────────────────────────────────────────────────────────────────────────╯
[20:52:16] Executing genomad nn-classification.                                                                                                             
[20:52:16] Creating the genomad/GCA_047458735.1_ASM4745873v1_genomic_nn_classification directory.                                                           
[20:52:16] Creating the genomad/GCA_047458735.1_ASM4745873v1_genomic_nn_classification/GCA_047458735.1_ASM4745873v1_genomic_encoded_sequences directory.    
[20:52:18] Encoded sequence data written to GCA_047458735.1_ASM4745873v1_genomic_encoded_sequences.                                                         
[20:52:18] Creating the genomad/GCA_047458735.1_ASM4745873v1_genomic_nn_classification/GCA_047458735.1_ASM4745873v1_genomic_encoded_proviruses directory.   
[20:52:18] Encoded provirus data written to GCA_047458735.1_ASM4745873v1_genomic_encoded_proviruses.                                                        
[20:52:25] Sequences classified.                                                                                                                            
[20:52:25] Sequence classification in binary format written to GCA_047458735.1_ASM4745873v1_genomic_nn_classification.npz.                                  
[20:52:25] Deleting encoded sequence data.                                                                                                                  
[20:52:25] Sequence classification in tabular format written to GCA_047458735.1_ASM4745873v1_genomic_nn_classification.tsv.                                 
[20:52:28] Proviruses classified.                                                                                                                           
[20:52:28] Provirus classification in binary format written to GCA_047458735.1_ASM4745873v1_genomic_provirus_nn_classification.npz.                         
[20:52:28] Deleting encoded provirus data.                                                                                                                  
[20:52:28] Provirus classification in tabular format written to GCA_047458735.1_ASM4745873v1_genomic_provirus_nn_classification.tsv.                        
[20:52:28] geNomad nn-classification finished!                                                                                                              
