╭─────────────────────────────────────────────────────────────────────────────────────────────────────────────────────────────────────────────────────────────────────╮
│  Executing geNomad nn-classification (v1.11.1). This will classify the input sequences into chromosome, plasmid, or virus based on the nucleotide sequence.         │
│  ─────────────────────────────────────────────────────────────────────────────────────────────────────────────────────────────────────────────────────────────────  │
│  Outputs:                                                                                                                                                           │
│    genomad/GCA_035027065.1_ASM3502706v1_genomic_nn_classification                                                                                                   │
│    ├── GCA_035027065.1_ASM3502706v1_genomic_nn_classification.json (execution parameters)                                                                           │
│    ├── GCA_035027065.1_ASM3502706v1_genomic_encoded_sequences (directory containing encoded sequence data)                                                          │
│    ├── GCA_035027065.1_ASM3502706v1_genomic_nn_classification.tsv (contig classification: tabular format)                                                           │
│    ├── GCA_035027065.1_ASM3502706v1_genomic_nn_classification.npz (contig classification: binary format)                                                            │
│    ├── GCA_035027065.1_ASM3502706v1_genomic_encoded_proviruses (directory containing encoded sequence data)                                                         │
│    ├── GCA_035027065.1_ASM3502706v1_genomic_provirus_nn_classification.tsv (provirus classification: tabular format)                                                │
│    └── GCA_035027065.1_ASM3502706v1_genomic_provirus_nn_classification.npz (provirus classification: binary format)                                                 │
╰─────────────────────────────────────────────────────────────────────────────────────────────────────────────────────────────────────────────────────────────────────╯
[17:12:12] Executing genomad nn-classification.                                                                                                                        
[17:12:12] Creating the genomad/GCA_035027065.1_ASM3502706v1_genomic_nn_classification directory.                                                                      
[17:12:12] Creating the genomad/GCA_035027065.1_ASM3502706v1_genomic_nn_classification/GCA_035027065.1_ASM3502706v1_genomic_encoded_sequences directory.               
[17:12:12] Encoded sequence data written to GCA_035027065.1_ASM3502706v1_genomic_encoded_sequences.                                                                    
[17:12:12] Creating the genomad/GCA_035027065.1_ASM3502706v1_genomic_nn_classification/GCA_035027065.1_ASM3502706v1_genomic_encoded_proviruses directory.              
[17:12:13] Encoded provirus data written to GCA_035027065.1_ASM3502706v1_genomic_encoded_proviruses.                                                                   
[17:12:20] Sequences classified.                                                                                                                                       
[17:12:20] Sequence classification in binary format written to GCA_035027065.1_ASM3502706v1_genomic_nn_classification.npz.                                             
[17:12:20] Deleting encoded sequence data.                                                                                                                             
[17:12:20] Sequence classification in tabular format written to GCA_035027065.1_ASM3502706v1_genomic_nn_classification.tsv.                                            
[17:12:23] Proviruses classified.                                                                                                                                      
[17:12:23] Provirus classification in binary format written to GCA_035027065.1_ASM3502706v1_genomic_provirus_nn_classification.npz.                                    
[17:12:23] Deleting encoded provirus data.                                                                                                                             
[17:12:23] Provirus classification in tabular format written to GCA_035027065.1_ASM3502706v1_genomic_provirus_nn_classification.tsv.                                   
[17:12:23] geNomad nn-classification finished!                                                                                                                         
