╭─────────────────────────────────────────────────────────────────────────────────────────────────────────────────────────────────────────────────────────────────────╮
│  Executing geNomad aggregated-classification (v1.11.1). This will aggregate the results of the marker-classification and nn-classification modules to classify the  │
│  input sequences into chromosome, plasmid, or virus.                                                                                                                │
│  ─────────────────────────────────────────────────────────────────────────────────────────────────────────────────────────────────────────────────────────────────  │
│  Outputs:                                                                                                                                                           │
│    genomad/GCA_035023585.1_ASM3502358v1_genomic_aggregated_classification                                                                                           │
│    ├── GCA_035023585.1_ASM3502358v1_genomic_aggregated_classification.json (execution parameters)                                                                   │
│    ├── GCA_035023585.1_ASM3502358v1_genomic_aggregated_classification.tsv (sequence classification: tabular format)                                                 │
│    ├── GCA_035023585.1_ASM3502358v1_genomic_aggregated_classification.npz (sequence classification: binary format)                                                  │
│    ├── GCA_035023585.1_ASM3502358v1_genomic_provirus_aggregated_classification.tsv (provirus classification: tabular format)                                        │
│    └── GCA_035023585.1_ASM3502358v1_genomic_provirus_aggregated_classification.npz (provirus classification: binary format)                                         │
╰─────────────────────────────────────────────────────────────────────────────────────────────────────────────────────────────────────────────────────────────────────╯
[14:37:21] Executing genomad aggregated-classification.                                                                                                                
[14:37:21] Creating the genomad/GCA_035023585.1_ASM3502358v1_genomic_aggregated_classification directory.                                                              
[14:37:21] The total marker frequencies of the input sequences were computed.                                                                                          
[14:37:21] Sequences classified.                                                                                                                                       
[14:37:22] Sequence classification in binary format written to GCA_035023585.1_ASM3502358v1_genomic_aggregated_classification.npz.                                     
[14:37:22] Sequence classification in tabular format written to GCA_035023585.1_ASM3502358v1_genomic_aggregated_classification.tsv.                                    
[14:37:22] Proviruses classified.                                                                                                                                      
[14:37:22] Provirus classification in binary format written to GCA_035023585.1_ASM3502358v1_genomic_provirus_aggregated_classification.npz.                            
[14:37:22] Provirus classification in tabular format written to GCA_035023585.1_ASM3502358v1_genomic_provirus_aggregated_classification.tsv.                           
[14:37:22] geNomad aggregated-classification finished!                                                                                                                 
