╭─────────────────────────────────────────────────────────────────────────────────────────────────────────────────────────────────────────────────────────────────────╮
│  Executing geNomad marker-classification (v1.11.1). This will classify the input sequences into chromosome, plasmid, or virus based on the presence of geNomad      │
│  markers and other gene-related features.                                                                                                                           │
│  ─────────────────────────────────────────────────────────────────────────────────────────────────────────────────────────────────────────────────────────────────  │
│  Outputs:                                                                                                                                                           │
│    genomad/GCA_035026685.1_ASM3502668v1_genomic_marker_classification                                                                                               │
│    ├── GCA_035026685.1_ASM3502668v1_genomic_marker_classification.json (execution parameters)                                                                       │
│    ├── GCA_035026685.1_ASM3502668v1_genomic_features.tsv (sequence feature data: tabular format)                                                                    │
│    ├── GCA_035026685.1_ASM3502668v1_genomic_features.npz (sequence feature data: binary format)                                                                     │
│    ├── GCA_035026685.1_ASM3502668v1_genomic_marker_classification.tsv (sequence classification: tabular format)                                                     │
│    └── GCA_035026685.1_ASM3502668v1_genomic_marker_classification.npz (sequence classification: binary format)                                                      │
╰─────────────────────────────────────────────────────────────────────────────────────────────────────────────────────────────────────────────────────────────────────╯
[16:54:05] Executing genomad marker-classification.                                                                                                                    
[16:54:05] Creating the genomad/GCA_035026685.1_ASM3502668v1_genomic_marker_classification directory.                                                                  
[16:54:06] Sequence features computed.                                                                                                                                 
[16:54:06] Sequence features in binary format written to GCA_035026685.1_ASM3502668v1_genomic_features.npz.                                                            
[16:54:06] Sequence features in tabular format written to GCA_035026685.1_ASM3502668v1_genomic_features.tsv.                                                           
[16:54:06] Sequences classified.                                                                                                                                       
[16:54:06] Sequence classification in binary format written to GCA_035026685.1_ASM3502668v1_genomic_marker_classification.npz.                                         
[16:54:06] Sequence classification in tabular format written to GCA_035026685.1_ASM3502668v1_genomic_marker_classification.tsv.                                        
[16:54:06] geNomad marker-classification finished!                                                                                                                     
