╭─────────────────────────────────────────────────────────────────────────────────────────────────────────────────────────────────────────────────────────────────────╮
│  Executing geNomad summary (v1.11.1). This will summarize the results across modules into a classification report.                                                  │
│  ─────────────────────────────────────────────────────────────────────────────────────────────────────────────────────────────────────────────────────────────────  │
│  Outputs:                                                                                                                                                           │
│    genomad/GCA_034553895.1_ASM3455389v1_genomic_summary                                                                                                             │
│    ├── GCA_034553895.1_ASM3455389v1_genomic_summary.json (execution parameters)                                                                                     │
│    ├── GCA_034553895.1_ASM3455389v1_genomic_virus_summary.tsv (virus classification summary)                                                                        │
│    ├── GCA_034553895.1_ASM3455389v1_genomic_plasmid_summary.tsv (plasmid classification summary)                                                                    │
│    ├── GCA_034553895.1_ASM3455389v1_genomic_virus.fna (virus nucleotide FASTA file)                                                                                 │
│    ├── GCA_034553895.1_ASM3455389v1_genomic_plasmid.fna (plasmid nucleotide FASTA file)                                                                             │
│    ├── GCA_034553895.1_ASM3455389v1_genomic_virus_proteins.faa (virus protein FASTA file)                                                                           │
│    ├── GCA_034553895.1_ASM3455389v1_genomic_plasmid_proteins.faa (plasmid protein FASTA file)                                                                       │
│    ├── GCA_034553895.1_ASM3455389v1_genomic_virus_genes.tsv (virus gene annotation data)                                                                            │
│    └── GCA_034553895.1_ASM3455389v1_genomic_plasmid_genes.tsv (plasmid gene annotation data)                                                                        │
╰─────────────────────────────────────────────────────────────────────────────────────────────────────────────────────────────────────────────────────────────────────╯
[13:45:08] Executing genomad summary.                                                                                                                                  
[13:45:08] Creating the genomad/GCA_034553895.1_ASM3455389v1_genomic_summary directory.                                                                                
[13:45:08] Using scores from aggregated-classification.                                                                                                                
[13:45:08] 12 plasmid(s) and 1 virus(es) were identified.                                                                                                              
[13:45:08] Nucleotide sequences were written to GCA_034553895.1_ASM3455389v1_genomic_plasmid.fna and GCA_034553895.1_ASM3455389v1_genomic_virus.fna.                   
[13:45:08] Protein sequences were written to GCA_034553895.1_ASM3455389v1_genomic_plasmid_proteins.faa and GCA_034553895.1_ASM3455389v1_genomic_virus_proteins.faa.    
[13:45:08] Gene annotation data was written to GCA_034553895.1_ASM3455389v1_genomic_plasmid_genes.tsv and GCA_034553895.1_ASM3455389v1_genomic_virus_genes.tsv.        
[13:45:08] Summary files were written to GCA_034553895.1_ASM3455389v1_genomic_plasmid_summary.tsv and GCA_034553895.1_ASM3455389v1_genomic_virus_summary.tsv.          
[13:45:08] geNomad summary finished!                                                                                                                                   
