╭─────────────────────────────────────────────────────────────────────────────────────────────────────────────────────────────────────────────────────────────────────╮
│  Executing geNomad aggregated-classification (v1.11.1). This will aggregate the results of the marker-classification and nn-classification modules to classify the  │
│  input sequences into chromosome, plasmid, or virus.                                                                                                                │
│  ─────────────────────────────────────────────────────────────────────────────────────────────────────────────────────────────────────────────────────────────────  │
│  Outputs:                                                                                                                                                           │
│    genomad/GCA_035012925.1_ASM3501292v1_genomic_aggregated_classification                                                                                           │
│    ├── GCA_035012925.1_ASM3501292v1_genomic_aggregated_classification.json (execution parameters)                                                                   │
│    ├── GCA_035012925.1_ASM3501292v1_genomic_aggregated_classification.tsv (sequence classification: tabular format)                                                 │
│    ├── GCA_035012925.1_ASM3501292v1_genomic_aggregated_classification.npz (sequence classification: binary format)                                                  │
│    ├── GCA_035012925.1_ASM3501292v1_genomic_provirus_aggregated_classification.tsv (provirus classification: tabular format)                                        │
│    └── GCA_035012925.1_ASM3501292v1_genomic_provirus_aggregated_classification.npz (provirus classification: binary format)                                         │
╰─────────────────────────────────────────────────────────────────────────────────────────────────────────────────────────────────────────────────────────────────────╯
[14:05:47] Executing genomad aggregated-classification.                                                                                                                
[14:05:47] Creating the genomad/GCA_035012925.1_ASM3501292v1_genomic_aggregated_classification directory.                                                              
[14:05:47] The total marker frequencies of the input sequences were computed.                                                                                          
[14:05:47] Sequences classified.                                                                                                                                       
[14:05:47] Sequence classification in binary format written to GCA_035012925.1_ASM3501292v1_genomic_aggregated_classification.npz.                                     
[14:05:47] Sequence classification in tabular format written to GCA_035012925.1_ASM3501292v1_genomic_aggregated_classification.tsv.                                    
[14:05:47] Proviruses classified.                                                                                                                                      
[14:05:47] Provirus classification in binary format written to GCA_035012925.1_ASM3501292v1_genomic_provirus_aggregated_classification.npz.                            
[14:05:47] Provirus classification in tabular format written to GCA_035012925.1_ASM3501292v1_genomic_provirus_aggregated_classification.tsv.                           
[14:05:47] geNomad aggregated-classification finished!                                                                                                                 
