╭─────────────────────────────────────────────────────────────────────────────────────────────────────────────────────────────────────────────────────────────────────╮
│  Executing geNomad summary (v1.11.1). This will summarize the results across modules into a classification report.                                                  │
│  ─────────────────────────────────────────────────────────────────────────────────────────────────────────────────────────────────────────────────────────────────  │
│  Outputs:                                                                                                                                                           │
│    genomad/GCA_035026945.1_ASM3502694v1_genomic_summary                                                                                                             │
│    ├── GCA_035026945.1_ASM3502694v1_genomic_summary.json (execution parameters)                                                                                     │
│    ├── GCA_035026945.1_ASM3502694v1_genomic_virus_summary.tsv (virus classification summary)                                                                        │
│    ├── GCA_035026945.1_ASM3502694v1_genomic_plasmid_summary.tsv (plasmid classification summary)                                                                    │
│    ├── GCA_035026945.1_ASM3502694v1_genomic_virus.fna (virus nucleotide FASTA file)                                                                                 │
│    ├── GCA_035026945.1_ASM3502694v1_genomic_plasmid.fna (plasmid nucleotide FASTA file)                                                                             │
│    ├── GCA_035026945.1_ASM3502694v1_genomic_virus_proteins.faa (virus protein FASTA file)                                                                           │
│    ├── GCA_035026945.1_ASM3502694v1_genomic_plasmid_proteins.faa (plasmid protein FASTA file)                                                                       │
│    ├── GCA_035026945.1_ASM3502694v1_genomic_virus_genes.tsv (virus gene annotation data)                                                                            │
│    └── GCA_035026945.1_ASM3502694v1_genomic_plasmid_genes.tsv (plasmid gene annotation data)                                                                        │
╰─────────────────────────────────────────────────────────────────────────────────────────────────────────────────────────────────────────────────────────────────────╯
[17:06:37] Executing genomad summary.                                                                                                                                  
[17:06:37] Creating the genomad/GCA_035026945.1_ASM3502694v1_genomic_summary directory.                                                                                
[17:06:37] Using scores from aggregated-classification.                                                                                                                
[17:06:37] 12 plasmid(s) and 1 virus(es) were identified.                                                                                                              
[17:06:37] Nucleotide sequences were written to GCA_035026945.1_ASM3502694v1_genomic_plasmid.fna and GCA_035026945.1_ASM3502694v1_genomic_virus.fna.                   
[17:06:37] Protein sequences were written to GCA_035026945.1_ASM3502694v1_genomic_plasmid_proteins.faa and GCA_035026945.1_ASM3502694v1_genomic_virus_proteins.faa.    
[17:06:37] Gene annotation data was written to GCA_035026945.1_ASM3502694v1_genomic_plasmid_genes.tsv and GCA_035026945.1_ASM3502694v1_genomic_virus_genes.tsv.        
[17:06:37] Summary files were written to GCA_035026945.1_ASM3502694v1_genomic_plasmid_summary.tsv and GCA_035026945.1_ASM3502694v1_genomic_virus_summary.tsv.          
[17:06:37] geNomad summary finished!                                                                                                                                   
