╭────────────────────────────────────────────────────────────────────────────────────────────────────────────────────────────────────────────────────────────────────────────────────────────────────────────╮
│  Executing geNomad marker-classification (v1.11.1). This will classify the input sequences into chromosome, plasmid, or virus based on the presence of geNomad markers and other gene-related features.    │
│  ────────────────────────────────────────────────────────────────────────────────────────────────────────────────────────────────────────────────────────────────────────────────────────────────────────  │
│  Outputs:                                                                                                                                                                                                  │
│    genomad/GCA_034553335.1_ASM3455333v1_genomic_marker_classification                                                                                                                                      │
│    ├── GCA_034553335.1_ASM3455333v1_genomic_marker_classification.json (execution parameters)                                                                                                              │
│    ├── GCA_034553335.1_ASM3455333v1_genomic_features.tsv (sequence feature data: tabular format)                                                                                                           │
│    ├── GCA_034553335.1_ASM3455333v1_genomic_features.npz (sequence feature data: binary format)                                                                                                            │
│    ├── GCA_034553335.1_ASM3455333v1_genomic_marker_classification.tsv (sequence classification: tabular format)                                                                                            │
│    ├── GCA_034553335.1_ASM3455333v1_genomic_marker_classification.npz (sequence classification: binary format)                                                                                             │
│    ├── GCA_034553335.1_ASM3455333v1_genomic_provirus_features.tsv (provirus feature data: tabular format)                                                                                                  │
│    ├── GCA_034553335.1_ASM3455333v1_genomic_provirus_features.npz (provirus feature data: binary format)                                                                                                   │
│    ├── GCA_034553335.1_ASM3455333v1_genomic_provirus_marker_classification.tsv (provirus classification: tabular format)                                                                                   │
│    └── GCA_034553335.1_ASM3455333v1_genomic_provirus_marker_classification.npz (provirus classification: binary format)                                                                                    │
╰────────────────────────────────────────────────────────────────────────────────────────────────────────────────────────────────────────────────────────────────────────────────────────────────────────────╯
[13:06:12] Executing genomad marker-classification.                                                                                                                                                           
[13:06:12] Creating the genomad/GCA_034553335.1_ASM3455333v1_genomic_marker_classification directory.                                                                                                         
[13:06:13] Sequence features computed.                                                                                                                                                                        
[13:06:13] Sequence features in binary format written to GCA_034553335.1_ASM3455333v1_genomic_features.npz.                                                                                                   
[13:06:13] Sequence features in tabular format written to GCA_034553335.1_ASM3455333v1_genomic_features.tsv.                                                                                                  
[13:06:13] Provirus features computed.                                                                                                                                                                        
[13:06:13] Provirus features in binary format written to GCA_034553335.1_ASM3455333v1_genomic_provirus_features.npz.                                                                                          
[13:06:13] Provirus features in tabular format written to GCA_034553335.1_ASM3455333v1_genomic_provirus_features.tsv.                                                                                         
[13:06:13] Sequences classified.                                                                                                                                                                              
[13:06:13] Sequence classification in binary format written to GCA_034553335.1_ASM3455333v1_genomic_marker_classification.npz.                                                                                
[13:06:13] Sequence classification in tabular format written to GCA_034553335.1_ASM3455333v1_genomic_marker_classification.tsv.                                                                               
[13:06:14] Proviruses classified.                                                                                                                                                                             
[13:06:14] Provirus classification in binary format written to GCA_034553335.1_ASM3455333v1_genomic_provirus_marker_classification.npz.                                                                       
[13:06:14] Provirus classification in tabular format written to GCA_034553335.1_ASM3455333v1_genomic_provirus_marker_classification.tsv.                                                                      
[13:06:14] geNomad marker-classification finished!                                                                                                                                                            
