╭────────────────────────────────────────────────────────────────────────────────────────────────────────────────────────────────────────────────────────────────────────────────────────────────────────────╮
│  Executing geNomad aggregated-classification (v1.11.1). This will aggregate the results of the marker-classification and nn-classification modules to classify the input sequences into chromosome,        │
│  plasmid, or virus.                                                                                                                                                                                        │
│  ────────────────────────────────────────────────────────────────────────────────────────────────────────────────────────────────────────────────────────────────────────────────────────────────────────  │
│  Outputs:                                                                                                                                                                                                  │
│    genomad/GCA_034553695.1_ASM3455369v1_genomic_aggregated_classification                                                                                                                                  │
│    ├── GCA_034553695.1_ASM3455369v1_genomic_aggregated_classification.json (execution parameters)                                                                                                          │
│    ├── GCA_034553695.1_ASM3455369v1_genomic_aggregated_classification.tsv (sequence classification: tabular format)                                                                                        │
│    ├── GCA_034553695.1_ASM3455369v1_genomic_aggregated_classification.npz (sequence classification: binary format)                                                                                         │
│    ├── GCA_034553695.1_ASM3455369v1_genomic_provirus_aggregated_classification.tsv (provirus classification: tabular format)                                                                               │
│    └── GCA_034553695.1_ASM3455369v1_genomic_provirus_aggregated_classification.npz (provirus classification: binary format)                                                                                │
╰────────────────────────────────────────────────────────────────────────────────────────────────────────────────────────────────────────────────────────────────────────────────────────────────────────────╯
[13:31:22] Executing genomad aggregated-classification.                                                                                                                                                       
[13:31:22] Creating the genomad/GCA_034553695.1_ASM3455369v1_genomic_aggregated_classification directory.                                                                                                     
[13:31:22] The total marker frequencies of the input sequences were computed.                                                                                                                                 
[13:31:22] Sequences classified.                                                                                                                                                                              
[13:31:22] Sequence classification in binary format written to GCA_034553695.1_ASM3455369v1_genomic_aggregated_classification.npz.                                                                            
[13:31:22] Sequence classification in tabular format written to GCA_034553695.1_ASM3455369v1_genomic_aggregated_classification.tsv.                                                                           
[13:31:22] Proviruses classified.                                                                                                                                                                             
[13:31:22] Provirus classification in binary format written to GCA_034553695.1_ASM3455369v1_genomic_provirus_aggregated_classification.npz.                                                                   
[13:31:22] Provirus classification in tabular format written to GCA_034553695.1_ASM3455369v1_genomic_provirus_aggregated_classification.tsv.                                                                  
[13:31:22] geNomad aggregated-classification finished!                                                                                                                                                        
