╭─────────────────────────────────────────────────────────────────────────────────────────────────────────────────────────────────────────────────────────────────────╮
│  Executing geNomad marker-classification (v1.11.1). This will classify the input sequences into chromosome, plasmid, or virus based on the presence of geNomad      │
│  markers and other gene-related features.                                                                                                                           │
│  ─────────────────────────────────────────────────────────────────────────────────────────────────────────────────────────────────────────────────────────────────  │
│  Outputs:                                                                                                                                                           │
│    genomad/GCA_035012925.1_ASM3501292v1_genomic_marker_classification                                                                                               │
│    ├── GCA_035012925.1_ASM3501292v1_genomic_marker_classification.json (execution parameters)                                                                       │
│    ├── GCA_035012925.1_ASM3501292v1_genomic_features.tsv (sequence feature data: tabular format)                                                                    │
│    ├── GCA_035012925.1_ASM3501292v1_genomic_features.npz (sequence feature data: binary format)                                                                     │
│    ├── GCA_035012925.1_ASM3501292v1_genomic_marker_classification.tsv (sequence classification: tabular format)                                                     │
│    ├── GCA_035012925.1_ASM3501292v1_genomic_marker_classification.npz (sequence classification: binary format)                                                      │
│    ├── GCA_035012925.1_ASM3501292v1_genomic_provirus_features.tsv (provirus feature data: tabular format)                                                           │
│    ├── GCA_035012925.1_ASM3501292v1_genomic_provirus_features.npz (provirus feature data: binary format)                                                            │
│    ├── GCA_035012925.1_ASM3501292v1_genomic_provirus_marker_classification.tsv (provirus classification: tabular format)                                            │
│    └── GCA_035012925.1_ASM3501292v1_genomic_provirus_marker_classification.npz (provirus classification: binary format)                                             │
╰─────────────────────────────────────────────────────────────────────────────────────────────────────────────────────────────────────────────────────────────────────╯
[14:05:31] Executing genomad marker-classification.                                                                                                                    
[14:05:31] Creating the genomad/GCA_035012925.1_ASM3501292v1_genomic_marker_classification directory.                                                                  
[14:05:32] Sequence features computed.                                                                                                                                 
[14:05:32] Sequence features in binary format written to GCA_035012925.1_ASM3501292v1_genomic_features.npz.                                                            
[14:05:32] Sequence features in tabular format written to GCA_035012925.1_ASM3501292v1_genomic_features.tsv.                                                           
[14:05:32] Provirus features computed.                                                                                                                                 
[14:05:32] Provirus features in binary format written to GCA_035012925.1_ASM3501292v1_genomic_provirus_features.npz.                                                   
[14:05:32] Provirus features in tabular format written to GCA_035012925.1_ASM3501292v1_genomic_provirus_features.tsv.                                                  
[14:05:33] Sequences classified.                                                                                                                                       
[14:05:33] Sequence classification in binary format written to GCA_035012925.1_ASM3501292v1_genomic_marker_classification.npz.                                         
[14:05:33] Sequence classification in tabular format written to GCA_035012925.1_ASM3501292v1_genomic_marker_classification.tsv.                                        
[14:05:33] Proviruses classified.                                                                                                                                      
[14:05:33] Provirus classification in binary format written to GCA_035012925.1_ASM3501292v1_genomic_provirus_marker_classification.npz.                                
[14:05:33] Provirus classification in tabular format written to GCA_035012925.1_ASM3501292v1_genomic_provirus_marker_classification.tsv.                               
[14:05:33] geNomad marker-classification finished!                                                                                                                     
