╭──────────────────────────────────────────────────────────────────────────────────────────────────────────────────────────────────────────────────────────╮
│  Executing geNomad find-proviruses (v1.11.1). This will find putative proviral regions within the input sequences.                                       │
│  ──────────────────────────────────────────────────────────────────────────────────────────────────────────────────────────────────────────────────────  │
│  Outputs:                                                                                                                                                │
│    genomad/GCA_040194255.1_ASM4019425v1_genomic_find_proviruses                                                                                          │
│    ├── GCA_040194255.1_ASM4019425v1_genomic_find_proviruses.json (execution parameters)                                                                  │
│    ├── GCA_040194255.1_ASM4019425v1_genomic_provirus.tsv (provirus data)                                                                                 │
│    ├── GCA_040194255.1_ASM4019425v1_genomic_provirus.fna (provirus nucleotide sequences)                                                                 │
│    ├── GCA_040194255.1_ASM4019425v1_genomic_provirus_proteins.faa (provirus protein sequences)                                                           │
│    ├── GCA_040194255.1_ASM4019425v1_genomic_provirus_genes.tsv (provirus gene annotation data)                                                           │
│    ├── GCA_040194255.1_ASM4019425v1_genomic_provirus_taxonomy.tsv (provirus taxonomic assignment)                                                        │
│    ├── GCA_040194255.1_ASM4019425v1_genomic_provirus_mmseqs2.tsv (MMseqs2 output file)                                                                   │
│    └── GCA_040194255.1_ASM4019425v1_genomic_provirus_aragorn.tsv (Aragorn output file)                                                                   │
╰──────────────────────────────────────────────────────────────────────────────────────────────────────────────────────────────────────────────────────────╯
[20:39:56] Executing genomad find-proviruses.                                                                                                               
[20:39:56] Creating the genomad/GCA_040194255.1_ASM4019425v1_genomic_find_proviruses directory.                                                             
[20:39:59] Integrases identified with MMseqs2 and geNomad database (v1.9) were written to GCA_040194255.1_ASM4019425v1_genomic_provirus_mmseqs2.tsv.        
[20:39:59] Deleting GCA_040194255.1_ASM4019425v1_genomic_provirus_mmseqs2.                                                                                  
[20:39:59] Deleting GCA_040194255.1_ASM4019425v1_genomic_provirus_mmseqs2_input.faa.                                                                        
[20:39:59] tRNAs identified with Aragorn were written to GCA_040194255.1_ASM4019425v1_genomic_provirus_aragorn.tsv.                                         
[20:39:59] Deleting GCA_040194255.1_ASM4019425v1_genomic_provirus_aragorn_input.fna.                                                                        
[20:40:00] Provirus regions identified.                                                                                                                     
[20:40:00] Provirus data was written to GCA_040194255.1_ASM4019425v1_genomic_provirus.tsv.                                                                  
[20:40:00] Provirus nucleotide sequences were written to GCA_040194255.1_ASM4019425v1_genomic_provirus.fna.                                                 
[20:40:00] Provirus protein sequences were written to GCA_040194255.1_ASM4019425v1_genomic_provirus_proteins.faa.                                           
[20:40:00] Provirus gene data was written to GCA_040194255.1_ASM4019425v1_genomic_provirus_genes.tsv.                                                       
[20:40:00] Taxonomic assignment data was written to GCA_040194255.1_ASM4019425v1_genomic_provirus_taxonomy.tsv.                                             
[20:40:00] geNomad find-proviruses finished!                                                                                                                
