╭─────────────────────────────────────────────────────────────────────────────────────────────────────────────────────────────────────────────────────────────────────╮
│  Executing geNomad summary (v1.11.1). This will summarize the results across modules into a classification report.                                                  │
│  ─────────────────────────────────────────────────────────────────────────────────────────────────────────────────────────────────────────────────────────────────  │
│  Outputs:                                                                                                                                                           │
│    genomad/GCA_035061275.1_ASM3506127v1_genomic_summary                                                                                                             │
│    ├── GCA_035061275.1_ASM3506127v1_genomic_summary.json (execution parameters)                                                                                     │
│    ├── GCA_035061275.1_ASM3506127v1_genomic_virus_summary.tsv (virus classification summary)                                                                        │
│    ├── GCA_035061275.1_ASM3506127v1_genomic_plasmid_summary.tsv (plasmid classification summary)                                                                    │
│    ├── GCA_035061275.1_ASM3506127v1_genomic_virus.fna (virus nucleotide FASTA file)                                                                                 │
│    ├── GCA_035061275.1_ASM3506127v1_genomic_plasmid.fna (plasmid nucleotide FASTA file)                                                                             │
│    ├── GCA_035061275.1_ASM3506127v1_genomic_virus_proteins.faa (virus protein FASTA file)                                                                           │
│    ├── GCA_035061275.1_ASM3506127v1_genomic_plasmid_proteins.faa (plasmid protein FASTA file)                                                                       │
│    ├── GCA_035061275.1_ASM3506127v1_genomic_virus_genes.tsv (virus gene annotation data)                                                                            │
│    └── GCA_035061275.1_ASM3506127v1_genomic_plasmid_genes.tsv (plasmid gene annotation data)                                                                        │
╰─────────────────────────────────────────────────────────────────────────────────────────────────────────────────────────────────────────────────────────────────────╯
[20:01:48] Executing genomad summary.                                                                                                                                  
[20:01:48] Creating the genomad/GCA_035061275.1_ASM3506127v1_genomic_summary directory.                                                                                
[20:01:48] Using scores from aggregated-classification.                                                                                                                
[20:01:48] 21 plasmid(s) and 7 virus(es) were identified.                                                                                                              
[20:01:48] Nucleotide sequences were written to GCA_035061275.1_ASM3506127v1_genomic_plasmid.fna and GCA_035061275.1_ASM3506127v1_genomic_virus.fna.                   
[20:01:48] Protein sequences were written to GCA_035061275.1_ASM3506127v1_genomic_plasmid_proteins.faa and GCA_035061275.1_ASM3506127v1_genomic_virus_proteins.faa.    
[20:01:48] Gene annotation data was written to GCA_035061275.1_ASM3506127v1_genomic_plasmid_genes.tsv and GCA_035061275.1_ASM3506127v1_genomic_virus_genes.tsv.        
[20:01:48] Summary files were written to GCA_035061275.1_ASM3506127v1_genomic_plasmid_summary.tsv and GCA_035061275.1_ASM3506127v1_genomic_virus_summary.tsv.          
[20:01:48] geNomad summary finished!                                                                                                                                   
