╭─────────────────────────────────────────────────────────────────────────────────────────────────────────────────────────────────────────────────────────────────────╮
│  Executing geNomad summary (v1.11.1). This will summarize the results across modules into a classification report.                                                  │
│  ─────────────────────────────────────────────────────────────────────────────────────────────────────────────────────────────────────────────────────────────────  │
│  Outputs:                                                                                                                                                           │
│    genomad/GCA_035059435.1_ASM3505943v1_genomic_summary                                                                                                             │
│    ├── GCA_035059435.1_ASM3505943v1_genomic_summary.json (execution parameters)                                                                                     │
│    ├── GCA_035059435.1_ASM3505943v1_genomic_virus_summary.tsv (virus classification summary)                                                                        │
│    ├── GCA_035059435.1_ASM3505943v1_genomic_plasmid_summary.tsv (plasmid classification summary)                                                                    │
│    ├── GCA_035059435.1_ASM3505943v1_genomic_virus.fna (virus nucleotide FASTA file)                                                                                 │
│    ├── GCA_035059435.1_ASM3505943v1_genomic_plasmid.fna (plasmid nucleotide FASTA file)                                                                             │
│    ├── GCA_035059435.1_ASM3505943v1_genomic_virus_proteins.faa (virus protein FASTA file)                                                                           │
│    ├── GCA_035059435.1_ASM3505943v1_genomic_plasmid_proteins.faa (plasmid protein FASTA file)                                                                       │
│    ├── GCA_035059435.1_ASM3505943v1_genomic_virus_genes.tsv (virus gene annotation data)                                                                            │
│    └── GCA_035059435.1_ASM3505943v1_genomic_plasmid_genes.tsv (plasmid gene annotation data)                                                                        │
╰─────────────────────────────────────────────────────────────────────────────────────────────────────────────────────────────────────────────────────────────────────╯
[18:29:46] Executing genomad summary.                                                                                                                                  
[18:29:46] Creating the genomad/GCA_035059435.1_ASM3505943v1_genomic_summary directory.                                                                                
[18:29:46] Using scores from aggregated-classification.                                                                                                                
[18:29:46] 9 plasmid(s) and 2 virus(es) were identified.                                                                                                               
[18:29:46] Nucleotide sequences were written to GCA_035059435.1_ASM3505943v1_genomic_plasmid.fna and GCA_035059435.1_ASM3505943v1_genomic_virus.fna.                   
[18:29:46] Protein sequences were written to GCA_035059435.1_ASM3505943v1_genomic_plasmid_proteins.faa and GCA_035059435.1_ASM3505943v1_genomic_virus_proteins.faa.    
[18:29:46] Gene annotation data was written to GCA_035059435.1_ASM3505943v1_genomic_plasmid_genes.tsv and GCA_035059435.1_ASM3505943v1_genomic_virus_genes.tsv.        
[18:29:46] Summary files were written to GCA_035059435.1_ASM3505943v1_genomic_plasmid_summary.tsv and GCA_035059435.1_ASM3505943v1_genomic_virus_summary.tsv.          
[18:29:46] geNomad summary finished!                                                                                                                                   
