╭─────────────────────────────────────────────────────────────────────────────────────────────────────────────────────────────────────────────────────────────────────╮
│  Executing geNomad nn-classification (v1.11.1). This will classify the input sequences into chromosome, plasmid, or virus based on the nucleotide sequence.         │
│  ─────────────────────────────────────────────────────────────────────────────────────────────────────────────────────────────────────────────────────────────────  │
│  Outputs:                                                                                                                                                           │
│    genomad/GCA_040192675.1_ASM4019267v1_genomic_nn_classification                                                                                                   │
│    ├── GCA_040192675.1_ASM4019267v1_genomic_nn_classification.json (execution parameters)                                                                           │
│    ├── GCA_040192675.1_ASM4019267v1_genomic_encoded_sequences (directory containing encoded sequence data)                                                          │
│    ├── GCA_040192675.1_ASM4019267v1_genomic_nn_classification.tsv (contig classification: tabular format)                                                           │
│    ├── GCA_040192675.1_ASM4019267v1_genomic_nn_classification.npz (contig classification: binary format)                                                            │
│    ├── GCA_040192675.1_ASM4019267v1_genomic_encoded_proviruses (directory containing encoded sequence data)                                                         │
│    ├── GCA_040192675.1_ASM4019267v1_genomic_provirus_nn_classification.tsv (provirus classification: tabular format)                                                │
│    └── GCA_040192675.1_ASM4019267v1_genomic_provirus_nn_classification.npz (provirus classification: binary format)                                                 │
╰─────────────────────────────────────────────────────────────────────────────────────────────────────────────────────────────────────────────────────────────────────╯
[20:07:11] Executing genomad nn-classification.                                                                                                                        
[20:07:11] Creating the genomad/GCA_040192675.1_ASM4019267v1_genomic_nn_classification directory.                                                                      
[20:07:11] Creating the genomad/GCA_040192675.1_ASM4019267v1_genomic_nn_classification/GCA_040192675.1_ASM4019267v1_genomic_encoded_sequences directory.               
[20:07:12] Encoded sequence data written to GCA_040192675.1_ASM4019267v1_genomic_encoded_sequences.                                                                    
[20:07:12] Creating the genomad/GCA_040192675.1_ASM4019267v1_genomic_nn_classification/GCA_040192675.1_ASM4019267v1_genomic_encoded_proviruses directory.              
[20:07:12] Encoded provirus data written to GCA_040192675.1_ASM4019267v1_genomic_encoded_proviruses.                                                                   
[20:07:20] Sequences classified.                                                                                                                                       
[20:07:20] Sequence classification in binary format written to GCA_040192675.1_ASM4019267v1_genomic_nn_classification.npz.                                             
[20:07:20] Deleting encoded sequence data.                                                                                                                             
[20:07:20] Sequence classification in tabular format written to GCA_040192675.1_ASM4019267v1_genomic_nn_classification.tsv.                                            
[20:07:23] Proviruses classified.                                                                                                                                      
[20:07:23] Provirus classification in binary format written to GCA_040192675.1_ASM4019267v1_genomic_provirus_nn_classification.npz.                                    
[20:07:23] Deleting encoded provirus data.                                                                                                                             
[20:07:23] Provirus classification in tabular format written to GCA_040192675.1_ASM4019267v1_genomic_provirus_nn_classification.tsv.                                   
[20:07:23] geNomad nn-classification finished!                                                                                                                         
