╭──────────────────────────────────────────────────────────────────────────────────────────────────────────────────────────────────────────────────────────╮
│  Executing geNomad summary (v1.11.1). This will summarize the results across modules into a classification report.                                       │
│  ──────────────────────────────────────────────────────────────────────────────────────────────────────────────────────────────────────────────────────  │
│  Outputs:                                                                                                                                                │
│    genomad/GCA_041889105.1_ASM4188910v1_genomic_summary                                                                                                  │
│    ├── GCA_041889105.1_ASM4188910v1_genomic_summary.json (execution parameters)                                                                          │
│    ├── GCA_041889105.1_ASM4188910v1_genomic_virus_summary.tsv (virus classification summary)                                                             │
│    ├── GCA_041889105.1_ASM4188910v1_genomic_plasmid_summary.tsv (plasmid classification summary)                                                         │
│    ├── GCA_041889105.1_ASM4188910v1_genomic_virus.fna (virus nucleotide FASTA file)                                                                      │
│    ├── GCA_041889105.1_ASM4188910v1_genomic_plasmid.fna (plasmid nucleotide FASTA file)                                                                  │
│    ├── GCA_041889105.1_ASM4188910v1_genomic_virus_proteins.faa (virus protein FASTA file)                                                                │
│    ├── GCA_041889105.1_ASM4188910v1_genomic_plasmid_proteins.faa (plasmid protein FASTA file)                                                            │
│    ├── GCA_041889105.1_ASM4188910v1_genomic_virus_genes.tsv (virus gene annotation data)                                                                 │
│    └── GCA_041889105.1_ASM4188910v1_genomic_plasmid_genes.tsv (plasmid gene annotation data)                                                             │
╰──────────────────────────────────────────────────────────────────────────────────────────────────────────────────────────────────────────────────────────╯
[20:46:53] Executing genomad summary.                                                                                                                       
[20:46:53] Creating the genomad/GCA_041889105.1_ASM4188910v1_genomic_summary directory.                                                                     
[20:46:53] Using scores from aggregated-classification.                                                                                                     
[20:46:53] 0 plasmid(s) and 0 virus(es) were identified.                                                                                                    
[20:46:53] Nucleotide sequences were written to GCA_041889105.1_ASM4188910v1_genomic_plasmid.fna and GCA_041889105.1_ASM4188910v1_genomic_virus.fna.        
[20:46:53] Protein sequences were written to GCA_041889105.1_ASM4188910v1_genomic_plasmid_proteins.faa and                                                  
           GCA_041889105.1_ASM4188910v1_genomic_virus_proteins.faa.                                                                                         
[20:46:53] Gene annotation data was written to GCA_041889105.1_ASM4188910v1_genomic_plasmid_genes.tsv and                                                   
           GCA_041889105.1_ASM4188910v1_genomic_virus_genes.tsv.                                                                                            
[20:46:53] Summary files were written to GCA_041889105.1_ASM4188910v1_genomic_plasmid_summary.tsv and                                                       
           GCA_041889105.1_ASM4188910v1_genomic_virus_summary.tsv.                                                                                          
[20:46:53] geNomad summary finished!                                                                                                                        
