╭─────────────────────────────────────────────────────────────────────────────────────────────────────────────────────────────────────────────────────────────────────╮
│  Executing geNomad find-proviruses (v1.11.1). This will find putative proviral regions within the input sequences.                                                  │
│  ─────────────────────────────────────────────────────────────────────────────────────────────────────────────────────────────────────────────────────────────────  │
│  Outputs:                                                                                                                                                           │
│    genomad/GCA_035023885.1_ASM3502388v1_genomic_find_proviruses                                                                                                     │
│    ├── GCA_035023885.1_ASM3502388v1_genomic_find_proviruses.json (execution parameters)                                                                             │
│    ├── GCA_035023885.1_ASM3502388v1_genomic_provirus.tsv (provirus data)                                                                                            │
│    ├── GCA_035023885.1_ASM3502388v1_genomic_provirus.fna (provirus nucleotide sequences)                                                                            │
│    ├── GCA_035023885.1_ASM3502388v1_genomic_provirus_proteins.faa (provirus protein sequences)                                                                      │
│    ├── GCA_035023885.1_ASM3502388v1_genomic_provirus_genes.tsv (provirus gene annotation data)                                                                      │
│    ├── GCA_035023885.1_ASM3502388v1_genomic_provirus_taxonomy.tsv (provirus taxonomic assignment)                                                                   │
│    ├── GCA_035023885.1_ASM3502388v1_genomic_provirus_mmseqs2.tsv (MMseqs2 output file)                                                                              │
│    └── GCA_035023885.1_ASM3502388v1_genomic_provirus_aragorn.tsv (Aragorn output file)                                                                              │
╰─────────────────────────────────────────────────────────────────────────────────────────────────────────────────────────────────────────────────────────────────────╯
[14:55:12] Executing genomad find-proviruses.                                                                                                                          
[14:55:12] Creating the genomad/GCA_035023885.1_ASM3502388v1_genomic_find_proviruses directory.                                                                        
[14:55:15] Integrases identified with MMseqs2 and geNomad database (v1.9) were written to GCA_035023885.1_ASM3502388v1_genomic_provirus_mmseqs2.tsv.                   
[14:55:15] Deleting GCA_035023885.1_ASM3502388v1_genomic_provirus_mmseqs2.                                                                                             
[14:55:15] Deleting GCA_035023885.1_ASM3502388v1_genomic_provirus_mmseqs2_input.faa.                                                                                   
[14:55:16] tRNAs identified with Aragorn were written to GCA_035023885.1_ASM3502388v1_genomic_provirus_aragorn.tsv.                                                    
[14:55:16] Deleting GCA_035023885.1_ASM3502388v1_genomic_provirus_aragorn_input.fna.                                                                                   
[14:55:17] Provirus regions identified.                                                                                                                                
[14:55:17] Provirus data was written to GCA_035023885.1_ASM3502388v1_genomic_provirus.tsv.                                                                             
[14:55:17] Provirus nucleotide sequences were written to GCA_035023885.1_ASM3502388v1_genomic_provirus.fna.                                                            
[14:55:17] Provirus protein sequences were written to GCA_035023885.1_ASM3502388v1_genomic_provirus_proteins.faa.                                                      
[14:55:17] Provirus gene data was written to GCA_035023885.1_ASM3502388v1_genomic_provirus_genes.tsv.                                                                  
[14:55:17] Taxonomic assignment data was written to GCA_035023885.1_ASM3502388v1_genomic_provirus_taxonomy.tsv.                                                        
[14:55:17] geNomad find-proviruses finished!                                                                                                                           
