╭────────────────────────────────────────────────────────────────────────────────────────────────────────────────────────────────────────────────────────────────────────────────────────────────────────────╮
│  Executing geNomad summary (v1.11.1). This will summarize the results across modules into a classification report.                                                                                         │
│  ────────────────────────────────────────────────────────────────────────────────────────────────────────────────────────────────────────────────────────────────────────────────────────────────────────  │
│  Outputs:                                                                                                                                                                                                  │
│    genomad/GCA_034552495.1_ASM3455249v1_genomic_summary                                                                                                                                                    │
│    ├── GCA_034552495.1_ASM3455249v1_genomic_summary.json (execution parameters)                                                                                                                            │
│    ├── GCA_034552495.1_ASM3455249v1_genomic_virus_summary.tsv (virus classification summary)                                                                                                               │
│    ├── GCA_034552495.1_ASM3455249v1_genomic_plasmid_summary.tsv (plasmid classification summary)                                                                                                           │
│    ├── GCA_034552495.1_ASM3455249v1_genomic_virus.fna (virus nucleotide FASTA file)                                                                                                                        │
│    ├── GCA_034552495.1_ASM3455249v1_genomic_plasmid.fna (plasmid nucleotide FASTA file)                                                                                                                    │
│    ├── GCA_034552495.1_ASM3455249v1_genomic_virus_proteins.faa (virus protein FASTA file)                                                                                                                  │
│    ├── GCA_034552495.1_ASM3455249v1_genomic_plasmid_proteins.faa (plasmid protein FASTA file)                                                                                                              │
│    ├── GCA_034552495.1_ASM3455249v1_genomic_virus_genes.tsv (virus gene annotation data)                                                                                                                   │
│    └── GCA_034552495.1_ASM3455249v1_genomic_plasmid_genes.tsv (plasmid gene annotation data)                                                                                                               │
╰────────────────────────────────────────────────────────────────────────────────────────────────────────────────────────────────────────────────────────────────────────────────────────────────────────────╯
[12:30:33] Executing genomad summary.                                                                                                                                                                         
[12:30:33] Creating the genomad/GCA_034552495.1_ASM3455249v1_genomic_summary directory.                                                                                                                       
[12:30:33] Using scores from aggregated-classification.                                                                                                                                                       
[12:30:33] 11 plasmid(s) and 5 virus(es) were identified.                                                                                                                                                     
[12:30:33] Nucleotide sequences were written to GCA_034552495.1_ASM3455249v1_genomic_plasmid.fna and GCA_034552495.1_ASM3455249v1_genomic_virus.fna.                                                          
[12:30:33] Protein sequences were written to GCA_034552495.1_ASM3455249v1_genomic_plasmid_proteins.faa and GCA_034552495.1_ASM3455249v1_genomic_virus_proteins.faa.                                           
[12:30:33] Gene annotation data was written to GCA_034552495.1_ASM3455249v1_genomic_plasmid_genes.tsv and GCA_034552495.1_ASM3455249v1_genomic_virus_genes.tsv.                                               
[12:30:33] Summary files were written to GCA_034552495.1_ASM3455249v1_genomic_plasmid_summary.tsv and GCA_034552495.1_ASM3455249v1_genomic_virus_summary.tsv.                                                 
[12:30:33] geNomad summary finished!                                                                                                                                                                          
