╭─────────────────────────────────────────────────────────────────────────────────────────────────────────────────────────────────────────────────────────────────────╮
│  Executing geNomad summary (v1.11.1). This will summarize the results across modules into a classification report.                                                  │
│  ─────────────────────────────────────────────────────────────────────────────────────────────────────────────────────────────────────────────────────────────────  │
│  Outputs:                                                                                                                                                           │
│    genomad/GCA_035058355.1_ASM3505835v1_genomic_summary                                                                                                             │
│    ├── GCA_035058355.1_ASM3505835v1_genomic_summary.json (execution parameters)                                                                                     │
│    ├── GCA_035058355.1_ASM3505835v1_genomic_virus_summary.tsv (virus classification summary)                                                                        │
│    ├── GCA_035058355.1_ASM3505835v1_genomic_plasmid_summary.tsv (plasmid classification summary)                                                                    │
│    ├── GCA_035058355.1_ASM3505835v1_genomic_virus.fna (virus nucleotide FASTA file)                                                                                 │
│    ├── GCA_035058355.1_ASM3505835v1_genomic_plasmid.fna (plasmid nucleotide FASTA file)                                                                             │
│    ├── GCA_035058355.1_ASM3505835v1_genomic_virus_proteins.faa (virus protein FASTA file)                                                                           │
│    ├── GCA_035058355.1_ASM3505835v1_genomic_plasmid_proteins.faa (plasmid protein FASTA file)                                                                       │
│    ├── GCA_035058355.1_ASM3505835v1_genomic_virus_genes.tsv (virus gene annotation data)                                                                            │
│    └── GCA_035058355.1_ASM3505835v1_genomic_plasmid_genes.tsv (plasmid gene annotation data)                                                                        │
╰─────────────────────────────────────────────────────────────────────────────────────────────────────────────────────────────────────────────────────────────────────╯
[17:53:20] Executing genomad summary.                                                                                                                                  
[17:53:20] Creating the genomad/GCA_035058355.1_ASM3505835v1_genomic_summary directory.                                                                                
[17:53:20] Using scores from aggregated-classification.                                                                                                                
[17:53:20] 16 plasmid(s) and 7 virus(es) were identified.                                                                                                              
[17:53:20] Nucleotide sequences were written to GCA_035058355.1_ASM3505835v1_genomic_plasmid.fna and GCA_035058355.1_ASM3505835v1_genomic_virus.fna.                   
[17:53:20] Protein sequences were written to GCA_035058355.1_ASM3505835v1_genomic_plasmid_proteins.faa and GCA_035058355.1_ASM3505835v1_genomic_virus_proteins.faa.    
[17:53:20] Gene annotation data was written to GCA_035058355.1_ASM3505835v1_genomic_plasmid_genes.tsv and GCA_035058355.1_ASM3505835v1_genomic_virus_genes.tsv.        
[17:53:20] Summary files were written to GCA_035058355.1_ASM3505835v1_genomic_plasmid_summary.tsv and GCA_035058355.1_ASM3505835v1_genomic_virus_summary.tsv.          
[17:53:20] geNomad summary finished!                                                                                                                                   
