╭─────────────────────────────────────────────────────────────────────────────────────────────────────────────────────────────────────────────────────────────────────╮
│  Executing geNomad marker-classification (v1.11.1). This will classify the input sequences into chromosome, plasmid, or virus based on the presence of geNomad      │
│  markers and other gene-related features.                                                                                                                           │
│  ─────────────────────────────────────────────────────────────────────────────────────────────────────────────────────────────────────────────────────────────────  │
│  Outputs:                                                                                                                                                           │
│    genomad/GCA_035059395.2_ASM3505939v2_genomic_marker_classification                                                                                               │
│    ├── GCA_035059395.2_ASM3505939v2_genomic_marker_classification.json (execution parameters)                                                                       │
│    ├── GCA_035059395.2_ASM3505939v2_genomic_features.tsv (sequence feature data: tabular format)                                                                    │
│    ├── GCA_035059395.2_ASM3505939v2_genomic_features.npz (sequence feature data: binary format)                                                                     │
│    ├── GCA_035059395.2_ASM3505939v2_genomic_marker_classification.tsv (sequence classification: tabular format)                                                     │
│    ├── GCA_035059395.2_ASM3505939v2_genomic_marker_classification.npz (sequence classification: binary format)                                                      │
│    ├── GCA_035059395.2_ASM3505939v2_genomic_provirus_features.tsv (provirus feature data: tabular format)                                                           │
│    ├── GCA_035059395.2_ASM3505939v2_genomic_provirus_features.npz (provirus feature data: binary format)                                                            │
│    ├── GCA_035059395.2_ASM3505939v2_genomic_provirus_marker_classification.tsv (provirus classification: tabular format)                                            │
│    └── GCA_035059395.2_ASM3505939v2_genomic_provirus_marker_classification.npz (provirus classification: binary format)                                             │
╰─────────────────────────────────────────────────────────────────────────────────────────────────────────────────────────────────────────────────────────────────────╯
[18:26:37] Executing genomad marker-classification.                                                                                                                    
[18:26:37] Creating the genomad/GCA_035059395.2_ASM3505939v2_genomic_marker_classification directory.                                                                  
[18:26:38] Sequence features computed.                                                                                                                                 
[18:26:38] Sequence features in binary format written to GCA_035059395.2_ASM3505939v2_genomic_features.npz.                                                            
[18:26:38] Sequence features in tabular format written to GCA_035059395.2_ASM3505939v2_genomic_features.tsv.                                                           
[18:26:38] Provirus features computed.                                                                                                                                 
[18:26:38] Provirus features in binary format written to GCA_035059395.2_ASM3505939v2_genomic_provirus_features.npz.                                                   
[18:26:38] Provirus features in tabular format written to GCA_035059395.2_ASM3505939v2_genomic_provirus_features.tsv.                                                  
[18:26:38] Sequences classified.                                                                                                                                       
[18:26:38] Sequence classification in binary format written to GCA_035059395.2_ASM3505939v2_genomic_marker_classification.npz.                                         
[18:26:38] Sequence classification in tabular format written to GCA_035059395.2_ASM3505939v2_genomic_marker_classification.tsv.                                        
[18:26:39] Proviruses classified.                                                                                                                                      
[18:26:39] Provirus classification in binary format written to GCA_035059395.2_ASM3505939v2_genomic_provirus_marker_classification.npz.                                
[18:26:39] Provirus classification in tabular format written to GCA_035059395.2_ASM3505939v2_genomic_provirus_marker_classification.tsv.                               
[18:26:39] geNomad marker-classification finished!                                                                                                                     
