╭──────────────────────────────────────────────────────────────────────────────────────────────────────────────────────────────────────────────────────────╮
│  Executing geNomad annotate (v1.11.1). This will perform gene calling in the input sequences and annotate the predicted proteins with geNomad's          │
│  markers.                                                                                                                                                │
│  ──────────────────────────────────────────────────────────────────────────────────────────────────────────────────────────────────────────────────────  │
│  Outputs:                                                                                                                                                │
│    genomad/GCA_041889105.1_ASM4188910v1_genomic_annotate                                                                                                 │
│    ├── GCA_041889105.1_ASM4188910v1_genomic_annotate.json (execution parameters)                                                                         │
│    ├── GCA_041889105.1_ASM4188910v1_genomic_genes.tsv (gene annotation data)                                                                             │
│    ├── GCA_041889105.1_ASM4188910v1_genomic_taxonomy.tsv (taxonomic assignment)                                                                          │
│    ├── GCA_041889105.1_ASM4188910v1_genomic_mmseqs2.tsv (MMseqs2 output file)                                                                            │
│    └── GCA_041889105.1_ASM4188910v1_genomic_proteins.faa (protein FASTA file)                                                                            │
╰──────────────────────────────────────────────────────────────────────────────────────────────────────────────────────────────────────────────────────────╯
[20:44:59] Executing genomad annotate.                                                                                                                      
[20:44:59] Creating the genomad/GCA_041889105.1_ASM4188910v1_genomic_annotate directory.                                                                    
[20:45:19] Proteins predicted with pyrodigal-gv were written to GCA_041889105.1_ASM4188910v1_genomic_proteins.faa.                                          
[20:46:18] Proteins annotated with MMseqs2 and geNomad database (v1.9) were written to GCA_041889105.1_ASM4188910v1_genomic_mmseqs2.tsv.                    
[20:46:18] Deleting GCA_041889105.1_ASM4188910v1_genomic_mmseqs2.                                                                                           
[20:46:18] Gene data was written to GCA_041889105.1_ASM4188910v1_genomic_genes.tsv.                                                                         
[20:46:18] Taxonomic assignment data was written to GCA_041889105.1_ASM4188910v1_genomic_taxonomy.tsv.                                                      
[20:46:18] geNomad annotate finished!                                                                                                                       
