╭──────────────────────────────────────────────────────────────────────────────────────────────────────────────────────────────────────────────────────────╮
│  Executing geNomad aggregated-classification (v1.11.1). This will aggregate the results of the marker-classification and nn-classification modules to    │
│  classify the input sequences into chromosome, plasmid, or virus.                                                                                        │
│  ──────────────────────────────────────────────────────────────────────────────────────────────────────────────────────────────────────────────────────  │
│  Outputs:                                                                                                                                                │
│    genomad/GCA_047458835.1_ASM4745883v1_genomic_aggregated_classification                                                                                │
│    ├── GCA_047458835.1_ASM4745883v1_genomic_aggregated_classification.json (execution parameters)                                                        │
│    ├── GCA_047458835.1_ASM4745883v1_genomic_aggregated_classification.tsv (sequence classification: tabular format)                                      │
│    ├── GCA_047458835.1_ASM4745883v1_genomic_aggregated_classification.npz (sequence classification: binary format)                                       │
│    ├── GCA_047458835.1_ASM4745883v1_genomic_provirus_aggregated_classification.tsv (provirus classification: tabular format)                             │
│    └── GCA_047458835.1_ASM4745883v1_genomic_provirus_aggregated_classification.npz (provirus classification: binary format)                              │
╰──────────────────────────────────────────────────────────────────────────────────────────────────────────────────────────────────────────────────────────╯
[20:55:16] Executing genomad aggregated-classification.                                                                                                     
[20:55:16] Creating the genomad/GCA_047458835.1_ASM4745883v1_genomic_aggregated_classification directory.                                                   
[20:55:16] The total marker frequencies of the input sequences were computed.                                                                               
[20:55:16] Sequences classified.                                                                                                                            
[20:55:16] Sequence classification in binary format written to GCA_047458835.1_ASM4745883v1_genomic_aggregated_classification.npz.                          
[20:55:16] Sequence classification in tabular format written to GCA_047458835.1_ASM4745883v1_genomic_aggregated_classification.tsv.                         
[20:55:16] Proviruses classified.                                                                                                                           
[20:55:16] Provirus classification in binary format written to GCA_047458835.1_ASM4745883v1_genomic_provirus_aggregated_classification.npz.                 
[20:55:16] Provirus classification in tabular format written to GCA_047458835.1_ASM4745883v1_genomic_provirus_aggregated_classification.tsv.                
[20:55:16] geNomad aggregated-classification finished!                                                                                                      
