╭─────────────────────────────────────────────────────────────────────────────────────────────────────────────────────────────────────────────────────────────────────╮
│  Executing geNomad nn-classification (v1.11.1). This will classify the input sequences into chromosome, plasmid, or virus based on the nucleotide sequence.         │
│  ─────────────────────────────────────────────────────────────────────────────────────────────────────────────────────────────────────────────────────────────────  │
│  Outputs:                                                                                                                                                           │
│    genomad/GCA_035027425.1_ASM3502742v1_genomic_nn_classification                                                                                                   │
│    ├── GCA_035027425.1_ASM3502742v1_genomic_nn_classification.json (execution parameters)                                                                           │
│    ├── GCA_035027425.1_ASM3502742v1_genomic_encoded_sequences (directory containing encoded sequence data)                                                          │
│    ├── GCA_035027425.1_ASM3502742v1_genomic_nn_classification.tsv (contig classification: tabular format)                                                           │
│    ├── GCA_035027425.1_ASM3502742v1_genomic_nn_classification.npz (contig classification: binary format)                                                            │
│    ├── GCA_035027425.1_ASM3502742v1_genomic_encoded_proviruses (directory containing encoded sequence data)                                                         │
│    ├── GCA_035027425.1_ASM3502742v1_genomic_provirus_nn_classification.tsv (provirus classification: tabular format)                                                │
│    └── GCA_035027425.1_ASM3502742v1_genomic_provirus_nn_classification.npz (provirus classification: binary format)                                                 │
╰─────────────────────────────────────────────────────────────────────────────────────────────────────────────────────────────────────────────────────────────────────╯
[17:37:50] Executing genomad nn-classification.                                                                                                                        
[17:37:50] Creating the genomad/GCA_035027425.1_ASM3502742v1_genomic_nn_classification directory.                                                                      
[17:37:50] Creating the genomad/GCA_035027425.1_ASM3502742v1_genomic_nn_classification/GCA_035027425.1_ASM3502742v1_genomic_encoded_sequences directory.               
[17:37:50] Encoded sequence data written to GCA_035027425.1_ASM3502742v1_genomic_encoded_sequences.                                                                    
[17:37:50] Creating the genomad/GCA_035027425.1_ASM3502742v1_genomic_nn_classification/GCA_035027425.1_ASM3502742v1_genomic_encoded_proviruses directory.              
[17:37:50] Encoded provirus data written to GCA_035027425.1_ASM3502742v1_genomic_encoded_proviruses.                                                                   
[17:37:57] Sequences classified.                                                                                                                                       
[17:37:57] Sequence classification in binary format written to GCA_035027425.1_ASM3502742v1_genomic_nn_classification.npz.                                             
[17:37:57] Deleting encoded sequence data.                                                                                                                             
[17:37:57] Sequence classification in tabular format written to GCA_035027425.1_ASM3502742v1_genomic_nn_classification.tsv.                                            
[17:37:59] Proviruses classified.                                                                                                                                      
[17:37:59] Provirus classification in binary format written to GCA_035027425.1_ASM3502742v1_genomic_provirus_nn_classification.npz.                                    
[17:37:59] Deleting encoded provirus data.                                                                                                                             
[17:37:59] Provirus classification in tabular format written to GCA_035027425.1_ASM3502742v1_genomic_provirus_nn_classification.tsv.                                   
[17:37:59] geNomad nn-classification finished!                                                                                                                         
