╭─────────────────────────────────────────────────────────────────────────────────────────────────────────────────────────────────────────────────────────────────────╮
│  Executing geNomad nn-classification (v1.11.1). This will classify the input sequences into chromosome, plasmid, or virus based on the nucleotide sequence.         │
│  ─────────────────────────────────────────────────────────────────────────────────────────────────────────────────────────────────────────────────────────────────  │
│  Outputs:                                                                                                                                                           │
│    genomad/GCA_035061355.1_ASM3506135v1_genomic_nn_classification                                                                                                   │
│    ├── GCA_035061355.1_ASM3506135v1_genomic_nn_classification.json (execution parameters)                                                                           │
│    ├── GCA_035061355.1_ASM3506135v1_genomic_encoded_sequences (directory containing encoded sequence data)                                                          │
│    ├── GCA_035061355.1_ASM3506135v1_genomic_nn_classification.tsv (contig classification: tabular format)                                                           │
│    ├── GCA_035061355.1_ASM3506135v1_genomic_nn_classification.npz (contig classification: binary format)                                                            │
│    ├── GCA_035061355.1_ASM3506135v1_genomic_encoded_proviruses (directory containing encoded sequence data)                                                         │
│    ├── GCA_035061355.1_ASM3506135v1_genomic_provirus_nn_classification.tsv (provirus classification: tabular format)                                                │
│    └── GCA_035061355.1_ASM3506135v1_genomic_provirus_nn_classification.npz (provirus classification: binary format)                                                 │
╰─────────────────────────────────────────────────────────────────────────────────────────────────────────────────────────────────────────────────────────────────────╯
[20:04:25] Executing genomad nn-classification.                                                                                                                        
[20:04:25] Creating the genomad/GCA_035061355.1_ASM3506135v1_genomic_nn_classification directory.                                                                      
[20:04:25] Creating the genomad/GCA_035061355.1_ASM3506135v1_genomic_nn_classification/GCA_035061355.1_ASM3506135v1_genomic_encoded_sequences directory.               
[20:04:26] Encoded sequence data written to GCA_035061355.1_ASM3506135v1_genomic_encoded_sequences.                                                                    
[20:04:26] Creating the genomad/GCA_035061355.1_ASM3506135v1_genomic_nn_classification/GCA_035061355.1_ASM3506135v1_genomic_encoded_proviruses directory.              
[20:04:26] Encoded provirus data written to GCA_035061355.1_ASM3506135v1_genomic_encoded_proviruses.                                                                   
[20:04:34] Sequences classified.                                                                                                                                       
[20:04:34] Sequence classification in binary format written to GCA_035061355.1_ASM3506135v1_genomic_nn_classification.npz.                                             
[20:04:34] Deleting encoded sequence data.                                                                                                                             
[20:04:34] Sequence classification in tabular format written to GCA_035061355.1_ASM3506135v1_genomic_nn_classification.tsv.                                            
[20:04:37] Proviruses classified.                                                                                                                                      
[20:04:37] Provirus classification in binary format written to GCA_035061355.1_ASM3506135v1_genomic_provirus_nn_classification.npz.                                    
[20:04:37] Deleting encoded provirus data.                                                                                                                             
[20:04:37] Provirus classification in tabular format written to GCA_035061355.1_ASM3506135v1_genomic_provirus_nn_classification.tsv.                                   
[20:04:37] geNomad nn-classification finished!                                                                                                                         
