╭─────────────────────────────────────────────────────────────────────────────────────────────────────────────────────────────────────────────────────────────────────╮
│  Executing geNomad marker-classification (v1.11.1). This will classify the input sequences into chromosome, plasmid, or virus based on the presence of geNomad      │
│  markers and other gene-related features.                                                                                                                           │
│  ─────────────────────────────────────────────────────────────────────────────────────────────────────────────────────────────────────────────────────────────────  │
│  Outputs:                                                                                                                                                           │
│    genomad/GCA_040194015.1_ASM4019401v1_genomic_marker_classification                                                                                               │
│    ├── GCA_040194015.1_ASM4019401v1_genomic_marker_classification.json (execution parameters)                                                                       │
│    ├── GCA_040194015.1_ASM4019401v1_genomic_features.tsv (sequence feature data: tabular format)                                                                    │
│    ├── GCA_040194015.1_ASM4019401v1_genomic_features.npz (sequence feature data: binary format)                                                                     │
│    ├── GCA_040194015.1_ASM4019401v1_genomic_marker_classification.tsv (sequence classification: tabular format)                                                     │
│    └── GCA_040194015.1_ASM4019401v1_genomic_marker_classification.npz (sequence classification: binary format)                                                      │
╰─────────────────────────────────────────────────────────────────────────────────────────────────────────────────────────────────────────────────────────────────────╯
[20:28:26] Executing genomad marker-classification.                                                                                                                    
[20:28:26] Creating the genomad/GCA_040194015.1_ASM4019401v1_genomic_marker_classification directory.                                                                  
[20:28:27] Sequence features computed.                                                                                                                                 
[20:28:27] Sequence features in binary format written to GCA_040194015.1_ASM4019401v1_genomic_features.npz.                                                            
[20:28:27] Sequence features in tabular format written to GCA_040194015.1_ASM4019401v1_genomic_features.tsv.                                                           
[20:28:27] Sequences classified.                                                                                                                                       
[20:28:27] Sequence classification in binary format written to GCA_040194015.1_ASM4019401v1_genomic_marker_classification.npz.                                         
[20:28:27] Sequence classification in tabular format written to GCA_040194015.1_ASM4019401v1_genomic_marker_classification.tsv.                                        
[20:28:27] geNomad marker-classification finished!                                                                                                                     
