╭─────────────────────────────────────────────────────────────────────────────────────────────────────────────────────────────────────────────────────────────────────╮
│  Executing geNomad nn-classification (v1.11.1). This will classify the input sequences into chromosome, plasmid, or virus based on the nucleotide sequence.         │
│  ─────────────────────────────────────────────────────────────────────────────────────────────────────────────────────────────────────────────────────────────────  │
│  Outputs:                                                                                                                                                           │
│    genomad/GCA_035025165.1_ASM3502516v1_genomic_nn_classification                                                                                                   │
│    ├── GCA_035025165.1_ASM3502516v1_genomic_nn_classification.json (execution parameters)                                                                           │
│    ├── GCA_035025165.1_ASM3502516v1_genomic_encoded_sequences (directory containing encoded sequence data)                                                          │
│    ├── GCA_035025165.1_ASM3502516v1_genomic_nn_classification.tsv (contig classification: tabular format)                                                           │
│    ├── GCA_035025165.1_ASM3502516v1_genomic_nn_classification.npz (contig classification: binary format)                                                            │
│    ├── GCA_035025165.1_ASM3502516v1_genomic_encoded_proviruses (directory containing encoded sequence data)                                                         │
│    ├── GCA_035025165.1_ASM3502516v1_genomic_provirus_nn_classification.tsv (provirus classification: tabular format)                                                │
│    └── GCA_035025165.1_ASM3502516v1_genomic_provirus_nn_classification.npz (provirus classification: binary format)                                                 │
╰─────────────────────────────────────────────────────────────────────────────────────────────────────────────────────────────────────────────────────────────────────╯
[15:06:37] Executing genomad nn-classification.                                                                                                                        
[15:06:37] Creating the genomad/GCA_035025165.1_ASM3502516v1_genomic_nn_classification directory.                                                                      
[15:06:37] Creating the genomad/GCA_035025165.1_ASM3502516v1_genomic_nn_classification/GCA_035025165.1_ASM3502516v1_genomic_encoded_sequences directory.               
[15:06:38] Encoded sequence data written to GCA_035025165.1_ASM3502516v1_genomic_encoded_sequences.                                                                    
[15:06:38] Creating the genomad/GCA_035025165.1_ASM3502516v1_genomic_nn_classification/GCA_035025165.1_ASM3502516v1_genomic_encoded_proviruses directory.              
[15:06:38] Encoded provirus data written to GCA_035025165.1_ASM3502516v1_genomic_encoded_proviruses.                                                                   
[15:06:45] Sequences classified.                                                                                                                                       
[15:06:45] Sequence classification in binary format written to GCA_035025165.1_ASM3502516v1_genomic_nn_classification.npz.                                             
[15:06:45] Deleting encoded sequence data.                                                                                                                             
[15:06:45] Sequence classification in tabular format written to GCA_035025165.1_ASM3502516v1_genomic_nn_classification.tsv.                                            
[15:06:48] Proviruses classified.                                                                                                                                      
[15:06:48] Provirus classification in binary format written to GCA_035025165.1_ASM3502516v1_genomic_provirus_nn_classification.npz.                                    
[15:06:48] Deleting encoded provirus data.                                                                                                                             
[15:06:48] Provirus classification in tabular format written to GCA_035025165.1_ASM3502516v1_genomic_provirus_nn_classification.tsv.                                   
[15:06:48] geNomad nn-classification finished!                                                                                                                         
