╭────────────────────────────────────────────────────────────────────────────────────────────────────────────────────────────────────────────────────────────────────────────────────────────────────────────╮
│  Executing geNomad aggregated-classification (v1.11.1). This will aggregate the results of the marker-classification and nn-classification modules to classify the input sequences into chromosome,        │
│  plasmid, or virus.                                                                                                                                                                                        │
│  ────────────────────────────────────────────────────────────────────────────────────────────────────────────────────────────────────────────────────────────────────────────────────────────────────────  │
│  Outputs:                                                                                                                                                                                                  │
│    genomad/GCA_034552715.1_ASM3455271v1_genomic_aggregated_classification                                                                                                                                  │
│    ├── GCA_034552715.1_ASM3455271v1_genomic_aggregated_classification.json (execution parameters)                                                                                                          │
│    ├── GCA_034552715.1_ASM3455271v1_genomic_aggregated_classification.tsv (sequence classification: tabular format)                                                                                        │
│    ├── GCA_034552715.1_ASM3455271v1_genomic_aggregated_classification.npz (sequence classification: binary format)                                                                                         │
│    ├── GCA_034552715.1_ASM3455271v1_genomic_provirus_aggregated_classification.tsv (provirus classification: tabular format)                                                                               │
│    └── GCA_034552715.1_ASM3455271v1_genomic_provirus_aggregated_classification.npz (provirus classification: binary format)                                                                                │
╰────────────────────────────────────────────────────────────────────────────────────────────────────────────────────────────────────────────────────────────────────────────────────────────────────────────╯
[12:44:12] Executing genomad aggregated-classification.                                                                                                                                                       
[12:44:12] Creating the genomad/GCA_034552715.1_ASM3455271v1_genomic_aggregated_classification directory.                                                                                                     
[12:44:12] The total marker frequencies of the input sequences were computed.                                                                                                                                 
[12:44:12] Sequences classified.                                                                                                                                                                              
[12:44:12] Sequence classification in binary format written to GCA_034552715.1_ASM3455271v1_genomic_aggregated_classification.npz.                                                                            
[12:44:12] Sequence classification in tabular format written to GCA_034552715.1_ASM3455271v1_genomic_aggregated_classification.tsv.                                                                           
[12:44:12] Proviruses classified.                                                                                                                                                                             
[12:44:12] Provirus classification in binary format written to GCA_034552715.1_ASM3455271v1_genomic_provirus_aggregated_classification.npz.                                                                   
[12:44:12] Provirus classification in tabular format written to GCA_034552715.1_ASM3455271v1_genomic_provirus_aggregated_classification.tsv.                                                                  
[12:44:12] geNomad aggregated-classification finished!                                                                                                                                                        
