╭────────────────────────────────────────────────────────────────────────────────────────────────────────────────────────────────────────────────────────────────────────────────────────────────────────────╮
│  Executing geNomad find-proviruses (v1.11.1). This will find putative proviral regions within the input sequences.                                                                                         │
│  ────────────────────────────────────────────────────────────────────────────────────────────────────────────────────────────────────────────────────────────────────────────────────────────────────────  │
│  Outputs:                                                                                                                                                                                                  │
│    genomad/GCA_034552975.1_ASM3455297v1_genomic_find_proviruses                                                                                                                                            │
│    ├── GCA_034552975.1_ASM3455297v1_genomic_find_proviruses.json (execution parameters)                                                                                                                    │
│    ├── GCA_034552975.1_ASM3455297v1_genomic_provirus.tsv (provirus data)                                                                                                                                   │
│    ├── GCA_034552975.1_ASM3455297v1_genomic_provirus.fna (provirus nucleotide sequences)                                                                                                                   │
│    ├── GCA_034552975.1_ASM3455297v1_genomic_provirus_proteins.faa (provirus protein sequences)                                                                                                             │
│    ├── GCA_034552975.1_ASM3455297v1_genomic_provirus_genes.tsv (provirus gene annotation data)                                                                                                             │
│    ├── GCA_034552975.1_ASM3455297v1_genomic_provirus_taxonomy.tsv (provirus taxonomic assignment)                                                                                                          │
│    ├── GCA_034552975.1_ASM3455297v1_genomic_provirus_mmseqs2.tsv (MMseqs2 output file)                                                                                                                     │
│    └── GCA_034552975.1_ASM3455297v1_genomic_provirus_aragorn.tsv (Aragorn output file)                                                                                                                     │
╰────────────────────────────────────────────────────────────────────────────────────────────────────────────────────────────────────────────────────────────────────────────────────────────────────────────╯
[12:57:48] Executing genomad find-proviruses.                                                                                                                                                                 
[12:57:48] Creating the genomad/GCA_034552975.1_ASM3455297v1_genomic_find_proviruses directory.                                                                                                               
[12:57:51] Integrases identified with MMseqs2 and geNomad database (v1.9) were written to GCA_034552975.1_ASM3455297v1_genomic_provirus_mmseqs2.tsv.                                                          
[12:57:51] Deleting GCA_034552975.1_ASM3455297v1_genomic_provirus_mmseqs2.                                                                                                                                    
[12:57:51] Deleting GCA_034552975.1_ASM3455297v1_genomic_provirus_mmseqs2_input.faa.                                                                                                                          
[12:57:52] tRNAs identified with Aragorn were written to GCA_034552975.1_ASM3455297v1_genomic_provirus_aragorn.tsv.                                                                                           
[12:57:52] Deleting GCA_034552975.1_ASM3455297v1_genomic_provirus_aragorn_input.fna.                                                                                                                          
[12:57:53] Provirus regions identified.                                                                                                                                                                       
[12:57:53] Provirus data was written to GCA_034552975.1_ASM3455297v1_genomic_provirus.tsv.                                                                                                                    
[12:57:53] Provirus nucleotide sequences were written to GCA_034552975.1_ASM3455297v1_genomic_provirus.fna.                                                                                                   
[12:57:53] Provirus protein sequences were written to GCA_034552975.1_ASM3455297v1_genomic_provirus_proteins.faa.                                                                                             
[12:57:53] Provirus gene data was written to GCA_034552975.1_ASM3455297v1_genomic_provirus_genes.tsv.                                                                                                         
[12:57:53] Taxonomic assignment data was written to GCA_034552975.1_ASM3455297v1_genomic_provirus_taxonomy.tsv.                                                                                               
[12:57:53] geNomad find-proviruses finished!                                                                                                                                                                  
