╭────────────────────────────────────────────────────────────────────────────────────────────────────────────────────────────────────────────────────────────────────────────────────────────────────────────╮
│  Executing geNomad find-proviruses (v1.11.1). This will find putative proviral regions within the input sequences.                                                                                         │
│  ────────────────────────────────────────────────────────────────────────────────────────────────────────────────────────────────────────────────────────────────────────────────────────────────────────  │
│  Outputs:                                                                                                                                                                                                  │
│    genomad/GCA_034552495.1_ASM3455249v1_genomic_find_proviruses                                                                                                                                            │
│    ├── GCA_034552495.1_ASM3455249v1_genomic_find_proviruses.json (execution parameters)                                                                                                                    │
│    ├── GCA_034552495.1_ASM3455249v1_genomic_provirus.tsv (provirus data)                                                                                                                                   │
│    ├── GCA_034552495.1_ASM3455249v1_genomic_provirus.fna (provirus nucleotide sequences)                                                                                                                   │
│    ├── GCA_034552495.1_ASM3455249v1_genomic_provirus_proteins.faa (provirus protein sequences)                                                                                                             │
│    ├── GCA_034552495.1_ASM3455249v1_genomic_provirus_genes.tsv (provirus gene annotation data)                                                                                                             │
│    ├── GCA_034552495.1_ASM3455249v1_genomic_provirus_taxonomy.tsv (provirus taxonomic assignment)                                                                                                          │
│    ├── GCA_034552495.1_ASM3455249v1_genomic_provirus_mmseqs2.tsv (MMseqs2 output file)                                                                                                                     │
│    └── GCA_034552495.1_ASM3455249v1_genomic_provirus_aragorn.tsv (Aragorn output file)                                                                                                                     │
╰────────────────────────────────────────────────────────────────────────────────────────────────────────────────────────────────────────────────────────────────────────────────────────────────────────────╯
[12:30:18] Executing genomad find-proviruses.                                                                                                                                                                 
[12:30:18] Creating the genomad/GCA_034552495.1_ASM3455249v1_genomic_find_proviruses directory.                                                                                                               
[12:30:20] Integrases identified with MMseqs2 and geNomad database (v1.9) were written to GCA_034552495.1_ASM3455249v1_genomic_provirus_mmseqs2.tsv.                                                          
[12:30:20] Deleting GCA_034552495.1_ASM3455249v1_genomic_provirus_mmseqs2.                                                                                                                                    
[12:30:20] Deleting GCA_034552495.1_ASM3455249v1_genomic_provirus_mmseqs2_input.faa.                                                                                                                          
[12:30:21] tRNAs identified with Aragorn were written to GCA_034552495.1_ASM3455249v1_genomic_provirus_aragorn.tsv.                                                                                           
[12:30:21] Deleting GCA_034552495.1_ASM3455249v1_genomic_provirus_aragorn_input.fna.                                                                                                                          
[12:30:22] Provirus regions identified.                                                                                                                                                                       
[12:30:22] Provirus data was written to GCA_034552495.1_ASM3455249v1_genomic_provirus.tsv.                                                                                                                    
[12:30:22] Provirus nucleotide sequences were written to GCA_034552495.1_ASM3455249v1_genomic_provirus.fna.                                                                                                   
[12:30:22] Provirus protein sequences were written to GCA_034552495.1_ASM3455249v1_genomic_provirus_proteins.faa.                                                                                             
[12:30:22] Provirus gene data was written to GCA_034552495.1_ASM3455249v1_genomic_provirus_genes.tsv.                                                                                                         
[12:30:22] Taxonomic assignment data was written to GCA_034552495.1_ASM3455249v1_genomic_provirus_taxonomy.tsv.                                                                                               
[12:30:22] geNomad find-proviruses finished!                                                                                                                                                                  
