╭────────────────────────────────────────────────────────────────────────────────────────────────────────────────────────────────────────────────────────────────────────────────────────────────────────────╮
│  Executing geNomad find-proviruses (v1.11.1). This will find putative proviral regions within the input sequences.                                                                                         │
│  ────────────────────────────────────────────────────────────────────────────────────────────────────────────────────────────────────────────────────────────────────────────────────────────────────────  │
│  Outputs:                                                                                                                                                                                                  │
│    genomad/GCA_034553475.1_ASM3455347v1_genomic_find_proviruses                                                                                                                                            │
│    ├── GCA_034553475.1_ASM3455347v1_genomic_find_proviruses.json (execution parameters)                                                                                                                    │
│    ├── GCA_034553475.1_ASM3455347v1_genomic_provirus.tsv (provirus data)                                                                                                                                   │
│    ├── GCA_034553475.1_ASM3455347v1_genomic_provirus.fna (provirus nucleotide sequences)                                                                                                                   │
│    ├── GCA_034553475.1_ASM3455347v1_genomic_provirus_proteins.faa (provirus protein sequences)                                                                                                             │
│    ├── GCA_034553475.1_ASM3455347v1_genomic_provirus_genes.tsv (provirus gene annotation data)                                                                                                             │
│    ├── GCA_034553475.1_ASM3455347v1_genomic_provirus_taxonomy.tsv (provirus taxonomic assignment)                                                                                                          │
│    ├── GCA_034553475.1_ASM3455347v1_genomic_provirus_mmseqs2.tsv (MMseqs2 output file)                                                                                                                     │
│    └── GCA_034553475.1_ASM3455347v1_genomic_provirus_aragorn.tsv (Aragorn output file)                                                                                                                     │
╰────────────────────────────────────────────────────────────────────────────────────────────────────────────────────────────────────────────────────────────────────────────────────────────────────────────╯
[13:15:45] Executing genomad find-proviruses.                                                                                                                                                                 
[13:15:45] Creating the genomad/GCA_034553475.1_ASM3455347v1_genomic_find_proviruses directory.                                                                                                               
[13:15:48] Integrases identified with MMseqs2 and geNomad database (v1.9) were written to GCA_034553475.1_ASM3455347v1_genomic_provirus_mmseqs2.tsv.                                                          
[13:15:48] Deleting GCA_034553475.1_ASM3455347v1_genomic_provirus_mmseqs2.                                                                                                                                    
[13:15:48] Deleting GCA_034553475.1_ASM3455347v1_genomic_provirus_mmseqs2_input.faa.                                                                                                                          
[13:15:49] tRNAs identified with Aragorn were written to GCA_034553475.1_ASM3455347v1_genomic_provirus_aragorn.tsv.                                                                                           
[13:15:49] Deleting GCA_034553475.1_ASM3455347v1_genomic_provirus_aragorn_input.fna.                                                                                                                          
[13:15:49] Provirus regions identified.                                                                                                                                                                       
[13:15:49] Provirus data was written to GCA_034553475.1_ASM3455347v1_genomic_provirus.tsv.                                                                                                                    
[13:15:49] Provirus nucleotide sequences were written to GCA_034553475.1_ASM3455347v1_genomic_provirus.fna.                                                                                                   
[13:15:49] Provirus protein sequences were written to GCA_034553475.1_ASM3455347v1_genomic_provirus_proteins.faa.                                                                                             
[13:15:49] Provirus gene data was written to GCA_034553475.1_ASM3455347v1_genomic_provirus_genes.tsv.                                                                                                         
[13:15:50] Taxonomic assignment data was written to GCA_034553475.1_ASM3455347v1_genomic_provirus_taxonomy.tsv.                                                                                               
[13:15:50] geNomad find-proviruses finished!                                                                                                                                                                  
