╭─────────────────────────────────────────────────────────────────────────────────────────────────────────────────────────────────────────────────────────────────────╮
│  Executing geNomad summary (v1.11.1). This will summarize the results across modules into a classification report.                                                  │
│  ─────────────────────────────────────────────────────────────────────────────────────────────────────────────────────────────────────────────────────────────────  │
│  Outputs:                                                                                                                                                           │
│    genomad/GCA_035026445.1_ASM3502644v1_genomic_summary                                                                                                             │
│    ├── GCA_035026445.1_ASM3502644v1_genomic_summary.json (execution parameters)                                                                                     │
│    ├── GCA_035026445.1_ASM3502644v1_genomic_virus_summary.tsv (virus classification summary)                                                                        │
│    ├── GCA_035026445.1_ASM3502644v1_genomic_plasmid_summary.tsv (plasmid classification summary)                                                                    │
│    ├── GCA_035026445.1_ASM3502644v1_genomic_virus.fna (virus nucleotide FASTA file)                                                                                 │
│    ├── GCA_035026445.1_ASM3502644v1_genomic_plasmid.fna (plasmid nucleotide FASTA file)                                                                             │
│    ├── GCA_035026445.1_ASM3502644v1_genomic_virus_proteins.faa (virus protein FASTA file)                                                                           │
│    ├── GCA_035026445.1_ASM3502644v1_genomic_plasmid_proteins.faa (plasmid protein FASTA file)                                                                       │
│    ├── GCA_035026445.1_ASM3502644v1_genomic_virus_genes.tsv (virus gene annotation data)                                                                            │
│    └── GCA_035026445.1_ASM3502644v1_genomic_plasmid_genes.tsv (plasmid gene annotation data)                                                                        │
╰─────────────────────────────────────────────────────────────────────────────────────────────────────────────────────────────────────────────────────────────────────╯
[16:36:10] Executing genomad summary.                                                                                                                                  
[16:36:10] Creating the genomad/GCA_035026445.1_ASM3502644v1_genomic_summary directory.                                                                                
[16:36:10] Using scores from aggregated-classification.                                                                                                                
[16:36:10] 15 plasmid(s) and 1 virus(es) were identified.                                                                                                              
[16:36:10] Nucleotide sequences were written to GCA_035026445.1_ASM3502644v1_genomic_plasmid.fna and GCA_035026445.1_ASM3502644v1_genomic_virus.fna.                   
[16:36:10] Protein sequences were written to GCA_035026445.1_ASM3502644v1_genomic_plasmid_proteins.faa and GCA_035026445.1_ASM3502644v1_genomic_virus_proteins.faa.    
[16:36:10] Gene annotation data was written to GCA_035026445.1_ASM3502644v1_genomic_plasmid_genes.tsv and GCA_035026445.1_ASM3502644v1_genomic_virus_genes.tsv.        
[16:36:10] Summary files were written to GCA_035026445.1_ASM3502644v1_genomic_plasmid_summary.tsv and GCA_035026445.1_ASM3502644v1_genomic_virus_summary.tsv.          
[16:36:10] geNomad summary finished!                                                                                                                                   
