╭──────────────────────────────────────────────────────────────────────────────────────────────────────────────────────────────────────────────────────────╮
│  Executing geNomad nn-classification (v1.11.1). This will classify the input sequences into chromosome, plasmid, or virus based on the nucleotide        │
│  sequence.                                                                                                                                               │
│  ──────────────────────────────────────────────────────────────────────────────────────────────────────────────────────────────────────────────────────  │
│  Outputs:                                                                                                                                                │
│    genomad/GCA_041889105.1_ASM4188910v1_genomic_nn_classification                                                                                        │
│    ├── GCA_041889105.1_ASM4188910v1_genomic_nn_classification.json (execution parameters)                                                                │
│    ├── GCA_041889105.1_ASM4188910v1_genomic_encoded_sequences (directory containing encoded sequence data)                                               │
│    ├── GCA_041889105.1_ASM4188910v1_genomic_nn_classification.tsv (contig classification: tabular format)                                                │
│    └── GCA_041889105.1_ASM4188910v1_genomic_nn_classification.npz (contig classification: binary format)                                                 │
╰──────────────────────────────────────────────────────────────────────────────────────────────────────────────────────────────────────────────────────────╯
[20:46:43] Executing genomad nn-classification.                                                                                                             
[20:46:43] Creating the genomad/GCA_041889105.1_ASM4188910v1_genomic_nn_classification directory.                                                           
[20:46:43] Creating the genomad/GCA_041889105.1_ASM4188910v1_genomic_nn_classification/GCA_041889105.1_ASM4188910v1_genomic_encoded_sequences directory.    
[20:46:45] Encoded sequence data written to GCA_041889105.1_ASM4188910v1_genomic_encoded_sequences.                                                         
[20:46:53] Sequences classified.                                                                                                                            
[20:46:53] Sequence classification in binary format written to GCA_041889105.1_ASM4188910v1_genomic_nn_classification.npz.                                  
[20:46:53] Deleting encoded sequence data.                                                                                                                  
[20:46:53] Sequence classification in tabular format written to GCA_041889105.1_ASM4188910v1_genomic_nn_classification.tsv.                                 
[20:46:53] geNomad nn-classification finished!                                                                                                              
