╭─────────────────────────────────────────────────────────────────────────────────────────────────────────────────────────────────────────────────────────────────────╮
│  Executing geNomad marker-classification (v1.11.1). This will classify the input sequences into chromosome, plasmid, or virus based on the presence of geNomad      │
│  markers and other gene-related features.                                                                                                                           │
│  ─────────────────────────────────────────────────────────────────────────────────────────────────────────────────────────────────────────────────────────────────  │
│  Outputs:                                                                                                                                                           │
│    genomad/GCA_035026025.1_ASM3502602v1_genomic_marker_classification                                                                                               │
│    ├── GCA_035026025.1_ASM3502602v1_genomic_marker_classification.json (execution parameters)                                                                       │
│    ├── GCA_035026025.1_ASM3502602v1_genomic_features.tsv (sequence feature data: tabular format)                                                                    │
│    ├── GCA_035026025.1_ASM3502602v1_genomic_features.npz (sequence feature data: binary format)                                                                     │
│    ├── GCA_035026025.1_ASM3502602v1_genomic_marker_classification.tsv (sequence classification: tabular format)                                                     │
│    ├── GCA_035026025.1_ASM3502602v1_genomic_marker_classification.npz (sequence classification: binary format)                                                      │
│    ├── GCA_035026025.1_ASM3502602v1_genomic_provirus_features.tsv (provirus feature data: tabular format)                                                           │
│    ├── GCA_035026025.1_ASM3502602v1_genomic_provirus_features.npz (provirus feature data: binary format)                                                            │
│    ├── GCA_035026025.1_ASM3502602v1_genomic_provirus_marker_classification.tsv (provirus classification: tabular format)                                            │
│    └── GCA_035026025.1_ASM3502602v1_genomic_provirus_marker_classification.npz (provirus classification: binary format)                                             │
╰─────────────────────────────────────────────────────────────────────────────────────────────────────────────────────────────────────────────────────────────────────╯
[16:05:49] Executing genomad marker-classification.                                                                                                                    
[16:05:49] Creating the genomad/GCA_035026025.1_ASM3502602v1_genomic_marker_classification directory.                                                                  
[16:05:49] Sequence features computed.                                                                                                                                 
[16:05:49] Sequence features in binary format written to GCA_035026025.1_ASM3502602v1_genomic_features.npz.                                                            
[16:05:49] Sequence features in tabular format written to GCA_035026025.1_ASM3502602v1_genomic_features.tsv.                                                           
[16:05:50] Provirus features computed.                                                                                                                                 
[16:05:50] Provirus features in binary format written to GCA_035026025.1_ASM3502602v1_genomic_provirus_features.npz.                                                   
[16:05:50] Provirus features in tabular format written to GCA_035026025.1_ASM3502602v1_genomic_provirus_features.tsv.                                                  
[16:05:50] Sequences classified.                                                                                                                                       
[16:05:50] Sequence classification in binary format written to GCA_035026025.1_ASM3502602v1_genomic_marker_classification.npz.                                         
[16:05:50] Sequence classification in tabular format written to GCA_035026025.1_ASM3502602v1_genomic_marker_classification.tsv.                                        
[16:05:50] Proviruses classified.                                                                                                                                      
[16:05:50] Provirus classification in binary format written to GCA_035026025.1_ASM3502602v1_genomic_provirus_marker_classification.npz.                                
[16:05:50] Provirus classification in tabular format written to GCA_035026025.1_ASM3502602v1_genomic_provirus_marker_classification.tsv.                               
[16:05:50] geNomad marker-classification finished!                                                                                                                     
