╭─────────────────────────────────────────────────────────────────────────────────────────────────────────────────────────────────────────────────────────────────────╮
│  Executing geNomad annotate (v1.11.1). This will perform gene calling in the input sequences and annotate the predicted proteins with geNomad's markers.            │
│  ─────────────────────────────────────────────────────────────────────────────────────────────────────────────────────────────────────────────────────────────────  │
│  Outputs:                                                                                                                                                           │
│    genomad/GCA_035060195.1_ASM3506019v1_genomic_annotate                                                                                                            │
│    ├── GCA_035060195.1_ASM3506019v1_genomic_annotate.json (execution parameters)                                                                                    │
│    ├── GCA_035060195.1_ASM3506019v1_genomic_genes.tsv (gene annotation data)                                                                                        │
│    ├── GCA_035060195.1_ASM3506019v1_genomic_taxonomy.tsv (taxonomic assignment)                                                                                     │
│    ├── GCA_035060195.1_ASM3506019v1_genomic_mmseqs2.tsv (MMseqs2 output file)                                                                                       │
│    └── GCA_035060195.1_ASM3506019v1_genomic_proteins.faa (protein FASTA file)                                                                                       │
╰─────────────────────────────────────────────────────────────────────────────────────────────────────────────────────────────────────────────────────────────────────╯
[19:05:02] Executing genomad annotate.                                                                                                                                 
[19:05:02] Previous execution detected. Steps will be skipped unless their outputs are not found. Use the --restart option to force the execution of all the steps     
           again.                                                                                                                                                      
[19:05:02] GCA_035060195.1_ASM3506019v1_genomic_proteins.faa was found. Skipping gene prediction with pyrodigal-gv.                                                    
[19:06:00] Proteins annotated with MMseqs2 and geNomad database (v1.9) were written to GCA_035060195.1_ASM3506019v1_genomic_mmseqs2.tsv.                               
[19:06:00] Deleting GCA_035060195.1_ASM3506019v1_genomic_mmseqs2.                                                                                                      
[19:06:00] Gene data was written to GCA_035060195.1_ASM3506019v1_genomic_genes.tsv.                                                                                    
[19:06:00] Taxonomic assignment data was written to GCA_035060195.1_ASM3506019v1_genomic_taxonomy.tsv.                                                                 
[19:06:00] geNomad annotate finished!                                                                                                                                  
