╭──────────────────────────────────────────────────────────────────────────────────────────────────────────────────────────────────────────────────────────╮
│  Executing geNomad marker-classification (v1.11.1). This will classify the input sequences into chromosome, plasmid, or virus based on the presence of   │
│  geNomad markers and other gene-related features.                                                                                                        │
│  ──────────────────────────────────────────────────────────────────────────────────────────────────────────────────────────────────────────────────────  │
│  Outputs:                                                                                                                                                │
│    genomad/GCA_047458675.1_ASM4745867v1_genomic_marker_classification                                                                                    │
│    ├── GCA_047458675.1_ASM4745867v1_genomic_marker_classification.json (execution parameters)                                                            │
│    ├── GCA_047458675.1_ASM4745867v1_genomic_features.tsv (sequence feature data: tabular format)                                                         │
│    ├── GCA_047458675.1_ASM4745867v1_genomic_features.npz (sequence feature data: binary format)                                                          │
│    ├── GCA_047458675.1_ASM4745867v1_genomic_marker_classification.tsv (sequence classification: tabular format)                                          │
│    └── GCA_047458675.1_ASM4745867v1_genomic_marker_classification.npz (sequence classification: binary format)                                           │
╰──────────────────────────────────────────────────────────────────────────────────────────────────────────────────────────────────────────────────────────╯
[20:48:05] Executing genomad marker-classification.                                                                                                         
[20:48:05] Creating the genomad/GCA_047458675.1_ASM4745867v1_genomic_marker_classification directory.                                                       
[20:48:06] Sequence features computed.                                                                                                                      
[20:48:06] Sequence features in binary format written to GCA_047458675.1_ASM4745867v1_genomic_features.npz.                                                 
[20:48:06] Sequence features in tabular format written to GCA_047458675.1_ASM4745867v1_genomic_features.tsv.                                                
[20:48:06] Sequences classified.                                                                                                                            
[20:48:06] Sequence classification in binary format written to GCA_047458675.1_ASM4745867v1_genomic_marker_classification.npz.                              
[20:48:06] Sequence classification in tabular format written to GCA_047458675.1_ASM4745867v1_genomic_marker_classification.tsv.                             
[20:48:06] geNomad marker-classification finished!                                                                                                          
