╭────────────────────────────────────────────────────────────────────────────────────────────────────────────────────────────────────────────────────────────────────────────────────────────────────────────╮
│  Executing geNomad summary (v1.11.1). This will summarize the results across modules into a classification report.                                                                                         │
│  ────────────────────────────────────────────────────────────────────────────────────────────────────────────────────────────────────────────────────────────────────────────────────────────────────────  │
│  Outputs:                                                                                                                                                                                                  │
│    genomad/GCA_034553575.1_ASM3455357v1_genomic_summary                                                                                                                                                    │
│    ├── GCA_034553575.1_ASM3455357v1_genomic_summary.json (execution parameters)                                                                                                                            │
│    ├── GCA_034553575.1_ASM3455357v1_genomic_virus_summary.tsv (virus classification summary)                                                                                                               │
│    ├── GCA_034553575.1_ASM3455357v1_genomic_plasmid_summary.tsv (plasmid classification summary)                                                                                                           │
│    ├── GCA_034553575.1_ASM3455357v1_genomic_virus.fna (virus nucleotide FASTA file)                                                                                                                        │
│    ├── GCA_034553575.1_ASM3455357v1_genomic_plasmid.fna (plasmid nucleotide FASTA file)                                                                                                                    │
│    ├── GCA_034553575.1_ASM3455357v1_genomic_virus_proteins.faa (virus protein FASTA file)                                                                                                                  │
│    ├── GCA_034553575.1_ASM3455357v1_genomic_plasmid_proteins.faa (plasmid protein FASTA file)                                                                                                              │
│    ├── GCA_034553575.1_ASM3455357v1_genomic_virus_genes.tsv (virus gene annotation data)                                                                                                                   │
│    └── GCA_034553575.1_ASM3455357v1_genomic_plasmid_genes.tsv (plasmid gene annotation data)                                                                                                               │
╰────────────────────────────────────────────────────────────────────────────────────────────────────────────────────────────────────────────────────────────────────────────────────────────────────────────╯
[13:23:01] Executing genomad summary.                                                                                                                                                                         
[13:23:01] Creating the genomad/GCA_034553575.1_ASM3455357v1_genomic_summary directory.                                                                                                                       
[13:23:01] Using scores from aggregated-classification.                                                                                                                                                       
[13:23:01] 16 plasmid(s) and 2 virus(es) were identified.                                                                                                                                                     
[13:23:02] Nucleotide sequences were written to GCA_034553575.1_ASM3455357v1_genomic_plasmid.fna and GCA_034553575.1_ASM3455357v1_genomic_virus.fna.                                                          
[13:23:02] Protein sequences were written to GCA_034553575.1_ASM3455357v1_genomic_plasmid_proteins.faa and GCA_034553575.1_ASM3455357v1_genomic_virus_proteins.faa.                                           
[13:23:02] Gene annotation data was written to GCA_034553575.1_ASM3455357v1_genomic_plasmid_genes.tsv and GCA_034553575.1_ASM3455357v1_genomic_virus_genes.tsv.                                               
[13:23:02] Summary files were written to GCA_034553575.1_ASM3455357v1_genomic_plasmid_summary.tsv and GCA_034553575.1_ASM3455357v1_genomic_virus_summary.tsv.                                                 
[13:23:02] geNomad summary finished!                                                                                                                                                                          
