╭─────────────────────────────────────────────────────────────────────────────────────────────────────────────────────────────────────────────────────────────────────╮
│  Executing geNomad aggregated-classification (v1.11.1). This will aggregate the results of the marker-classification and nn-classification modules to classify the  │
│  input sequences into chromosome, plasmid, or virus.                                                                                                                │
│  ─────────────────────────────────────────────────────────────────────────────────────────────────────────────────────────────────────────────────────────────────  │
│  Outputs:                                                                                                                                                           │
│    genomad/GCA_035026145.1_ASM3502614v1_genomic_aggregated_classification                                                                                           │
│    ├── GCA_035026145.1_ASM3502614v1_genomic_aggregated_classification.json (execution parameters)                                                                   │
│    ├── GCA_035026145.1_ASM3502614v1_genomic_aggregated_classification.tsv (sequence classification: tabular format)                                                 │
│    ├── GCA_035026145.1_ASM3502614v1_genomic_aggregated_classification.npz (sequence classification: binary format)                                                  │
│    ├── GCA_035026145.1_ASM3502614v1_genomic_provirus_aggregated_classification.tsv (provirus classification: tabular format)                                        │
│    └── GCA_035026145.1_ASM3502614v1_genomic_provirus_aggregated_classification.npz (provirus classification: binary format)                                         │
╰─────────────────────────────────────────────────────────────────────────────────────────────────────────────────────────────────────────────────────────────────────╯
[16:15:12] Executing genomad aggregated-classification.                                                                                                                
[16:15:12] Creating the genomad/GCA_035026145.1_ASM3502614v1_genomic_aggregated_classification directory.                                                              
[16:15:12] The total marker frequencies of the input sequences were computed.                                                                                          
[16:15:12] Sequences classified.                                                                                                                                       
[16:15:12] Sequence classification in binary format written to GCA_035026145.1_ASM3502614v1_genomic_aggregated_classification.npz.                                     
[16:15:12] Sequence classification in tabular format written to GCA_035026145.1_ASM3502614v1_genomic_aggregated_classification.tsv.                                    
[16:15:12] Proviruses classified.                                                                                                                                      
[16:15:12] Provirus classification in binary format written to GCA_035026145.1_ASM3502614v1_genomic_provirus_aggregated_classification.npz.                            
[16:15:12] Provirus classification in tabular format written to GCA_035026145.1_ASM3502614v1_genomic_provirus_aggregated_classification.tsv.                           
[16:15:12] geNomad aggregated-classification finished!                                                                                                                 
