╭─────────────────────────────────────────────────────────────────────────────────────────────────────────────────────────────────────────────────────────────────────╮
│  Executing geNomad marker-classification (v1.11.1). This will classify the input sequences into chromosome, plasmid, or virus based on the presence of geNomad      │
│  markers and other gene-related features.                                                                                                                           │
│  ─────────────────────────────────────────────────────────────────────────────────────────────────────────────────────────────────────────────────────────────────  │
│  Outputs:                                                                                                                                                           │
│    genomad/GCA_035025625.1_ASM3502562v1_genomic_marker_classification                                                                                               │
│    ├── GCA_035025625.1_ASM3502562v1_genomic_marker_classification.json (execution parameters)                                                                       │
│    ├── GCA_035025625.1_ASM3502562v1_genomic_features.tsv (sequence feature data: tabular format)                                                                    │
│    ├── GCA_035025625.1_ASM3502562v1_genomic_features.npz (sequence feature data: binary format)                                                                     │
│    ├── GCA_035025625.1_ASM3502562v1_genomic_marker_classification.tsv (sequence classification: tabular format)                                                     │
│    ├── GCA_035025625.1_ASM3502562v1_genomic_marker_classification.npz (sequence classification: binary format)                                                      │
│    ├── GCA_035025625.1_ASM3502562v1_genomic_provirus_features.tsv (provirus feature data: tabular format)                                                           │
│    ├── GCA_035025625.1_ASM3502562v1_genomic_provirus_features.npz (provirus feature data: binary format)                                                            │
│    ├── GCA_035025625.1_ASM3502562v1_genomic_provirus_marker_classification.tsv (provirus classification: tabular format)                                            │
│    └── GCA_035025625.1_ASM3502562v1_genomic_provirus_marker_classification.npz (provirus classification: binary format)                                             │
╰─────────────────────────────────────────────────────────────────────────────────────────────────────────────────────────────────────────────────────────────────────╯
[15:37:38] Executing genomad marker-classification.                                                                                                                    
[15:37:38] Creating the genomad/GCA_035025625.1_ASM3502562v1_genomic_marker_classification directory.                                                                  
[15:37:39] Sequence features computed.                                                                                                                                 
[15:37:39] Sequence features in binary format written to GCA_035025625.1_ASM3502562v1_genomic_features.npz.                                                            
[15:37:39] Sequence features in tabular format written to GCA_035025625.1_ASM3502562v1_genomic_features.tsv.                                                           
[15:37:39] Provirus features computed.                                                                                                                                 
[15:37:39] Provirus features in binary format written to GCA_035025625.1_ASM3502562v1_genomic_provirus_features.npz.                                                   
[15:37:39] Provirus features in tabular format written to GCA_035025625.1_ASM3502562v1_genomic_provirus_features.tsv.                                                  
[15:37:39] Sequences classified.                                                                                                                                       
[15:37:39] Sequence classification in binary format written to GCA_035025625.1_ASM3502562v1_genomic_marker_classification.npz.                                         
[15:37:39] Sequence classification in tabular format written to GCA_035025625.1_ASM3502562v1_genomic_marker_classification.tsv.                                        
[15:37:40] Proviruses classified.                                                                                                                                      
[15:37:40] Provirus classification in binary format written to GCA_035025625.1_ASM3502562v1_genomic_provirus_marker_classification.npz.                                
[15:37:40] Provirus classification in tabular format written to GCA_035025625.1_ASM3502562v1_genomic_provirus_marker_classification.tsv.                               
[15:37:40] geNomad marker-classification finished!                                                                                                                     
