╭─────────────────────────────────────────────────────────────────────────────────────────────────────────────────────────────────────────────────────────────────────╮
│  Executing geNomad find-proviruses (v1.11.1). This will find putative proviral regions within the input sequences.                                                  │
│  ─────────────────────────────────────────────────────────────────────────────────────────────────────────────────────────────────────────────────────────────────  │
│  Outputs:                                                                                                                                                           │
│    genomad/GCA_035026265.1_ASM3502626v1_genomic_find_proviruses                                                                                                     │
│    ├── GCA_035026265.1_ASM3502626v1_genomic_find_proviruses.json (execution parameters)                                                                             │
│    ├── GCA_035026265.1_ASM3502626v1_genomic_provirus.tsv (provirus data)                                                                                            │
│    ├── GCA_035026265.1_ASM3502626v1_genomic_provirus.fna (provirus nucleotide sequences)                                                                            │
│    ├── GCA_035026265.1_ASM3502626v1_genomic_provirus_proteins.faa (provirus protein sequences)                                                                      │
│    ├── GCA_035026265.1_ASM3502626v1_genomic_provirus_genes.tsv (provirus gene annotation data)                                                                      │
│    ├── GCA_035026265.1_ASM3502626v1_genomic_provirus_taxonomy.tsv (provirus taxonomic assignment)                                                                   │
│    ├── GCA_035026265.1_ASM3502626v1_genomic_provirus_mmseqs2.tsv (MMseqs2 output file)                                                                              │
│    └── GCA_035026265.1_ASM3502626v1_genomic_provirus_aragorn.tsv (Aragorn output file)                                                                              │
╰─────────────────────────────────────────────────────────────────────────────────────────────────────────────────────────────────────────────────────────────────────╯
[16:23:43] Executing genomad find-proviruses.                                                                                                                          
[16:23:43] Creating the genomad/GCA_035026265.1_ASM3502626v1_genomic_find_proviruses directory.                                                                        
[16:23:46] Integrases identified with MMseqs2 and geNomad database (v1.9) were written to GCA_035026265.1_ASM3502626v1_genomic_provirus_mmseqs2.tsv.                   
[16:23:46] Deleting GCA_035026265.1_ASM3502626v1_genomic_provirus_mmseqs2.                                                                                             
[16:23:46] Deleting GCA_035026265.1_ASM3502626v1_genomic_provirus_mmseqs2_input.faa.                                                                                   
[16:23:47] tRNAs identified with Aragorn were written to GCA_035026265.1_ASM3502626v1_genomic_provirus_aragorn.tsv.                                                    
[16:23:47] Deleting GCA_035026265.1_ASM3502626v1_genomic_provirus_aragorn_input.fna.                                                                                   
[16:23:47] Provirus regions identified.                                                                                                                                
[16:23:47] Provirus data was written to GCA_035026265.1_ASM3502626v1_genomic_provirus.tsv.                                                                             
[16:23:47] Provirus nucleotide sequences were written to GCA_035026265.1_ASM3502626v1_genomic_provirus.fna.                                                            
[16:23:47] Provirus protein sequences were written to GCA_035026265.1_ASM3502626v1_genomic_provirus_proteins.faa.                                                      
[16:23:47] Provirus gene data was written to GCA_035026265.1_ASM3502626v1_genomic_provirus_genes.tsv.                                                                  
[16:23:47] Taxonomic assignment data was written to GCA_035026265.1_ASM3502626v1_genomic_provirus_taxonomy.tsv.                                                        
[16:23:47] geNomad find-proviruses finished!                                                                                                                           
