╭─────────────────────────────────────────────────────────────────────────────────────────────────────────────────────────────────────────────────────────────────────╮
│  Executing geNomad nn-classification (v1.11.1). This will classify the input sequences into chromosome, plasmid, or virus based on the nucleotide sequence.         │
│  ─────────────────────────────────────────────────────────────────────────────────────────────────────────────────────────────────────────────────────────────────  │
│  Outputs:                                                                                                                                                           │
│    genomad/GCA_035059585.2_WHRI8978v2_ONT_genomic_nn_classification                                                                                                 │
│    ├── GCA_035059585.2_WHRI8978v2_ONT_genomic_nn_classification.json (execution parameters)                                                                         │
│    ├── GCA_035059585.2_WHRI8978v2_ONT_genomic_encoded_sequences (directory containing encoded sequence data)                                                        │
│    ├── GCA_035059585.2_WHRI8978v2_ONT_genomic_nn_classification.tsv (contig classification: tabular format)                                                         │
│    ├── GCA_035059585.2_WHRI8978v2_ONT_genomic_nn_classification.npz (contig classification: binary format)                                                          │
│    ├── GCA_035059585.2_WHRI8978v2_ONT_genomic_encoded_proviruses (directory containing encoded sequence data)                                                       │
│    ├── GCA_035059585.2_WHRI8978v2_ONT_genomic_provirus_nn_classification.tsv (provirus classification: tabular format)                                              │
│    └── GCA_035059585.2_WHRI8978v2_ONT_genomic_provirus_nn_classification.npz (provirus classification: binary format)                                               │
╰─────────────────────────────────────────────────────────────────────────────────────────────────────────────────────────────────────────────────────────────────────╯
[18:41:12] Executing genomad nn-classification.                                                                                                                        
[18:41:12] Creating the genomad/GCA_035059585.2_WHRI8978v2_ONT_genomic_nn_classification directory.                                                                    
[18:41:12] Creating the genomad/GCA_035059585.2_WHRI8978v2_ONT_genomic_nn_classification/GCA_035059585.2_WHRI8978v2_ONT_genomic_encoded_sequences directory.           
[18:41:13] Encoded sequence data written to GCA_035059585.2_WHRI8978v2_ONT_genomic_encoded_sequences.                                                                  
[18:41:13] Creating the genomad/GCA_035059585.2_WHRI8978v2_ONT_genomic_nn_classification/GCA_035059585.2_WHRI8978v2_ONT_genomic_encoded_proviruses directory.          
[18:41:13] Encoded provirus data written to GCA_035059585.2_WHRI8978v2_ONT_genomic_encoded_proviruses.                                                                 
[18:41:21] Sequences classified.                                                                                                                                       
[18:41:21] Sequence classification in binary format written to GCA_035059585.2_WHRI8978v2_ONT_genomic_nn_classification.npz.                                           
[18:41:21] Deleting encoded sequence data.                                                                                                                             
[18:41:21] Sequence classification in tabular format written to GCA_035059585.2_WHRI8978v2_ONT_genomic_nn_classification.tsv.                                          
[18:41:24] Proviruses classified.                                                                                                                                      
[18:41:24] Provirus classification in binary format written to GCA_035059585.2_WHRI8978v2_ONT_genomic_provirus_nn_classification.npz.                                  
[18:41:24] Deleting encoded provirus data.                                                                                                                             
[18:41:24] Provirus classification in tabular format written to GCA_035059585.2_WHRI8978v2_ONT_genomic_provirus_nn_classification.tsv.                                 
[18:41:24] geNomad nn-classification finished!                                                                                                                         
