╭─────────────────────────────────────────────────────────────────────────────────────────────────────────────────────────────────────────────────────────────────────╮
│  Executing geNomad nn-classification (v1.11.1). This will classify the input sequences into chromosome, plasmid, or virus based on the nucleotide sequence.         │
│  ─────────────────────────────────────────────────────────────────────────────────────────────────────────────────────────────────────────────────────────────────  │
│  Outputs:                                                                                                                                                           │
│    genomad/GCA_034553855.1_ASM3455385v1_genomic_nn_classification                                                                                                   │
│    ├── GCA_034553855.1_ASM3455385v1_genomic_nn_classification.json (execution parameters)                                                                           │
│    ├── GCA_034553855.1_ASM3455385v1_genomic_encoded_sequences (directory containing encoded sequence data)                                                          │
│    ├── GCA_034553855.1_ASM3455385v1_genomic_nn_classification.tsv (contig classification: tabular format)                                                           │
│    ├── GCA_034553855.1_ASM3455385v1_genomic_nn_classification.npz (contig classification: binary format)                                                            │
│    ├── GCA_034553855.1_ASM3455385v1_genomic_encoded_proviruses (directory containing encoded sequence data)                                                         │
│    ├── GCA_034553855.1_ASM3455385v1_genomic_provirus_nn_classification.tsv (provirus classification: tabular format)                                                │
│    └── GCA_034553855.1_ASM3455385v1_genomic_provirus_nn_classification.npz (provirus classification: binary format)                                                 │
╰─────────────────────────────────────────────────────────────────────────────────────────────────────────────────────────────────────────────────────────────────────╯
[13:42:15] Executing genomad nn-classification.                                                                                                                        
[13:42:15] Creating the genomad/GCA_034553855.1_ASM3455385v1_genomic_nn_classification directory.                                                                      
[13:42:15] Creating the genomad/GCA_034553855.1_ASM3455385v1_genomic_nn_classification/GCA_034553855.1_ASM3455385v1_genomic_encoded_sequences directory.               
[13:42:16] Encoded sequence data written to GCA_034553855.1_ASM3455385v1_genomic_encoded_sequences.                                                                    
[13:42:16] Creating the genomad/GCA_034553855.1_ASM3455385v1_genomic_nn_classification/GCA_034553855.1_ASM3455385v1_genomic_encoded_proviruses directory.              
[13:42:16] Encoded provirus data written to GCA_034553855.1_ASM3455385v1_genomic_encoded_proviruses.                                                                   
[13:42:24] Sequences classified.                                                                                                                                       
[13:42:24] Sequence classification in binary format written to GCA_034553855.1_ASM3455385v1_genomic_nn_classification.npz.                                             
[13:42:24] Deleting encoded sequence data.                                                                                                                             
[13:42:24] Sequence classification in tabular format written to GCA_034553855.1_ASM3455385v1_genomic_nn_classification.tsv.                                            
[13:42:27] Proviruses classified.                                                                                                                                      
[13:42:27] Provirus classification in binary format written to GCA_034553855.1_ASM3455385v1_genomic_provirus_nn_classification.npz.                                    
[13:42:27] Deleting encoded provirus data.                                                                                                                             
[13:42:27] Provirus classification in tabular format written to GCA_034553855.1_ASM3455385v1_genomic_provirus_nn_classification.tsv.                                   
[13:42:27] geNomad nn-classification finished!                                                                                                                         
