╭──────────────────────────────────────────────────────────────────────────────────────────────────────────────────────────────────────────────────────────────────────────╮
│  Executing geNomad marker-classification (v1.11.1). This will classify the input sequences into chromosome, plasmid, or virus based on the presence of geNomad markers   │
│  and other gene-related features.                                                                                                                                        │
│  ──────────────────────────────────────────────────────────────────────────────────────────────────────────────────────────────────────────────────────────────────────  │
│  Outputs:                                                                                                                                                                │
│    3851.assembly_marker_classification                                                                                                                                   │
│    ├── 3851.assembly_marker_classification.json (execution parameters)                                                                                                   │
│    ├── 3851.assembly_features.tsv (sequence feature data: tabular format)                                                                                                │
│    ├── 3851.assembly_features.npz (sequence feature data: binary format)                                                                                                 │
│    ├── 3851.assembly_marker_classification.tsv (sequence classification: tabular format)                                                                                 │
│    └── 3851.assembly_marker_classification.npz (sequence classification: binary format)                                                                                  │
╰──────────────────────────────────────────────────────────────────────────────────────────────────────────────────────────────────────────────────────────────────────────╯
[07:32:04] Executing genomad marker-classification.                                                                                                                         
[07:32:04] Creating the 3851.assembly_marker_classification directory.                                                                                                      
[07:32:05] Sequence features computed.                                                                                                                                      
[07:32:05] Sequence features in binary format written to 3851.assembly_features.npz.                                                                                        
[07:32:05] Sequence features in tabular format written to 3851.assembly_features.tsv.                                                                                       
[07:32:05] Sequences classified.                                                                                                                                            
[07:32:05] Sequence classification in binary format written to 3851.assembly_marker_classification.npz.                                                                     
[07:32:05] Sequence classification in tabular format written to 3851.assembly_marker_classification.tsv.                                                                    
[07:32:05] geNomad marker-classification finished!                                                                                                                          
