╭──────────────────────────────────────────────────────────────────────────────────────────────────────────────────────────────────────────────────────────────────────────╮
│  Executing geNomad nn-classification (v1.11.1). This will classify the input sequences into chromosome, plasmid, or virus based on the nucleotide sequence.              │
│  ──────────────────────────────────────────────────────────────────────────────────────────────────────────────────────────────────────────────────────────────────────  │
│  Outputs:                                                                                                                                                                │
│    3873.assembly_nn_classification                                                                                                                                       │
│    ├── 3873.assembly_nn_classification.json (execution parameters)                                                                                                       │
│    ├── 3873.assembly_encoded_sequences (directory containing encoded sequence data)                                                                                      │
│    ├── 3873.assembly_nn_classification.tsv (contig classification: tabular format)                                                                                       │
│    ├── 3873.assembly_nn_classification.npz (contig classification: binary format)                                                                                        │
│    ├── 3873.assembly_encoded_proviruses (directory containing encoded sequence data)                                                                                     │
│    ├── 3873.assembly_provirus_nn_classification.tsv (provirus classification: tabular format)                                                                            │
│    └── 3873.assembly_provirus_nn_classification.npz (provirus classification: binary format)                                                                             │
╰──────────────────────────────────────────────────────────────────────────────────────────────────────────────────────────────────────────────────────────────────────────╯
[07:33:29] Executing genomad nn-classification.                                                                                                                             
[07:33:29] Creating the 3873.assembly_nn_classification directory.                                                                                                          
[07:33:29] Creating the 3873.assembly_nn_classification/3873.assembly_encoded_sequences directory.                                                                          
[07:33:31] Encoded sequence data written to 3873.assembly_encoded_sequences.                                                                                                
[07:33:31] Creating the 3873.assembly_nn_classification/3873.assembly_encoded_proviruses directory.                                                                         
[07:33:31] Encoded provirus data written to 3873.assembly_encoded_proviruses.                                                                                               
[07:33:38] Sequences classified.                                                                                                                                            
[07:33:38] Sequence classification in binary format written to 3873.assembly_nn_classification.npz.                                                                         
[07:33:38] Deleting encoded sequence data.                                                                                                                                  
[07:33:38] Sequence classification in tabular format written to 3873.assembly_nn_classification.tsv.                                                                        
[07:33:41] Proviruses classified.                                                                                                                                           
[07:33:41] Provirus classification in binary format written to 3873.assembly_provirus_nn_classification.npz.                                                                
[07:33:41] Deleting encoded provirus data.                                                                                                                                  
[07:33:41] Provirus classification in tabular format written to 3873.assembly_provirus_nn_classification.tsv.                                                               
[07:33:41] geNomad nn-classification finished!                                                                                                                              
