╭──────────────────────────────────────────────────────────────────────────────────────────────────────────────────────────────────────────────────────────────────────────╮
│  Executing geNomad aggregated-classification (v1.11.1). This will aggregate the results of the marker-classification and nn-classification modules to classify the       │
│  input sequences into chromosome, plasmid, or virus.                                                                                                                     │
│  ──────────────────────────────────────────────────────────────────────────────────────────────────────────────────────────────────────────────────────────────────────  │
│  Outputs:                                                                                                                                                                │
│    3873.assembly_aggregated_classification                                                                                                                               │
│    ├── 3873.assembly_aggregated_classification.json (execution parameters)                                                                                               │
│    ├── 3873.assembly_aggregated_classification.tsv (sequence classification: tabular format)                                                                             │
│    ├── 3873.assembly_aggregated_classification.npz (sequence classification: binary format)                                                                              │
│    ├── 3873.assembly_provirus_aggregated_classification.tsv (provirus classification: tabular format)                                                                    │
│    └── 3873.assembly_provirus_aggregated_classification.npz (provirus classification: binary format)                                                                     │
╰──────────────────────────────────────────────────────────────────────────────────────────────────────────────────────────────────────────────────────────────────────────╯
[07:33:41] Executing genomad aggregated-classification.                                                                                                                     
[07:33:41] Creating the 3873.assembly_aggregated_classification directory.                                                                                                  
[07:33:41] The total marker frequencies of the input sequences were computed.                                                                                               
[07:33:41] Sequences classified.                                                                                                                                            
[07:33:41] Sequence classification in binary format written to 3873.assembly_aggregated_classification.npz.                                                                 
[07:33:41] Sequence classification in tabular format written to 3873.assembly_aggregated_classification.tsv.                                                                
[07:33:41] Proviruses classified.                                                                                                                                           
[07:33:41] Provirus classification in binary format written to 3873.assembly_provirus_aggregated_classification.npz.                                                        
[07:33:41] Provirus classification in tabular format written to 3873.assembly_provirus_aggregated_classification.tsv.                                                       
[07:33:41] geNomad aggregated-classification finished!                                                                                                                      
