╭──────────────────────────────────────────────────────────────────────────────────────────────────────────────────────────────────────────────────────────────────────────╮
│  Executing geNomad nn-classification (v1.11.1). This will classify the input sequences into chromosome, plasmid, or virus based on the nucleotide sequence.              │
│  ──────────────────────────────────────────────────────────────────────────────────────────────────────────────────────────────────────────────────────────────────────  │
│  Outputs:                                                                                                                                                                │
│    738C.assembly_nn_classification                                                                                                                                       │
│    ├── 738C.assembly_nn_classification.json (execution parameters)                                                                                                       │
│    ├── 738C.assembly_encoded_sequences (directory containing encoded sequence data)                                                                                      │
│    ├── 738C.assembly_nn_classification.tsv (contig classification: tabular format)                                                                                       │
│    ├── 738C.assembly_nn_classification.npz (contig classification: binary format)                                                                                        │
│    ├── 738C.assembly_encoded_proviruses (directory containing encoded sequence data)                                                                                     │
│    ├── 738C.assembly_provirus_nn_classification.tsv (provirus classification: tabular format)                                                                            │
│    └── 738C.assembly_provirus_nn_classification.npz (provirus classification: binary format)                                                                             │
╰──────────────────────────────────────────────────────────────────────────────────────────────────────────────────────────────────────────────────────────────────────────╯
[07:34:54] Executing genomad nn-classification.                                                                                                                             
[07:34:54] Creating the 738C.assembly_nn_classification directory.                                                                                                          
[07:34:54] Creating the 738C.assembly_nn_classification/738C.assembly_encoded_sequences directory.                                                                          
[07:34:56] Encoded sequence data written to 738C.assembly_encoded_sequences.                                                                                                
[07:34:56] Creating the 738C.assembly_nn_classification/738C.assembly_encoded_proviruses directory.                                                                         
[07:34:56] Encoded provirus data written to 738C.assembly_encoded_proviruses.                                                                                               
[07:35:02] Sequences classified.                                                                                                                                            
[07:35:02] Sequence classification in binary format written to 738C.assembly_nn_classification.npz.                                                                         
[07:35:02] Deleting encoded sequence data.                                                                                                                                  
[07:35:02] Sequence classification in tabular format written to 738C.assembly_nn_classification.tsv.                                                                        
[07:35:05] Proviruses classified.                                                                                                                                           
[07:35:05] Provirus classification in binary format written to 738C.assembly_provirus_nn_classification.npz.                                                                
[07:35:05] Deleting encoded provirus data.                                                                                                                                  
[07:35:05] Provirus classification in tabular format written to 738C.assembly_provirus_nn_classification.tsv.                                                               
[07:35:05] geNomad nn-classification finished!                                                                                                                              
