╭──────────────────────────────────────────────────────────────────────────────────────────────────────────────────────────────────────────────────────────────────────────╮
│  Executing geNomad marker-classification (v1.11.1). This will classify the input sequences into chromosome, plasmid, or virus based on the presence of geNomad markers   │
│  and other gene-related features.                                                                                                                                        │
│  ──────────────────────────────────────────────────────────────────────────────────────────────────────────────────────────────────────────────────────────────────────  │
│  Outputs:                                                                                                                                                                │
│    WHRI_8713_marker_classification                                                                                                                                       │
│    ├── WHRI_8713_marker_classification.json (execution parameters)                                                                                                       │
│    ├── WHRI_8713_features.tsv (sequence feature data: tabular format)                                                                                                    │
│    ├── WHRI_8713_features.npz (sequence feature data: binary format)                                                                                                     │
│    ├── WHRI_8713_marker_classification.tsv (sequence classification: tabular format)                                                                                     │
│    └── WHRI_8713_marker_classification.npz (sequence classification: binary format)                                                                                      │
╰──────────────────────────────────────────────────────────────────────────────────────────────────────────────────────────────────────────────────────────────────────────╯
[14:11:45] Executing genomad marker-classification.                                                                                                                         
[14:11:45] Creating the WHRI_8713_marker_classification directory.                                                                                                          
[14:11:45] Sequence features computed.                                                                                                                                      
[14:11:45] Sequence features in binary format written to WHRI_8713_features.npz.                                                                                            
[14:11:45] Sequence features in tabular format written to WHRI_8713_features.tsv.                                                                                           
[14:11:46] Sequences classified.                                                                                                                                            
[14:11:46] Sequence classification in binary format written to WHRI_8713_marker_classification.npz.                                                                         
[14:11:46] Sequence classification in tabular format written to WHRI_8713_marker_classification.tsv.                                                                        
[14:11:46] geNomad marker-classification finished!                                                                                                                          
