╭──────────────────────────────────────────────────────────────────────────────────────────────────────────────────────────────────────────────────────────────────────────╮
│  Executing geNomad summary (v1.11.1). This will summarize the results across modules into a classification report.                                                       │
│  ──────────────────────────────────────────────────────────────────────────────────────────────────────────────────────────────────────────────────────────────────────  │
│  Outputs:                                                                                                                                                                │
│    WHRI_8980_summary                                                                                                                                                     │
│    ├── WHRI_8980_summary.json (execution parameters)                                                                                                                     │
│    ├── WHRI_8980_virus_summary.tsv (virus classification summary)                                                                                                        │
│    ├── WHRI_8980_plasmid_summary.tsv (plasmid classification summary)                                                                                                    │
│    ├── WHRI_8980_virus.fna (virus nucleotide FASTA file)                                                                                                                 │
│    ├── WHRI_8980_plasmid.fna (plasmid nucleotide FASTA file)                                                                                                             │
│    ├── WHRI_8980_virus_proteins.faa (virus protein FASTA file)                                                                                                           │
│    ├── WHRI_8980_plasmid_proteins.faa (plasmid protein FASTA file)                                                                                                       │
│    ├── WHRI_8980_virus_genes.tsv (virus gene annotation data)                                                                                                            │
│    └── WHRI_8980_plasmid_genes.tsv (plasmid gene annotation data)                                                                                                        │
╰──────────────────────────────────────────────────────────────────────────────────────────────────────────────────────────────────────────────────────────────────────────╯
[15:21:39] Executing genomad summary.                                                                                                                                       
[15:21:39] Creating the WHRI_8980_summary directory.                                                                                                                        
[15:21:39] Using scores from aggregated-classification.                                                                                                                     
[15:21:39] 10 plasmid(s) and 0 virus(es) were identified.                                                                                                                   
[15:21:40] Nucleotide sequences were written to WHRI_8980_plasmid.fna and WHRI_8980_virus.fna.                                                                              
[15:21:40] Protein sequences were written to WHRI_8980_plasmid_proteins.faa and WHRI_8980_virus_proteins.faa.                                                               
[15:21:40] Gene annotation data was written to WHRI_8980_plasmid_genes.tsv and WHRI_8980_virus_genes.tsv.                                                                   
[15:21:40] Summary files were written to WHRI_8980_plasmid_summary.tsv and WHRI_8980_virus_summary.tsv.                                                                     
[15:21:40] geNomad summary finished!                                                                                                                                        
