╭──────────────────────────────────────────────────────────────────────────────────────────────────────────────────────────────────────────────────────────────────────────╮
│  Executing geNomad nn-classification (v1.11.1). This will classify the input sequences into chromosome, plasmid, or virus based on the nucleotide sequence.              │
│  ──────────────────────────────────────────────────────────────────────────────────────────────────────────────────────────────────────────────────────────────────────  │
│  Outputs:                                                                                                                                                                │
│    WHRI_8841_nn_classification                                                                                                                                           │
│    ├── WHRI_8841_nn_classification.json (execution parameters)                                                                                                           │
│    ├── WHRI_8841_encoded_sequences (directory containing encoded sequence data)                                                                                          │
│    ├── WHRI_8841_nn_classification.tsv (contig classification: tabular format)                                                                                           │
│    ├── WHRI_8841_nn_classification.npz (contig classification: binary format)                                                                                            │
│    ├── WHRI_8841_encoded_proviruses (directory containing encoded sequence data)                                                                                         │
│    ├── WHRI_8841_provirus_nn_classification.tsv (provirus classification: tabular format)                                                                                │
│    └── WHRI_8841_provirus_nn_classification.npz (provirus classification: binary format)                                                                                 │
╰──────────────────────────────────────────────────────────────────────────────────────────────────────────────────────────────────────────────────────────────────────────╯
[14:46:19] Executing genomad nn-classification.                                                                                                                             
[14:46:19] Creating the WHRI_8841_nn_classification directory.                                                                                                              
[14:46:19] Creating the WHRI_8841_nn_classification/WHRI_8841_encoded_sequences directory.                                                                                  
[14:46:20] Encoded sequence data written to WHRI_8841_encoded_sequences.                                                                                                    
[14:46:20] Creating the WHRI_8841_nn_classification/WHRI_8841_encoded_proviruses directory.                                                                                 
[14:46:20] Encoded provirus data written to WHRI_8841_encoded_proviruses.                                                                                                   
[14:46:27] Sequences classified.                                                                                                                                            
[14:46:27] Sequence classification in binary format written to WHRI_8841_nn_classification.npz.                                                                             
[14:46:27] Deleting encoded sequence data.                                                                                                                                  
[14:46:27] Sequence classification in tabular format written to WHRI_8841_nn_classification.tsv.                                                                            
[14:46:30] Proviruses classified.                                                                                                                                           
[14:46:30] Provirus classification in binary format written to WHRI_8841_provirus_nn_classification.npz.                                                                    
[14:46:30] Deleting encoded provirus data.                                                                                                                                  
[14:46:30] Provirus classification in tabular format written to WHRI_8841_provirus_nn_classification.tsv.                                                                   
[14:46:30] geNomad nn-classification finished!                                                                                                                              
