╭──────────────────────────────────────────────────────────────────────────────────────────────────────────────────────────────────────────────────────────────────────────╮
│  Executing geNomad nn-classification (v1.11.1). This will classify the input sequences into chromosome, plasmid, or virus based on the nucleotide sequence.              │
│  ──────────────────────────────────────────────────────────────────────────────────────────────────────────────────────────────────────────────────────────────────────  │
│  Outputs:                                                                                                                                                                │
│    WHRI_8821_nn_classification                                                                                                                                           │
│    ├── WHRI_8821_nn_classification.json (execution parameters)                                                                                                           │
│    ├── WHRI_8821_encoded_sequences (directory containing encoded sequence data)                                                                                          │
│    ├── WHRI_8821_nn_classification.tsv (contig classification: tabular format)                                                                                           │
│    ├── WHRI_8821_nn_classification.npz (contig classification: binary format)                                                                                            │
│    ├── WHRI_8821_encoded_proviruses (directory containing encoded sequence data)                                                                                         │
│    ├── WHRI_8821_provirus_nn_classification.tsv (provirus classification: tabular format)                                                                                │
│    └── WHRI_8821_provirus_nn_classification.npz (provirus classification: binary format)                                                                                 │
╰──────────────────────────────────────────────────────────────────────────────────────────────────────────────────────────────────────────────────────────────────────────╯
[14:33:44] Executing genomad nn-classification.                                                                                                                             
[14:33:44] Creating the WHRI_8821_nn_classification directory.                                                                                                              
[14:33:44] Creating the WHRI_8821_nn_classification/WHRI_8821_encoded_sequences directory.                                                                                  
[14:33:45] Encoded sequence data written to WHRI_8821_encoded_sequences.                                                                                                    
[14:33:45] Creating the WHRI_8821_nn_classification/WHRI_8821_encoded_proviruses directory.                                                                                 
[14:33:45] Encoded provirus data written to WHRI_8821_encoded_proviruses.                                                                                                   
[14:33:51] Sequences classified.                                                                                                                                            
[14:33:51] Sequence classification in binary format written to WHRI_8821_nn_classification.npz.                                                                             
[14:33:51] Deleting encoded sequence data.                                                                                                                                  
[14:33:52] Sequence classification in tabular format written to WHRI_8821_nn_classification.tsv.                                                                            
[14:33:54] Proviruses classified.                                                                                                                                           
[14:33:54] Provirus classification in binary format written to WHRI_8821_provirus_nn_classification.npz.                                                                    
[14:33:54] Deleting encoded provirus data.                                                                                                                                  
[14:33:54] Provirus classification in tabular format written to WHRI_8821_provirus_nn_classification.tsv.                                                                   
[14:33:54] geNomad nn-classification finished!                                                                                                                              
