╭──────────────────────────────────────────────────────────────────────────────────────────────────────────────────────────────────────────────────────────────────────────╮
│  Executing geNomad summary (v1.11.1). This will summarize the results across modules into a classification report.                                                       │
│  ──────────────────────────────────────────────────────────────────────────────────────────────────────────────────────────────────────────────────────────────────────  │
│  Outputs:                                                                                                                                                                │
│    WHRI_7284_summary                                                                                                                                                     │
│    ├── WHRI_7284_summary.json (execution parameters)                                                                                                                     │
│    ├── WHRI_7284_virus_summary.tsv (virus classification summary)                                                                                                        │
│    ├── WHRI_7284_plasmid_summary.tsv (plasmid classification summary)                                                                                                    │
│    ├── WHRI_7284_virus.fna (virus nucleotide FASTA file)                                                                                                                 │
│    ├── WHRI_7284_plasmid.fna (plasmid nucleotide FASTA file)                                                                                                             │
│    ├── WHRI_7284_virus_proteins.faa (virus protein FASTA file)                                                                                                           │
│    ├── WHRI_7284_plasmid_proteins.faa (plasmid protein FASTA file)                                                                                                       │
│    ├── WHRI_7284_virus_genes.tsv (virus gene annotation data)                                                                                                            │
│    └── WHRI_7284_plasmid_genes.tsv (plasmid gene annotation data)                                                                                                        │
╰──────────────────────────────────────────────────────────────────────────────────────────────────────────────────────────────────────────────────────────────────────────╯
[12:00:10] Executing genomad summary.                                                                                                                                       
[12:00:10] Creating the WHRI_7284_summary directory.                                                                                                                        
[12:00:10] Using scores from aggregated-classification.                                                                                                                     
[12:00:10] 11 plasmid(s) and 2 virus(es) were identified.                                                                                                                   
[12:00:10] Nucleotide sequences were written to WHRI_7284_plasmid.fna and WHRI_7284_virus.fna.                                                                              
[12:00:10] Protein sequences were written to WHRI_7284_plasmid_proteins.faa and WHRI_7284_virus_proteins.faa.                                                               
[12:00:10] Gene annotation data was written to WHRI_7284_plasmid_genes.tsv and WHRI_7284_virus_genes.tsv.                                                                   
[12:00:10] Summary files were written to WHRI_7284_plasmid_summary.tsv and WHRI_7284_virus_summary.tsv.                                                                     
[12:00:10] geNomad summary finished!                                                                                                                                        
