╭──────────────────────────────────────────────────────────────────────────────────────────────────────────────────────────────────────────────────────────────────────────╮
│  Executing geNomad summary (v1.11.1). This will summarize the results across modules into a classification report.                                                       │
│  ──────────────────────────────────────────────────────────────────────────────────────────────────────────────────────────────────────────────────────────────────────  │
│  Outputs:                                                                                                                                                                │
│    WHRI_8023C_summary                                                                                                                                                    │
│    ├── WHRI_8023C_summary.json (execution parameters)                                                                                                                    │
│    ├── WHRI_8023C_virus_summary.tsv (virus classification summary)                                                                                                       │
│    ├── WHRI_8023C_plasmid_summary.tsv (plasmid classification summary)                                                                                                   │
│    ├── WHRI_8023C_virus.fna (virus nucleotide FASTA file)                                                                                                                │
│    ├── WHRI_8023C_plasmid.fna (plasmid nucleotide FASTA file)                                                                                                            │
│    ├── WHRI_8023C_virus_proteins.faa (virus protein FASTA file)                                                                                                          │
│    ├── WHRI_8023C_plasmid_proteins.faa (plasmid protein FASTA file)                                                                                                      │
│    ├── WHRI_8023C_virus_genes.tsv (virus gene annotation data)                                                                                                           │
│    └── WHRI_8023C_plasmid_genes.tsv (plasmid gene annotation data)                                                                                                       │
╰──────────────────────────────────────────────────────────────────────────────────────────────────────────────────────────────────────────────────────────────────────────╯
[12:43:09] Executing genomad summary.                                                                                                                                       
[12:43:09] Creating the WHRI_8023C_summary directory.                                                                                                                       
[12:43:09] Using scores from aggregated-classification.                                                                                                                     
[12:43:09] 10 plasmid(s) and 0 virus(es) were identified.                                                                                                                   
[12:43:09] Nucleotide sequences were written to WHRI_8023C_plasmid.fna and WHRI_8023C_virus.fna.                                                                            
[12:43:09] Protein sequences were written to WHRI_8023C_plasmid_proteins.faa and WHRI_8023C_virus_proteins.faa.                                                             
[12:43:09] Gene annotation data was written to WHRI_8023C_plasmid_genes.tsv and WHRI_8023C_virus_genes.tsv.                                                                 
[12:43:09] Summary files were written to WHRI_8023C_plasmid_summary.tsv and WHRI_8023C_virus_summary.tsv.                                                                   
[12:43:09] geNomad summary finished!                                                                                                                                        
