╭──────────────────────────────────────────────────────────────────────────────────────────────────────────────────────────────────────────────────────────────────────────╮
│  Executing geNomad summary (v1.11.1). This will summarize the results across modules into a classification report.                                                       │
│  ──────────────────────────────────────────────────────────────────────────────────────────────────────────────────────────────────────────────────────────────────────  │
│  Outputs:                                                                                                                                                                │
│    WHRI_8650_summary                                                                                                                                                     │
│    ├── WHRI_8650_summary.json (execution parameters)                                                                                                                     │
│    ├── WHRI_8650_virus_summary.tsv (virus classification summary)                                                                                                        │
│    ├── WHRI_8650_plasmid_summary.tsv (plasmid classification summary)                                                                                                    │
│    ├── WHRI_8650_virus.fna (virus nucleotide FASTA file)                                                                                                                 │
│    ├── WHRI_8650_plasmid.fna (plasmid nucleotide FASTA file)                                                                                                             │
│    ├── WHRI_8650_virus_proteins.faa (virus protein FASTA file)                                                                                                           │
│    ├── WHRI_8650_plasmid_proteins.faa (plasmid protein FASTA file)                                                                                                       │
│    ├── WHRI_8650_virus_genes.tsv (virus gene annotation data)                                                                                                            │
│    └── WHRI_8650_plasmid_genes.tsv (plasmid gene annotation data)                                                                                                        │
╰──────────────────────────────────────────────────────────────────────────────────────────────────────────────────────────────────────────────────────────────────────────╯
[14:03:40] Executing genomad summary.                                                                                                                                       
[14:03:40] Creating the WHRI_8650_summary directory.                                                                                                                        
[14:03:40] Using scores from aggregated-classification.                                                                                                                     
[14:03:40] 9 plasmid(s) and 2 virus(es) were identified.                                                                                                                    
[14:03:40] Nucleotide sequences were written to WHRI_8650_plasmid.fna and WHRI_8650_virus.fna.                                                                              
[14:03:40] Protein sequences were written to WHRI_8650_plasmid_proteins.faa and WHRI_8650_virus_proteins.faa.                                                               
[14:03:40] Gene annotation data was written to WHRI_8650_plasmid_genes.tsv and WHRI_8650_virus_genes.tsv.                                                                   
[14:03:40] Summary files were written to WHRI_8650_plasmid_summary.tsv and WHRI_8650_virus_summary.tsv.                                                                     
[14:03:40] geNomad summary finished!                                                                                                                                        
