╭──────────────────────────────────────────────────────────────────────────────────────────────────────────────────────────────────────────────────────────────────────────╮
│  Executing geNomad nn-classification (v1.11.1). This will classify the input sequences into chromosome, plasmid, or virus based on the nucleotide sequence.              │
│  ──────────────────────────────────────────────────────────────────────────────────────────────────────────────────────────────────────────────────────────────────────  │
│  Outputs:                                                                                                                                                                │
│    WHRI_5482_nn_classification                                                                                                                                           │
│    ├── WHRI_5482_nn_classification.json (execution parameters)                                                                                                           │
│    ├── WHRI_5482_encoded_sequences (directory containing encoded sequence data)                                                                                          │
│    ├── WHRI_5482_nn_classification.tsv (contig classification: tabular format)                                                                                           │
│    ├── WHRI_5482_nn_classification.npz (contig classification: binary format)                                                                                            │
│    ├── WHRI_5482_encoded_proviruses (directory containing encoded sequence data)                                                                                         │
│    ├── WHRI_5482_provirus_nn_classification.tsv (provirus classification: tabular format)                                                                                │
│    └── WHRI_5482_provirus_nn_classification.npz (provirus classification: binary format)                                                                                 │
╰──────────────────────────────────────────────────────────────────────────────────────────────────────────────────────────────────────────────────────────────────────────╯
[08:44:33] Executing genomad nn-classification.                                                                                                                             
[08:44:33] Creating the WHRI_5482_nn_classification directory.                                                                                                              
[08:44:33] Creating the WHRI_5482_nn_classification/WHRI_5482_encoded_sequences directory.                                                                                  
[08:44:35] Encoded sequence data written to WHRI_5482_encoded_sequences.                                                                                                    
[08:44:35] Creating the WHRI_5482_nn_classification/WHRI_5482_encoded_proviruses directory.                                                                                 
[08:44:35] Encoded provirus data written to WHRI_5482_encoded_proviruses.                                                                                                   
[08:44:42] Sequences classified.                                                                                                                                            
[08:44:42] Sequence classification in binary format written to WHRI_5482_nn_classification.npz.                                                                             
[08:44:42] Deleting encoded sequence data.                                                                                                                                  
[08:44:42] Sequence classification in tabular format written to WHRI_5482_nn_classification.tsv.                                                                            
[08:44:45] Proviruses classified.                                                                                                                                           
[08:44:45] Provirus classification in binary format written to WHRI_5482_provirus_nn_classification.npz.                                                                    
[08:44:45] Deleting encoded provirus data.                                                                                                                                  
[08:44:45] Provirus classification in tabular format written to WHRI_5482_provirus_nn_classification.tsv.                                                                   
[08:44:45] geNomad nn-classification finished!                                                                                                                              
