╭──────────────────────────────────────────────────────────────────────────────────────────────────────────────────────────────────────────────────────────────────────────╮
│  Executing geNomad nn-classification (v1.11.1). This will classify the input sequences into chromosome, plasmid, or virus based on the nucleotide sequence.              │
│  ──────────────────────────────────────────────────────────────────────────────────────────────────────────────────────────────────────────────────────────────────────  │
│  Outputs:                                                                                                                                                                │
│    WHRI_6191_nn_classification                                                                                                                                           │
│    ├── WHRI_6191_nn_classification.json (execution parameters)                                                                                                           │
│    ├── WHRI_6191_encoded_sequences (directory containing encoded sequence data)                                                                                          │
│    ├── WHRI_6191_nn_classification.tsv (contig classification: tabular format)                                                                                           │
│    ├── WHRI_6191_nn_classification.npz (contig classification: binary format)                                                                                            │
│    ├── WHRI_6191_encoded_proviruses (directory containing encoded sequence data)                                                                                         │
│    ├── WHRI_6191_provirus_nn_classification.tsv (provirus classification: tabular format)                                                                                │
│    └── WHRI_6191_provirus_nn_classification.npz (provirus classification: binary format)                                                                                 │
╰──────────────────────────────────────────────────────────────────────────────────────────────────────────────────────────────────────────────────────────────────────────╯
[11:14:20] Executing genomad nn-classification.                                                                                                                             
[11:14:20] Creating the WHRI_6191_nn_classification directory.                                                                                                              
[11:14:20] Creating the WHRI_6191_nn_classification/WHRI_6191_encoded_sequences directory.                                                                                  
[11:14:21] Encoded sequence data written to WHRI_6191_encoded_sequences.                                                                                                    
[11:14:21] Creating the WHRI_6191_nn_classification/WHRI_6191_encoded_proviruses directory.                                                                                 
[11:14:21] Encoded provirus data written to WHRI_6191_encoded_proviruses.                                                                                                   
[11:14:28] Sequences classified.                                                                                                                                            
[11:14:28] Sequence classification in binary format written to WHRI_6191_nn_classification.npz.                                                                             
[11:14:28] Deleting encoded sequence data.                                                                                                                                  
[11:14:29] Sequence classification in tabular format written to WHRI_6191_nn_classification.tsv.                                                                            
[11:14:31] Proviruses classified.                                                                                                                                           
[11:14:31] Provirus classification in binary format written to WHRI_6191_provirus_nn_classification.npz.                                                                    
[11:14:31] Deleting encoded provirus data.                                                                                                                                  
[11:14:31] Provirus classification in tabular format written to WHRI_6191_provirus_nn_classification.tsv.                                                                   
[11:14:31] geNomad nn-classification finished!                                                                                                                              
