╭──────────────────────────────────────────────────────────────────────────────────────────────────────────────────────────────────────────────────────────────────────────╮
│  Executing geNomad summary (v1.11.1). This will summarize the results across modules into a classification report.                                                       │
│  ──────────────────────────────────────────────────────────────────────────────────────────────────────────────────────────────────────────────────────────────────────  │
│  Outputs:                                                                                                                                                                │
│    WHRI_5586_summary                                                                                                                                                     │
│    ├── WHRI_5586_summary.json (execution parameters)                                                                                                                     │
│    ├── WHRI_5586_virus_summary.tsv (virus classification summary)                                                                                                        │
│    ├── WHRI_5586_plasmid_summary.tsv (plasmid classification summary)                                                                                                    │
│    ├── WHRI_5586_virus.fna (virus nucleotide FASTA file)                                                                                                                 │
│    ├── WHRI_5586_plasmid.fna (plasmid nucleotide FASTA file)                                                                                                             │
│    ├── WHRI_5586_virus_proteins.faa (virus protein FASTA file)                                                                                                           │
│    ├── WHRI_5586_plasmid_proteins.faa (plasmid protein FASTA file)                                                                                                       │
│    ├── WHRI_5586_virus_genes.tsv (virus gene annotation data)                                                                                                            │
│    └── WHRI_5586_plasmid_genes.tsv (plasmid gene annotation data)                                                                                                        │
╰──────────────────────────────────────────────────────────────────────────────────────────────────────────────────────────────────────────────────────────────────────────╯
[09:01:00] Executing genomad summary.                                                                                                                                       
[09:01:00] Creating the WHRI_5586_summary directory.                                                                                                                        
[09:01:00] Using scores from aggregated-classification.                                                                                                                     
[09:01:00] 17 plasmid(s) and 2 virus(es) were identified.                                                                                                                   
[09:01:00] Nucleotide sequences were written to WHRI_5586_plasmid.fna and WHRI_5586_virus.fna.                                                                              
[09:01:00] Protein sequences were written to WHRI_5586_plasmid_proteins.faa and WHRI_5586_virus_proteins.faa.                                                               
[09:01:00] Gene annotation data was written to WHRI_5586_plasmid_genes.tsv and WHRI_5586_virus_genes.tsv.                                                                   
[09:01:00] Summary files were written to WHRI_5586_plasmid_summary.tsv and WHRI_5586_virus_summary.tsv.                                                                     
[09:01:00] geNomad summary finished!                                                                                                                                        
