╭──────────────────────────────────────────────────────────────────────────────────────────────────────────────────────────────────────────────────────────────────────────╮
│  Executing geNomad summary (v1.11.1). This will summarize the results across modules into a classification report.                                                       │
│  ──────────────────────────────────────────────────────────────────────────────────────────────────────────────────────────────────────────────────────────────────────  │
│  Outputs:                                                                                                                                                                │
│    WHRI_6024A_summary                                                                                                                                                    │
│    ├── WHRI_6024A_summary.json (execution parameters)                                                                                                                    │
│    ├── WHRI_6024A_virus_summary.tsv (virus classification summary)                                                                                                       │
│    ├── WHRI_6024A_plasmid_summary.tsv (plasmid classification summary)                                                                                                   │
│    ├── WHRI_6024A_virus.fna (virus nucleotide FASTA file)                                                                                                                │
│    ├── WHRI_6024A_plasmid.fna (plasmid nucleotide FASTA file)                                                                                                            │
│    ├── WHRI_6024A_virus_proteins.faa (virus protein FASTA file)                                                                                                          │
│    ├── WHRI_6024A_plasmid_proteins.faa (plasmid protein FASTA file)                                                                                                      │
│    ├── WHRI_6024A_virus_genes.tsv (virus gene annotation data)                                                                                                           │
│    └── WHRI_6024A_plasmid_genes.tsv (plasmid gene annotation data)                                                                                                       │
╰──────────────────────────────────────────────────────────────────────────────────────────────────────────────────────────────────────────────────────────────────────────╯
[10:08:37] Executing genomad summary.                                                                                                                                       
[10:08:37] Creating the WHRI_6024A_summary directory.                                                                                                                       
[10:08:37] Using scores from aggregated-classification.                                                                                                                     
[10:08:37] 12 plasmid(s) and 3 virus(es) were identified.                                                                                                                   
[10:08:37] Nucleotide sequences were written to WHRI_6024A_plasmid.fna and WHRI_6024A_virus.fna.                                                                            
[10:08:37] Protein sequences were written to WHRI_6024A_plasmid_proteins.faa and WHRI_6024A_virus_proteins.faa.                                                             
[10:08:37] Gene annotation data was written to WHRI_6024A_plasmid_genes.tsv and WHRI_6024A_virus_genes.tsv.                                                                 
[10:08:37] Summary files were written to WHRI_6024A_plasmid_summary.tsv and WHRI_6024A_virus_summary.tsv.                                                                   
[10:08:37] geNomad summary finished!                                                                                                                                        
