╭──────────────────────────────────────────────────────────────────────────────────────────────────────────────────────────────────────────────────────────────────────────╮
│  Executing geNomad nn-classification (v1.11.1). This will classify the input sequences into chromosome, plasmid, or virus based on the nucleotide sequence.              │
│  ──────────────────────────────────────────────────────────────────────────────────────────────────────────────────────────────────────────────────────────────────────  │
│  Outputs:                                                                                                                                                                │
│    WHRI_6089_nn_classification                                                                                                                                           │
│    ├── WHRI_6089_nn_classification.json (execution parameters)                                                                                                           │
│    ├── WHRI_6089_encoded_sequences (directory containing encoded sequence data)                                                                                          │
│    ├── WHRI_6089_nn_classification.tsv (contig classification: tabular format)                                                                                           │
│    ├── WHRI_6089_nn_classification.npz (contig classification: binary format)                                                                                            │
│    ├── WHRI_6089_encoded_proviruses (directory containing encoded sequence data)                                                                                         │
│    ├── WHRI_6089_provirus_nn_classification.tsv (provirus classification: tabular format)                                                                                │
│    └── WHRI_6089_provirus_nn_classification.npz (provirus classification: binary format)                                                                                 │
╰──────────────────────────────────────────────────────────────────────────────────────────────────────────────────────────────────────────────────────────────────────────╯
[10:57:54] Executing genomad nn-classification.                                                                                                                             
[10:57:54] Creating the WHRI_6089_nn_classification directory.                                                                                                              
[10:57:54] Creating the WHRI_6089_nn_classification/WHRI_6089_encoded_sequences directory.                                                                                  
[10:57:55] Encoded sequence data written to WHRI_6089_encoded_sequences.                                                                                                    
[10:57:55] Creating the WHRI_6089_nn_classification/WHRI_6089_encoded_proviruses directory.                                                                                 
[10:57:55] Encoded provirus data written to WHRI_6089_encoded_proviruses.                                                                                                   
[10:58:02] Sequences classified.                                                                                                                                            
[10:58:02] Sequence classification in binary format written to WHRI_6089_nn_classification.npz.                                                                             
[10:58:02] Deleting encoded sequence data.                                                                                                                                  
[10:58:02] Sequence classification in tabular format written to WHRI_6089_nn_classification.tsv.                                                                            
[10:58:04] Proviruses classified.                                                                                                                                           
[10:58:04] Provirus classification in binary format written to WHRI_6089_provirus_nn_classification.npz.                                                                    
[10:58:04] Deleting encoded provirus data.                                                                                                                                  
[10:58:04] Provirus classification in tabular format written to WHRI_6089_provirus_nn_classification.tsv.                                                                   
[10:58:04] geNomad nn-classification finished!                                                                                                                              
