╭──────────────────────────────────────────────────────────────────────────────────────────────────────────────────────────────────────────────────────────────────────────╮
│  Executing geNomad aggregated-classification (v1.11.1). This will aggregate the results of the marker-classification and nn-classification modules to classify the       │
│  input sequences into chromosome, plasmid, or virus.                                                                                                                     │
│  ──────────────────────────────────────────────────────────────────────────────────────────────────────────────────────────────────────────────────────────────────────  │
│  Outputs:                                                                                                                                                                │
│    WHRI_6063_aggregated_classification                                                                                                                                   │
│    ├── WHRI_6063_aggregated_classification.json (execution parameters)                                                                                                   │
│    ├── WHRI_6063_aggregated_classification.tsv (sequence classification: tabular format)                                                                                 │
│    ├── WHRI_6063_aggregated_classification.npz (sequence classification: binary format)                                                                                  │
│    ├── WHRI_6063_provirus_aggregated_classification.tsv (provirus classification: tabular format)                                                                        │
│    └── WHRI_6063_provirus_aggregated_classification.npz (provirus classification: binary format)                                                                         │
╰──────────────────────────────────────────────────────────────────────────────────────────────────────────────────────────────────────────────────────────────────────────╯
[10:35:33] Executing genomad aggregated-classification.                                                                                                                     
[10:35:33] Creating the WHRI_6063_aggregated_classification directory.                                                                                                      
[10:35:33] The total marker frequencies of the input sequences were computed.                                                                                               
[10:35:33] Sequences classified.                                                                                                                                            
[10:35:33] Sequence classification in binary format written to WHRI_6063_aggregated_classification.npz.                                                                     
[10:35:33] Sequence classification in tabular format written to WHRI_6063_aggregated_classification.tsv.                                                                    
[10:35:33] Proviruses classified.                                                                                                                                           
[10:35:33] Provirus classification in binary format written to WHRI_6063_provirus_aggregated_classification.npz.                                                            
[10:35:33] Provirus classification in tabular format written to WHRI_6063_provirus_aggregated_classification.tsv.                                                           
[10:35:33] geNomad aggregated-classification finished!                                                                                                                      
