╭──────────────────────────────────────────────────────────────────────────────────────────────────────────────────────────────────────────────────────────────────────────╮
│  Executing geNomad summary (v1.11.1). This will summarize the results across modules into a classification report.                                                       │
│  ──────────────────────────────────────────────────────────────────────────────────────────────────────────────────────────────────────────────────────────────────────  │
│  Outputs:                                                                                                                                                                │
│    WHRI_5814_summary                                                                                                                                                     │
│    ├── WHRI_5814_summary.json (execution parameters)                                                                                                                     │
│    ├── WHRI_5814_virus_summary.tsv (virus classification summary)                                                                                                        │
│    ├── WHRI_5814_plasmid_summary.tsv (plasmid classification summary)                                                                                                    │
│    ├── WHRI_5814_virus.fna (virus nucleotide FASTA file)                                                                                                                 │
│    ├── WHRI_5814_plasmid.fna (plasmid nucleotide FASTA file)                                                                                                             │
│    ├── WHRI_5814_virus_proteins.faa (virus protein FASTA file)                                                                                                           │
│    ├── WHRI_5814_plasmid_proteins.faa (plasmid protein FASTA file)                                                                                                       │
│    ├── WHRI_5814_virus_genes.tsv (virus gene annotation data)                                                                                                            │
│    └── WHRI_5814_plasmid_genes.tsv (plasmid gene annotation data)                                                                                                        │
╰──────────────────────────────────────────────────────────────────────────────────────────────────────────────────────────────────────────────────────────────────────────╯
[09:54:41] Executing genomad summary.                                                                                                                                       
[09:54:41] Creating the WHRI_5814_summary directory.                                                                                                                        
[09:54:41] Using scores from aggregated-classification.                                                                                                                     
[09:54:41] 16 plasmid(s) and 2 virus(es) were identified.                                                                                                                   
[09:54:41] Nucleotide sequences were written to WHRI_5814_plasmid.fna and WHRI_5814_virus.fna.                                                                              
[09:54:41] Protein sequences were written to WHRI_5814_plasmid_proteins.faa and WHRI_5814_virus_proteins.faa.                                                               
[09:54:41] Gene annotation data was written to WHRI_5814_plasmid_genes.tsv and WHRI_5814_virus_genes.tsv.                                                                   
[09:54:41] Summary files were written to WHRI_5814_plasmid_summary.tsv and WHRI_5814_virus_summary.tsv.                                                                     
[09:54:41] geNomad summary finished!                                                                                                                                        
