╭──────────────────────────────────────────────────────────────────────────────────────────────────────────────────────────────────────────────────────────────────────────╮
│  Executing geNomad summary (v1.11.1). This will summarize the results across modules into a classification report.                                                       │
│  ──────────────────────────────────────────────────────────────────────────────────────────────────────────────────────────────────────────────────────────────────────  │
│  Outputs:                                                                                                                                                                │
│    WHRI_7072_summary                                                                                                                                                     │
│    ├── WHRI_7072_summary.json (execution parameters)                                                                                                                     │
│    ├── WHRI_7072_virus_summary.tsv (virus classification summary)                                                                                                        │
│    ├── WHRI_7072_plasmid_summary.tsv (plasmid classification summary)                                                                                                    │
│    ├── WHRI_7072_virus.fna (virus nucleotide FASTA file)                                                                                                                 │
│    ├── WHRI_7072_plasmid.fna (plasmid nucleotide FASTA file)                                                                                                             │
│    ├── WHRI_7072_virus_proteins.faa (virus protein FASTA file)                                                                                                           │
│    ├── WHRI_7072_plasmid_proteins.faa (plasmid protein FASTA file)                                                                                                       │
│    ├── WHRI_7072_virus_genes.tsv (virus gene annotation data)                                                                                                            │
│    └── WHRI_7072_plasmid_genes.tsv (plasmid gene annotation data)                                                                                                        │
╰──────────────────────────────────────────────────────────────────────────────────────────────────────────────────────────────────────────────────────────────────────────╯
[11:39:26] Executing genomad summary.                                                                                                                                       
[11:39:26] Creating the WHRI_7072_summary directory.                                                                                                                        
[11:39:26] Using scores from aggregated-classification.                                                                                                                     
[11:39:26] 8 plasmid(s) and 2 virus(es) were identified.                                                                                                                    
[11:39:26] Nucleotide sequences were written to WHRI_7072_plasmid.fna and WHRI_7072_virus.fna.                                                                              
[11:39:26] Protein sequences were written to WHRI_7072_plasmid_proteins.faa and WHRI_7072_virus_proteins.faa.                                                               
[11:39:26] Gene annotation data was written to WHRI_7072_plasmid_genes.tsv and WHRI_7072_virus_genes.tsv.                                                                   
[11:39:26] Summary files were written to WHRI_7072_plasmid_summary.tsv and WHRI_7072_virus_summary.tsv.                                                                     
[11:39:26] geNomad summary finished!                                                                                                                                        
