╭──────────────────────────────────────────────────────────────────────────────────────────────────────────────────────────────────────────────────────────────────────────╮
│  Executing geNomad find-proviruses (v1.11.1). This will find putative proviral regions within the input sequences.                                                       │
│  ──────────────────────────────────────────────────────────────────────────────────────────────────────────────────────────────────────────────────────────────────────  │
│  Outputs:                                                                                                                                                                │
│    WHRI_6194_find_proviruses                                                                                                                                             │
│    ├── WHRI_6194_find_proviruses.json (execution parameters)                                                                                                             │
│    ├── WHRI_6194_provirus.tsv (provirus data)                                                                                                                            │
│    ├── WHRI_6194_provirus.fna (provirus nucleotide sequences)                                                                                                            │
│    ├── WHRI_6194_provirus_proteins.faa (provirus protein sequences)                                                                                                      │
│    ├── WHRI_6194_provirus_genes.tsv (provirus gene annotation data)                                                                                                      │
│    ├── WHRI_6194_provirus_taxonomy.tsv (provirus taxonomic assignment)                                                                                                   │
│    ├── WHRI_6194_provirus_mmseqs2.tsv (MMseqs2 output file)                                                                                                              │
│    └── WHRI_6194_provirus_aragorn.tsv (Aragorn output file)                                                                                                              │
╰──────────────────────────────────────────────────────────────────────────────────────────────────────────────────────────────────────────────────────────────────────────╯
[11:16:58] Executing genomad find-proviruses.                                                                                                                               
[11:16:58] Creating the WHRI_6194_find_proviruses directory.                                                                                                                
[11:17:01] Integrases identified with MMseqs2 and geNomad database (v1.9) were written to WHRI_6194_provirus_mmseqs2.tsv.                                                   
[11:17:01] Deleting WHRI_6194_provirus_mmseqs2.                                                                                                                             
[11:17:01] Deleting WHRI_6194_provirus_mmseqs2_input.faa.                                                                                                                   
[11:17:02] tRNAs identified with Aragorn were written to WHRI_6194_provirus_aragorn.tsv.                                                                                    
[11:17:02] Deleting WHRI_6194_provirus_aragorn_input.fna.                                                                                                                   
[11:17:02] Provirus regions identified.                                                                                                                                     
[11:17:02] Provirus data was written to WHRI_6194_provirus.tsv.                                                                                                             
[11:17:02] Provirus nucleotide sequences were written to WHRI_6194_provirus.fna.                                                                                            
[11:17:02] Provirus protein sequences were written to WHRI_6194_provirus_proteins.faa.                                                                                      
[11:17:02] Provirus gene data was written to WHRI_6194_provirus_genes.tsv.                                                                                                  
[11:17:02] Taxonomic assignment data was written to WHRI_6194_provirus_taxonomy.tsv.                                                                                        
[11:17:02] geNomad find-proviruses finished!                                                                                                                                
