╭──────────────────────────────────────────────────────────────────────────────────────────────────────────────────────────────────────────────────────────────────────────╮
│  Executing geNomad find-proviruses (v1.11.1). This will find putative proviral regions within the input sequences.                                                       │
│  ──────────────────────────────────────────────────────────────────────────────────────────────────────────────────────────────────────────────────────────────────────  │
│  Outputs:                                                                                                                                                                │
│    WHRI_3833A_find_proviruses                                                                                                                                            │
│    ├── WHRI_3833A_find_proviruses.json (execution parameters)                                                                                                            │
│    ├── WHRI_3833A_provirus.tsv (provirus data)                                                                                                                           │
│    ├── WHRI_3833A_provirus.fna (provirus nucleotide sequences)                                                                                                           │
│    ├── WHRI_3833A_provirus_proteins.faa (provirus protein sequences)                                                                                                     │
│    ├── WHRI_3833A_provirus_genes.tsv (provirus gene annotation data)                                                                                                     │
│    ├── WHRI_3833A_provirus_taxonomy.tsv (provirus taxonomic assignment)                                                                                                  │
│    ├── WHRI_3833A_provirus_mmseqs2.tsv (MMseqs2 output file)                                                                                                             │
│    └── WHRI_3833A_provirus_aragorn.tsv (Aragorn output file)                                                                                                             │
╰──────────────────────────────────────────────────────────────────────────────────────────────────────────────────────────────────────────────────────────────────────────╯
[08:17:35] Executing genomad find-proviruses.                                                                                                                               
[08:17:35] Creating the WHRI_3833A_find_proviruses directory.                                                                                                               
[08:17:37] Integrases identified with MMseqs2 and geNomad database (v1.9) were written to WHRI_3833A_provirus_mmseqs2.tsv.                                                  
[08:17:37] Deleting WHRI_3833A_provirus_mmseqs2.                                                                                                                            
[08:17:37] Deleting WHRI_3833A_provirus_mmseqs2_input.faa.                                                                                                                  
[08:17:38] tRNAs identified with Aragorn were written to WHRI_3833A_provirus_aragorn.tsv.                                                                                   
[08:17:38] Deleting WHRI_3833A_provirus_aragorn_input.fna.                                                                                                                  
[08:17:39] Provirus regions identified.                                                                                                                                     
[08:17:39] Provirus data was written to WHRI_3833A_provirus.tsv.                                                                                                            
[08:17:39] Provirus nucleotide sequences were written to WHRI_3833A_provirus.fna.                                                                                           
[08:17:39] Provirus protein sequences were written to WHRI_3833A_provirus_proteins.faa.                                                                                     
[08:17:39] Provirus gene data was written to WHRI_3833A_provirus_genes.tsv.                                                                                                 
[08:17:39] Taxonomic assignment data was written to WHRI_3833A_provirus_taxonomy.tsv.                                                                                       
[08:17:39] geNomad find-proviruses finished!                                                                                                                                
