╭──────────────────────────────────────────────────────────────────────────────────────────────────────────────────────────────────────────────────────────────────────────╮
│  Executing geNomad aggregated-classification (v1.11.1). This will aggregate the results of the marker-classification and nn-classification modules to classify the       │
│  input sequences into chromosome, plasmid, or virus.                                                                                                                     │
│  ──────────────────────────────────────────────────────────────────────────────────────────────────────────────────────────────────────────────────────────────────────  │
│  Outputs:                                                                                                                                                                │
│    WHRI_7277_aggregated_classification                                                                                                                                   │
│    ├── WHRI_7277_aggregated_classification.json (execution parameters)                                                                                                   │
│    ├── WHRI_7277_aggregated_classification.tsv (sequence classification: tabular format)                                                                                 │
│    ├── WHRI_7277_aggregated_classification.npz (sequence classification: binary format)                                                                                  │
│    ├── WHRI_7277_provirus_aggregated_classification.tsv (provirus classification: tabular format)                                                                        │
│    └── WHRI_7277_provirus_aggregated_classification.npz (provirus classification: binary format)                                                                         │
╰──────────────────────────────────────────────────────────────────────────────────────────────────────────────────────────────────────────────────────────────────────────╯
[11:54:42] Executing genomad aggregated-classification.                                                                                                                     
[11:54:42] Creating the WHRI_7277_aggregated_classification directory.                                                                                                      
[11:54:42] The total marker frequencies of the input sequences were computed.                                                                                               
[11:54:42] Sequences classified.                                                                                                                                            
[11:54:42] Sequence classification in binary format written to WHRI_7277_aggregated_classification.npz.                                                                     
[11:54:42] Sequence classification in tabular format written to WHRI_7277_aggregated_classification.tsv.                                                                    
[11:54:42] Proviruses classified.                                                                                                                                           
[11:54:42] Provirus classification in binary format written to WHRI_7277_provirus_aggregated_classification.npz.                                                            
[11:54:42] Provirus classification in tabular format written to WHRI_7277_provirus_aggregated_classification.tsv.                                                           
[11:54:42] geNomad aggregated-classification finished!                                                                                                                      
