╭──────────────────────────────────────────────────────────────────────────────────────────────────────────────────────────────────────────────────────────────────────────╮
│  Executing geNomad summary (v1.11.1). This will summarize the results across modules into a classification report.                                                       │
│  ──────────────────────────────────────────────────────────────────────────────────────────────────────────────────────────────────────────────────────────────────────  │
│  Outputs:                                                                                                                                                                │
│    WHRI_7944_summary                                                                                                                                                     │
│    ├── WHRI_7944_summary.json (execution parameters)                                                                                                                     │
│    ├── WHRI_7944_virus_summary.tsv (virus classification summary)                                                                                                        │
│    ├── WHRI_7944_plasmid_summary.tsv (plasmid classification summary)                                                                                                    │
│    ├── WHRI_7944_virus.fna (virus nucleotide FASTA file)                                                                                                                 │
│    ├── WHRI_7944_plasmid.fna (plasmid nucleotide FASTA file)                                                                                                             │
│    ├── WHRI_7944_virus_proteins.faa (virus protein FASTA file)                                                                                                           │
│    ├── WHRI_7944_plasmid_proteins.faa (plasmid protein FASTA file)                                                                                                       │
│    ├── WHRI_7944_virus_genes.tsv (virus gene annotation data)                                                                                                            │
│    └── WHRI_7944_plasmid_genes.tsv (plasmid gene annotation data)                                                                                                        │
╰──────────────────────────────────────────────────────────────────────────────────────────────────────────────────────────────────────────────────────────────────────────╯
[12:33:18] Executing genomad summary.                                                                                                                                       
[12:33:18] Creating the WHRI_7944_summary directory.                                                                                                                        
[12:33:18] Using scores from aggregated-classification.                                                                                                                     
[12:33:18] 4 plasmid(s) and 0 virus(es) were identified.                                                                                                                    
[12:33:18] Nucleotide sequences were written to WHRI_7944_plasmid.fna and WHRI_7944_virus.fna.                                                                              
[12:33:18] Protein sequences were written to WHRI_7944_plasmid_proteins.faa and WHRI_7944_virus_proteins.faa.                                                               
[12:33:18] Gene annotation data was written to WHRI_7944_plasmid_genes.tsv and WHRI_7944_virus_genes.tsv.                                                                   
[12:33:18] Summary files were written to WHRI_7944_plasmid_summary.tsv and WHRI_7944_virus_summary.tsv.                                                                     
[12:33:18] geNomad summary finished!                                                                                                                                        
