╭──────────────────────────────────────────────────────────────────────────────────────────────────────────────────────────────────────────────────────────────────────────╮
│  Executing geNomad summary (v1.11.1). This will summarize the results across modules into a classification report.                                                       │
│  ──────────────────────────────────────────────────────────────────────────────────────────────────────────────────────────────────────────────────────────────────────  │
│  Outputs:                                                                                                                                                                │
│    WHRI_5735_summary                                                                                                                                                     │
│    ├── WHRI_5735_summary.json (execution parameters)                                                                                                                     │
│    ├── WHRI_5735_virus_summary.tsv (virus classification summary)                                                                                                        │
│    ├── WHRI_5735_plasmid_summary.tsv (plasmid classification summary)                                                                                                    │
│    ├── WHRI_5735_virus.fna (virus nucleotide FASTA file)                                                                                                                 │
│    ├── WHRI_5735_plasmid.fna (plasmid nucleotide FASTA file)                                                                                                             │
│    ├── WHRI_5735_virus_proteins.faa (virus protein FASTA file)                                                                                                           │
│    ├── WHRI_5735_plasmid_proteins.faa (plasmid protein FASTA file)                                                                                                       │
│    ├── WHRI_5735_virus_genes.tsv (virus gene annotation data)                                                                                                            │
│    └── WHRI_5735_plasmid_genes.tsv (plasmid gene annotation data)                                                                                                        │
╰──────────────────────────────────────────────────────────────────────────────────────────────────────────────────────────────────────────────────────────────────────────╯
[09:25:53] Executing genomad summary.                                                                                                                                       
[09:25:53] Creating the WHRI_5735_summary directory.                                                                                                                        
[09:25:53] Using scores from aggregated-classification.                                                                                                                     
[09:25:53] 19 plasmid(s) and 3 virus(es) were identified.                                                                                                                   
[09:25:53] Nucleotide sequences were written to WHRI_5735_plasmid.fna and WHRI_5735_virus.fna.                                                                              
[09:25:53] Protein sequences were written to WHRI_5735_plasmid_proteins.faa and WHRI_5735_virus_proteins.faa.                                                               
[09:25:53] Gene annotation data was written to WHRI_5735_plasmid_genes.tsv and WHRI_5735_virus_genes.tsv.                                                                   
[09:25:53] Summary files were written to WHRI_5735_plasmid_summary.tsv and WHRI_5735_virus_summary.tsv.                                                                     
[09:25:53] geNomad summary finished!                                                                                                                                        
