╭──────────────────────────────────────────────────────────────────────────────────────────────────────────────────────────────────────────────────────────────────────────╮
│  Executing geNomad nn-classification (v1.11.1). This will classify the input sequences into chromosome, plasmid, or virus based on the nucleotide sequence.              │
│  ──────────────────────────────────────────────────────────────────────────────────────────────────────────────────────────────────────────────────────────────────────  │
│  Outputs:                                                                                                                                                                │
│    WHRI_5814_nn_classification                                                                                                                                           │
│    ├── WHRI_5814_nn_classification.json (execution parameters)                                                                                                           │
│    ├── WHRI_5814_encoded_sequences (directory containing encoded sequence data)                                                                                          │
│    ├── WHRI_5814_nn_classification.tsv (contig classification: tabular format)                                                                                           │
│    ├── WHRI_5814_nn_classification.npz (contig classification: binary format)                                                                                            │
│    ├── WHRI_5814_encoded_proviruses (directory containing encoded sequence data)                                                                                         │
│    ├── WHRI_5814_provirus_nn_classification.tsv (provirus classification: tabular format)                                                                                │
│    └── WHRI_5814_provirus_nn_classification.npz (provirus classification: binary format)                                                                                 │
╰──────────────────────────────────────────────────────────────────────────────────────────────────────────────────────────────────────────────────────────────────────────╯
[09:54:30] Executing genomad nn-classification.                                                                                                                             
[09:54:30] Creating the WHRI_5814_nn_classification directory.                                                                                                              
[09:54:30] Creating the WHRI_5814_nn_classification/WHRI_5814_encoded_sequences directory.                                                                                  
[09:54:32] Encoded sequence data written to WHRI_5814_encoded_sequences.                                                                                                    
[09:54:32] Creating the WHRI_5814_nn_classification/WHRI_5814_encoded_proviruses directory.                                                                                 
[09:54:32] Encoded provirus data written to WHRI_5814_encoded_proviruses.                                                                                                   
[09:54:38] Sequences classified.                                                                                                                                            
[09:54:38] Sequence classification in binary format written to WHRI_5814_nn_classification.npz.                                                                             
[09:54:38] Deleting encoded sequence data.                                                                                                                                  
[09:54:38] Sequence classification in tabular format written to WHRI_5814_nn_classification.tsv.                                                                            
[09:54:41] Proviruses classified.                                                                                                                                           
[09:54:41] Provirus classification in binary format written to WHRI_5814_provirus_nn_classification.npz.                                                                    
[09:54:41] Deleting encoded provirus data.                                                                                                                                  
[09:54:41] Provirus classification in tabular format written to WHRI_5814_provirus_nn_classification.tsv.                                                                   
[09:54:41] geNomad nn-classification finished!                                                                                                                              
