╭──────────────────────────────────────────────────────────────────────────────────────────────────────────────────────────────────────────────────────────────────────────╮
│  Executing geNomad aggregated-classification (v1.11.1). This will aggregate the results of the marker-classification and nn-classification modules to classify the       │
│  input sequences into chromosome, plasmid, or virus.                                                                                                                     │
│  ──────────────────────────────────────────────────────────────────────────────────────────────────────────────────────────────────────────────────────────────────────  │
│  Outputs:                                                                                                                                                                │
│    WHRI_8952A_aggregated_classification                                                                                                                                  │
│    ├── WHRI_8952A_aggregated_classification.json (execution parameters)                                                                                                  │
│    ├── WHRI_8952A_aggregated_classification.tsv (sequence classification: tabular format)                                                                                │
│    ├── WHRI_8952A_aggregated_classification.npz (sequence classification: binary format)                                                                                 │
│    ├── WHRI_8952A_provirus_aggregated_classification.tsv (provirus classification: tabular format)                                                                       │
│    └── WHRI_8952A_provirus_aggregated_classification.npz (provirus classification: binary format)                                                                        │
╰──────────────────────────────────────────────────────────────────────────────────────────────────────────────────────────────────────────────────────────────────────────╯
[15:05:17] Executing genomad aggregated-classification.                                                                                                                     
[15:05:17] Creating the WHRI_8952A_aggregated_classification directory.                                                                                                     
[15:05:17] The total marker frequencies of the input sequences were computed.                                                                                               
[15:05:17] Sequences classified.                                                                                                                                            
[15:05:17] Sequence classification in binary format written to WHRI_8952A_aggregated_classification.npz.                                                                    
[15:05:17] Sequence classification in tabular format written to WHRI_8952A_aggregated_classification.tsv.                                                                   
[15:05:17] Proviruses classified.                                                                                                                                           
[15:05:17] Provirus classification in binary format written to WHRI_8952A_provirus_aggregated_classification.npz.                                                           
[15:05:17] Provirus classification in tabular format written to WHRI_8952A_provirus_aggregated_classification.tsv.                                                          
[15:05:17] geNomad aggregated-classification finished!                                                                                                                      
