╭──────────────────────────────────────────────────────────────────────────────────────────────────────────────────────────────────────────────────────────────────────────╮
│  Executing geNomad summary (v1.11.1). This will summarize the results across modules into a classification report.                                                       │
│  ──────────────────────────────────────────────────────────────────────────────────────────────────────────────────────────────────────────────────────────────────────  │
│  Outputs:                                                                                                                                                                │
│    WHRI_8372_summary                                                                                                                                                     │
│    ├── WHRI_8372_summary.json (execution parameters)                                                                                                                     │
│    ├── WHRI_8372_virus_summary.tsv (virus classification summary)                                                                                                        │
│    ├── WHRI_8372_plasmid_summary.tsv (plasmid classification summary)                                                                                                    │
│    ├── WHRI_8372_virus.fna (virus nucleotide FASTA file)                                                                                                                 │
│    ├── WHRI_8372_plasmid.fna (plasmid nucleotide FASTA file)                                                                                                             │
│    ├── WHRI_8372_virus_proteins.faa (virus protein FASTA file)                                                                                                           │
│    ├── WHRI_8372_plasmid_proteins.faa (plasmid protein FASTA file)                                                                                                       │
│    ├── WHRI_8372_virus_genes.tsv (virus gene annotation data)                                                                                                            │
│    └── WHRI_8372_plasmid_genes.tsv (plasmid gene annotation data)                                                                                                        │
╰──────────────────────────────────────────────────────────────────────────────────────────────────────────────────────────────────────────────────────────────────────────╯
[12:58:23] Executing genomad summary.                                                                                                                                       
[12:58:23] Creating the WHRI_8372_summary directory.                                                                                                                        
[12:58:23] Using scores from aggregated-classification.                                                                                                                     
[12:58:23] 11 plasmid(s) and 2 virus(es) were identified.                                                                                                                   
[12:58:23] Nucleotide sequences were written to WHRI_8372_plasmid.fna and WHRI_8372_virus.fna.                                                                              
[12:58:23] Protein sequences were written to WHRI_8372_plasmid_proteins.faa and WHRI_8372_virus_proteins.faa.                                                               
[12:58:23] Gene annotation data was written to WHRI_8372_plasmid_genes.tsv and WHRI_8372_virus_genes.tsv.                                                                   
[12:58:23] Summary files were written to WHRI_8372_plasmid_summary.tsv and WHRI_8372_virus_summary.tsv.                                                                     
[12:58:23] geNomad summary finished!                                                                                                                                        
