╭──────────────────────────────────────────────────────────────────────────────────────────────────────────────────────────────────────────────────────────────────────────╮
│  Executing geNomad nn-classification (v1.11.1). This will classify the input sequences into chromosome, plasmid, or virus based on the nucleotide sequence.              │
│  ──────────────────────────────────────────────────────────────────────────────────────────────────────────────────────────────────────────────────────────────────────  │
│  Outputs:                                                                                                                                                                │
│    WHRI_8653_nn_classification                                                                                                                                           │
│    ├── WHRI_8653_nn_classification.json (execution parameters)                                                                                                           │
│    ├── WHRI_8653_encoded_sequences (directory containing encoded sequence data)                                                                                          │
│    ├── WHRI_8653_nn_classification.tsv (contig classification: tabular format)                                                                                           │
│    ├── WHRI_8653_nn_classification.npz (contig classification: binary format)                                                                                            │
│    ├── WHRI_8653_encoded_proviruses (directory containing encoded sequence data)                                                                                         │
│    ├── WHRI_8653_provirus_nn_classification.tsv (provirus classification: tabular format)                                                                                │
│    └── WHRI_8653_provirus_nn_classification.npz (provirus classification: binary format)                                                                                 │
╰──────────────────────────────────────────────────────────────────────────────────────────────────────────────────────────────────────────────────────────────────────────╯
[14:04:55] Executing genomad nn-classification.                                                                                                                             
[14:04:55] Creating the WHRI_8653_nn_classification directory.                                                                                                              
[14:04:55] Creating the WHRI_8653_nn_classification/WHRI_8653_encoded_sequences directory.                                                                                  
[14:04:56] Encoded sequence data written to WHRI_8653_encoded_sequences.                                                                                                    
[14:04:56] Creating the WHRI_8653_nn_classification/WHRI_8653_encoded_proviruses directory.                                                                                 
[14:04:56] Encoded provirus data written to WHRI_8653_encoded_proviruses.                                                                                                   
[14:05:03] Sequences classified.                                                                                                                                            
[14:05:03] Sequence classification in binary format written to WHRI_8653_nn_classification.npz.                                                                             
[14:05:03] Deleting encoded sequence data.                                                                                                                                  
[14:05:03] Sequence classification in tabular format written to WHRI_8653_nn_classification.tsv.                                                                            
[14:05:06] Proviruses classified.                                                                                                                                           
[14:05:06] Provirus classification in binary format written to WHRI_8653_provirus_nn_classification.npz.                                                                    
[14:05:06] Deleting encoded provirus data.                                                                                                                                  
[14:05:06] Provirus classification in tabular format written to WHRI_8653_provirus_nn_classification.tsv.                                                                   
[14:05:06] geNomad nn-classification finished!                                                                                                                              
