╭──────────────────────────────────────────────────────────────────────────────────────────────────────────────────────────────────────────────────────────────────────────╮
│  Executing geNomad summary (v1.11.1). This will summarize the results across modules into a classification report.                                                       │
│  ──────────────────────────────────────────────────────────────────────────────────────────────────────────────────────────────────────────────────────────────────────  │
│  Outputs:                                                                                                                                                                │
│    WHRI_10042_summary                                                                                                                                                    │
│    ├── WHRI_10042_summary.json (execution parameters)                                                                                                                    │
│    ├── WHRI_10042_virus_summary.tsv (virus classification summary)                                                                                                       │
│    ├── WHRI_10042_plasmid_summary.tsv (plasmid classification summary)                                                                                                   │
│    ├── WHRI_10042_virus.fna (virus nucleotide FASTA file)                                                                                                                │
│    ├── WHRI_10042_plasmid.fna (plasmid nucleotide FASTA file)                                                                                                            │
│    ├── WHRI_10042_virus_proteins.faa (virus protein FASTA file)                                                                                                          │
│    ├── WHRI_10042_plasmid_proteins.faa (plasmid protein FASTA file)                                                                                                      │
│    ├── WHRI_10042_virus_genes.tsv (virus gene annotation data)                                                                                                           │
│    └── WHRI_10042_plasmid_genes.tsv (plasmid gene annotation data)                                                                                                       │
╰──────────────────────────────────────────────────────────────────────────────────────────────────────────────────────────────────────────────────────────────────────────╯
[07:54:45] Executing genomad summary.                                                                                                                                       
[07:54:45] Creating the WHRI_10042_summary directory.                                                                                                                       
[07:54:45] Using scores from aggregated-classification.                                                                                                                     
[07:54:45] 11 plasmid(s) and 0 virus(es) were identified.                                                                                                                   
[07:54:45] Nucleotide sequences were written to WHRI_10042_plasmid.fna and WHRI_10042_virus.fna.                                                                            
[07:54:45] Protein sequences were written to WHRI_10042_plasmid_proteins.faa and WHRI_10042_virus_proteins.faa.                                                             
[07:54:45] Gene annotation data was written to WHRI_10042_plasmid_genes.tsv and WHRI_10042_virus_genes.tsv.                                                                 
[07:54:45] Summary files were written to WHRI_10042_plasmid_summary.tsv and WHRI_10042_virus_summary.tsv.                                                                   
[07:54:45] geNomad summary finished!                                                                                                                                        
