╭──────────────────────────────────────────────────────────────────────────────────────────────────────────────────────────────────────────────────────────────────────────╮
│  Executing geNomad summary (v1.11.1). This will summarize the results across modules into a classification report.                                                       │
│  ──────────────────────────────────────────────────────────────────────────────────────────────────────────────────────────────────────────────────────────────────────  │
│  Outputs:                                                                                                                                                                │
│    WHRI_8737_summary                                                                                                                                                     │
│    ├── WHRI_8737_summary.json (execution parameters)                                                                                                                     │
│    ├── WHRI_8737_virus_summary.tsv (virus classification summary)                                                                                                        │
│    ├── WHRI_8737_plasmid_summary.tsv (plasmid classification summary)                                                                                                    │
│    ├── WHRI_8737_virus.fna (virus nucleotide FASTA file)                                                                                                                 │
│    ├── WHRI_8737_plasmid.fna (plasmid nucleotide FASTA file)                                                                                                             │
│    ├── WHRI_8737_virus_proteins.faa (virus protein FASTA file)                                                                                                           │
│    ├── WHRI_8737_plasmid_proteins.faa (plasmid protein FASTA file)                                                                                                       │
│    ├── WHRI_8737_virus_genes.tsv (virus gene annotation data)                                                                                                            │
│    └── WHRI_8737_plasmid_genes.tsv (plasmid gene annotation data)                                                                                                        │
╰──────────────────────────────────────────────────────────────────────────────────────────────────────────────────────────────────────────────────────────────────────────╯
[14:16:04] Executing genomad summary.                                                                                                                                       
[14:16:04] Creating the WHRI_8737_summary directory.                                                                                                                        
[14:16:04] Using scores from aggregated-classification.                                                                                                                     
[14:16:05] 13 plasmid(s) and 8 virus(es) were identified.                                                                                                                   
[14:16:05] Nucleotide sequences were written to WHRI_8737_plasmid.fna and WHRI_8737_virus.fna.                                                                              
[14:16:05] Protein sequences were written to WHRI_8737_plasmid_proteins.faa and WHRI_8737_virus_proteins.faa.                                                               
[14:16:05] Gene annotation data was written to WHRI_8737_plasmid_genes.tsv and WHRI_8737_virus_genes.tsv.                                                                   
[14:16:05] Summary files were written to WHRI_8737_plasmid_summary.tsv and WHRI_8737_virus_summary.tsv.                                                                     
[14:16:05] geNomad summary finished!                                                                                                                                        
