╭──────────────────────────────────────────────────────────────────────────────────────────────────────────────────────────────────────────────────────────────────────────╮
│  Executing geNomad nn-classification (v1.11.1). This will classify the input sequences into chromosome, plasmid, or virus based on the nucleotide sequence.              │
│  ──────────────────────────────────────────────────────────────────────────────────────────────────────────────────────────────────────────────────────────────────────  │
│  Outputs:                                                                                                                                                                │
│    WHRI_8825_nn_classification                                                                                                                                           │
│    ├── WHRI_8825_nn_classification.json (execution parameters)                                                                                                           │
│    ├── WHRI_8825_encoded_sequences (directory containing encoded sequence data)                                                                                          │
│    ├── WHRI_8825_nn_classification.tsv (contig classification: tabular format)                                                                                           │
│    ├── WHRI_8825_nn_classification.npz (contig classification: binary format)                                                                                            │
│    ├── WHRI_8825_encoded_proviruses (directory containing encoded sequence data)                                                                                         │
│    ├── WHRI_8825_provirus_nn_classification.tsv (provirus classification: tabular format)                                                                                │
│    └── WHRI_8825_provirus_nn_classification.npz (provirus classification: binary format)                                                                                 │
╰──────────────────────────────────────────────────────────────────────────────────────────────────────────────────────────────────────────────────────────────────────────╯
[14:37:59] Executing genomad nn-classification.                                                                                                                             
[14:37:59] Creating the WHRI_8825_nn_classification directory.                                                                                                              
[14:37:59] Creating the WHRI_8825_nn_classification/WHRI_8825_encoded_sequences directory.                                                                                  
[14:38:00] Encoded sequence data written to WHRI_8825_encoded_sequences.                                                                                                    
[14:38:00] Creating the WHRI_8825_nn_classification/WHRI_8825_encoded_proviruses directory.                                                                                 
[14:38:00] Encoded provirus data written to WHRI_8825_encoded_proviruses.                                                                                                   
[14:38:07] Sequences classified.                                                                                                                                            
[14:38:07] Sequence classification in binary format written to WHRI_8825_nn_classification.npz.                                                                             
[14:38:07] Deleting encoded sequence data.                                                                                                                                  
[14:38:07] Sequence classification in tabular format written to WHRI_8825_nn_classification.tsv.                                                                            
[14:38:10] Proviruses classified.                                                                                                                                           
[14:38:10] Provirus classification in binary format written to WHRI_8825_provirus_nn_classification.npz.                                                                    
[14:38:10] Deleting encoded provirus data.                                                                                                                                  
[14:38:10] Provirus classification in tabular format written to WHRI_8825_provirus_nn_classification.tsv.                                                                   
[14:38:10] geNomad nn-classification finished!                                                                                                                              
