╭──────────────────────────────────────────────────────────────────────────────────────────────────────────────────────────────────────────────────────────────────────────╮
│  Executing geNomad summary (v1.11.1). This will summarize the results across modules into a classification report.                                                       │
│  ──────────────────────────────────────────────────────────────────────────────────────────────────────────────────────────────────────────────────────────────────────  │
│  Outputs:                                                                                                                                                                │
│    WHRI_5715A_summary                                                                                                                                                    │
│    ├── WHRI_5715A_summary.json (execution parameters)                                                                                                                    │
│    ├── WHRI_5715A_virus_summary.tsv (virus classification summary)                                                                                                       │
│    ├── WHRI_5715A_plasmid_summary.tsv (plasmid classification summary)                                                                                                   │
│    ├── WHRI_5715A_virus.fna (virus nucleotide FASTA file)                                                                                                                │
│    ├── WHRI_5715A_plasmid.fna (plasmid nucleotide FASTA file)                                                                                                            │
│    ├── WHRI_5715A_virus_proteins.faa (virus protein FASTA file)                                                                                                          │
│    ├── WHRI_5715A_plasmid_proteins.faa (plasmid protein FASTA file)                                                                                                      │
│    ├── WHRI_5715A_virus_genes.tsv (virus gene annotation data)                                                                                                           │
│    └── WHRI_5715A_plasmid_genes.tsv (plasmid gene annotation data)                                                                                                       │
╰──────────────────────────────────────────────────────────────────────────────────────────────────────────────────────────────────────────────────────────────────────────╯
[09:20:16] Executing genomad summary.                                                                                                                                       
[09:20:16] Creating the WHRI_5715A_summary directory.                                                                                                                       
[09:20:16] Using scores from aggregated-classification.                                                                                                                     
[09:20:16] 19 plasmid(s) and 1 virus(es) were identified.                                                                                                                   
[09:20:16] Nucleotide sequences were written to WHRI_5715A_plasmid.fna and WHRI_5715A_virus.fna.                                                                            
[09:20:16] Protein sequences were written to WHRI_5715A_plasmid_proteins.faa and WHRI_5715A_virus_proteins.faa.                                                             
[09:20:16] Gene annotation data was written to WHRI_5715A_plasmid_genes.tsv and WHRI_5715A_virus_genes.tsv.                                                                 
[09:20:16] Summary files were written to WHRI_5715A_plasmid_summary.tsv and WHRI_5715A_virus_summary.tsv.                                                                   
[09:20:16] geNomad summary finished!                                                                                                                                        
