╭──────────────────────────────────────────────────────────────────────────────────────────────────────────────────────────────────────────────────────────────────────────╮
│  Executing geNomad summary (v1.11.1). This will summarize the results across modules into a classification report.                                                       │
│  ──────────────────────────────────────────────────────────────────────────────────────────────────────────────────────────────────────────────────────────────────────  │
│  Outputs:                                                                                                                                                                │
│    WHRI_5585_summary                                                                                                                                                     │
│    ├── WHRI_5585_summary.json (execution parameters)                                                                                                                     │
│    ├── WHRI_5585_virus_summary.tsv (virus classification summary)                                                                                                        │
│    ├── WHRI_5585_plasmid_summary.tsv (plasmid classification summary)                                                                                                    │
│    ├── WHRI_5585_virus.fna (virus nucleotide FASTA file)                                                                                                                 │
│    ├── WHRI_5585_plasmid.fna (plasmid nucleotide FASTA file)                                                                                                             │
│    ├── WHRI_5585_virus_proteins.faa (virus protein FASTA file)                                                                                                           │
│    ├── WHRI_5585_plasmid_proteins.faa (plasmid protein FASTA file)                                                                                                       │
│    ├── WHRI_5585_virus_genes.tsv (virus gene annotation data)                                                                                                            │
│    └── WHRI_5585_plasmid_genes.tsv (plasmid gene annotation data)                                                                                                        │
╰──────────────────────────────────────────────────────────────────────────────────────────────────────────────────────────────────────────────────────────────────────────╯
[08:59:38] Executing genomad summary.                                                                                                                                       
[08:59:38] Creating the WHRI_5585_summary directory.                                                                                                                        
[08:59:38] Using scores from aggregated-classification.                                                                                                                     
[08:59:38] 18 plasmid(s) and 2 virus(es) were identified.                                                                                                                   
[08:59:38] Nucleotide sequences were written to WHRI_5585_plasmid.fna and WHRI_5585_virus.fna.                                                                              
[08:59:38] Protein sequences were written to WHRI_5585_plasmid_proteins.faa and WHRI_5585_virus_proteins.faa.                                                               
[08:59:38] Gene annotation data was written to WHRI_5585_plasmid_genes.tsv and WHRI_5585_virus_genes.tsv.                                                                   
[08:59:38] Summary files were written to WHRI_5585_plasmid_summary.tsv and WHRI_5585_virus_summary.tsv.                                                                     
[08:59:38] geNomad summary finished!                                                                                                                                        
