╭──────────────────────────────────────────────────────────────────────────────────────────────────────────────────────────────────────────────────────────────────────────╮
│  Executing geNomad nn-classification (v1.11.1). This will classify the input sequences into chromosome, plasmid, or virus based on the nucleotide sequence.              │
│  ──────────────────────────────────────────────────────────────────────────────────────────────────────────────────────────────────────────────────────────────────────  │
│  Outputs:                                                                                                                                                                │
│    WHRI_7761_nn_classification                                                                                                                                           │
│    ├── WHRI_7761_nn_classification.json (execution parameters)                                                                                                           │
│    ├── WHRI_7761_encoded_sequences (directory containing encoded sequence data)                                                                                          │
│    ├── WHRI_7761_nn_classification.tsv (contig classification: tabular format)                                                                                           │
│    ├── WHRI_7761_nn_classification.npz (contig classification: binary format)                                                                                            │
│    ├── WHRI_7761_encoded_proviruses (directory containing encoded sequence data)                                                                                         │
│    ├── WHRI_7761_provirus_nn_classification.tsv (provirus classification: tabular format)                                                                                │
│    └── WHRI_7761_provirus_nn_classification.npz (provirus classification: binary format)                                                                                 │
╰──────────────────────────────────────────────────────────────────────────────────────────────────────────────────────────────────────────────────────────────────────────╯
[12:12:38] Executing genomad nn-classification.                                                                                                                             
[12:12:38] Creating the WHRI_7761_nn_classification directory.                                                                                                              
[12:12:38] Creating the WHRI_7761_nn_classification/WHRI_7761_encoded_sequences directory.                                                                                  
[12:12:39] Encoded sequence data written to WHRI_7761_encoded_sequences.                                                                                                    
[12:12:39] Creating the WHRI_7761_nn_classification/WHRI_7761_encoded_proviruses directory.                                                                                 
[12:12:39] Encoded provirus data written to WHRI_7761_encoded_proviruses.                                                                                                   
[12:12:46] Sequences classified.                                                                                                                                            
[12:12:46] Sequence classification in binary format written to WHRI_7761_nn_classification.npz.                                                                             
[12:12:46] Deleting encoded sequence data.                                                                                                                                  
[12:12:46] Sequence classification in tabular format written to WHRI_7761_nn_classification.tsv.                                                                            
[12:12:49] Proviruses classified.                                                                                                                                           
[12:12:49] Provirus classification in binary format written to WHRI_7761_provirus_nn_classification.npz.                                                                    
[12:12:49] Deleting encoded provirus data.                                                                                                                                  
[12:12:49] Provirus classification in tabular format written to WHRI_7761_provirus_nn_classification.tsv.                                                                   
[12:12:49] geNomad nn-classification finished!                                                                                                                              
