╭──────────────────────────────────────────────────────────────────────────────────────────────────────────────────────────────────────────────────────────────────────────╮
│  Executing geNomad summary (v1.11.1). This will summarize the results across modules into a classification report.                                                       │
│  ──────────────────────────────────────────────────────────────────────────────────────────────────────────────────────────────────────────────────────────────────────  │
│  Outputs:                                                                                                                                                                │
│    WHRI_3880_(NCPPB_2986)_summary                                                                                                                                        │
│    ├── WHRI_3880_(NCPPB_2986)_summary.json (execution parameters)                                                                                                        │
│    ├── WHRI_3880_(NCPPB_2986)_virus_summary.tsv (virus classification summary)                                                                                           │
│    ├── WHRI_3880_(NCPPB_2986)_plasmid_summary.tsv (plasmid classification summary)                                                                                       │
│    ├── WHRI_3880_(NCPPB_2986)_virus.fna (virus nucleotide FASTA file)                                                                                                    │
│    ├── WHRI_3880_(NCPPB_2986)_plasmid.fna (plasmid nucleotide FASTA file)                                                                                                │
│    ├── WHRI_3880_(NCPPB_2986)_virus_proteins.faa (virus protein FASTA file)                                                                                              │
│    ├── WHRI_3880_(NCPPB_2986)_plasmid_proteins.faa (plasmid protein FASTA file)                                                                                          │
│    ├── WHRI_3880_(NCPPB_2986)_virus_genes.tsv (virus gene annotation data)                                                                                               │
│    └── WHRI_3880_(NCPPB_2986)_plasmid_genes.tsv (plasmid gene annotation data)                                                                                           │
╰──────────────────────────────────────────────────────────────────────────────────────────────────────────────────────────────────────────────────────────────────────────╯
[08:29:25] Executing genomad summary.                                                                                                                                       
[08:29:25] Creating the WHRI_3880_(NCPPB_2986)_summary directory.                                                                                                           
[08:29:25] Using scores from aggregated-classification.                                                                                                                     
[08:29:25] 17 plasmid(s) and 6 virus(es) were identified.                                                                                                                   
[08:29:25] Nucleotide sequences were written to WHRI_3880_(NCPPB_2986)_plasmid.fna and WHRI_3880_(NCPPB_2986)_virus.fna.                                                    
[08:29:25] Protein sequences were written to WHRI_3880_(NCPPB_2986)_plasmid_proteins.faa and WHRI_3880_(NCPPB_2986)_virus_proteins.faa.                                     
[08:29:25] Gene annotation data was written to WHRI_3880_(NCPPB_2986)_plasmid_genes.tsv and WHRI_3880_(NCPPB_2986)_virus_genes.tsv.                                         
[08:29:25] Summary files were written to WHRI_3880_(NCPPB_2986)_plasmid_summary.tsv and WHRI_3880_(NCPPB_2986)_virus_summary.tsv.                                           
[08:29:25] geNomad summary finished!                                                                                                                                        
