╭──────────────────────────────────────────────────────────────────────────────────────────────────────────────────────────────────────────────────────────────────────────╮
│  Executing geNomad summary (v1.11.1). This will summarize the results across modules into a classification report.                                                       │
│  ──────────────────────────────────────────────────────────────────────────────────────────────────────────────────────────────────────────────────────────────────────  │
│  Outputs:                                                                                                                                                                │
│    WHRI_7805_summary                                                                                                                                                     │
│    ├── WHRI_7805_summary.json (execution parameters)                                                                                                                     │
│    ├── WHRI_7805_virus_summary.tsv (virus classification summary)                                                                                                        │
│    ├── WHRI_7805_plasmid_summary.tsv (plasmid classification summary)                                                                                                    │
│    ├── WHRI_7805_virus.fna (virus nucleotide FASTA file)                                                                                                                 │
│    ├── WHRI_7805_plasmid.fna (plasmid nucleotide FASTA file)                                                                                                             │
│    ├── WHRI_7805_virus_proteins.faa (virus protein FASTA file)                                                                                                           │
│    ├── WHRI_7805_plasmid_proteins.faa (plasmid protein FASTA file)                                                                                                       │
│    ├── WHRI_7805_virus_genes.tsv (virus gene annotation data)                                                                                                            │
│    └── WHRI_7805_plasmid_genes.tsv (plasmid gene annotation data)                                                                                                        │
╰──────────────────────────────────────────────────────────────────────────────────────────────────────────────────────────────────────────────────────────────────────────╯
[12:22:30] Executing genomad summary.                                                                                                                                       
[12:22:30] Creating the WHRI_7805_summary directory.                                                                                                                        
[12:22:30] Using scores from aggregated-classification.                                                                                                                     
[12:22:30] 12 plasmid(s) and 1 virus(es) were identified.                                                                                                                   
[12:22:30] Nucleotide sequences were written to WHRI_7805_plasmid.fna and WHRI_7805_virus.fna.                                                                              
[12:22:30] Protein sequences were written to WHRI_7805_plasmid_proteins.faa and WHRI_7805_virus_proteins.faa.                                                               
[12:22:30] Gene annotation data was written to WHRI_7805_plasmid_genes.tsv and WHRI_7805_virus_genes.tsv.                                                                   
[12:22:30] Summary files were written to WHRI_7805_plasmid_summary.tsv and WHRI_7805_virus_summary.tsv.                                                                     
[12:22:30] geNomad summary finished!                                                                                                                                        
