╭──────────────────────────────────────────────────────────────────────────────────────────────────────────────────────────────────────────────────────────────────────────╮
│  Executing geNomad marker-classification (v1.11.1). This will classify the input sequences into chromosome, plasmid, or virus based on the presence of geNomad markers   │
│  and other gene-related features.                                                                                                                                        │
│  ──────────────────────────────────────────────────────────────────────────────────────────────────────────────────────────────────────────────────────────────────────  │
│  Outputs:                                                                                                                                                                │
│    WHRI_6062_marker_classification                                                                                                                                       │
│    ├── WHRI_6062_marker_classification.json (execution parameters)                                                                                                       │
│    ├── WHRI_6062_features.tsv (sequence feature data: tabular format)                                                                                                    │
│    ├── WHRI_6062_features.npz (sequence feature data: binary format)                                                                                                     │
│    ├── WHRI_6062_marker_classification.tsv (sequence classification: tabular format)                                                                                     │
│    ├── WHRI_6062_marker_classification.npz (sequence classification: binary format)                                                                                      │
│    ├── WHRI_6062_provirus_features.tsv (provirus feature data: tabular format)                                                                                           │
│    ├── WHRI_6062_provirus_features.npz (provirus feature data: binary format)                                                                                            │
│    ├── WHRI_6062_provirus_marker_classification.tsv (provirus classification: tabular format)                                                                            │
│    └── WHRI_6062_provirus_marker_classification.npz (provirus classification: binary format)                                                                             │
╰──────────────────────────────────────────────────────────────────────────────────────────────────────────────────────────────────────────────────────────────────────────╯
[10:33:52] Executing genomad marker-classification.                                                                                                                         
[10:33:52] Creating the WHRI_6062_marker_classification directory.                                                                                                          
[10:33:53] Sequence features computed.                                                                                                                                      
[10:33:53] Sequence features in binary format written to WHRI_6062_features.npz.                                                                                            
[10:33:53] Sequence features in tabular format written to WHRI_6062_features.tsv.                                                                                           
[10:33:54] Provirus features computed.                                                                                                                                      
[10:33:54] Provirus features in binary format written to WHRI_6062_provirus_features.npz.                                                                                   
[10:33:54] Provirus features in tabular format written to WHRI_6062_provirus_features.tsv.                                                                                  
[10:33:54] Sequences classified.                                                                                                                                            
[10:33:54] Sequence classification in binary format written to WHRI_6062_marker_classification.npz.                                                                         
[10:33:54] Sequence classification in tabular format written to WHRI_6062_marker_classification.tsv.                                                                        
[10:33:54] Proviruses classified.                                                                                                                                           
[10:33:54] Provirus classification in binary format written to WHRI_6062_provirus_marker_classification.npz.                                                                
[10:33:54] Provirus classification in tabular format written to WHRI_6062_provirus_marker_classification.tsv.                                                               
[10:33:54] geNomad marker-classification finished!                                                                                                                          
