╭──────────────────────────────────────────────────────────────────────────────────────────────────────────────────────────────────────────────────────────────────────────╮
│  Executing geNomad nn-classification (v1.11.1). This will classify the input sequences into chromosome, plasmid, or virus based on the nucleotide sequence.              │
│  ──────────────────────────────────────────────────────────────────────────────────────────────────────────────────────────────────────────────────────────────────────  │
│  Outputs:                                                                                                                                                                │
│    WHRI_6054_nn_classification                                                                                                                                           │
│    ├── WHRI_6054_nn_classification.json (execution parameters)                                                                                                           │
│    ├── WHRI_6054_encoded_sequences (directory containing encoded sequence data)                                                                                          │
│    ├── WHRI_6054_nn_classification.tsv (contig classification: tabular format)                                                                                           │
│    ├── WHRI_6054_nn_classification.npz (contig classification: binary format)                                                                                            │
│    ├── WHRI_6054_encoded_proviruses (directory containing encoded sequence data)                                                                                         │
│    ├── WHRI_6054_provirus_nn_classification.tsv (provirus classification: tabular format)                                                                                │
│    └── WHRI_6054_provirus_nn_classification.npz (provirus classification: binary format)                                                                                 │
╰──────────────────────────────────────────────────────────────────────────────────────────────────────────────────────────────────────────────────────────────────────────╯
[10:23:35] Executing genomad nn-classification.                                                                                                                             
[10:23:35] Creating the WHRI_6054_nn_classification directory.                                                                                                              
[10:23:35] Creating the WHRI_6054_nn_classification/WHRI_6054_encoded_sequences directory.                                                                                  
[10:23:37] Encoded sequence data written to WHRI_6054_encoded_sequences.                                                                                                    
[10:23:37] Creating the WHRI_6054_nn_classification/WHRI_6054_encoded_proviruses directory.                                                                                 
[10:23:37] Encoded provirus data written to WHRI_6054_encoded_proviruses.                                                                                                   
[10:23:43] Sequences classified.                                                                                                                                            
[10:23:43] Sequence classification in binary format written to WHRI_6054_nn_classification.npz.                                                                             
[10:23:43] Deleting encoded sequence data.                                                                                                                                  
[10:23:43] Sequence classification in tabular format written to WHRI_6054_nn_classification.tsv.                                                                            
[10:23:46] Proviruses classified.                                                                                                                                           
[10:23:46] Provirus classification in binary format written to WHRI_6054_provirus_nn_classification.npz.                                                                    
[10:23:46] Deleting encoded provirus data.                                                                                                                                  
[10:23:46] Provirus classification in tabular format written to WHRI_6054_provirus_nn_classification.tsv.                                                                   
[10:23:46] geNomad nn-classification finished!                                                                                                                              
