╭──────────────────────────────────────────────────────────────────────────────────────────────────────────────────────────────────────────────────────────────────────────╮
│  Executing geNomad marker-classification (v1.11.1). This will classify the input sequences into chromosome, plasmid, or virus based on the presence of geNomad markers   │
│  and other gene-related features.                                                                                                                                        │
│  ──────────────────────────────────────────────────────────────────────────────────────────────────────────────────────────────────────────────────────────────────────  │
│  Outputs:                                                                                                                                                                │
│    WHRI_8447A_marker_classification                                                                                                                                      │
│    ├── WHRI_8447A_marker_classification.json (execution parameters)                                                                                                      │
│    ├── WHRI_8447A_features.tsv (sequence feature data: tabular format)                                                                                                   │
│    ├── WHRI_8447A_features.npz (sequence feature data: binary format)                                                                                                    │
│    ├── WHRI_8447A_marker_classification.tsv (sequence classification: tabular format)                                                                                    │
│    ├── WHRI_8447A_marker_classification.npz (sequence classification: binary format)                                                                                     │
│    ├── WHRI_8447A_provirus_features.tsv (provirus feature data: tabular format)                                                                                          │
│    ├── WHRI_8447A_provirus_features.npz (provirus feature data: binary format)                                                                                           │
│    ├── WHRI_8447A_provirus_marker_classification.tsv (provirus classification: tabular format)                                                                           │
│    └── WHRI_8447A_provirus_marker_classification.npz (provirus classification: binary format)                                                                            │
╰──────────────────────────────────────────────────────────────────────────────────────────────────────────────────────────────────────────────────────────────────────────╯
[13:23:16] Executing genomad marker-classification.                                                                                                                         
[13:23:16] Creating the WHRI_8447A_marker_classification directory.                                                                                                         
[13:23:17] Sequence features computed.                                                                                                                                      
[13:23:17] Sequence features in binary format written to WHRI_8447A_features.npz.                                                                                           
[13:23:17] Sequence features in tabular format written to WHRI_8447A_features.tsv.                                                                                          
[13:23:18] Provirus features computed.                                                                                                                                      
[13:23:18] Provirus features in binary format written to WHRI_8447A_provirus_features.npz.                                                                                  
[13:23:18] Provirus features in tabular format written to WHRI_8447A_provirus_features.tsv.                                                                                 
[13:23:18] Sequences classified.                                                                                                                                            
[13:23:18] Sequence classification in binary format written to WHRI_8447A_marker_classification.npz.                                                                        
[13:23:18] Sequence classification in tabular format written to WHRI_8447A_marker_classification.tsv.                                                                       
[13:23:18] Proviruses classified.                                                                                                                                           
[13:23:18] Provirus classification in binary format written to WHRI_8447A_provirus_marker_classification.npz.                                                               
[13:23:18] Provirus classification in tabular format written to WHRI_8447A_provirus_marker_classification.tsv.                                                              
[13:23:18] geNomad marker-classification finished!                                                                                                                          
