╭──────────────────────────────────────────────────────────────────────────────────────────────────────────────────────────────────────────────────────────────────────────╮
│  Executing geNomad marker-classification (v1.11.1). This will classify the input sequences into chromosome, plasmid, or virus based on the presence of geNomad markers   │
│  and other gene-related features.                                                                                                                                        │
│  ──────────────────────────────────────────────────────────────────────────────────────────────────────────────────────────────────────────────────────────────────────  │
│  Outputs:                                                                                                                                                                │
│    WHRI_6414_marker_classification                                                                                                                                       │
│    ├── WHRI_6414_marker_classification.json (execution parameters)                                                                                                       │
│    ├── WHRI_6414_features.tsv (sequence feature data: tabular format)                                                                                                    │
│    ├── WHRI_6414_features.npz (sequence feature data: binary format)                                                                                                     │
│    ├── WHRI_6414_marker_classification.tsv (sequence classification: tabular format)                                                                                     │
│    └── WHRI_6414_marker_classification.npz (sequence classification: binary format)                                                                                      │
╰──────────────────────────────────────────────────────────────────────────────────────────────────────────────────────────────────────────────────────────────────────────╯
[11:36:27] Executing genomad marker-classification.                                                                                                                         
[11:36:27] Creating the WHRI_6414_marker_classification directory.                                                                                                          
[11:36:28] Sequence features computed.                                                                                                                                      
[11:36:28] Sequence features in binary format written to WHRI_6414_features.npz.                                                                                            
[11:36:28] Sequence features in tabular format written to WHRI_6414_features.tsv.                                                                                           
[11:36:28] Sequences classified.                                                                                                                                            
[11:36:28] Sequence classification in binary format written to WHRI_6414_marker_classification.npz.                                                                         
[11:36:28] Sequence classification in tabular format written to WHRI_6414_marker_classification.tsv.                                                                        
[11:36:28] geNomad marker-classification finished!                                                                                                                          
