╭──────────────────────────────────────────────────────────────────────────────────────────────────────────────────────────────────────────────────────────────────────────╮
│  Executing geNomad summary (v1.11.1). This will summarize the results across modules into a classification report.                                                       │
│  ──────────────────────────────────────────────────────────────────────────────────────────────────────────────────────────────────────────────────────────────────────  │
│  Outputs:                                                                                                                                                                │
│    WHRI_10021B_summary                                                                                                                                                   │
│    ├── WHRI_10021B_summary.json (execution parameters)                                                                                                                   │
│    ├── WHRI_10021B_virus_summary.tsv (virus classification summary)                                                                                                      │
│    ├── WHRI_10021B_plasmid_summary.tsv (plasmid classification summary)                                                                                                  │
│    ├── WHRI_10021B_virus.fna (virus nucleotide FASTA file)                                                                                                               │
│    ├── WHRI_10021B_plasmid.fna (plasmid nucleotide FASTA file)                                                                                                           │
│    ├── WHRI_10021B_virus_proteins.faa (virus protein FASTA file)                                                                                                         │
│    ├── WHRI_10021B_plasmid_proteins.faa (plasmid protein FASTA file)                                                                                                     │
│    ├── WHRI_10021B_virus_genes.tsv (virus gene annotation data)                                                                                                          │
│    └── WHRI_10021B_plasmid_genes.tsv (plasmid gene annotation data)                                                                                                      │
╰──────────────────────────────────────────────────────────────────────────────────────────────────────────────────────────────────────────────────────────────────────────╯
[07:45:15] Executing genomad summary.                                                                                                                                       
[07:45:15] Creating the WHRI_10021B_summary directory.                                                                                                                      
[07:45:15] Using scores from aggregated-classification.                                                                                                                     
[07:45:15] 12 plasmid(s) and 2 virus(es) were identified.                                                                                                                   
[07:45:15] Nucleotide sequences were written to WHRI_10021B_plasmid.fna and WHRI_10021B_virus.fna.                                                                          
[07:45:15] Protein sequences were written to WHRI_10021B_plasmid_proteins.faa and WHRI_10021B_virus_proteins.faa.                                                           
[07:45:15] Gene annotation data was written to WHRI_10021B_plasmid_genes.tsv and WHRI_10021B_virus_genes.tsv.                                                               
[07:45:15] Summary files were written to WHRI_10021B_plasmid_summary.tsv and WHRI_10021B_virus_summary.tsv.                                                                 
[07:45:15] geNomad summary finished!                                                                                                                                        
