╭──────────────────────────────────────────────────────────────────────────────────────────────────────────────────────────────────────────────────────────────────────────╮
│  Executing geNomad summary (v1.11.1). This will summarize the results across modules into a classification report.                                                       │
│  ──────────────────────────────────────────────────────────────────────────────────────────────────────────────────────────────────────────────────────────────────────  │
│  Outputs:                                                                                                                                                                │
│    WHRI_8662_summary                                                                                                                                                     │
│    ├── WHRI_8662_summary.json (execution parameters)                                                                                                                     │
│    ├── WHRI_8662_virus_summary.tsv (virus classification summary)                                                                                                        │
│    ├── WHRI_8662_plasmid_summary.tsv (plasmid classification summary)                                                                                                    │
│    ├── WHRI_8662_virus.fna (virus nucleotide FASTA file)                                                                                                                 │
│    ├── WHRI_8662_plasmid.fna (plasmid nucleotide FASTA file)                                                                                                             │
│    ├── WHRI_8662_virus_proteins.faa (virus protein FASTA file)                                                                                                           │
│    ├── WHRI_8662_plasmid_proteins.faa (plasmid protein FASTA file)                                                                                                       │
│    ├── WHRI_8662_virus_genes.tsv (virus gene annotation data)                                                                                                            │
│    └── WHRI_8662_plasmid_genes.tsv (plasmid gene annotation data)                                                                                                        │
╰──────────────────────────────────────────────────────────────────────────────────────────────────────────────────────────────────────────────────────────────────────────╯
[14:06:25] Executing genomad summary.                                                                                                                                       
[14:06:25] Creating the WHRI_8662_summary directory.                                                                                                                        
[14:06:25] Using scores from aggregated-classification.                                                                                                                     
[14:06:25] 12 plasmid(s) and 1 virus(es) were identified.                                                                                                                   
[14:06:25] Nucleotide sequences were written to WHRI_8662_plasmid.fna and WHRI_8662_virus.fna.                                                                              
[14:06:25] Protein sequences were written to WHRI_8662_plasmid_proteins.faa and WHRI_8662_virus_proteins.faa.                                                               
[14:06:25] Gene annotation data was written to WHRI_8662_plasmid_genes.tsv and WHRI_8662_virus_genes.tsv.                                                                   
[14:06:25] Summary files were written to WHRI_8662_plasmid_summary.tsv and WHRI_8662_virus_summary.tsv.                                                                     
[14:06:25] geNomad summary finished!                                                                                                                                        
