╭──────────────────────────────────────────────────────────────────────────────────────────────────────────────────────────────────────────────────────────────────────────╮
│  Executing geNomad nn-classification (v1.11.1). This will classify the input sequences into chromosome, plasmid, or virus based on the nucleotide sequence.              │
│  ──────────────────────────────────────────────────────────────────────────────────────────────────────────────────────────────────────────────────────────────────────  │
│  Outputs:                                                                                                                                                                │
│    WHRI_3818A_nn_classification                                                                                                                                          │
│    ├── WHRI_3818A_nn_classification.json (execution parameters)                                                                                                          │
│    ├── WHRI_3818A_encoded_sequences (directory containing encoded sequence data)                                                                                         │
│    ├── WHRI_3818A_nn_classification.tsv (contig classification: tabular format)                                                                                          │
│    ├── WHRI_3818A_nn_classification.npz (contig classification: binary format)                                                                                           │
│    ├── WHRI_3818A_encoded_proviruses (directory containing encoded sequence data)                                                                                        │
│    ├── WHRI_3818A_provirus_nn_classification.tsv (provirus classification: tabular format)                                                                               │
│    └── WHRI_3818A_provirus_nn_classification.npz (provirus classification: binary format)                                                                                │
╰──────────────────────────────────────────────────────────────────────────────────────────────────────────────────────────────────────────────────────────────────────────╯
[08:09:33] Executing genomad nn-classification.                                                                                                                             
[08:09:33] Creating the WHRI_3818A_nn_classification directory.                                                                                                             
[08:09:33] Creating the WHRI_3818A_nn_classification/WHRI_3818A_encoded_sequences directory.                                                                                
[08:09:34] Encoded sequence data written to WHRI_3818A_encoded_sequences.                                                                                                   
[08:09:34] Creating the WHRI_3818A_nn_classification/WHRI_3818A_encoded_proviruses directory.                                                                               
[08:09:34] Encoded provirus data written to WHRI_3818A_encoded_proviruses.                                                                                                  
[08:09:40] Sequences classified.                                                                                                                                            
[08:09:40] Sequence classification in binary format written to WHRI_3818A_nn_classification.npz.                                                                            
[08:09:40] Deleting encoded sequence data.                                                                                                                                  
[08:09:40] Sequence classification in tabular format written to WHRI_3818A_nn_classification.tsv.                                                                           
[08:09:42] Proviruses classified.                                                                                                                                           
[08:09:42] Provirus classification in binary format written to WHRI_3818A_provirus_nn_classification.npz.                                                                   
[08:09:42] Deleting encoded provirus data.                                                                                                                                  
[08:09:42] Provirus classification in tabular format written to WHRI_3818A_provirus_nn_classification.tsv.                                                                  
[08:09:42] geNomad nn-classification finished!                                                                                                                              
