╭──────────────────────────────────────────────────────────────────────────────────────────────────────────────────────────────────────────────────────────────────────────╮
│  Executing geNomad summary (v1.11.1). This will summarize the results across modules into a classification report.                                                       │
│  ──────────────────────────────────────────────────────────────────────────────────────────────────────────────────────────────────────────────────────────────────────  │
│  Outputs:                                                                                                                                                                │
│    WHRI_8819_summary                                                                                                                                                     │
│    ├── WHRI_8819_summary.json (execution parameters)                                                                                                                     │
│    ├── WHRI_8819_virus_summary.tsv (virus classification summary)                                                                                                        │
│    ├── WHRI_8819_plasmid_summary.tsv (plasmid classification summary)                                                                                                    │
│    ├── WHRI_8819_virus.fna (virus nucleotide FASTA file)                                                                                                                 │
│    ├── WHRI_8819_plasmid.fna (plasmid nucleotide FASTA file)                                                                                                             │
│    ├── WHRI_8819_virus_proteins.faa (virus protein FASTA file)                                                                                                           │
│    ├── WHRI_8819_plasmid_proteins.faa (plasmid protein FASTA file)                                                                                                       │
│    ├── WHRI_8819_virus_genes.tsv (virus gene annotation data)                                                                                                            │
│    └── WHRI_8819_plasmid_genes.tsv (plasmid gene annotation data)                                                                                                        │
╰──────────────────────────────────────────────────────────────────────────────────────────────────────────────────────────────────────────────────────────────────────────╯
[14:31:10] Executing genomad summary.                                                                                                                                       
[14:31:10] Creating the WHRI_8819_summary directory.                                                                                                                        
[14:31:10] Using scores from aggregated-classification.                                                                                                                     
[14:31:10] 13 plasmid(s) and 1 virus(es) were identified.                                                                                                                   
[14:31:10] Nucleotide sequences were written to WHRI_8819_plasmid.fna and WHRI_8819_virus.fna.                                                                              
[14:31:10] Protein sequences were written to WHRI_8819_plasmid_proteins.faa and WHRI_8819_virus_proteins.faa.                                                               
[14:31:10] Gene annotation data was written to WHRI_8819_plasmid_genes.tsv and WHRI_8819_virus_genes.tsv.                                                                   
[14:31:10] Summary files were written to WHRI_8819_plasmid_summary.tsv and WHRI_8819_virus_summary.tsv.                                                                     
[14:31:10] geNomad summary finished!                                                                                                                                        
