╭──────────────────────────────────────────────────────────────────────────────────────────────────────────────────────────────────────────────────────────────────────────╮
│  Executing geNomad nn-classification (v1.11.1). This will classify the input sequences into chromosome, plasmid, or virus based on the nucleotide sequence.              │
│  ──────────────────────────────────────────────────────────────────────────────────────────────────────────────────────────────────────────────────────────────────────  │
│  Outputs:                                                                                                                                                                │
│    WHRI_8646_nn_classification                                                                                                                                           │
│    ├── WHRI_8646_nn_classification.json (execution parameters)                                                                                                           │
│    ├── WHRI_8646_encoded_sequences (directory containing encoded sequence data)                                                                                          │
│    ├── WHRI_8646_nn_classification.tsv (contig classification: tabular format)                                                                                           │
│    ├── WHRI_8646_nn_classification.npz (contig classification: binary format)                                                                                            │
│    ├── WHRI_8646_encoded_proviruses (directory containing encoded sequence data)                                                                                         │
│    ├── WHRI_8646_provirus_nn_classification.tsv (provirus classification: tabular format)                                                                                │
│    └── WHRI_8646_provirus_nn_classification.npz (provirus classification: binary format)                                                                                 │
╰──────────────────────────────────────────────────────────────────────────────────────────────────────────────────────────────────────────────────────────────────────────╯
[14:00:46] Executing genomad nn-classification.                                                                                                                             
[14:00:46] Creating the WHRI_8646_nn_classification directory.                                                                                                              
[14:00:46] Creating the WHRI_8646_nn_classification/WHRI_8646_encoded_sequences directory.                                                                                  
[14:00:47] Encoded sequence data written to WHRI_8646_encoded_sequences.                                                                                                    
[14:00:47] Creating the WHRI_8646_nn_classification/WHRI_8646_encoded_proviruses directory.                                                                                 
[14:00:47] Encoded provirus data written to WHRI_8646_encoded_proviruses.                                                                                                   
[14:00:53] Sequences classified.                                                                                                                                            
[14:00:53] Sequence classification in binary format written to WHRI_8646_nn_classification.npz.                                                                             
[14:00:53] Deleting encoded sequence data.                                                                                                                                  
[14:00:53] Sequence classification in tabular format written to WHRI_8646_nn_classification.tsv.                                                                            
[14:00:56] Proviruses classified.                                                                                                                                           
[14:00:56] Provirus classification in binary format written to WHRI_8646_provirus_nn_classification.npz.                                                                    
[14:00:56] Deleting encoded provirus data.                                                                                                                                  
[14:00:56] Provirus classification in tabular format written to WHRI_8646_provirus_nn_classification.tsv.                                                                   
[14:00:56] geNomad nn-classification finished!                                                                                                                              
