╭──────────────────────────────────────────────────────────────────────────────────────────────────────────────────────────────────────────────────────────────────────────╮
│  Executing geNomad nn-classification (v1.11.1). This will classify the input sequences into chromosome, plasmid, or virus based on the nucleotide sequence.              │
│  ──────────────────────────────────────────────────────────────────────────────────────────────────────────────────────────────────────────────────────────────────────  │
│  Outputs:                                                                                                                                                                │
│    WHRI_8978_nn_classification                                                                                                                                           │
│    ├── WHRI_8978_nn_classification.json (execution parameters)                                                                                                           │
│    ├── WHRI_8978_encoded_sequences (directory containing encoded sequence data)                                                                                          │
│    ├── WHRI_8978_nn_classification.tsv (contig classification: tabular format)                                                                                           │
│    ├── WHRI_8978_nn_classification.npz (contig classification: binary format)                                                                                            │
│    ├── WHRI_8978_encoded_proviruses (directory containing encoded sequence data)                                                                                         │
│    ├── WHRI_8978_provirus_nn_classification.tsv (provirus classification: tabular format)                                                                                │
│    └── WHRI_8978_provirus_nn_classification.npz (provirus classification: binary format)                                                                                 │
╰──────────────────────────────────────────────────────────────────────────────────────────────────────────────────────────────────────────────────────────────────────────╯
[15:18:45] Executing genomad nn-classification.                                                                                                                             
[15:18:45] Creating the WHRI_8978_nn_classification directory.                                                                                                              
[15:18:45] Creating the WHRI_8978_nn_classification/WHRI_8978_encoded_sequences directory.                                                                                  
[15:18:47] Encoded sequence data written to WHRI_8978_encoded_sequences.                                                                                                    
[15:18:47] Creating the WHRI_8978_nn_classification/WHRI_8978_encoded_proviruses directory.                                                                                 
[15:18:47] Encoded provirus data written to WHRI_8978_encoded_proviruses.                                                                                                   
[15:18:53] Sequences classified.                                                                                                                                            
[15:18:53] Sequence classification in binary format written to WHRI_8978_nn_classification.npz.                                                                             
[15:18:53] Deleting encoded sequence data.                                                                                                                                  
[15:18:53] Sequence classification in tabular format written to WHRI_8978_nn_classification.tsv.                                                                            
[15:18:56] Proviruses classified.                                                                                                                                           
[15:18:56] Provirus classification in binary format written to WHRI_8978_provirus_nn_classification.npz.                                                                    
[15:18:56] Deleting encoded provirus data.                                                                                                                                  
[15:18:56] Provirus classification in tabular format written to WHRI_8978_provirus_nn_classification.tsv.                                                                   
[15:18:56] geNomad nn-classification finished!                                                                                                                              
