╭──────────────────────────────────────────────────────────────────────────────────────────────────────────────────────────────────────────────────────────────────────────╮
│  Executing geNomad marker-classification (v1.11.1). This will classify the input sequences into chromosome, plasmid, or virus based on the presence of geNomad markers   │
│  and other gene-related features.                                                                                                                                        │
│  ──────────────────────────────────────────────────────────────────────────────────────────────────────────────────────────────────────────────────────────────────────  │
│  Outputs:                                                                                                                                                                │
│    WHRI_10071B_marker_classification                                                                                                                                     │
│    ├── WHRI_10071B_marker_classification.json (execution parameters)                                                                                                     │
│    ├── WHRI_10071B_features.tsv (sequence feature data: tabular format)                                                                                                  │
│    ├── WHRI_10071B_features.npz (sequence feature data: binary format)                                                                                                   │
│    ├── WHRI_10071B_marker_classification.tsv (sequence classification: tabular format)                                                                                   │
│    └── WHRI_10071B_marker_classification.npz (sequence classification: binary format)                                                                                    │
╰──────────────────────────────────────────────────────────────────────────────────────────────────────────────────────────────────────────────────────────────────────────╯
[07:59:59] Executing genomad marker-classification.                                                                                                                         
[07:59:59] Creating the WHRI_10071B_marker_classification directory.                                                                                                        
[07:59:59] Sequence features computed.                                                                                                                                      
[07:59:59] Sequence features in binary format written to WHRI_10071B_features.npz.                                                                                          
[07:59:59] Sequence features in tabular format written to WHRI_10071B_features.tsv.                                                                                         
[08:00:00] Sequences classified.                                                                                                                                            
[08:00:00] Sequence classification in binary format written to WHRI_10071B_marker_classification.npz.                                                                       
[08:00:00] Sequence classification in tabular format written to WHRI_10071B_marker_classification.tsv.                                                                      
[08:00:00] geNomad marker-classification finished!                                                                                                                          
