╭──────────────────────────────────────────────────────────────────────────────────────────────────────────────────────────────────────────────────────────────────────────╮
│  Executing geNomad marker-classification (v1.11.1). This will classify the input sequences into chromosome, plasmid, or virus based on the presence of geNomad markers   │
│  and other gene-related features.                                                                                                                                        │
│  ──────────────────────────────────────────────────────────────────────────────────────────────────────────────────────────────────────────────────────────────────────  │
│  Outputs:                                                                                                                                                                │
│    WHRI_6368_marker_classification                                                                                                                                       │
│    ├── WHRI_6368_marker_classification.json (execution parameters)                                                                                                       │
│    ├── WHRI_6368_features.tsv (sequence feature data: tabular format)                                                                                                    │
│    ├── WHRI_6368_features.npz (sequence feature data: binary format)                                                                                                     │
│    ├── WHRI_6368_marker_classification.tsv (sequence classification: tabular format)                                                                                     │
│    ├── WHRI_6368_marker_classification.npz (sequence classification: binary format)                                                                                      │
│    ├── WHRI_6368_provirus_features.tsv (provirus feature data: tabular format)                                                                                           │
│    ├── WHRI_6368_provirus_features.npz (provirus feature data: binary format)                                                                                            │
│    ├── WHRI_6368_provirus_marker_classification.tsv (provirus classification: tabular format)                                                                            │
│    └── WHRI_6368_provirus_marker_classification.npz (provirus classification: binary format)                                                                             │
╰──────────────────────────────────────────────────────────────────────────────────────────────────────────────────────────────────────────────────────────────────────────╯
[11:28:12] Executing genomad marker-classification.                                                                                                                         
[11:28:12] Creating the WHRI_6368_marker_classification directory.                                                                                                          
[11:28:13] Sequence features computed.                                                                                                                                      
[11:28:13] Sequence features in binary format written to WHRI_6368_features.npz.                                                                                            
[11:28:13] Sequence features in tabular format written to WHRI_6368_features.tsv.                                                                                           
[11:28:13] Provirus features computed.                                                                                                                                      
[11:28:13] Provirus features in binary format written to WHRI_6368_provirus_features.npz.                                                                                   
[11:28:13] Provirus features in tabular format written to WHRI_6368_provirus_features.tsv.                                                                                  
[11:28:13] Sequences classified.                                                                                                                                            
[11:28:13] Sequence classification in binary format written to WHRI_6368_marker_classification.npz.                                                                         
[11:28:13] Sequence classification in tabular format written to WHRI_6368_marker_classification.tsv.                                                                        
[11:28:14] Proviruses classified.                                                                                                                                           
[11:28:14] Provirus classification in binary format written to WHRI_6368_provirus_marker_classification.npz.                                                                
[11:28:14] Provirus classification in tabular format written to WHRI_6368_provirus_marker_classification.tsv.                                                               
[11:28:14] geNomad marker-classification finished!                                                                                                                          
