╭──────────────────────────────────────────────────────────────────────────────────────────────────────────────────────────────────────────────────────────────────────────╮
│  Executing geNomad find-proviruses (v1.11.1). This will find putative proviral regions within the input sequences.                                                       │
│  ──────────────────────────────────────────────────────────────────────────────────────────────────────────────────────────────────────────────────────────────────────  │
│  Outputs:                                                                                                                                                                │
│    WHRI_3877_(NCPPB_1645)_find_proviruses                                                                                                                                │
│    ├── WHRI_3877_(NCPPB_1645)_find_proviruses.json (execution parameters)                                                                                                │
│    ├── WHRI_3877_(NCPPB_1645)_provirus.tsv (provirus data)                                                                                                               │
│    ├── WHRI_3877_(NCPPB_1645)_provirus.fna (provirus nucleotide sequences)                                                                                               │
│    ├── WHRI_3877_(NCPPB_1645)_provirus_proteins.faa (provirus protein sequences)                                                                                         │
│    ├── WHRI_3877_(NCPPB_1645)_provirus_genes.tsv (provirus gene annotation data)                                                                                         │
│    ├── WHRI_3877_(NCPPB_1645)_provirus_taxonomy.tsv (provirus taxonomic assignment)                                                                                      │
│    ├── WHRI_3877_(NCPPB_1645)_provirus_mmseqs2.tsv (MMseqs2 output file)                                                                                                 │
│    └── WHRI_3877_(NCPPB_1645)_provirus_aragorn.tsv (Aragorn output file)                                                                                                 │
╰──────────────────────────────────────────────────────────────────────────────────────────────────────────────────────────────────────────────────────────────────────────╯
[08:27:41] Executing genomad find-proviruses.                                                                                                                               
[08:27:41] Creating the WHRI_3877_(NCPPB_1645)_find_proviruses directory.                                                                                                   
[08:27:44] Integrases identified with MMseqs2 and geNomad database (v1.9) were written to WHRI_3877_(NCPPB_1645)_provirus_mmseqs2.tsv.                                      
[08:27:44] Deleting WHRI_3877_(NCPPB_1645)_provirus_mmseqs2.                                                                                                                
[08:27:44] Deleting WHRI_3877_(NCPPB_1645)_provirus_mmseqs2_input.faa.                                                                                                      
[08:27:45] tRNAs identified with Aragorn were written to WHRI_3877_(NCPPB_1645)_provirus_aragorn.tsv.                                                                       
[08:27:45] Deleting WHRI_3877_(NCPPB_1645)_provirus_aragorn_input.fna.                                                                                                      
[08:27:46] Provirus regions identified.                                                                                                                                     
[08:27:46] Provirus data was written to WHRI_3877_(NCPPB_1645)_provirus.tsv.                                                                                                
[08:27:46] Provirus nucleotide sequences were written to WHRI_3877_(NCPPB_1645)_provirus.fna.                                                                               
[08:27:46] Provirus protein sequences were written to WHRI_3877_(NCPPB_1645)_provirus_proteins.faa.                                                                         
[08:27:46] Provirus gene data was written to WHRI_3877_(NCPPB_1645)_provirus_genes.tsv.                                                                                     
[08:27:46] Taxonomic assignment data was written to WHRI_3877_(NCPPB_1645)_provirus_taxonomy.tsv.                                                                           
[08:27:46] geNomad find-proviruses finished!                                                                                                                                
