╭──────────────────────────────────────────────────────────────────────────────────────────────────────────────────────────────────────────────────────────────────────────╮
│  Executing geNomad nn-classification (v1.11.1). This will classify the input sequences into chromosome, plasmid, or virus based on the nucleotide sequence.              │
│  ──────────────────────────────────────────────────────────────────────────────────────────────────────────────────────────────────────────────────────────────────────  │
│  Outputs:                                                                                                                                                                │
│    WHRI_8446_nn_classification                                                                                                                                           │
│    ├── WHRI_8446_nn_classification.json (execution parameters)                                                                                                           │
│    ├── WHRI_8446_encoded_sequences (directory containing encoded sequence data)                                                                                          │
│    ├── WHRI_8446_nn_classification.tsv (contig classification: tabular format)                                                                                           │
│    ├── WHRI_8446_nn_classification.npz (contig classification: binary format)                                                                                            │
│    ├── WHRI_8446_encoded_proviruses (directory containing encoded sequence data)                                                                                         │
│    ├── WHRI_8446_provirus_nn_classification.tsv (provirus classification: tabular format)                                                                                │
│    └── WHRI_8446_provirus_nn_classification.npz (provirus classification: binary format)                                                                                 │
╰──────────────────────────────────────────────────────────────────────────────────────────────────────────────────────────────────────────────────────────────────────────╯
[13:21:59] Executing genomad nn-classification.                                                                                                                             
[13:21:59] Creating the WHRI_8446_nn_classification directory.                                                                                                              
[13:21:59] Creating the WHRI_8446_nn_classification/WHRI_8446_encoded_sequences directory.                                                                                  
[13:22:00] Encoded sequence data written to WHRI_8446_encoded_sequences.                                                                                                    
[13:22:00] Creating the WHRI_8446_nn_classification/WHRI_8446_encoded_proviruses directory.                                                                                 
[13:22:00] Encoded provirus data written to WHRI_8446_encoded_proviruses.                                                                                                   
[13:22:07] Sequences classified.                                                                                                                                            
[13:22:07] Sequence classification in binary format written to WHRI_8446_nn_classification.npz.                                                                             
[13:22:07] Deleting encoded sequence data.                                                                                                                                  
[13:22:07] Sequence classification in tabular format written to WHRI_8446_nn_classification.tsv.                                                                            
[13:22:09] Proviruses classified.                                                                                                                                           
[13:22:09] Provirus classification in binary format written to WHRI_8446_provirus_nn_classification.npz.                                                                    
[13:22:09] Deleting encoded provirus data.                                                                                                                                  
[13:22:09] Provirus classification in tabular format written to WHRI_8446_provirus_nn_classification.tsv.                                                                   
[13:22:09] geNomad nn-classification finished!                                                                                                                              
