╭──────────────────────────────────────────────────────────────────────────────────────────────────────────────────────────────────────────────────────────────────────────╮
│  Executing geNomad summary (v1.11.1). This will summarize the results across modules into a classification report.                                                       │
│  ──────────────────────────────────────────────────────────────────────────────────────────────────────────────────────────────────────────────────────────────────────  │
│  Outputs:                                                                                                                                                                │
│    WHRI_5742_summary                                                                                                                                                     │
│    ├── WHRI_5742_summary.json (execution parameters)                                                                                                                     │
│    ├── WHRI_5742_virus_summary.tsv (virus classification summary)                                                                                                        │
│    ├── WHRI_5742_plasmid_summary.tsv (plasmid classification summary)                                                                                                    │
│    ├── WHRI_5742_virus.fna (virus nucleotide FASTA file)                                                                                                                 │
│    ├── WHRI_5742_plasmid.fna (plasmid nucleotide FASTA file)                                                                                                             │
│    ├── WHRI_5742_virus_proteins.faa (virus protein FASTA file)                                                                                                           │
│    ├── WHRI_5742_plasmid_proteins.faa (plasmid protein FASTA file)                                                                                                       │
│    ├── WHRI_5742_virus_genes.tsv (virus gene annotation data)                                                                                                            │
│    └── WHRI_5742_plasmid_genes.tsv (plasmid gene annotation data)                                                                                                        │
╰──────────────────────────────────────────────────────────────────────────────────────────────────────────────────────────────────────────────────────────────────────────╯
[09:34:23] Executing genomad summary.                                                                                                                                       
[09:34:23] Creating the WHRI_5742_summary directory.                                                                                                                        
[09:34:23] Using scores from aggregated-classification.                                                                                                                     
[09:34:23] 18 plasmid(s) and 3 virus(es) were identified.                                                                                                                   
[09:34:23] Nucleotide sequences were written to WHRI_5742_plasmid.fna and WHRI_5742_virus.fna.                                                                              
[09:34:23] Protein sequences were written to WHRI_5742_plasmid_proteins.faa and WHRI_5742_virus_proteins.faa.                                                               
[09:34:23] Gene annotation data was written to WHRI_5742_plasmid_genes.tsv and WHRI_5742_virus_genes.tsv.                                                                   
[09:34:23] Summary files were written to WHRI_5742_plasmid_summary.tsv and WHRI_5742_virus_summary.tsv.                                                                     
[09:34:23] geNomad summary finished!                                                                                                                                        
