╭──────────────────────────────────────────────────────────────────────────────────────────────────────────────────────────────────────────────────────────────────────────╮
│  Executing geNomad summary (v1.11.1). This will summarize the results across modules into a classification report.                                                       │
│  ──────────────────────────────────────────────────────────────────────────────────────────────────────────────────────────────────────────────────────────────────────  │
│  Outputs:                                                                                                                                                                │
│    WHRI_5740_summary                                                                                                                                                     │
│    ├── WHRI_5740_summary.json (execution parameters)                                                                                                                     │
│    ├── WHRI_5740_virus_summary.tsv (virus classification summary)                                                                                                        │
│    ├── WHRI_5740_plasmid_summary.tsv (plasmid classification summary)                                                                                                    │
│    ├── WHRI_5740_virus.fna (virus nucleotide FASTA file)                                                                                                                 │
│    ├── WHRI_5740_plasmid.fna (plasmid nucleotide FASTA file)                                                                                                             │
│    ├── WHRI_5740_virus_proteins.faa (virus protein FASTA file)                                                                                                           │
│    ├── WHRI_5740_plasmid_proteins.faa (plasmid protein FASTA file)                                                                                                       │
│    ├── WHRI_5740_virus_genes.tsv (virus gene annotation data)                                                                                                            │
│    └── WHRI_5740_plasmid_genes.tsv (plasmid gene annotation data)                                                                                                        │
╰──────────────────────────────────────────────────────────────────────────────────────────────────────────────────────────────────────────────────────────────────────────╯
[09:31:36] Executing genomad summary.                                                                                                                                       
[09:31:36] Creating the WHRI_5740_summary directory.                                                                                                                        
[09:31:36] Using scores from aggregated-classification.                                                                                                                     
[09:31:36] 16 plasmid(s) and 4 virus(es) were identified.                                                                                                                   
[09:31:36] Nucleotide sequences were written to WHRI_5740_plasmid.fna and WHRI_5740_virus.fna.                                                                              
[09:31:36] Protein sequences were written to WHRI_5740_plasmid_proteins.faa and WHRI_5740_virus_proteins.faa.                                                               
[09:31:36] Gene annotation data was written to WHRI_5740_plasmid_genes.tsv and WHRI_5740_virus_genes.tsv.                                                                   
[09:31:36] Summary files were written to WHRI_5740_plasmid_summary.tsv and WHRI_5740_virus_summary.tsv.                                                                     
[09:31:36] geNomad summary finished!                                                                                                                                        
