╭──────────────────────────────────────────────────────────────────────────────────────────────────────────────────────────────────────────────────────────────────────────╮
│  Executing geNomad summary (v1.11.1). This will summarize the results across modules into a classification report.                                                       │
│  ──────────────────────────────────────────────────────────────────────────────────────────────────────────────────────────────────────────────────────────────────────  │
│  Outputs:                                                                                                                                                                │
│    WHRI_8909A_summary                                                                                                                                                    │
│    ├── WHRI_8909A_summary.json (execution parameters)                                                                                                                    │
│    ├── WHRI_8909A_virus_summary.tsv (virus classification summary)                                                                                                       │
│    ├── WHRI_8909A_plasmid_summary.tsv (plasmid classification summary)                                                                                                   │
│    ├── WHRI_8909A_virus.fna (virus nucleotide FASTA file)                                                                                                                │
│    ├── WHRI_8909A_plasmid.fna (plasmid nucleotide FASTA file)                                                                                                            │
│    ├── WHRI_8909A_virus_proteins.faa (virus protein FASTA file)                                                                                                          │
│    ├── WHRI_8909A_plasmid_proteins.faa (plasmid protein FASTA file)                                                                                                      │
│    ├── WHRI_8909A_virus_genes.tsv (virus gene annotation data)                                                                                                           │
│    └── WHRI_8909A_plasmid_genes.tsv (plasmid gene annotation data)                                                                                                       │
╰──────────────────────────────────────────────────────────────────────────────────────────────────────────────────────────────────────────────────────────────────────────╯
[15:01:02] Executing genomad summary.                                                                                                                                       
[15:01:02] Creating the WHRI_8909A_summary directory.                                                                                                                       
[15:01:02] Using scores from aggregated-classification.                                                                                                                     
[15:01:02] 18 plasmid(s) and 1 virus(es) were identified.                                                                                                                   
[15:01:02] Nucleotide sequences were written to WHRI_8909A_plasmid.fna and WHRI_8909A_virus.fna.                                                                            
[15:01:02] Protein sequences were written to WHRI_8909A_plasmid_proteins.faa and WHRI_8909A_virus_proteins.faa.                                                             
[15:01:02] Gene annotation data was written to WHRI_8909A_plasmid_genes.tsv and WHRI_8909A_virus_genes.tsv.                                                                 
[15:01:02] Summary files were written to WHRI_8909A_plasmid_summary.tsv and WHRI_8909A_virus_summary.tsv.                                                                   
[15:01:02] geNomad summary finished!                                                                                                                                        
