╭──────────────────────────────────────────────────────────────────────────────────────────────────────────────────────────────────────────────────────────────────────────╮
│  Executing geNomad marker-classification (v1.11.1). This will classify the input sequences into chromosome, plasmid, or virus based on the presence of geNomad markers   │
│  and other gene-related features.                                                                                                                                        │
│  ──────────────────────────────────────────────────────────────────────────────────────────────────────────────────────────────────────────────────────────────────────  │
│  Outputs:                                                                                                                                                                │
│    WHRI_6058_marker_classification                                                                                                                                       │
│    ├── WHRI_6058_marker_classification.json (execution parameters)                                                                                                       │
│    ├── WHRI_6058_features.tsv (sequence feature data: tabular format)                                                                                                    │
│    ├── WHRI_6058_features.npz (sequence feature data: binary format)                                                                                                     │
│    ├── WHRI_6058_marker_classification.tsv (sequence classification: tabular format)                                                                                     │
│    ├── WHRI_6058_marker_classification.npz (sequence classification: binary format)                                                                                      │
│    ├── WHRI_6058_provirus_features.tsv (provirus feature data: tabular format)                                                                                           │
│    ├── WHRI_6058_provirus_features.npz (provirus feature data: binary format)                                                                                            │
│    ├── WHRI_6058_provirus_marker_classification.tsv (provirus classification: tabular format)                                                                            │
│    └── WHRI_6058_provirus_marker_classification.npz (provirus classification: binary format)                                                                             │
╰──────────────────────────────────────────────────────────────────────────────────────────────────────────────────────────────────────────────────────────────────────────╯
[10:29:41] Executing genomad marker-classification.                                                                                                                         
[10:29:41] Creating the WHRI_6058_marker_classification directory.                                                                                                          
[10:29:42] Sequence features computed.                                                                                                                                      
[10:29:42] Sequence features in binary format written to WHRI_6058_features.npz.                                                                                            
[10:29:42] Sequence features in tabular format written to WHRI_6058_features.tsv.                                                                                           
[10:29:43] Provirus features computed.                                                                                                                                      
[10:29:43] Provirus features in binary format written to WHRI_6058_provirus_features.npz.                                                                                   
[10:29:43] Provirus features in tabular format written to WHRI_6058_provirus_features.tsv.                                                                                  
[10:29:43] Sequences classified.                                                                                                                                            
[10:29:43] Sequence classification in binary format written to WHRI_6058_marker_classification.npz.                                                                         
[10:29:43] Sequence classification in tabular format written to WHRI_6058_marker_classification.tsv.                                                                        
[10:29:43] Proviruses classified.                                                                                                                                           
[10:29:43] Provirus classification in binary format written to WHRI_6058_provirus_marker_classification.npz.                                                                
[10:29:43] Provirus classification in tabular format written to WHRI_6058_provirus_marker_classification.tsv.                                                               
[10:29:43] geNomad marker-classification finished!                                                                                                                          
