╭──────────────────────────────────────────────────────────────────────────────────────────────────────────────────────────────────────────────────────────────────────────╮
│  Executing geNomad aggregated-classification (v1.11.1). This will aggregate the results of the marker-classification and nn-classification modules to classify the       │
│  input sequences into chromosome, plasmid, or virus.                                                                                                                     │
│  ──────────────────────────────────────────────────────────────────────────────────────────────────────────────────────────────────────────────────────────────────────  │
│  Outputs:                                                                                                                                                                │
│    WHRI_10033A_aggregated_classification                                                                                                                                 │
│    ├── WHRI_10033A_aggregated_classification.json (execution parameters)                                                                                                 │
│    ├── WHRI_10033A_aggregated_classification.tsv (sequence classification: tabular format)                                                                               │
│    ├── WHRI_10033A_aggregated_classification.npz (sequence classification: binary format)                                                                                │
│    ├── WHRI_10033A_provirus_aggregated_classification.tsv (provirus classification: tabular format)                                                                      │
│    └── WHRI_10033A_provirus_aggregated_classification.npz (provirus classification: binary format)                                                                       │
╰──────────────────────────────────────────────────────────────────────────────────────────────────────────────────────────────────────────────────────────────────────────╯
[07:50:41] Executing genomad aggregated-classification.                                                                                                                     
[07:50:41] Creating the WHRI_10033A_aggregated_classification directory.                                                                                                    
[07:50:41] The total marker frequencies of the input sequences were computed.                                                                                               
[07:50:41] Sequences classified.                                                                                                                                            
[07:50:41] Sequence classification in binary format written to WHRI_10033A_aggregated_classification.npz.                                                                   
[07:50:41] Sequence classification in tabular format written to WHRI_10033A_aggregated_classification.tsv.                                                                  
[07:50:41] Proviruses classified.                                                                                                                                           
[07:50:41] Provirus classification in binary format written to WHRI_10033A_provirus_aggregated_classification.npz.                                                          
[07:50:41] Provirus classification in tabular format written to WHRI_10033A_provirus_aggregated_classification.tsv.                                                         
[07:50:41] geNomad aggregated-classification finished!                                                                                                                      
