╭──────────────────────────────────────────────────────────────────────────────────────────────────────────────────────────────────────────────────────────────────────────╮
│  Executing geNomad nn-classification (v1.11.1). This will classify the input sequences into chromosome, plasmid, or virus based on the nucleotide sequence.              │
│  ──────────────────────────────────────────────────────────────────────────────────────────────────────────────────────────────────────────────────────────────────────  │
│  Outputs:                                                                                                                                                                │
│    WHRI_8423A_nn_classification                                                                                                                                          │
│    ├── WHRI_8423A_nn_classification.json (execution parameters)                                                                                                          │
│    ├── WHRI_8423A_encoded_sequences (directory containing encoded sequence data)                                                                                         │
│    ├── WHRI_8423A_nn_classification.tsv (contig classification: tabular format)                                                                                          │
│    ├── WHRI_8423A_nn_classification.npz (contig classification: binary format)                                                                                           │
│    ├── WHRI_8423A_encoded_proviruses (directory containing encoded sequence data)                                                                                        │
│    ├── WHRI_8423A_provirus_nn_classification.tsv (provirus classification: tabular format)                                                                               │
│    └── WHRI_8423A_provirus_nn_classification.npz (provirus classification: binary format)                                                                                │
╰──────────────────────────────────────────────────────────────────────────────────────────────────────────────────────────────────────────────────────────────────────────╯
[13:10:52] Executing genomad nn-classification.                                                                                                                             
[13:10:52] Creating the WHRI_8423A_nn_classification directory.                                                                                                             
[13:10:52] Creating the WHRI_8423A_nn_classification/WHRI_8423A_encoded_sequences directory.                                                                                
[13:10:54] Encoded sequence data written to WHRI_8423A_encoded_sequences.                                                                                                   
[13:10:54] Creating the WHRI_8423A_nn_classification/WHRI_8423A_encoded_proviruses directory.                                                                               
[13:10:54] Encoded provirus data written to WHRI_8423A_encoded_proviruses.                                                                                                  
[13:11:01] Sequences classified.                                                                                                                                            
[13:11:01] Sequence classification in binary format written to WHRI_8423A_nn_classification.npz.                                                                            
[13:11:01] Deleting encoded sequence data.                                                                                                                                  
[13:11:01] Sequence classification in tabular format written to WHRI_8423A_nn_classification.tsv.                                                                           
[13:11:04] Proviruses classified.                                                                                                                                           
[13:11:04] Provirus classification in binary format written to WHRI_8423A_provirus_nn_classification.npz.                                                                   
[13:11:04] Deleting encoded provirus data.                                                                                                                                  
[13:11:04] Provirus classification in tabular format written to WHRI_8423A_provirus_nn_classification.tsv.                                                                  
[13:11:04] geNomad nn-classification finished!                                                                                                                              
