╭──────────────────────────────────────────────────────────────────────────────────────────────────────────────────────────────────────────────────────────────────────────╮
│  Executing geNomad summary (v1.11.1). This will summarize the results across modules into a classification report.                                                       │
│  ──────────────────────────────────────────────────────────────────────────────────────────────────────────────────────────────────────────────────────────────────────  │
│  Outputs:                                                                                                                                                                │
│    WHRI_6183_summary                                                                                                                                                     │
│    ├── WHRI_6183_summary.json (execution parameters)                                                                                                                     │
│    ├── WHRI_6183_virus_summary.tsv (virus classification summary)                                                                                                        │
│    ├── WHRI_6183_plasmid_summary.tsv (plasmid classification summary)                                                                                                    │
│    ├── WHRI_6183_virus.fna (virus nucleotide FASTA file)                                                                                                                 │
│    ├── WHRI_6183_plasmid.fna (plasmid nucleotide FASTA file)                                                                                                             │
│    ├── WHRI_6183_virus_proteins.faa (virus protein FASTA file)                                                                                                           │
│    ├── WHRI_6183_plasmid_proteins.faa (plasmid protein FASTA file)                                                                                                       │
│    ├── WHRI_6183_virus_genes.tsv (virus gene annotation data)                                                                                                            │
│    └── WHRI_6183_plasmid_genes.tsv (plasmid gene annotation data)                                                                                                        │
╰──────────────────────────────────────────────────────────────────────────────────────────────────────────────────────────────────────────────────────────────────────────╯
[11:04:57] Executing genomad summary.                                                                                                                                       
[11:04:57] Creating the WHRI_6183_summary directory.                                                                                                                        
[11:04:57] Using scores from aggregated-classification.                                                                                                                     
[11:04:57] 7 plasmid(s) and 2 virus(es) were identified.                                                                                                                    
[11:04:57] Nucleotide sequences were written to WHRI_6183_plasmid.fna and WHRI_6183_virus.fna.                                                                              
[11:04:57] Protein sequences were written to WHRI_6183_plasmid_proteins.faa and WHRI_6183_virus_proteins.faa.                                                               
[11:04:57] Gene annotation data was written to WHRI_6183_plasmid_genes.tsv and WHRI_6183_virus_genes.tsv.                                                                   
[11:04:57] Summary files were written to WHRI_6183_plasmid_summary.tsv and WHRI_6183_virus_summary.tsv.                                                                     
[11:04:57] geNomad summary finished!                                                                                                                                        
