╭──────────────────────────────────────────────────────────────────────────────────────────────────────────────────────────────────────────────────────────────────────────╮
│  Executing geNomad nn-classification (v1.11.1). This will classify the input sequences into chromosome, plasmid, or virus based on the nucleotide sequence.              │
│  ──────────────────────────────────────────────────────────────────────────────────────────────────────────────────────────────────────────────────────────────────────  │
│  Outputs:                                                                                                                                                                │
│    WHRI_10215A_nn_classification                                                                                                                                         │
│    ├── WHRI_10215A_nn_classification.json (execution parameters)                                                                                                         │
│    ├── WHRI_10215A_encoded_sequences (directory containing encoded sequence data)                                                                                        │
│    ├── WHRI_10215A_nn_classification.tsv (contig classification: tabular format)                                                                                         │
│    ├── WHRI_10215A_nn_classification.npz (contig classification: binary format)                                                                                          │
│    ├── WHRI_10215A_encoded_proviruses (directory containing encoded sequence data)                                                                                       │
│    ├── WHRI_10215A_provirus_nn_classification.tsv (provirus classification: tabular format)                                                                              │
│    └── WHRI_10215A_provirus_nn_classification.npz (provirus classification: binary format)                                                                               │
╰──────────────────────────────────────────────────────────────────────────────────────────────────────────────────────────────────────────────────────────────────────────╯
[08:05:22] Executing genomad nn-classification.                                                                                                                             
[08:05:22] Creating the WHRI_10215A_nn_classification directory.                                                                                                            
[08:05:22] Creating the WHRI_10215A_nn_classification/WHRI_10215A_encoded_sequences directory.                                                                              
[08:05:23] Encoded sequence data written to WHRI_10215A_encoded_sequences.                                                                                                  
[08:05:23] Creating the WHRI_10215A_nn_classification/WHRI_10215A_encoded_proviruses directory.                                                                             
[08:05:23] Encoded provirus data written to WHRI_10215A_encoded_proviruses.                                                                                                 
[08:05:30] Sequences classified.                                                                                                                                            
[08:05:30] Sequence classification in binary format written to WHRI_10215A_nn_classification.npz.                                                                           
[08:05:30] Deleting encoded sequence data.                                                                                                                                  
[08:05:30] Sequence classification in tabular format written to WHRI_10215A_nn_classification.tsv.                                                                          
[08:05:33] Proviruses classified.                                                                                                                                           
[08:05:33] Provirus classification in binary format written to WHRI_10215A_provirus_nn_classification.npz.                                                                  
[08:05:33] Deleting encoded provirus data.                                                                                                                                  
[08:05:33] Provirus classification in tabular format written to WHRI_10215A_provirus_nn_classification.tsv.                                                                 
[08:05:33] geNomad nn-classification finished!                                                                                                                              
