╭──────────────────────────────────────────────────────────────────────────────────────────────────────────────────────────────────────────────────────────────────────────╮
│  Executing geNomad summary (v1.11.1). This will summarize the results across modules into a classification report.                                                       │
│  ──────────────────────────────────────────────────────────────────────────────────────────────────────────────────────────────────────────────────────────────────────  │
│  Outputs:                                                                                                                                                                │
│    WHRI_6055_summary                                                                                                                                                     │
│    ├── WHRI_6055_summary.json (execution parameters)                                                                                                                     │
│    ├── WHRI_6055_virus_summary.tsv (virus classification summary)                                                                                                        │
│    ├── WHRI_6055_plasmid_summary.tsv (plasmid classification summary)                                                                                                    │
│    ├── WHRI_6055_virus.fna (virus nucleotide FASTA file)                                                                                                                 │
│    ├── WHRI_6055_plasmid.fna (plasmid nucleotide FASTA file)                                                                                                             │
│    ├── WHRI_6055_virus_proteins.faa (virus protein FASTA file)                                                                                                           │
│    ├── WHRI_6055_plasmid_proteins.faa (plasmid protein FASTA file)                                                                                                       │
│    ├── WHRI_6055_virus_genes.tsv (virus gene annotation data)                                                                                                            │
│    └── WHRI_6055_plasmid_genes.tsv (plasmid gene annotation data)                                                                                                        │
╰──────────────────────────────────────────────────────────────────────────────────────────────────────────────────────────────────────────────────────────────────────────╯
[10:25:11] Executing genomad summary.                                                                                                                                       
[10:25:11] Creating the WHRI_6055_summary directory.                                                                                                                        
[10:25:11] Using scores from aggregated-classification.                                                                                                                     
[10:25:11] 9 plasmid(s) and 1 virus(es) were identified.                                                                                                                    
[10:25:12] Nucleotide sequences were written to WHRI_6055_plasmid.fna and WHRI_6055_virus.fna.                                                                              
[10:25:12] Protein sequences were written to WHRI_6055_plasmid_proteins.faa and WHRI_6055_virus_proteins.faa.                                                               
[10:25:12] Gene annotation data was written to WHRI_6055_plasmid_genes.tsv and WHRI_6055_virus_genes.tsv.                                                                   
[10:25:12] Summary files were written to WHRI_6055_plasmid_summary.tsv and WHRI_6055_virus_summary.tsv.                                                                     
[10:25:12] geNomad summary finished!                                                                                                                                        
