╭──────────────────────────────────────────────────────────────────────────────────────────────────────────────────────────────────────────────────────────────────────────╮
│  Executing geNomad marker-classification (v1.11.1). This will classify the input sequences into chromosome, plasmid, or virus based on the presence of geNomad markers   │
│  and other gene-related features.                                                                                                                                        │
│  ──────────────────────────────────────────────────────────────────────────────────────────────────────────────────────────────────────────────────────────────────────  │
│  Outputs:                                                                                                                                                                │
│    WHRI_8409_marker_classification                                                                                                                                       │
│    ├── WHRI_8409_marker_classification.json (execution parameters)                                                                                                       │
│    ├── WHRI_8409_features.tsv (sequence feature data: tabular format)                                                                                                    │
│    ├── WHRI_8409_features.npz (sequence feature data: binary format)                                                                                                     │
│    ├── WHRI_8409_marker_classification.tsv (sequence classification: tabular format)                                                                                     │
│    ├── WHRI_8409_marker_classification.npz (sequence classification: binary format)                                                                                      │
│    ├── WHRI_8409_provirus_features.tsv (provirus feature data: tabular format)                                                                                           │
│    ├── WHRI_8409_provirus_features.npz (provirus feature data: binary format)                                                                                            │
│    ├── WHRI_8409_provirus_marker_classification.tsv (provirus classification: tabular format)                                                                            │
│    └── WHRI_8409_provirus_marker_classification.npz (provirus classification: binary format)                                                                             │
╰──────────────────────────────────────────────────────────────────────────────────────────────────────────────────────────────────────────────────────────────────────────╯
[13:03:51] Executing genomad marker-classification.                                                                                                                         
[13:03:51] Creating the WHRI_8409_marker_classification directory.                                                                                                          
[13:03:52] Sequence features computed.                                                                                                                                      
[13:03:52] Sequence features in binary format written to WHRI_8409_features.npz.                                                                                            
[13:03:52] Sequence features in tabular format written to WHRI_8409_features.tsv.                                                                                           
[13:03:53] Provirus features computed.                                                                                                                                      
[13:03:53] Provirus features in binary format written to WHRI_8409_provirus_features.npz.                                                                                   
[13:03:53] Provirus features in tabular format written to WHRI_8409_provirus_features.tsv.                                                                                  
[13:03:53] Sequences classified.                                                                                                                                            
[13:03:53] Sequence classification in binary format written to WHRI_8409_marker_classification.npz.                                                                         
[13:03:53] Sequence classification in tabular format written to WHRI_8409_marker_classification.tsv.                                                                        
[13:03:53] Proviruses classified.                                                                                                                                           
[13:03:53] Provirus classification in binary format written to WHRI_8409_provirus_marker_classification.npz.                                                                
[13:03:53] Provirus classification in tabular format written to WHRI_8409_provirus_marker_classification.tsv.                                                               
[13:03:53] geNomad marker-classification finished!                                                                                                                          
