╭──────────────────────────────────────────────────────────────────────────────────────────────────────────────────────────────────────────────────────────────────────────╮
│  Executing geNomad summary (v1.11.1). This will summarize the results across modules into a classification report.                                                       │
│  ──────────────────────────────────────────────────────────────────────────────────────────────────────────────────────────────────────────────────────────────────────  │
│  Outputs:                                                                                                                                                                │
│    WHRI_3977A_summary                                                                                                                                                    │
│    ├── WHRI_3977A_summary.json (execution parameters)                                                                                                                    │
│    ├── WHRI_3977A_virus_summary.tsv (virus classification summary)                                                                                                       │
│    ├── WHRI_3977A_plasmid_summary.tsv (plasmid classification summary)                                                                                                   │
│    ├── WHRI_3977A_virus.fna (virus nucleotide FASTA file)                                                                                                                │
│    ├── WHRI_3977A_plasmid.fna (plasmid nucleotide FASTA file)                                                                                                            │
│    ├── WHRI_3977A_virus_proteins.faa (virus protein FASTA file)                                                                                                          │
│    ├── WHRI_3977A_plasmid_proteins.faa (plasmid protein FASTA file)                                                                                                      │
│    ├── WHRI_3977A_virus_genes.tsv (virus gene annotation data)                                                                                                           │
│    └── WHRI_3977A_plasmid_genes.tsv (plasmid gene annotation data)                                                                                                       │
╰──────────────────────────────────────────────────────────────────────────────────────────────────────────────────────────────────────────────────────────────────────────╯
[08:37:53] Executing genomad summary.                                                                                                                                       
[08:37:53] Creating the WHRI_3977A_summary directory.                                                                                                                       
[08:37:53] Using scores from aggregated-classification.                                                                                                                     
[08:37:53] 11 plasmid(s) and 3 virus(es) were identified.                                                                                                                   
[08:37:54] Nucleotide sequences were written to WHRI_3977A_plasmid.fna and WHRI_3977A_virus.fna.                                                                            
[08:37:54] Protein sequences were written to WHRI_3977A_plasmid_proteins.faa and WHRI_3977A_virus_proteins.faa.                                                             
[08:37:54] Gene annotation data was written to WHRI_3977A_plasmid_genes.tsv and WHRI_3977A_virus_genes.tsv.                                                                 
[08:37:54] Summary files were written to WHRI_3977A_plasmid_summary.tsv and WHRI_3977A_virus_summary.tsv.                                                                   
[08:37:54] geNomad summary finished!                                                                                                                                        
