╭──────────────────────────────────────────────────────────────────────────────────────────────────────────────────────────────────────────────────────────────────────────╮
│  Executing geNomad nn-classification (v1.11.1). This will classify the input sequences into chromosome, plasmid, or virus based on the nucleotide sequence.              │
│  ──────────────────────────────────────────────────────────────────────────────────────────────────────────────────────────────────────────────────────────────────────  │
│  Outputs:                                                                                                                                                                │
│    WHRI_5490_nn_classification                                                                                                                                           │
│    ├── WHRI_5490_nn_classification.json (execution parameters)                                                                                                           │
│    ├── WHRI_5490_encoded_sequences (directory containing encoded sequence data)                                                                                          │
│    ├── WHRI_5490_nn_classification.tsv (contig classification: tabular format)                                                                                           │
│    ├── WHRI_5490_nn_classification.npz (contig classification: binary format)                                                                                            │
│    ├── WHRI_5490_encoded_proviruses (directory containing encoded sequence data)                                                                                         │
│    ├── WHRI_5490_provirus_nn_classification.tsv (provirus classification: tabular format)                                                                                │
│    └── WHRI_5490_provirus_nn_classification.npz (provirus classification: binary format)                                                                                 │
╰──────────────────────────────────────────────────────────────────────────────────────────────────────────────────────────────────────────────────────────────────────────╯
[08:49:58] Executing genomad nn-classification.                                                                                                                             
[08:49:58] Creating the WHRI_5490_nn_classification directory.                                                                                                              
[08:49:58] Creating the WHRI_5490_nn_classification/WHRI_5490_encoded_sequences directory.                                                                                  
[08:49:59] Encoded sequence data written to WHRI_5490_encoded_sequences.                                                                                                    
[08:49:59] Creating the WHRI_5490_nn_classification/WHRI_5490_encoded_proviruses directory.                                                                                 
[08:49:59] Encoded provirus data written to WHRI_5490_encoded_proviruses.                                                                                                   
[08:50:06] Sequences classified.                                                                                                                                            
[08:50:06] Sequence classification in binary format written to WHRI_5490_nn_classification.npz.                                                                             
[08:50:06] Deleting encoded sequence data.                                                                                                                                  
[08:50:06] Sequence classification in tabular format written to WHRI_5490_nn_classification.tsv.                                                                            
[08:50:08] Proviruses classified.                                                                                                                                           
[08:50:08] Provirus classification in binary format written to WHRI_5490_provirus_nn_classification.npz.                                                                    
[08:50:08] Deleting encoded provirus data.                                                                                                                                  
[08:50:08] Provirus classification in tabular format written to WHRI_5490_provirus_nn_classification.tsv.                                                                   
[08:50:08] geNomad nn-classification finished!                                                                                                                              
