╭──────────────────────────────────────────────────────────────────────────────────────────────────────────────────────────────────────────────────────────────────────────╮
│  Executing geNomad summary (v1.11.1). This will summarize the results across modules into a classification report.                                                       │
│  ──────────────────────────────────────────────────────────────────────────────────────────────────────────────────────────────────────────────────────────────────────  │
│  Outputs:                                                                                                                                                                │
│    WHRI_3832A_summary                                                                                                                                                    │
│    ├── WHRI_3832A_summary.json (execution parameters)                                                                                                                    │
│    ├── WHRI_3832A_virus_summary.tsv (virus classification summary)                                                                                                       │
│    ├── WHRI_3832A_plasmid_summary.tsv (plasmid classification summary)                                                                                                   │
│    ├── WHRI_3832A_virus.fna (virus nucleotide FASTA file)                                                                                                                │
│    ├── WHRI_3832A_plasmid.fna (plasmid nucleotide FASTA file)                                                                                                            │
│    ├── WHRI_3832A_virus_proteins.faa (virus protein FASTA file)                                                                                                          │
│    ├── WHRI_3832A_plasmid_proteins.faa (plasmid protein FASTA file)                                                                                                      │
│    ├── WHRI_3832A_virus_genes.tsv (virus gene annotation data)                                                                                                           │
│    └── WHRI_3832A_plasmid_genes.tsv (plasmid gene annotation data)                                                                                                       │
╰──────────────────────────────────────────────────────────────────────────────────────────────────────────────────────────────────────────────────────────────────────────╯
[08:16:29] Executing genomad summary.                                                                                                                                       
[08:16:29] Creating the WHRI_3832A_summary directory.                                                                                                                       
[08:16:29] Using scores from aggregated-classification.                                                                                                                     
[08:16:29] 20 plasmid(s) and 0 virus(es) were identified.                                                                                                                   
[08:16:29] Nucleotide sequences were written to WHRI_3832A_plasmid.fna and WHRI_3832A_virus.fna.                                                                            
[08:16:29] Protein sequences were written to WHRI_3832A_plasmid_proteins.faa and WHRI_3832A_virus_proteins.faa.                                                             
[08:16:29] Gene annotation data was written to WHRI_3832A_plasmid_genes.tsv and WHRI_3832A_virus_genes.tsv.                                                                 
[08:16:29] Summary files were written to WHRI_3832A_plasmid_summary.tsv and WHRI_3832A_virus_summary.tsv.                                                                   
[08:16:29] geNomad summary finished!                                                                                                                                        
