╭──────────────────────────────────────────────────────────────────────────────────────────────────────────────────────────────────────────────────────────────────────────╮
│  Executing geNomad nn-classification (v1.11.1). This will classify the input sequences into chromosome, plasmid, or virus based on the nucleotide sequence.              │
│  ──────────────────────────────────────────────────────────────────────────────────────────────────────────────────────────────────────────────────────────────────────  │
│  Outputs:                                                                                                                                                                │
│    WHRI_5800_nn_classification                                                                                                                                           │
│    ├── WHRI_5800_nn_classification.json (execution parameters)                                                                                                           │
│    ├── WHRI_5800_encoded_sequences (directory containing encoded sequence data)                                                                                          │
│    ├── WHRI_5800_nn_classification.tsv (contig classification: tabular format)                                                                                           │
│    ├── WHRI_5800_nn_classification.npz (contig classification: binary format)                                                                                            │
│    ├── WHRI_5800_encoded_proviruses (directory containing encoded sequence data)                                                                                         │
│    ├── WHRI_5800_provirus_nn_classification.tsv (provirus classification: tabular format)                                                                                │
│    └── WHRI_5800_provirus_nn_classification.npz (provirus classification: binary format)                                                                                 │
╰──────────────────────────────────────────────────────────────────────────────────────────────────────────────────────────────────────────────────────────────────────────╯
[09:42:44] Executing genomad nn-classification.                                                                                                                             
[09:42:44] Creating the WHRI_5800_nn_classification directory.                                                                                                              
[09:42:44] Creating the WHRI_5800_nn_classification/WHRI_5800_encoded_sequences directory.                                                                                  
[09:42:45] Encoded sequence data written to WHRI_5800_encoded_sequences.                                                                                                    
[09:42:45] Creating the WHRI_5800_nn_classification/WHRI_5800_encoded_proviruses directory.                                                                                 
[09:42:45] Encoded provirus data written to WHRI_5800_encoded_proviruses.                                                                                                   
[09:42:53] Sequences classified.                                                                                                                                            
[09:42:53] Sequence classification in binary format written to WHRI_5800_nn_classification.npz.                                                                             
[09:42:53] Deleting encoded sequence data.                                                                                                                                  
[09:42:53] Sequence classification in tabular format written to WHRI_5800_nn_classification.tsv.                                                                            
[09:42:55] Proviruses classified.                                                                                                                                           
[09:42:55] Provirus classification in binary format written to WHRI_5800_provirus_nn_classification.npz.                                                                    
[09:42:55] Deleting encoded provirus data.                                                                                                                                  
[09:42:55] Provirus classification in tabular format written to WHRI_5800_provirus_nn_classification.tsv.                                                                   
[09:42:55] geNomad nn-classification finished!                                                                                                                              
