╭──────────────────────────────────────────────────────────────────────────────────────────────────────────────────────────────────────────────────────────────────────────╮
│  Executing geNomad nn-classification (v1.11.1). This will classify the input sequences into chromosome, plasmid, or virus based on the nucleotide sequence.              │
│  ──────────────────────────────────────────────────────────────────────────────────────────────────────────────────────────────────────────────────────────────────────  │
│  Outputs:                                                                                                                                                                │
│    WHRI_8455A_nn_classification                                                                                                                                          │
│    ├── WHRI_8455A_nn_classification.json (execution parameters)                                                                                                          │
│    ├── WHRI_8455A_encoded_sequences (directory containing encoded sequence data)                                                                                         │
│    ├── WHRI_8455A_nn_classification.tsv (contig classification: tabular format)                                                                                          │
│    ├── WHRI_8455A_nn_classification.npz (contig classification: binary format)                                                                                           │
│    ├── WHRI_8455A_encoded_proviruses (directory containing encoded sequence data)                                                                                        │
│    ├── WHRI_8455A_provirus_nn_classification.tsv (provirus classification: tabular format)                                                                               │
│    └── WHRI_8455A_provirus_nn_classification.npz (provirus classification: binary format)                                                                                │
╰──────────────────────────────────────────────────────────────────────────────────────────────────────────────────────────────────────────────────────────────────────────╯
[13:34:30] Executing genomad nn-classification.                                                                                                                             
[13:34:30] Creating the WHRI_8455A_nn_classification directory.                                                                                                             
[13:34:30] Creating the WHRI_8455A_nn_classification/WHRI_8455A_encoded_sequences directory.                                                                                
[13:34:31] Encoded sequence data written to WHRI_8455A_encoded_sequences.                                                                                                   
[13:34:31] Creating the WHRI_8455A_nn_classification/WHRI_8455A_encoded_proviruses directory.                                                                               
[13:34:31] Encoded provirus data written to WHRI_8455A_encoded_proviruses.                                                                                                  
[13:34:38] Sequences classified.                                                                                                                                            
[13:34:38] Sequence classification in binary format written to WHRI_8455A_nn_classification.npz.                                                                            
[13:34:38] Deleting encoded sequence data.                                                                                                                                  
[13:34:38] Sequence classification in tabular format written to WHRI_8455A_nn_classification.tsv.                                                                           
[13:34:40] Proviruses classified.                                                                                                                                           
[13:34:40] Provirus classification in binary format written to WHRI_8455A_provirus_nn_classification.npz.                                                                   
[13:34:40] Deleting encoded provirus data.                                                                                                                                  
[13:34:40] Provirus classification in tabular format written to WHRI_8455A_provirus_nn_classification.tsv.                                                                  
[13:34:41] geNomad nn-classification finished!                                                                                                                              
