╭──────────────────────────────────────────────────────────────────────────────────────────────────────────────────────────────────────────────────────────────────────────╮
│  Executing geNomad nn-classification (v1.11.1). This will classify the input sequences into chromosome, plasmid, or virus based on the nucleotide sequence.              │
│  ──────────────────────────────────────────────────────────────────────────────────────────────────────────────────────────────────────────────────────────────────────  │
│  Outputs:                                                                                                                                                                │
│    WHRI_5743_nn_classification                                                                                                                                           │
│    ├── WHRI_5743_nn_classification.json (execution parameters)                                                                                                           │
│    ├── WHRI_5743_encoded_sequences (directory containing encoded sequence data)                                                                                          │
│    ├── WHRI_5743_nn_classification.tsv (contig classification: tabular format)                                                                                           │
│    ├── WHRI_5743_nn_classification.npz (contig classification: binary format)                                                                                            │
│    ├── WHRI_5743_encoded_proviruses (directory containing encoded sequence data)                                                                                         │
│    ├── WHRI_5743_provirus_nn_classification.tsv (provirus classification: tabular format)                                                                                │
│    └── WHRI_5743_provirus_nn_classification.npz (provirus classification: binary format)                                                                                 │
╰──────────────────────────────────────────────────────────────────────────────────────────────────────────────────────────────────────────────────────────────────────────╯
[09:35:37] Executing genomad nn-classification.                                                                                                                             
[09:35:37] Creating the WHRI_5743_nn_classification directory.                                                                                                              
[09:35:37] Creating the WHRI_5743_nn_classification/WHRI_5743_encoded_sequences directory.                                                                                  
[09:35:38] Encoded sequence data written to WHRI_5743_encoded_sequences.                                                                                                    
[09:35:38] Creating the WHRI_5743_nn_classification/WHRI_5743_encoded_proviruses directory.                                                                                 
[09:35:38] Encoded provirus data written to WHRI_5743_encoded_proviruses.                                                                                                   
[09:35:46] Sequences classified.                                                                                                                                            
[09:35:46] Sequence classification in binary format written to WHRI_5743_nn_classification.npz.                                                                             
[09:35:46] Deleting encoded sequence data.                                                                                                                                  
[09:35:46] Sequence classification in tabular format written to WHRI_5743_nn_classification.tsv.                                                                            
[09:35:49] Proviruses classified.                                                                                                                                           
[09:35:49] Provirus classification in binary format written to WHRI_5743_provirus_nn_classification.npz.                                                                    
[09:35:49] Deleting encoded provirus data.                                                                                                                                  
[09:35:49] Provirus classification in tabular format written to WHRI_5743_provirus_nn_classification.tsv.                                                                   
[09:35:49] geNomad nn-classification finished!                                                                                                                              
