╭──────────────────────────────────────────────────────────────────────────────────────────────────────────────────────────────────────────────────────────────────────────╮
│  Executing geNomad summary (v1.11.1). This will summarize the results across modules into a classification report.                                                       │
│  ──────────────────────────────────────────────────────────────────────────────────────────────────────────────────────────────────────────────────────────────────────  │
│  Outputs:                                                                                                                                                                │
│    WHRI_6073_summary                                                                                                                                                     │
│    ├── WHRI_6073_summary.json (execution parameters)                                                                                                                     │
│    ├── WHRI_6073_virus_summary.tsv (virus classification summary)                                                                                                        │
│    ├── WHRI_6073_plasmid_summary.tsv (plasmid classification summary)                                                                                                    │
│    ├── WHRI_6073_virus.fna (virus nucleotide FASTA file)                                                                                                                 │
│    ├── WHRI_6073_plasmid.fna (plasmid nucleotide FASTA file)                                                                                                             │
│    ├── WHRI_6073_virus_proteins.faa (virus protein FASTA file)                                                                                                           │
│    ├── WHRI_6073_plasmid_proteins.faa (plasmid protein FASTA file)                                                                                                       │
│    ├── WHRI_6073_virus_genes.tsv (virus gene annotation data)                                                                                                            │
│    └── WHRI_6073_plasmid_genes.tsv (plasmid gene annotation data)                                                                                                        │
╰──────────────────────────────────────────────────────────────────────────────────────────────────────────────────────────────────────────────────────────────────────────╯
[10:49:56] Executing genomad summary.                                                                                                                                       
[10:49:56] Creating the WHRI_6073_summary directory.                                                                                                                        
[10:49:56] Using scores from aggregated-classification.                                                                                                                     
[10:49:56] 11 plasmid(s) and 1 virus(es) were identified.                                                                                                                   
[10:49:56] Nucleotide sequences were written to WHRI_6073_plasmid.fna and WHRI_6073_virus.fna.                                                                              
[10:49:56] Protein sequences were written to WHRI_6073_plasmid_proteins.faa and WHRI_6073_virus_proteins.faa.                                                               
[10:49:56] Gene annotation data was written to WHRI_6073_plasmid_genes.tsv and WHRI_6073_virus_genes.tsv.                                                                   
[10:49:56] Summary files were written to WHRI_6073_plasmid_summary.tsv and WHRI_6073_virus_summary.tsv.                                                                     
[10:49:56] geNomad summary finished!                                                                                                                                        
