╭──────────────────────────────────────────────────────────────────────────────────────────────────────────────────────────────────────────────────────────────────────────╮
│  Executing geNomad nn-classification (v1.11.1). This will classify the input sequences into chromosome, plasmid, or virus based on the nucleotide sequence.              │
│  ──────────────────────────────────────────────────────────────────────────────────────────────────────────────────────────────────────────────────────────────────────  │
│  Outputs:                                                                                                                                                                │
│    WHRI_8952A_nn_classification                                                                                                                                          │
│    ├── WHRI_8952A_nn_classification.json (execution parameters)                                                                                                          │
│    ├── WHRI_8952A_encoded_sequences (directory containing encoded sequence data)                                                                                         │
│    ├── WHRI_8952A_nn_classification.tsv (contig classification: tabular format)                                                                                          │
│    ├── WHRI_8952A_nn_classification.npz (contig classification: binary format)                                                                                           │
│    ├── WHRI_8952A_encoded_proviruses (directory containing encoded sequence data)                                                                                        │
│    ├── WHRI_8952A_provirus_nn_classification.tsv (provirus classification: tabular format)                                                                               │
│    └── WHRI_8952A_provirus_nn_classification.npz (provirus classification: binary format)                                                                                │
╰──────────────────────────────────────────────────────────────────────────────────────────────────────────────────────────────────────────────────────────────────────────╯
[15:05:07] Executing genomad nn-classification.                                                                                                                             
[15:05:07] Creating the WHRI_8952A_nn_classification directory.                                                                                                             
[15:05:07] Creating the WHRI_8952A_nn_classification/WHRI_8952A_encoded_sequences directory.                                                                                
[15:05:08] Encoded sequence data written to WHRI_8952A_encoded_sequences.                                                                                                   
[15:05:08] Creating the WHRI_8952A_nn_classification/WHRI_8952A_encoded_proviruses directory.                                                                               
[15:05:08] Encoded provirus data written to WHRI_8952A_encoded_proviruses.                                                                                                  
[15:05:15] Sequences classified.                                                                                                                                            
[15:05:15] Sequence classification in binary format written to WHRI_8952A_nn_classification.npz.                                                                            
[15:05:15] Deleting encoded sequence data.                                                                                                                                  
[15:05:15] Sequence classification in tabular format written to WHRI_8952A_nn_classification.tsv.                                                                           
[15:05:17] Proviruses classified.                                                                                                                                           
[15:05:17] Provirus classification in binary format written to WHRI_8952A_provirus_nn_classification.npz.                                                                   
[15:05:17] Deleting encoded provirus data.                                                                                                                                  
[15:05:17] Provirus classification in tabular format written to WHRI_8952A_provirus_nn_classification.tsv.                                                                  
[15:05:17] geNomad nn-classification finished!                                                                                                                              
