╭──────────────────────────────────────────────────────────────────────────────────────────────────────────────────────────────────────────────────────────────────────────╮
│  Executing geNomad summary (v1.11.1). This will summarize the results across modules into a classification report.                                                       │
│  ──────────────────────────────────────────────────────────────────────────────────────────────────────────────────────────────────────────────────────────────────────  │
│  Outputs:                                                                                                                                                                │
│    WHRI_5812_summary                                                                                                                                                     │
│    ├── WHRI_5812_summary.json (execution parameters)                                                                                                                     │
│    ├── WHRI_5812_virus_summary.tsv (virus classification summary)                                                                                                        │
│    ├── WHRI_5812_plasmid_summary.tsv (plasmid classification summary)                                                                                                    │
│    ├── WHRI_5812_virus.fna (virus nucleotide FASTA file)                                                                                                                 │
│    ├── WHRI_5812_plasmid.fna (plasmid nucleotide FASTA file)                                                                                                             │
│    ├── WHRI_5812_virus_proteins.faa (virus protein FASTA file)                                                                                                           │
│    ├── WHRI_5812_plasmid_proteins.faa (plasmid protein FASTA file)                                                                                                       │
│    ├── WHRI_5812_virus_genes.tsv (virus gene annotation data)                                                                                                            │
│    └── WHRI_5812_plasmid_genes.tsv (plasmid gene annotation data)                                                                                                        │
╰──────────────────────────────────────────────────────────────────────────────────────────────────────────────────────────────────────────────────────────────────────────╯
[09:53:15] Executing genomad summary.                                                                                                                                       
[09:53:15] Creating the WHRI_5812_summary directory.                                                                                                                        
[09:53:15] Using scores from aggregated-classification.                                                                                                                     
[09:53:15] 0 plasmid(s) and 1 virus(es) were identified.                                                                                                                    
[09:53:16] Nucleotide sequences were written to WHRI_5812_plasmid.fna and WHRI_5812_virus.fna.                                                                              
[09:53:16] Protein sequences were written to WHRI_5812_plasmid_proteins.faa and WHRI_5812_virus_proteins.faa.                                                               
[09:53:16] Gene annotation data was written to WHRI_5812_plasmid_genes.tsv and WHRI_5812_virus_genes.tsv.                                                                   
[09:53:16] Summary files were written to WHRI_5812_plasmid_summary.tsv and WHRI_5812_virus_summary.tsv.                                                                     
[09:53:16] geNomad summary finished!                                                                                                                                        
