╭──────────────────────────────────────────────────────────────────────────────────────────────────────────────────────────────────────────────────────────────────────────╮
│  Executing geNomad summary (v1.11.1). This will summarize the results across modules into a classification report.                                                       │
│  ──────────────────────────────────────────────────────────────────────────────────────────────────────────────────────────────────────────────────────────────────────  │
│  Outputs:                                                                                                                                                                │
│    WHRI_8539_summary                                                                                                                                                     │
│    ├── WHRI_8539_summary.json (execution parameters)                                                                                                                     │
│    ├── WHRI_8539_virus_summary.tsv (virus classification summary)                                                                                                        │
│    ├── WHRI_8539_plasmid_summary.tsv (plasmid classification summary)                                                                                                    │
│    ├── WHRI_8539_virus.fna (virus nucleotide FASTA file)                                                                                                                 │
│    ├── WHRI_8539_plasmid.fna (plasmid nucleotide FASTA file)                                                                                                             │
│    ├── WHRI_8539_virus_proteins.faa (virus protein FASTA file)                                                                                                           │
│    ├── WHRI_8539_plasmid_proteins.faa (plasmid protein FASTA file)                                                                                                       │
│    ├── WHRI_8539_virus_genes.tsv (virus gene annotation data)                                                                                                            │
│    └── WHRI_8539_plasmid_genes.tsv (plasmid gene annotation data)                                                                                                        │
╰──────────────────────────────────────────────────────────────────────────────────────────────────────────────────────────────────────────────────────────────────────────╯
[13:48:29] Executing genomad summary.                                                                                                                                       
[13:48:29] Creating the WHRI_8539_summary directory.                                                                                                                        
[13:48:29] Using scores from aggregated-classification.                                                                                                                     
[13:48:29] 12 plasmid(s) and 2 virus(es) were identified.                                                                                                                   
[13:48:29] Nucleotide sequences were written to WHRI_8539_plasmid.fna and WHRI_8539_virus.fna.                                                                              
[13:48:29] Protein sequences were written to WHRI_8539_plasmid_proteins.faa and WHRI_8539_virus_proteins.faa.                                                               
[13:48:29] Gene annotation data was written to WHRI_8539_plasmid_genes.tsv and WHRI_8539_virus_genes.tsv.                                                                   
[13:48:29] Summary files were written to WHRI_8539_plasmid_summary.tsv and WHRI_8539_virus_summary.tsv.                                                                     
[13:48:29] geNomad summary finished!                                                                                                                                        
