╭──────────────────────────────────────────────────────────────────────────────────────────────────────────────────────────────────────────────────────────────────────────╮
│  Executing geNomad summary (v1.11.1). This will summarize the results across modules into a classification report.                                                       │
│  ──────────────────────────────────────────────────────────────────────────────────────────────────────────────────────────────────────────────────────────────────────  │
│  Outputs:                                                                                                                                                                │
│    WHRI_6066_summary                                                                                                                                                     │
│    ├── WHRI_6066_summary.json (execution parameters)                                                                                                                     │
│    ├── WHRI_6066_virus_summary.tsv (virus classification summary)                                                                                                        │
│    ├── WHRI_6066_plasmid_summary.tsv (plasmid classification summary)                                                                                                    │
│    ├── WHRI_6066_virus.fna (virus nucleotide FASTA file)                                                                                                                 │
│    ├── WHRI_6066_plasmid.fna (plasmid nucleotide FASTA file)                                                                                                             │
│    ├── WHRI_6066_virus_proteins.faa (virus protein FASTA file)                                                                                                           │
│    ├── WHRI_6066_plasmid_proteins.faa (plasmid protein FASTA file)                                                                                                       │
│    ├── WHRI_6066_virus_genes.tsv (virus gene annotation data)                                                                                                            │
│    └── WHRI_6066_plasmid_genes.tsv (plasmid gene annotation data)                                                                                                        │
╰──────────────────────────────────────────────────────────────────────────────────────────────────────────────────────────────────────────────────────────────────────────╯
[10:40:10] Executing genomad summary.                                                                                                                                       
[10:40:10] Creating the WHRI_6066_summary directory.                                                                                                                        
[10:40:10] Using scores from aggregated-classification.                                                                                                                     
[10:40:10] 0 plasmid(s) and 0 virus(es) were identified.                                                                                                                    
[10:40:10] Nucleotide sequences were written to WHRI_6066_plasmid.fna and WHRI_6066_virus.fna.                                                                              
[10:40:10] Protein sequences were written to WHRI_6066_plasmid_proteins.faa and WHRI_6066_virus_proteins.faa.                                                               
[10:40:10] Gene annotation data was written to WHRI_6066_plasmid_genes.tsv and WHRI_6066_virus_genes.tsv.                                                                   
[10:40:10] Summary files were written to WHRI_6066_plasmid_summary.tsv and WHRI_6066_virus_summary.tsv.                                                                     
[10:40:10] geNomad summary finished!                                                                                                                                        
