╭──────────────────────────────────────────────────────────────────────────────────────────────────────────────────────────────────────────────────────────────────────────╮
│  Executing geNomad summary (v1.11.1). This will summarize the results across modules into a classification report.                                                       │
│  ──────────────────────────────────────────────────────────────────────────────────────────────────────────────────────────────────────────────────────────────────────  │
│  Outputs:                                                                                                                                                                │
│    WHRI_6379_(NCPPB_45)_summary                                                                                                                                          │
│    ├── WHRI_6379_(NCPPB_45)_summary.json (execution parameters)                                                                                                          │
│    ├── WHRI_6379_(NCPPB_45)_virus_summary.tsv (virus classification summary)                                                                                             │
│    ├── WHRI_6379_(NCPPB_45)_plasmid_summary.tsv (plasmid classification summary)                                                                                         │
│    ├── WHRI_6379_(NCPPB_45)_virus.fna (virus nucleotide FASTA file)                                                                                                      │
│    ├── WHRI_6379_(NCPPB_45)_plasmid.fna (plasmid nucleotide FASTA file)                                                                                                  │
│    ├── WHRI_6379_(NCPPB_45)_virus_proteins.faa (virus protein FASTA file)                                                                                                │
│    ├── WHRI_6379_(NCPPB_45)_plasmid_proteins.faa (plasmid protein FASTA file)                                                                                            │
│    ├── WHRI_6379_(NCPPB_45)_virus_genes.tsv (virus gene annotation data)                                                                                                 │
│    └── WHRI_6379_(NCPPB_45)_plasmid_genes.tsv (plasmid gene annotation data)                                                                                             │
╰──────────────────────────────────────────────────────────────────────────────────────────────────────────────────────────────────────────────────────────────────────────╯
[11:31:12] Executing genomad summary.                                                                                                                                       
[11:31:12] Creating the WHRI_6379_(NCPPB_45)_summary directory.                                                                                                             
[11:31:12] Using scores from aggregated-classification.                                                                                                                     
[11:31:12] 11 plasmid(s) and 5 virus(es) were identified.                                                                                                                   
[11:31:12] Nucleotide sequences were written to WHRI_6379_(NCPPB_45)_plasmid.fna and WHRI_6379_(NCPPB_45)_virus.fna.                                                        
[11:31:12] Protein sequences were written to WHRI_6379_(NCPPB_45)_plasmid_proteins.faa and WHRI_6379_(NCPPB_45)_virus_proteins.faa.                                         
[11:31:12] Gene annotation data was written to WHRI_6379_(NCPPB_45)_plasmid_genes.tsv and WHRI_6379_(NCPPB_45)_virus_genes.tsv.                                             
[11:31:12] Summary files were written to WHRI_6379_(NCPPB_45)_plasmid_summary.tsv and WHRI_6379_(NCPPB_45)_virus_summary.tsv.                                               
[11:31:12] geNomad summary finished!                                                                                                                                        
