╭──────────────────────────────────────────────────────────────────────────────────────────────────────────────────────────────────────────────────────────────────────────╮
│  Executing geNomad summary (v1.11.1). This will summarize the results across modules into a classification report.                                                       │
│  ──────────────────────────────────────────────────────────────────────────────────────────────────────────────────────────────────────────────────────────────────────  │
│  Outputs:                                                                                                                                                                │
│    WHRI_5190_summary                                                                                                                                                     │
│    ├── WHRI_5190_summary.json (execution parameters)                                                                                                                     │
│    ├── WHRI_5190_virus_summary.tsv (virus classification summary)                                                                                                        │
│    ├── WHRI_5190_plasmid_summary.tsv (plasmid classification summary)                                                                                                    │
│    ├── WHRI_5190_virus.fna (virus nucleotide FASTA file)                                                                                                                 │
│    ├── WHRI_5190_plasmid.fna (plasmid nucleotide FASTA file)                                                                                                             │
│    ├── WHRI_5190_virus_proteins.faa (virus protein FASTA file)                                                                                                           │
│    ├── WHRI_5190_plasmid_proteins.faa (plasmid protein FASTA file)                                                                                                       │
│    ├── WHRI_5190_virus_genes.tsv (virus gene annotation data)                                                                                                            │
│    └── WHRI_5190_plasmid_genes.tsv (plasmid gene annotation data)                                                                                                        │
╰──────────────────────────────────────────────────────────────────────────────────────────────────────────────────────────────────────────────────────────────────────────╯
[08:41:53] Executing genomad summary.                                                                                                                                       
[08:41:53] Creating the WHRI_5190_summary directory.                                                                                                                        
[08:41:53] Using scores from aggregated-classification.                                                                                                                     
[08:41:53] 15 plasmid(s) and 3 virus(es) were identified.                                                                                                                   
[08:41:54] Nucleotide sequences were written to WHRI_5190_plasmid.fna and WHRI_5190_virus.fna.                                                                              
[08:41:54] Protein sequences were written to WHRI_5190_plasmid_proteins.faa and WHRI_5190_virus_proteins.faa.                                                               
[08:41:54] Gene annotation data was written to WHRI_5190_plasmid_genes.tsv and WHRI_5190_virus_genes.tsv.                                                                   
[08:41:54] Summary files were written to WHRI_5190_plasmid_summary.tsv and WHRI_5190_virus_summary.tsv.                                                                     
[08:41:54] geNomad summary finished!                                                                                                                                        
