╭──────────────────────────────────────────────────────────────────────────────────────────────────────────────────────────────────────────────────────────────────────────╮
│  Executing geNomad nn-classification (v1.11.1). This will classify the input sequences into chromosome, plasmid, or virus based on the nucleotide sequence.              │
│  ──────────────────────────────────────────────────────────────────────────────────────────────────────────────────────────────────────────────────────────────────────  │
│  Outputs:                                                                                                                                                                │
│    WHRI_5733_nn_classification                                                                                                                                           │
│    ├── WHRI_5733_nn_classification.json (execution parameters)                                                                                                           │
│    ├── WHRI_5733_encoded_sequences (directory containing encoded sequence data)                                                                                          │
│    ├── WHRI_5733_nn_classification.tsv (contig classification: tabular format)                                                                                           │
│    ├── WHRI_5733_nn_classification.npz (contig classification: binary format)                                                                                            │
│    ├── WHRI_5733_encoded_proviruses (directory containing encoded sequence data)                                                                                         │
│    ├── WHRI_5733_provirus_nn_classification.tsv (provirus classification: tabular format)                                                                                │
│    └── WHRI_5733_provirus_nn_classification.npz (provirus classification: binary format)                                                                                 │
╰──────────────────────────────────────────────────────────────────────────────────────────────────────────────────────────────────────────────────────────────────────────╯
[09:22:56] Executing genomad nn-classification.                                                                                                                             
[09:22:56] Creating the WHRI_5733_nn_classification directory.                                                                                                              
[09:22:56] Creating the WHRI_5733_nn_classification/WHRI_5733_encoded_sequences directory.                                                                                  
[09:22:57] Encoded sequence data written to WHRI_5733_encoded_sequences.                                                                                                    
[09:22:57] Creating the WHRI_5733_nn_classification/WHRI_5733_encoded_proviruses directory.                                                                                 
[09:22:57] Encoded provirus data written to WHRI_5733_encoded_proviruses.                                                                                                   
[09:23:04] Sequences classified.                                                                                                                                            
[09:23:04] Sequence classification in binary format written to WHRI_5733_nn_classification.npz.                                                                             
[09:23:04] Deleting encoded sequence data.                                                                                                                                  
[09:23:04] Sequence classification in tabular format written to WHRI_5733_nn_classification.tsv.                                                                            
[09:23:06] Proviruses classified.                                                                                                                                           
[09:23:06] Provirus classification in binary format written to WHRI_5733_provirus_nn_classification.npz.                                                                    
[09:23:06] Deleting encoded provirus data.                                                                                                                                  
[09:23:06] Provirus classification in tabular format written to WHRI_5733_provirus_nn_classification.tsv.                                                                   
[09:23:06] geNomad nn-classification finished!                                                                                                                              
