╭──────────────────────────────────────────────────────────────────────────────────────────────────────────────────────────────────────────────────────────────────────────╮
│  Executing geNomad nn-classification (v1.11.1). This will classify the input sequences into chromosome, plasmid, or virus based on the nucleotide sequence.              │
│  ──────────────────────────────────────────────────────────────────────────────────────────────────────────────────────────────────────────────────────────────────────  │
│  Outputs:                                                                                                                                                                │
│    WHRI_8622_nn_classification                                                                                                                                           │
│    ├── WHRI_8622_nn_classification.json (execution parameters)                                                                                                           │
│    ├── WHRI_8622_encoded_sequences (directory containing encoded sequence data)                                                                                          │
│    ├── WHRI_8622_nn_classification.tsv (contig classification: tabular format)                                                                                           │
│    ├── WHRI_8622_nn_classification.npz (contig classification: binary format)                                                                                            │
│    ├── WHRI_8622_encoded_proviruses (directory containing encoded sequence data)                                                                                         │
│    ├── WHRI_8622_provirus_nn_classification.tsv (provirus classification: tabular format)                                                                                │
│    └── WHRI_8622_provirus_nn_classification.npz (provirus classification: binary format)                                                                                 │
╰──────────────────────────────────────────────────────────────────────────────────────────────────────────────────────────────────────────────────────────────────────────╯
[13:58:00] Executing genomad nn-classification.                                                                                                                             
[13:58:00] Creating the WHRI_8622_nn_classification directory.                                                                                                              
[13:58:00] Creating the WHRI_8622_nn_classification/WHRI_8622_encoded_sequences directory.                                                                                  
[13:58:01] Encoded sequence data written to WHRI_8622_encoded_sequences.                                                                                                    
[13:58:01] Creating the WHRI_8622_nn_classification/WHRI_8622_encoded_proviruses directory.                                                                                 
[13:58:01] Encoded provirus data written to WHRI_8622_encoded_proviruses.                                                                                                   
[13:58:09] Sequences classified.                                                                                                                                            
[13:58:09] Sequence classification in binary format written to WHRI_8622_nn_classification.npz.                                                                             
[13:58:09] Deleting encoded sequence data.                                                                                                                                  
[13:58:09] Sequence classification in tabular format written to WHRI_8622_nn_classification.tsv.                                                                            
[13:58:12] Proviruses classified.                                                                                                                                           
[13:58:12] Provirus classification in binary format written to WHRI_8622_provirus_nn_classification.npz.                                                                    
[13:58:12] Deleting encoded provirus data.                                                                                                                                  
[13:58:12] Provirus classification in tabular format written to WHRI_8622_provirus_nn_classification.tsv.                                                                   
[13:58:12] geNomad nn-classification finished!                                                                                                                              
