╭──────────────────────────────────────────────────────────────────────────────────────────────────────────────────────────────────────────────────────────────────────────╮
│  Executing geNomad nn-classification (v1.11.1). This will classify the input sequences into chromosome, plasmid, or virus based on the nucleotide sequence.              │
│  ──────────────────────────────────────────────────────────────────────────────────────────────────────────────────────────────────────────────────────────────────────  │
│  Outputs:                                                                                                                                                                │
│    WHRI_8323_nn_classification                                                                                                                                           │
│    ├── WHRI_8323_nn_classification.json (execution parameters)                                                                                                           │
│    ├── WHRI_8323_encoded_sequences (directory containing encoded sequence data)                                                                                          │
│    ├── WHRI_8323_nn_classification.tsv (contig classification: tabular format)                                                                                           │
│    ├── WHRI_8323_nn_classification.npz (contig classification: binary format)                                                                                            │
│    ├── WHRI_8323_encoded_proviruses (directory containing encoded sequence data)                                                                                         │
│    ├── WHRI_8323_provirus_nn_classification.tsv (provirus classification: tabular format)                                                                                │
│    └── WHRI_8323_provirus_nn_classification.npz (provirus classification: binary format)                                                                                 │
╰──────────────────────────────────────────────────────────────────────────────────────────────────────────────────────────────────────────────────────────────────────────╯
[12:49:56] Executing genomad nn-classification.                                                                                                                             
[12:49:56] Creating the WHRI_8323_nn_classification directory.                                                                                                              
[12:49:56] Creating the WHRI_8323_nn_classification/WHRI_8323_encoded_sequences directory.                                                                                  
[12:49:57] Encoded sequence data written to WHRI_8323_encoded_sequences.                                                                                                    
[12:49:57] Creating the WHRI_8323_nn_classification/WHRI_8323_encoded_proviruses directory.                                                                                 
[12:49:57] Encoded provirus data written to WHRI_8323_encoded_proviruses.                                                                                                   
[12:50:03] Sequences classified.                                                                                                                                            
[12:50:03] Sequence classification in binary format written to WHRI_8323_nn_classification.npz.                                                                             
[12:50:03] Deleting encoded sequence data.                                                                                                                                  
[12:50:03] Sequence classification in tabular format written to WHRI_8323_nn_classification.tsv.                                                                            
[12:50:06] Proviruses classified.                                                                                                                                           
[12:50:06] Provirus classification in binary format written to WHRI_8323_provirus_nn_classification.npz.                                                                    
[12:50:06] Deleting encoded provirus data.                                                                                                                                  
[12:50:06] Provirus classification in tabular format written to WHRI_8323_provirus_nn_classification.tsv.                                                                   
[12:50:06] geNomad nn-classification finished!                                                                                                                              
