╭──────────────────────────────────────────────────────────────────────────────────────────────────────────────────────────────────────────────────────────────────────────╮
│  Executing geNomad aggregated-classification (v1.11.1). This will aggregate the results of the marker-classification and nn-classification modules to classify the       │
│  input sequences into chromosome, plasmid, or virus.                                                                                                                     │
│  ──────────────────────────────────────────────────────────────────────────────────────────────────────────────────────────────────────────────────────────────────────  │
│  Outputs:                                                                                                                                                                │
│    WHRI_6379_(NCPPB_45)_aggregated_classification                                                                                                                        │
│    ├── WHRI_6379_(NCPPB_45)_aggregated_classification.json (execution parameters)                                                                                        │
│    ├── WHRI_6379_(NCPPB_45)_aggregated_classification.tsv (sequence classification: tabular format)                                                                      │
│    ├── WHRI_6379_(NCPPB_45)_aggregated_classification.npz (sequence classification: binary format)                                                                       │
│    ├── WHRI_6379_(NCPPB_45)_provirus_aggregated_classification.tsv (provirus classification: tabular format)                                                             │
│    └── WHRI_6379_(NCPPB_45)_provirus_aggregated_classification.npz (provirus classification: binary format)                                                              │
╰──────────────────────────────────────────────────────────────────────────────────────────────────────────────────────────────────────────────────────────────────────────╯
[11:31:12] Executing genomad aggregated-classification.                                                                                                                     
[11:31:12] Creating the WHRI_6379_(NCPPB_45)_aggregated_classification directory.                                                                                           
[11:31:12] The total marker frequencies of the input sequences were computed.                                                                                               
[11:31:12] Sequences classified.                                                                                                                                            
[11:31:12] Sequence classification in binary format written to WHRI_6379_(NCPPB_45)_aggregated_classification.npz.                                                          
[11:31:12] Sequence classification in tabular format written to WHRI_6379_(NCPPB_45)_aggregated_classification.tsv.                                                         
[11:31:12] Proviruses classified.                                                                                                                                           
[11:31:12] Provirus classification in binary format written to WHRI_6379_(NCPPB_45)_provirus_aggregated_classification.npz.                                                 
[11:31:12] Provirus classification in tabular format written to WHRI_6379_(NCPPB_45)_provirus_aggregated_classification.tsv.                                                
[11:31:12] geNomad aggregated-classification finished!                                                                                                                      
