╭──────────────────────────────────────────────────────────────────────────────────────────────────────────────────────────────────────────────────────────────────────────╮
│  Executing geNomad marker-classification (v1.11.1). This will classify the input sequences into chromosome, plasmid, or virus based on the presence of geNomad markers   │
│  and other gene-related features.                                                                                                                                        │
│  ──────────────────────────────────────────────────────────────────────────────────────────────────────────────────────────────────────────────────────────────────────  │
│  Outputs:                                                                                                                                                                │
│    WHRI_10033A_marker_classification                                                                                                                                     │
│    ├── WHRI_10033A_marker_classification.json (execution parameters)                                                                                                     │
│    ├── WHRI_10033A_features.tsv (sequence feature data: tabular format)                                                                                                  │
│    ├── WHRI_10033A_features.npz (sequence feature data: binary format)                                                                                                   │
│    ├── WHRI_10033A_marker_classification.tsv (sequence classification: tabular format)                                                                                   │
│    ├── WHRI_10033A_marker_classification.npz (sequence classification: binary format)                                                                                    │
│    ├── WHRI_10033A_provirus_features.tsv (provirus feature data: tabular format)                                                                                         │
│    ├── WHRI_10033A_provirus_features.npz (provirus feature data: binary format)                                                                                          │
│    ├── WHRI_10033A_provirus_marker_classification.tsv (provirus classification: tabular format)                                                                          │
│    └── WHRI_10033A_provirus_marker_classification.npz (provirus classification: binary format)                                                                           │
╰──────────────────────────────────────────────────────────────────────────────────────────────────────────────────────────────────────────────────────────────────────────╯
[07:50:27] Executing genomad marker-classification.                                                                                                                         
[07:50:27] Creating the WHRI_10033A_marker_classification directory.                                                                                                        
[07:50:28] Sequence features computed.                                                                                                                                      
[07:50:28] Sequence features in binary format written to WHRI_10033A_features.npz.                                                                                          
[07:50:28] Sequence features in tabular format written to WHRI_10033A_features.tsv.                                                                                         
[07:50:28] Provirus features computed.                                                                                                                                      
[07:50:28] Provirus features in binary format written to WHRI_10033A_provirus_features.npz.                                                                                 
[07:50:28] Provirus features in tabular format written to WHRI_10033A_provirus_features.tsv.                                                                                
[07:50:29] Sequences classified.                                                                                                                                            
[07:50:29] Sequence classification in binary format written to WHRI_10033A_marker_classification.npz.                                                                       
[07:50:29] Sequence classification in tabular format written to WHRI_10033A_marker_classification.tsv.                                                                      
[07:50:29] Proviruses classified.                                                                                                                                           
[07:50:29] Provirus classification in binary format written to WHRI_10033A_provirus_marker_classification.npz.                                                              
[07:50:29] Provirus classification in tabular format written to WHRI_10033A_provirus_marker_classification.tsv.                                                             
[07:50:29] geNomad marker-classification finished!                                                                                                                          
