╭──────────────────────────────────────────────────────────────────────────────────────────────────────────────────────────────────────────────────────────────────────────╮
│  Executing geNomad find-proviruses (v1.11.1). This will find putative proviral regions within the input sequences.                                                       │
│  ──────────────────────────────────────────────────────────────────────────────────────────────────────────────────────────────────────────────────────────────────────  │
│  Outputs:                                                                                                                                                                │
│    WHRI_6019C_find_proviruses                                                                                                                                            │
│    ├── WHRI_6019C_find_proviruses.json (execution parameters)                                                                                                            │
│    ├── WHRI_6019C_provirus.tsv (provirus data)                                                                                                                           │
│    ├── WHRI_6019C_provirus.fna (provirus nucleotide sequences)                                                                                                           │
│    ├── WHRI_6019C_provirus_proteins.faa (provirus protein sequences)                                                                                                     │
│    ├── WHRI_6019C_provirus_genes.tsv (provirus gene annotation data)                                                                                                     │
│    ├── WHRI_6019C_provirus_taxonomy.tsv (provirus taxonomic assignment)                                                                                                  │
│    ├── WHRI_6019C_provirus_mmseqs2.tsv (MMseqs2 output file)                                                                                                             │
│    └── WHRI_6019C_provirus_aragorn.tsv (Aragorn output file)                                                                                                             │
╰──────────────────────────────────────────────────────────────────────────────────────────────────────────────────────────────────────────────────────────────────────────╯
[10:02:43] Executing genomad find-proviruses.                                                                                                                               
[10:02:43] Creating the WHRI_6019C_find_proviruses directory.                                                                                                               
[10:02:46] Integrases identified with MMseqs2 and geNomad database (v1.9) were written to WHRI_6019C_provirus_mmseqs2.tsv.                                                  
[10:02:46] Deleting WHRI_6019C_provirus_mmseqs2.                                                                                                                            
[10:02:46] Deleting WHRI_6019C_provirus_mmseqs2_input.faa.                                                                                                                  
[10:02:47] tRNAs identified with Aragorn were written to WHRI_6019C_provirus_aragorn.tsv.                                                                                   
[10:02:47] Deleting WHRI_6019C_provirus_aragorn_input.fna.                                                                                                                  
[10:02:48] Provirus regions identified.                                                                                                                                     
[10:02:48] Provirus data was written to WHRI_6019C_provirus.tsv.                                                                                                            
[10:02:48] Provirus nucleotide sequences were written to WHRI_6019C_provirus.fna.                                                                                           
[10:02:48] Provirus protein sequences were written to WHRI_6019C_provirus_proteins.faa.                                                                                     
[10:02:48] Provirus gene data was written to WHRI_6019C_provirus_genes.tsv.                                                                                                 
[10:02:48] Taxonomic assignment data was written to WHRI_6019C_provirus_taxonomy.tsv.                                                                                       
[10:02:48] geNomad find-proviruses finished!                                                                                                                                
