╭──────────────────────────────────────────────────────────────────────────────────────────────────────────────────────────────────────────────────────────────────────────╮
│  Executing geNomad summary (v1.11.1). This will summarize the results across modules into a classification report.                                                       │
│  ──────────────────────────────────────────────────────────────────────────────────────────────────────────────────────────────────────────────────────────────────────  │
│  Outputs:                                                                                                                                                                │
│    WHRI_8063_summary                                                                                                                                                     │
│    ├── WHRI_8063_summary.json (execution parameters)                                                                                                                     │
│    ├── WHRI_8063_virus_summary.tsv (virus classification summary)                                                                                                        │
│    ├── WHRI_8063_plasmid_summary.tsv (plasmid classification summary)                                                                                                    │
│    ├── WHRI_8063_virus.fna (virus nucleotide FASTA file)                                                                                                                 │
│    ├── WHRI_8063_plasmid.fna (plasmid nucleotide FASTA file)                                                                                                             │
│    ├── WHRI_8063_virus_proteins.faa (virus protein FASTA file)                                                                                                           │
│    ├── WHRI_8063_plasmid_proteins.faa (plasmid protein FASTA file)                                                                                                       │
│    ├── WHRI_8063_virus_genes.tsv (virus gene annotation data)                                                                                                            │
│    └── WHRI_8063_plasmid_genes.tsv (plasmid gene annotation data)                                                                                                        │
╰──────────────────────────────────────────────────────────────────────────────────────────────────────────────────────────────────────────────────────────────────────────╯
[12:44:28] Executing genomad summary.                                                                                                                                       
[12:44:28] Creating the WHRI_8063_summary directory.                                                                                                                        
[12:44:28] Using scores from aggregated-classification.                                                                                                                     
[12:44:28] 16 plasmid(s) and 0 virus(es) were identified.                                                                                                                   
[12:44:28] Nucleotide sequences were written to WHRI_8063_plasmid.fna and WHRI_8063_virus.fna.                                                                              
[12:44:28] Protein sequences were written to WHRI_8063_plasmid_proteins.faa and WHRI_8063_virus_proteins.faa.                                                               
[12:44:28] Gene annotation data was written to WHRI_8063_plasmid_genes.tsv and WHRI_8063_virus_genes.tsv.                                                                   
[12:44:28] Summary files were written to WHRI_8063_plasmid_summary.tsv and WHRI_8063_virus_summary.tsv.                                                                     
[12:44:28] geNomad summary finished!                                                                                                                                        
