╭──────────────────────────────────────────────────────────────────────────────────────────────────────────────────────────────────────────────────────────────────────────╮
│  Executing geNomad nn-classification (v1.11.1). This will classify the input sequences into chromosome, plasmid, or virus based on the nucleotide sequence.              │
│  ──────────────────────────────────────────────────────────────────────────────────────────────────────────────────────────────────────────────────────────────────────  │
│  Outputs:                                                                                                                                                                │
│    WHRI_10061_nn_classification                                                                                                                                          │
│    ├── WHRI_10061_nn_classification.json (execution parameters)                                                                                                          │
│    ├── WHRI_10061_encoded_sequences (directory containing encoded sequence data)                                                                                         │
│    ├── WHRI_10061_nn_classification.tsv (contig classification: tabular format)                                                                                          │
│    ├── WHRI_10061_nn_classification.npz (contig classification: binary format)                                                                                           │
│    ├── WHRI_10061_encoded_proviruses (directory containing encoded sequence data)                                                                                        │
│    ├── WHRI_10061_provirus_nn_classification.tsv (provirus classification: tabular format)                                                                               │
│    └── WHRI_10061_provirus_nn_classification.npz (provirus classification: binary format)                                                                                │
╰──────────────────────────────────────────────────────────────────────────────────────────────────────────────────────────────────────────────────────────────────────────╯
[07:55:55] Executing genomad nn-classification.                                                                                                                             
[07:55:55] Creating the WHRI_10061_nn_classification directory.                                                                                                             
[07:55:55] Creating the WHRI_10061_nn_classification/WHRI_10061_encoded_sequences directory.                                                                                
[07:55:56] Encoded sequence data written to WHRI_10061_encoded_sequences.                                                                                                   
[07:55:56] Creating the WHRI_10061_nn_classification/WHRI_10061_encoded_proviruses directory.                                                                               
[07:55:56] Encoded provirus data written to WHRI_10061_encoded_proviruses.                                                                                                  
[07:56:04] Sequences classified.                                                                                                                                            
[07:56:04] Sequence classification in binary format written to WHRI_10061_nn_classification.npz.                                                                            
[07:56:04] Deleting encoded sequence data.                                                                                                                                  
[07:56:04] Sequence classification in tabular format written to WHRI_10061_nn_classification.tsv.                                                                           
[07:56:07] Proviruses classified.                                                                                                                                           
[07:56:07] Provirus classification in binary format written to WHRI_10061_provirus_nn_classification.npz.                                                                   
[07:56:07] Deleting encoded provirus data.                                                                                                                                  
[07:56:07] Provirus classification in tabular format written to WHRI_10061_provirus_nn_classification.tsv.                                                                  
[07:56:07] geNomad nn-classification finished!                                                                                                                              
