╭──────────────────────────────────────────────────────────────────────────────────────────────────────────────────────────────────────────────────────────────────────────╮
│  Executing geNomad find-proviruses (v1.11.1). This will find putative proviral regions within the input sequences.                                                       │
│  ──────────────────────────────────────────────────────────────────────────────────────────────────────────────────────────────────────────────────────────────────────  │
│  Outputs:                                                                                                                                                                │
│    WHRI_5212_(NCPPB_528)_find_proviruses                                                                                                                                 │
│    ├── WHRI_5212_(NCPPB_528)_find_proviruses.json (execution parameters)                                                                                                 │
│    ├── WHRI_5212_(NCPPB_528)_provirus.tsv (provirus data)                                                                                                                │
│    ├── WHRI_5212_(NCPPB_528)_provirus.fna (provirus nucleotide sequences)                                                                                                │
│    ├── WHRI_5212_(NCPPB_528)_provirus_proteins.faa (provirus protein sequences)                                                                                          │
│    ├── WHRI_5212_(NCPPB_528)_provirus_genes.tsv (provirus gene annotation data)                                                                                          │
│    ├── WHRI_5212_(NCPPB_528)_provirus_taxonomy.tsv (provirus taxonomic assignment)                                                                                       │
│    ├── WHRI_5212_(NCPPB_528)_provirus_mmseqs2.tsv (MMseqs2 output file)                                                                                                  │
│    └── WHRI_5212_(NCPPB_528)_provirus_aragorn.tsv (Aragorn output file)                                                                                                  │
╰──────────────────────────────────────────────────────────────────────────────────────────────────────────────────────────────────────────────────────────────────────────╯
[08:43:00] Executing genomad find-proviruses.                                                                                                                               
[08:43:00] Creating the WHRI_5212_(NCPPB_528)_find_proviruses directory.                                                                                                    
[08:43:03] Integrases identified with MMseqs2 and geNomad database (v1.9) were written to WHRI_5212_(NCPPB_528)_provirus_mmseqs2.tsv.                                       
[08:43:03] Deleting WHRI_5212_(NCPPB_528)_provirus_mmseqs2.                                                                                                                 
[08:43:03] Deleting WHRI_5212_(NCPPB_528)_provirus_mmseqs2_input.faa.                                                                                                       
[08:43:04] tRNAs identified with Aragorn were written to WHRI_5212_(NCPPB_528)_provirus_aragorn.tsv.                                                                        
[08:43:04] Deleting WHRI_5212_(NCPPB_528)_provirus_aragorn_input.fna.                                                                                                       
[08:43:05] Provirus regions identified.                                                                                                                                     
[08:43:05] Provirus data was written to WHRI_5212_(NCPPB_528)_provirus.tsv.                                                                                                 
[08:43:05] Provirus nucleotide sequences were written to WHRI_5212_(NCPPB_528)_provirus.fna.                                                                                
[08:43:05] Provirus protein sequences were written to WHRI_5212_(NCPPB_528)_provirus_proteins.faa.                                                                          
[08:43:05] Provirus gene data was written to WHRI_5212_(NCPPB_528)_provirus_genes.tsv.                                                                                      
[08:43:05] Taxonomic assignment data was written to WHRI_5212_(NCPPB_528)_provirus_taxonomy.tsv.                                                                            
[08:43:05] geNomad find-proviruses finished!                                                                                                                                
