╭──────────────────────────────────────────────────────────────────────────────────────────────────────────────────────────────────────────────────────────────────────────╮
│  Executing geNomad nn-classification (v1.11.1). This will classify the input sequences into chromosome, plasmid, or virus based on the nucleotide sequence.              │
│  ──────────────────────────────────────────────────────────────────────────────────────────────────────────────────────────────────────────────────────────────────────  │
│  Outputs:                                                                                                                                                                │
│    WHRI_5736_nn_classification                                                                                                                                           │
│    ├── WHRI_5736_nn_classification.json (execution parameters)                                                                                                           │
│    ├── WHRI_5736_encoded_sequences (directory containing encoded sequence data)                                                                                          │
│    ├── WHRI_5736_nn_classification.tsv (contig classification: tabular format)                                                                                           │
│    ├── WHRI_5736_nn_classification.npz (contig classification: binary format)                                                                                            │
│    ├── WHRI_5736_encoded_proviruses (directory containing encoded sequence data)                                                                                         │
│    ├── WHRI_5736_provirus_nn_classification.tsv (provirus classification: tabular format)                                                                                │
│    └── WHRI_5736_provirus_nn_classification.npz (provirus classification: binary format)                                                                                 │
╰──────────────────────────────────────────────────────────────────────────────────────────────────────────────────────────────────────────────────────────────────────────╯
[09:27:08] Executing genomad nn-classification.                                                                                                                             
[09:27:08] Creating the WHRI_5736_nn_classification directory.                                                                                                              
[09:27:08] Creating the WHRI_5736_nn_classification/WHRI_5736_encoded_sequences directory.                                                                                  
[09:27:09] Encoded sequence data written to WHRI_5736_encoded_sequences.                                                                                                    
[09:27:09] Creating the WHRI_5736_nn_classification/WHRI_5736_encoded_proviruses directory.                                                                                 
[09:27:09] Encoded provirus data written to WHRI_5736_encoded_proviruses.                                                                                                   
[09:27:16] Sequences classified.                                                                                                                                            
[09:27:16] Sequence classification in binary format written to WHRI_5736_nn_classification.npz.                                                                             
[09:27:16] Deleting encoded sequence data.                                                                                                                                  
[09:27:16] Sequence classification in tabular format written to WHRI_5736_nn_classification.tsv.                                                                            
[09:27:19] Proviruses classified.                                                                                                                                           
[09:27:19] Provirus classification in binary format written to WHRI_5736_provirus_nn_classification.npz.                                                                    
[09:27:19] Deleting encoded provirus data.                                                                                                                                  
[09:27:19] Provirus classification in tabular format written to WHRI_5736_provirus_nn_classification.tsv.                                                                   
[09:27:19] geNomad nn-classification finished!                                                                                                                              
