╭──────────────────────────────────────────────────────────────────────────────────────────────────────────────────────────────────────────────────────────────────────────╮
│  Executing geNomad aggregated-classification (v1.11.1). This will aggregate the results of the marker-classification and nn-classification modules to classify the       │
│  input sequences into chromosome, plasmid, or virus.                                                                                                                     │
│  ──────────────────────────────────────────────────────────────────────────────────────────────────────────────────────────────────────────────────────────────────────  │
│  Outputs:                                                                                                                                                                │
│    WHRI_3877_(NCPPB_1645)_aggregated_classification                                                                                                                      │
│    ├── WHRI_3877_(NCPPB_1645)_aggregated_classification.json (execution parameters)                                                                                      │
│    ├── WHRI_3877_(NCPPB_1645)_aggregated_classification.tsv (sequence classification: tabular format)                                                                    │
│    ├── WHRI_3877_(NCPPB_1645)_aggregated_classification.npz (sequence classification: binary format)                                                                     │
│    ├── WHRI_3877_(NCPPB_1645)_provirus_aggregated_classification.tsv (provirus classification: tabular format)                                                           │
│    └── WHRI_3877_(NCPPB_1645)_provirus_aggregated_classification.npz (provirus classification: binary format)                                                            │
╰──────────────────────────────────────────────────────────────────────────────────────────────────────────────────────────────────────────────────────────────────────────╯
[08:28:02] Executing genomad aggregated-classification.                                                                                                                     
[08:28:02] Creating the WHRI_3877_(NCPPB_1645)_aggregated_classification directory.                                                                                         
[08:28:02] The total marker frequencies of the input sequences were computed.                                                                                               
[08:28:02] Sequences classified.                                                                                                                                            
[08:28:02] Sequence classification in binary format written to WHRI_3877_(NCPPB_1645)_aggregated_classification.npz.                                                        
[08:28:02] Sequence classification in tabular format written to WHRI_3877_(NCPPB_1645)_aggregated_classification.tsv.                                                       
[08:28:02] Proviruses classified.                                                                                                                                           
[08:28:02] Provirus classification in binary format written to WHRI_3877_(NCPPB_1645)_provirus_aggregated_classification.npz.                                               
[08:28:02] Provirus classification in tabular format written to WHRI_3877_(NCPPB_1645)_provirus_aggregated_classification.tsv.                                              
[08:28:02] geNomad aggregated-classification finished!                                                                                                                      
