╭──────────────────────────────────────────────────────────────────────────────────────────────────────────────────────────────────────────────────────────────────────────╮
│  Executing geNomad summary (v1.11.1). This will summarize the results across modules into a classification report.                                                       │
│  ──────────────────────────────────────────────────────────────────────────────────────────────────────────────────────────────────────────────────────────────────────  │
│  Outputs:                                                                                                                                                                │
│    WHRI_8721_summary                                                                                                                                                     │
│    ├── WHRI_8721_summary.json (execution parameters)                                                                                                                     │
│    ├── WHRI_8721_virus_summary.tsv (virus classification summary)                                                                                                        │
│    ├── WHRI_8721_plasmid_summary.tsv (plasmid classification summary)                                                                                                    │
│    ├── WHRI_8721_virus.fna (virus nucleotide FASTA file)                                                                                                                 │
│    ├── WHRI_8721_plasmid.fna (plasmid nucleotide FASTA file)                                                                                                             │
│    ├── WHRI_8721_virus_proteins.faa (virus protein FASTA file)                                                                                                           │
│    ├── WHRI_8721_plasmid_proteins.faa (plasmid protein FASTA file)                                                                                                       │
│    ├── WHRI_8721_virus_genes.tsv (virus gene annotation data)                                                                                                            │
│    └── WHRI_8721_plasmid_genes.tsv (plasmid gene annotation data)                                                                                                        │
╰──────────────────────────────────────────────────────────────────────────────────────────────────────────────────────────────────────────────────────────────────────────╯
[14:13:16] Executing genomad summary.                                                                                                                                       
[14:13:16] Creating the WHRI_8721_summary directory.                                                                                                                        
[14:13:16] Using scores from aggregated-classification.                                                                                                                     
[14:13:16] 11 plasmid(s) and 3 virus(es) were identified.                                                                                                                   
[14:13:16] Nucleotide sequences were written to WHRI_8721_plasmid.fna and WHRI_8721_virus.fna.                                                                              
[14:13:16] Protein sequences were written to WHRI_8721_plasmid_proteins.faa and WHRI_8721_virus_proteins.faa.                                                               
[14:13:16] Gene annotation data was written to WHRI_8721_plasmid_genes.tsv and WHRI_8721_virus_genes.tsv.                                                                   
[14:13:16] Summary files were written to WHRI_8721_plasmid_summary.tsv and WHRI_8721_virus_summary.tsv.                                                                     
[14:13:16] geNomad summary finished!                                                                                                                                        
