╭──────────────────────────────────────────────────────────────────────────────────────────────────────────────────────────────────────────────────────────────────────────╮
│  Executing geNomad nn-classification (v1.11.1). This will classify the input sequences into chromosome, plasmid, or virus based on the nucleotide sequence.              │
│  ──────────────────────────────────────────────────────────────────────────────────────────────────────────────────────────────────────────────────────────────────────  │
│  Outputs:                                                                                                                                                                │
│    WHRI_10030A_nn_classification                                                                                                                                         │
│    ├── WHRI_10030A_nn_classification.json (execution parameters)                                                                                                         │
│    ├── WHRI_10030A_encoded_sequences (directory containing encoded sequence data)                                                                                        │
│    ├── WHRI_10030A_nn_classification.tsv (contig classification: tabular format)                                                                                         │
│    ├── WHRI_10030A_nn_classification.npz (contig classification: binary format)                                                                                          │
│    ├── WHRI_10030A_encoded_proviruses (directory containing encoded sequence data)                                                                                       │
│    ├── WHRI_10030A_provirus_nn_classification.tsv (provirus classification: tabular format)                                                                              │
│    └── WHRI_10030A_provirus_nn_classification.npz (provirus classification: binary format)                                                                               │
╰──────────────────────────────────────────────────────────────────────────────────────────────────────────────────────────────────────────────────────────────────────────╯
[07:49:08] Executing genomad nn-classification.                                                                                                                             
[07:49:08] Creating the WHRI_10030A_nn_classification directory.                                                                                                            
[07:49:09] Creating the WHRI_10030A_nn_classification/WHRI_10030A_encoded_sequences directory.                                                                              
[07:49:10] Encoded sequence data written to WHRI_10030A_encoded_sequences.                                                                                                  
[07:49:10] Creating the WHRI_10030A_nn_classification/WHRI_10030A_encoded_proviruses directory.                                                                             
[07:49:10] Encoded provirus data written to WHRI_10030A_encoded_proviruses.                                                                                                 
[07:49:16] Sequences classified.                                                                                                                                            
[07:49:16] Sequence classification in binary format written to WHRI_10030A_nn_classification.npz.                                                                           
[07:49:16] Deleting encoded sequence data.                                                                                                                                  
[07:49:16] Sequence classification in tabular format written to WHRI_10030A_nn_classification.tsv.                                                                          
[07:49:19] Proviruses classified.                                                                                                                                           
[07:49:19] Provirus classification in binary format written to WHRI_10030A_provirus_nn_classification.npz.                                                                  
[07:49:19] Deleting encoded provirus data.                                                                                                                                  
[07:49:19] Provirus classification in tabular format written to WHRI_10030A_provirus_nn_classification.tsv.                                                                 
[07:49:19] geNomad nn-classification finished!                                                                                                                              
