╭──────────────────────────────────────────────────────────────────────────────────────────────────────────────────────────────────────────────────────────────────────────╮
│  Executing geNomad summary (v1.11.1). This will summarize the results across modules into a classification report.                                                       │
│  ──────────────────────────────────────────────────────────────────────────────────────────────────────────────────────────────────────────────────────────────────────  │
│  Outputs:                                                                                                                                                                │
│    WHRI_5176_summary                                                                                                                                                     │
│    ├── WHRI_5176_summary.json (execution parameters)                                                                                                                     │
│    ├── WHRI_5176_virus_summary.tsv (virus classification summary)                                                                                                        │
│    ├── WHRI_5176_plasmid_summary.tsv (plasmid classification summary)                                                                                                    │
│    ├── WHRI_5176_virus.fna (virus nucleotide FASTA file)                                                                                                                 │
│    ├── WHRI_5176_plasmid.fna (plasmid nucleotide FASTA file)                                                                                                             │
│    ├── WHRI_5176_virus_proteins.faa (virus protein FASTA file)                                                                                                           │
│    ├── WHRI_5176_plasmid_proteins.faa (plasmid protein FASTA file)                                                                                                       │
│    ├── WHRI_5176_virus_genes.tsv (virus gene annotation data)                                                                                                            │
│    └── WHRI_5176_plasmid_genes.tsv (plasmid gene annotation data)                                                                                                        │
╰──────────────────────────────────────────────────────────────────────────────────────────────────────────────────────────────────────────────────────────────────────────╯
[08:40:29] Executing genomad summary.                                                                                                                                       
[08:40:29] Creating the WHRI_5176_summary directory.                                                                                                                        
[08:40:29] Using scores from aggregated-classification.                                                                                                                     
[08:40:29] 15 plasmid(s) and 1 virus(es) were identified.                                                                                                                   
[08:40:29] Nucleotide sequences were written to WHRI_5176_plasmid.fna and WHRI_5176_virus.fna.                                                                              
[08:40:29] Protein sequences were written to WHRI_5176_plasmid_proteins.faa and WHRI_5176_virus_proteins.faa.                                                               
[08:40:29] Gene annotation data was written to WHRI_5176_plasmid_genes.tsv and WHRI_5176_virus_genes.tsv.                                                                   
[08:40:29] Summary files were written to WHRI_5176_plasmid_summary.tsv and WHRI_5176_virus_summary.tsv.                                                                     
[08:40:29] geNomad summary finished!                                                                                                                                        
