╭──────────────────────────────────────────────────────────────────────────────────────────────────────────────────────────────────────────────────────────────────────────╮
│  Executing geNomad nn-classification (v1.11.1). This will classify the input sequences into chromosome, plasmid, or virus based on the nucleotide sequence.              │
│  ──────────────────────────────────────────────────────────────────────────────────────────────────────────────────────────────────────────────────────────────────────  │
│  Outputs:                                                                                                                                                                │
│    WHRI_8648_nn_classification                                                                                                                                           │
│    ├── WHRI_8648_nn_classification.json (execution parameters)                                                                                                           │
│    ├── WHRI_8648_encoded_sequences (directory containing encoded sequence data)                                                                                          │
│    ├── WHRI_8648_nn_classification.tsv (contig classification: tabular format)                                                                                           │
│    ├── WHRI_8648_nn_classification.npz (contig classification: binary format)                                                                                            │
│    ├── WHRI_8648_encoded_proviruses (directory containing encoded sequence data)                                                                                         │
│    ├── WHRI_8648_provirus_nn_classification.tsv (provirus classification: tabular format)                                                                                │
│    └── WHRI_8648_provirus_nn_classification.npz (provirus classification: binary format)                                                                                 │
╰──────────────────────────────────────────────────────────────────────────────────────────────────────────────────────────────────────────────────────────────────────────╯
[14:02:08] Executing genomad nn-classification.                                                                                                                             
[14:02:08] Creating the WHRI_8648_nn_classification directory.                                                                                                              
[14:02:08] Creating the WHRI_8648_nn_classification/WHRI_8648_encoded_sequences directory.                                                                                  
[14:02:09] Encoded sequence data written to WHRI_8648_encoded_sequences.                                                                                                    
[14:02:09] Creating the WHRI_8648_nn_classification/WHRI_8648_encoded_proviruses directory.                                                                                 
[14:02:09] Encoded provirus data written to WHRI_8648_encoded_proviruses.                                                                                                   
[14:02:16] Sequences classified.                                                                                                                                            
[14:02:16] Sequence classification in binary format written to WHRI_8648_nn_classification.npz.                                                                             
[14:02:16] Deleting encoded sequence data.                                                                                                                                  
[14:02:16] Sequence classification in tabular format written to WHRI_8648_nn_classification.tsv.                                                                            
[14:02:19] Proviruses classified.                                                                                                                                           
[14:02:19] Provirus classification in binary format written to WHRI_8648_provirus_nn_classification.npz.                                                                    
[14:02:19] Deleting encoded provirus data.                                                                                                                                  
[14:02:19] Provirus classification in tabular format written to WHRI_8648_provirus_nn_classification.tsv.                                                                   
[14:02:19] geNomad nn-classification finished!                                                                                                                              
