╭──────────────────────────────────────────────────────────────────────────────────────────────────────────────────────────────────────────────────────────────────────────╮
│  Executing geNomad summary (v1.11.1). This will summarize the results across modules into a classification report.                                                       │
│  ──────────────────────────────────────────────────────────────────────────────────────────────────────────────────────────────────────────────────────────────────────  │
│  Outputs:                                                                                                                                                                │
│    WHRI_8020A_summary                                                                                                                                                    │
│    ├── WHRI_8020A_summary.json (execution parameters)                                                                                                                    │
│    ├── WHRI_8020A_virus_summary.tsv (virus classification summary)                                                                                                       │
│    ├── WHRI_8020A_plasmid_summary.tsv (plasmid classification summary)                                                                                                   │
│    ├── WHRI_8020A_virus.fna (virus nucleotide FASTA file)                                                                                                                │
│    ├── WHRI_8020A_plasmid.fna (plasmid nucleotide FASTA file)                                                                                                            │
│    ├── WHRI_8020A_virus_proteins.faa (virus protein FASTA file)                                                                                                          │
│    ├── WHRI_8020A_plasmid_proteins.faa (plasmid protein FASTA file)                                                                                                      │
│    ├── WHRI_8020A_virus_genes.tsv (virus gene annotation data)                                                                                                           │
│    └── WHRI_8020A_plasmid_genes.tsv (plasmid gene annotation data)                                                                                                       │
╰──────────────────────────────────────────────────────────────────────────────────────────────────────────────────────────────────────────────────────────────────────────╯
[12:34:42] Executing genomad summary.                                                                                                                                       
[12:34:42] Creating the WHRI_8020A_summary directory.                                                                                                                       
[12:34:42] Using scores from aggregated-classification.                                                                                                                     
[12:34:42] 14 plasmid(s) and 11 virus(es) were identified.                                                                                                                  
[12:34:43] Nucleotide sequences were written to WHRI_8020A_plasmid.fna and WHRI_8020A_virus.fna.                                                                            
[12:34:43] Protein sequences were written to WHRI_8020A_plasmid_proteins.faa and WHRI_8020A_virus_proteins.faa.                                                             
[12:34:43] Gene annotation data was written to WHRI_8020A_plasmid_genes.tsv and WHRI_8020A_virus_genes.tsv.                                                                 
[12:34:43] Summary files were written to WHRI_8020A_plasmid_summary.tsv and WHRI_8020A_virus_summary.tsv.                                                                   
[12:34:43] geNomad summary finished!                                                                                                                                        
