╭──────────────────────────────────────────────────────────────────────────────────────────────────────────────────────────────────────────────────────────────────────────╮
│  Executing geNomad marker-classification (v1.11.1). This will classify the input sequences into chromosome, plasmid, or virus based on the presence of geNomad markers   │
│  and other gene-related features.                                                                                                                                        │
│  ──────────────────────────────────────────────────────────────────────────────────────────────────────────────────────────────────────────────────────────────────────  │
│  Outputs:                                                                                                                                                                │
│    WHRI_6075_marker_classification                                                                                                                                       │
│    ├── WHRI_6075_marker_classification.json (execution parameters)                                                                                                       │
│    ├── WHRI_6075_features.tsv (sequence feature data: tabular format)                                                                                                    │
│    ├── WHRI_6075_features.npz (sequence feature data: binary format)                                                                                                     │
│    ├── WHRI_6075_marker_classification.tsv (sequence classification: tabular format)                                                                                     │
│    └── WHRI_6075_marker_classification.npz (sequence classification: binary format)                                                                                      │
╰──────────────────────────────────────────────────────────────────────────────────────────────────────────────────────────────────────────────────────────────────────────╯
[10:52:25] Executing genomad marker-classification.                                                                                                                         
[10:52:25] Creating the WHRI_6075_marker_classification directory.                                                                                                          
[10:52:26] Sequence features computed.                                                                                                                                      
[10:52:26] Sequence features in binary format written to WHRI_6075_features.npz.                                                                                            
[10:52:26] Sequence features in tabular format written to WHRI_6075_features.tsv.                                                                                           
[10:52:26] Sequences classified.                                                                                                                                            
[10:52:26] Sequence classification in binary format written to WHRI_6075_marker_classification.npz.                                                                         
[10:52:26] Sequence classification in tabular format written to WHRI_6075_marker_classification.tsv.                                                                        
[10:52:26] geNomad marker-classification finished!                                                                                                                          
