╭──────────────────────────────────────────────────────────────────────────────────────────────────────────────────────────────────────────────────────────────────────────╮
│  Executing geNomad summary (v1.11.1). This will summarize the results across modules into a classification report.                                                       │
│  ──────────────────────────────────────────────────────────────────────────────────────────────────────────────────────────────────────────────────────────────────────  │
│  Outputs:                                                                                                                                                                │
│    WHRI_3883_(NCPPB_1946)_summary                                                                                                                                        │
│    ├── WHRI_3883_(NCPPB_1946)_summary.json (execution parameters)                                                                                                        │
│    ├── WHRI_3883_(NCPPB_1946)_virus_summary.tsv (virus classification summary)                                                                                           │
│    ├── WHRI_3883_(NCPPB_1946)_plasmid_summary.tsv (plasmid classification summary)                                                                                       │
│    ├── WHRI_3883_(NCPPB_1946)_virus.fna (virus nucleotide FASTA file)                                                                                                    │
│    ├── WHRI_3883_(NCPPB_1946)_plasmid.fna (plasmid nucleotide FASTA file)                                                                                                │
│    ├── WHRI_3883_(NCPPB_1946)_virus_proteins.faa (virus protein FASTA file)                                                                                              │
│    ├── WHRI_3883_(NCPPB_1946)_plasmid_proteins.faa (plasmid protein FASTA file)                                                                                          │
│    ├── WHRI_3883_(NCPPB_1946)_virus_genes.tsv (virus gene annotation data)                                                                                               │
│    └── WHRI_3883_(NCPPB_1946)_plasmid_genes.tsv (plasmid gene annotation data)                                                                                           │
╰──────────────────────────────────────────────────────────────────────────────────────────────────────────────────────────────────────────────────────────────────────────╯
[08:30:51] Executing genomad summary.                                                                                                                                       
[08:30:51] Creating the WHRI_3883_(NCPPB_1946)_summary directory.                                                                                                           
[08:30:51] Using scores from aggregated-classification.                                                                                                                     
[08:30:51] 18 plasmid(s) and 2 virus(es) were identified.                                                                                                                   
[08:30:51] Nucleotide sequences were written to WHRI_3883_(NCPPB_1946)_plasmid.fna and WHRI_3883_(NCPPB_1946)_virus.fna.                                                    
[08:30:51] Protein sequences were written to WHRI_3883_(NCPPB_1946)_plasmid_proteins.faa and WHRI_3883_(NCPPB_1946)_virus_proteins.faa.                                     
[08:30:51] Gene annotation data was written to WHRI_3883_(NCPPB_1946)_plasmid_genes.tsv and WHRI_3883_(NCPPB_1946)_virus_genes.tsv.                                         
[08:30:51] Summary files were written to WHRI_3883_(NCPPB_1946)_plasmid_summary.tsv and WHRI_3883_(NCPPB_1946)_virus_summary.tsv.                                           
[08:30:51] geNomad summary finished!                                                                                                                                        
