╭──────────────────────────────────────────────────────────────────────────────────────────────────────────────────────────────────────────────────────────────────────────╮
│  Executing geNomad aggregated-classification (v1.11.1). This will aggregate the results of the marker-classification and nn-classification modules to classify the       │
│  input sequences into chromosome, plasmid, or virus.                                                                                                                     │
│  ──────────────────────────────────────────────────────────────────────────────────────────────────────────────────────────────────────────────────────────────────────  │
│  Outputs:                                                                                                                                                                │
│    WHRI_10040_aggregated_classification                                                                                                                                  │
│    ├── WHRI_10040_aggregated_classification.json (execution parameters)                                                                                                  │
│    ├── WHRI_10040_aggregated_classification.tsv (sequence classification: tabular format)                                                                                │
│    ├── WHRI_10040_aggregated_classification.npz (sequence classification: binary format)                                                                                 │
│    ├── WHRI_10040_provirus_aggregated_classification.tsv (provirus classification: tabular format)                                                                       │
│    └── WHRI_10040_provirus_aggregated_classification.npz (provirus classification: binary format)                                                                        │
╰──────────────────────────────────────────────────────────────────────────────────────────────────────────────────────────────────────────────────────────────────────────╯
[07:53:27] Executing genomad aggregated-classification.                                                                                                                     
[07:53:27] Creating the WHRI_10040_aggregated_classification directory.                                                                                                     
[07:53:27] The total marker frequencies of the input sequences were computed.                                                                                               
[07:53:27] Sequences classified.                                                                                                                                            
[07:53:27] Sequence classification in binary format written to WHRI_10040_aggregated_classification.npz.                                                                    
[07:53:27] Sequence classification in tabular format written to WHRI_10040_aggregated_classification.tsv.                                                                   
[07:53:27] Proviruses classified.                                                                                                                                           
[07:53:27] Provirus classification in binary format written to WHRI_10040_provirus_aggregated_classification.npz.                                                           
[07:53:27] Provirus classification in tabular format written to WHRI_10040_provirus_aggregated_classification.tsv.                                                          
[07:53:27] geNomad aggregated-classification finished!                                                                                                                      
