╭──────────────────────────────────────────────────────────────────────────────────────────────────────────────────────────────────────────────────────────────────────────╮
│  Executing geNomad nn-classification (v1.11.1). This will classify the input sequences into chromosome, plasmid, or virus based on the nucleotide sequence.              │
│  ──────────────────────────────────────────────────────────────────────────────────────────────────────────────────────────────────────────────────────────────────────  │
│  Outputs:                                                                                                                                                                │
│    WHRI_6051_nn_classification                                                                                                                                           │
│    ├── WHRI_6051_nn_classification.json (execution parameters)                                                                                                           │
│    ├── WHRI_6051_encoded_sequences (directory containing encoded sequence data)                                                                                          │
│    ├── WHRI_6051_nn_classification.tsv (contig classification: tabular format)                                                                                           │
│    ├── WHRI_6051_nn_classification.npz (contig classification: binary format)                                                                                            │
│    ├── WHRI_6051_encoded_proviruses (directory containing encoded sequence data)                                                                                         │
│    ├── WHRI_6051_provirus_nn_classification.tsv (provirus classification: tabular format)                                                                                │
│    └── WHRI_6051_provirus_nn_classification.npz (provirus classification: binary format)                                                                                 │
╰──────────────────────────────────────────────────────────────────────────────────────────────────────────────────────────────────────────────────────────────────────────╯
[10:19:26] Executing genomad nn-classification.                                                                                                                             
[10:19:26] Creating the WHRI_6051_nn_classification directory.                                                                                                              
[10:19:26] Creating the WHRI_6051_nn_classification/WHRI_6051_encoded_sequences directory.                                                                                  
[10:19:27] Encoded sequence data written to WHRI_6051_encoded_sequences.                                                                                                    
[10:19:27] Creating the WHRI_6051_nn_classification/WHRI_6051_encoded_proviruses directory.                                                                                 
[10:19:27] Encoded provirus data written to WHRI_6051_encoded_proviruses.                                                                                                   
[10:19:35] Sequences classified.                                                                                                                                            
[10:19:35] Sequence classification in binary format written to WHRI_6051_nn_classification.npz.                                                                             
[10:19:35] Deleting encoded sequence data.                                                                                                                                  
[10:19:35] Sequence classification in tabular format written to WHRI_6051_nn_classification.tsv.                                                                            
[10:19:38] Proviruses classified.                                                                                                                                           
[10:19:38] Provirus classification in binary format written to WHRI_6051_provirus_nn_classification.npz.                                                                    
[10:19:38] Deleting encoded provirus data.                                                                                                                                  
[10:19:38] Provirus classification in tabular format written to WHRI_6051_provirus_nn_classification.tsv.                                                                   
[10:19:38] geNomad nn-classification finished!                                                                                                                              
