╭──────────────────────────────────────────────────────────────────────────────────────────────────────────────────────────────────────────────────────────────────────────╮
│  Executing geNomad marker-classification (v1.11.1). This will classify the input sequences into chromosome, plasmid, or virus based on the presence of geNomad markers   │
│  and other gene-related features.                                                                                                                                        │
│  ──────────────────────────────────────────────────────────────────────────────────────────────────────────────────────────────────────────────────────────────────────  │
│  Outputs:                                                                                                                                                                │
│    WHRI_8436_marker_classification                                                                                                                                       │
│    ├── WHRI_8436_marker_classification.json (execution parameters)                                                                                                       │
│    ├── WHRI_8436_features.tsv (sequence feature data: tabular format)                                                                                                    │
│    ├── WHRI_8436_features.npz (sequence feature data: binary format)                                                                                                     │
│    ├── WHRI_8436_marker_classification.tsv (sequence classification: tabular format)                                                                                     │
│    ├── WHRI_8436_marker_classification.npz (sequence classification: binary format)                                                                                      │
│    ├── WHRI_8436_provirus_features.tsv (provirus feature data: tabular format)                                                                                           │
│    ├── WHRI_8436_provirus_features.npz (provirus feature data: binary format)                                                                                            │
│    ├── WHRI_8436_provirus_marker_classification.tsv (provirus classification: tabular format)                                                                            │
│    └── WHRI_8436_provirus_marker_classification.npz (provirus classification: binary format)                                                                             │
╰──────────────────────────────────────────────────────────────────────────────────────────────────────────────────────────────────────────────────────────────────────────╯
[13:16:21] Executing genomad marker-classification.                                                                                                                         
[13:16:21] Creating the WHRI_8436_marker_classification directory.                                                                                                          
[13:16:22] Sequence features computed.                                                                                                                                      
[13:16:22] Sequence features in binary format written to WHRI_8436_features.npz.                                                                                            
[13:16:22] Sequence features in tabular format written to WHRI_8436_features.tsv.                                                                                           
[13:16:23] Provirus features computed.                                                                                                                                      
[13:16:23] Provirus features in binary format written to WHRI_8436_provirus_features.npz.                                                                                   
[13:16:23] Provirus features in tabular format written to WHRI_8436_provirus_features.tsv.                                                                                  
[13:16:23] Sequences classified.                                                                                                                                            
[13:16:23] Sequence classification in binary format written to WHRI_8436_marker_classification.npz.                                                                         
[13:16:23] Sequence classification in tabular format written to WHRI_8436_marker_classification.tsv.                                                                        
[13:16:23] Proviruses classified.                                                                                                                                           
[13:16:23] Provirus classification in binary format written to WHRI_8436_provirus_marker_classification.npz.                                                                
[13:16:23] Provirus classification in tabular format written to WHRI_8436_provirus_marker_classification.tsv.                                                               
[13:16:23] geNomad marker-classification finished!                                                                                                                          
