╭──────────────────────────────────────────────────────────────────────────────────────────────────────────────────────────────────────────────────────────────────────────╮
│  Executing geNomad summary (v1.11.1). This will summarize the results across modules into a classification report.                                                       │
│  ──────────────────────────────────────────────────────────────────────────────────────────────────────────────────────────────────────────────────────────────────────  │
│  Outputs:                                                                                                                                                                │
│    WHRI_5802_summary                                                                                                                                                     │
│    ├── WHRI_5802_summary.json (execution parameters)                                                                                                                     │
│    ├── WHRI_5802_virus_summary.tsv (virus classification summary)                                                                                                        │
│    ├── WHRI_5802_plasmid_summary.tsv (plasmid classification summary)                                                                                                    │
│    ├── WHRI_5802_virus.fna (virus nucleotide FASTA file)                                                                                                                 │
│    ├── WHRI_5802_plasmid.fna (plasmid nucleotide FASTA file)                                                                                                             │
│    ├── WHRI_5802_virus_proteins.faa (virus protein FASTA file)                                                                                                           │
│    ├── WHRI_5802_plasmid_proteins.faa (plasmid protein FASTA file)                                                                                                       │
│    ├── WHRI_5802_virus_genes.tsv (virus gene annotation data)                                                                                                            │
│    └── WHRI_5802_plasmid_genes.tsv (plasmid gene annotation data)                                                                                                        │
╰──────────────────────────────────────────────────────────────────────────────────────────────────────────────────────────────────────────────────────────────────────────╯
[09:44:20] Executing genomad summary.                                                                                                                                       
[09:44:20] Creating the WHRI_5802_summary directory.                                                                                                                        
[09:44:20] Using scores from aggregated-classification.                                                                                                                     
[09:44:20] 9 plasmid(s) and 3 virus(es) were identified.                                                                                                                    
[09:44:20] Nucleotide sequences were written to WHRI_5802_plasmid.fna and WHRI_5802_virus.fna.                                                                              
[09:44:20] Protein sequences were written to WHRI_5802_plasmid_proteins.faa and WHRI_5802_virus_proteins.faa.                                                               
[09:44:21] Gene annotation data was written to WHRI_5802_plasmid_genes.tsv and WHRI_5802_virus_genes.tsv.                                                                   
[09:44:21] Summary files were written to WHRI_5802_plasmid_summary.tsv and WHRI_5802_virus_summary.tsv.                                                                     
[09:44:21] geNomad summary finished!                                                                                                                                        
