╭──────────────────────────────────────────────────────────────────────────────────────────────────────────────────────────────────────────────────────────────────────────╮
│  Executing geNomad aggregated-classification (v1.11.1). This will aggregate the results of the marker-classification and nn-classification modules to classify the       │
│  input sequences into chromosome, plasmid, or virus.                                                                                                                     │
│  ──────────────────────────────────────────────────────────────────────────────────────────────────────────────────────────────────────────────────────────────────────  │
│  Outputs:                                                                                                                                                                │
│    WHRI_7287_aggregated_classification                                                                                                                                   │
│    ├── WHRI_7287_aggregated_classification.json (execution parameters)                                                                                                   │
│    ├── WHRI_7287_aggregated_classification.tsv (sequence classification: tabular format)                                                                                 │
│    ├── WHRI_7287_aggregated_classification.npz (sequence classification: binary format)                                                                                  │
│    ├── WHRI_7287_provirus_aggregated_classification.tsv (provirus classification: tabular format)                                                                        │
│    └── WHRI_7287_provirus_aggregated_classification.npz (provirus classification: binary format)                                                                         │
╰──────────────────────────────────────────────────────────────────────────────────────────────────────────────────────────────────────────────────────────────────────────╯
[12:04:24] Executing genomad aggregated-classification.                                                                                                                     
[12:04:24] Creating the WHRI_7287_aggregated_classification directory.                                                                                                      
[12:04:24] The total marker frequencies of the input sequences were computed.                                                                                               
[12:04:24] Sequences classified.                                                                                                                                            
[12:04:24] Sequence classification in binary format written to WHRI_7287_aggregated_classification.npz.                                                                     
[12:04:24] Sequence classification in tabular format written to WHRI_7287_aggregated_classification.tsv.                                                                    
[12:04:24] Proviruses classified.                                                                                                                                           
[12:04:24] Provirus classification in binary format written to WHRI_7287_provirus_aggregated_classification.npz.                                                            
[12:04:24] Provirus classification in tabular format written to WHRI_7287_provirus_aggregated_classification.tsv.                                                           
[12:04:24] geNomad aggregated-classification finished!                                                                                                                      
