╭──────────────────────────────────────────────────────────────────────────────────────────────────────────────────────────────────────────────────────────────────────────╮
│  Executing geNomad summary (v1.11.1). This will summarize the results across modules into a classification report.                                                       │
│  ──────────────────────────────────────────────────────────────────────────────────────────────────────────────────────────────────────────────────────────────────────  │
│  Outputs:                                                                                                                                                                │
│    WHRI_6194_summary                                                                                                                                                     │
│    ├── WHRI_6194_summary.json (execution parameters)                                                                                                                     │
│    ├── WHRI_6194_virus_summary.tsv (virus classification summary)                                                                                                        │
│    ├── WHRI_6194_plasmid_summary.tsv (plasmid classification summary)                                                                                                    │
│    ├── WHRI_6194_virus.fna (virus nucleotide FASTA file)                                                                                                                 │
│    ├── WHRI_6194_plasmid.fna (plasmid nucleotide FASTA file)                                                                                                             │
│    ├── WHRI_6194_virus_proteins.faa (virus protein FASTA file)                                                                                                           │
│    ├── WHRI_6194_plasmid_proteins.faa (plasmid protein FASTA file)                                                                                                       │
│    ├── WHRI_6194_virus_genes.tsv (virus gene annotation data)                                                                                                            │
│    └── WHRI_6194_plasmid_genes.tsv (plasmid gene annotation data)                                                                                                        │
╰──────────────────────────────────────────────────────────────────────────────────────────────────────────────────────────────────────────────────────────────────────────╯
[11:17:18] Executing genomad summary.                                                                                                                                       
[11:17:18] Creating the WHRI_6194_summary directory.                                                                                                                        
[11:17:18] Using scores from aggregated-classification.                                                                                                                     
[11:17:18] 16 plasmid(s) and 2 virus(es) were identified.                                                                                                                   
[11:17:18] Nucleotide sequences were written to WHRI_6194_plasmid.fna and WHRI_6194_virus.fna.                                                                              
[11:17:18] Protein sequences were written to WHRI_6194_plasmid_proteins.faa and WHRI_6194_virus_proteins.faa.                                                               
[11:17:18] Gene annotation data was written to WHRI_6194_plasmid_genes.tsv and WHRI_6194_virus_genes.tsv.                                                                   
[11:17:18] Summary files were written to WHRI_6194_plasmid_summary.tsv and WHRI_6194_virus_summary.tsv.                                                                     
[11:17:18] geNomad summary finished!                                                                                                                                        
