╭──────────────────────────────────────────────────────────────────────────────────────────────────────────────────────────────────────────────────────────────────────────╮
│  Executing geNomad summary (v1.11.1). This will summarize the results across modules into a classification report.                                                       │
│  ──────────────────────────────────────────────────────────────────────────────────────────────────────────────────────────────────────────────────────────────────────  │
│  Outputs:                                                                                                                                                                │
│    WHRI_8572_summary                                                                                                                                                     │
│    ├── WHRI_8572_summary.json (execution parameters)                                                                                                                     │
│    ├── WHRI_8572_virus_summary.tsv (virus classification summary)                                                                                                        │
│    ├── WHRI_8572_plasmid_summary.tsv (plasmid classification summary)                                                                                                    │
│    ├── WHRI_8572_virus.fna (virus nucleotide FASTA file)                                                                                                                 │
│    ├── WHRI_8572_plasmid.fna (plasmid nucleotide FASTA file)                                                                                                             │
│    ├── WHRI_8572_virus_proteins.faa (virus protein FASTA file)                                                                                                           │
│    ├── WHRI_8572_plasmid_proteins.faa (plasmid protein FASTA file)                                                                                                       │
│    ├── WHRI_8572_virus_genes.tsv (virus gene annotation data)                                                                                                            │
│    └── WHRI_8572_plasmid_genes.tsv (plasmid gene annotation data)                                                                                                        │
╰──────────────────────────────────────────────────────────────────────────────────────────────────────────────────────────────────────────────────────────────────────────╯
[13:52:37] Executing genomad summary.                                                                                                                                       
[13:52:37] Creating the WHRI_8572_summary directory.                                                                                                                        
[13:52:37] Using scores from aggregated-classification.                                                                                                                     
[13:52:37] 15 plasmid(s) and 3 virus(es) were identified.                                                                                                                   
[13:52:37] Nucleotide sequences were written to WHRI_8572_plasmid.fna and WHRI_8572_virus.fna.                                                                              
[13:52:37] Protein sequences were written to WHRI_8572_plasmid_proteins.faa and WHRI_8572_virus_proteins.faa.                                                               
[13:52:37] Gene annotation data was written to WHRI_8572_plasmid_genes.tsv and WHRI_8572_virus_genes.tsv.                                                                   
[13:52:37] Summary files were written to WHRI_8572_plasmid_summary.tsv and WHRI_8572_virus_summary.tsv.                                                                     
[13:52:37] geNomad summary finished!                                                                                                                                        
