╭──────────────────────────────────────────────────────────────────────────────────────────────────────────────────────────────────────────────────────────────────────────╮
│  Executing geNomad summary (v1.11.1). This will summarize the results across modules into a classification report.                                                       │
│  ──────────────────────────────────────────────────────────────────────────────────────────────────────────────────────────────────────────────────────────────────────  │
│  Outputs:                                                                                                                                                                │
│    WHRI_6190_summary                                                                                                                                                     │
│    ├── WHRI_6190_summary.json (execution parameters)                                                                                                                     │
│    ├── WHRI_6190_virus_summary.tsv (virus classification summary)                                                                                                        │
│    ├── WHRI_6190_plasmid_summary.tsv (plasmid classification summary)                                                                                                    │
│    ├── WHRI_6190_virus.fna (virus nucleotide FASTA file)                                                                                                                 │
│    ├── WHRI_6190_plasmid.fna (plasmid nucleotide FASTA file)                                                                                                             │
│    ├── WHRI_6190_virus_proteins.faa (virus protein FASTA file)                                                                                                           │
│    ├── WHRI_6190_plasmid_proteins.faa (plasmid protein FASTA file)                                                                                                       │
│    ├── WHRI_6190_virus_genes.tsv (virus gene annotation data)                                                                                                            │
│    └── WHRI_6190_plasmid_genes.tsv (plasmid gene annotation data)                                                                                                        │
╰──────────────────────────────────────────────────────────────────────────────────────────────────────────────────────────────────────────────────────────────────────────╯
[11:13:06] Executing genomad summary.                                                                                                                                       
[11:13:06] Creating the WHRI_6190_summary directory.                                                                                                                        
[11:13:06] Using scores from aggregated-classification.                                                                                                                     
[11:13:06] 10 plasmid(s) and 0 virus(es) were identified.                                                                                                                   
[11:13:06] Nucleotide sequences were written to WHRI_6190_plasmid.fna and WHRI_6190_virus.fna.                                                                              
[11:13:06] Protein sequences were written to WHRI_6190_plasmid_proteins.faa and WHRI_6190_virus_proteins.faa.                                                               
[11:13:06] Gene annotation data was written to WHRI_6190_plasmid_genes.tsv and WHRI_6190_virus_genes.tsv.                                                                   
[11:13:06] Summary files were written to WHRI_6190_plasmid_summary.tsv and WHRI_6190_virus_summary.tsv.                                                                     
[11:13:06] geNomad summary finished!                                                                                                                                        
