╭──────────────────────────────────────────────────────────────────────────────────────────────────────────────────────────────────────────────────────────────────────────╮
│  Executing geNomad find-proviruses (v1.11.1). This will find putative proviral regions within the input sequences.                                                       │
│  ──────────────────────────────────────────────────────────────────────────────────────────────────────────────────────────────────────────────────────────────────────  │
│  Outputs:                                                                                                                                                                │
│    WHRI_8975A_find_proviruses                                                                                                                                            │
│    ├── WHRI_8975A_find_proviruses.json (execution parameters)                                                                                                            │
│    ├── WHRI_8975A_provirus.tsv (provirus data)                                                                                                                           │
│    ├── WHRI_8975A_provirus.fna (provirus nucleotide sequences)                                                                                                           │
│    ├── WHRI_8975A_provirus_proteins.faa (provirus protein sequences)                                                                                                     │
│    ├── WHRI_8975A_provirus_genes.tsv (provirus gene annotation data)                                                                                                     │
│    ├── WHRI_8975A_provirus_taxonomy.tsv (provirus taxonomic assignment)                                                                                                  │
│    ├── WHRI_8975A_provirus_mmseqs2.tsv (MMseqs2 output file)                                                                                                             │
│    └── WHRI_8975A_provirus_aragorn.tsv (Aragorn output file)                                                                                                             │
╰──────────────────────────────────────────────────────────────────────────────────────────────────────────────────────────────────────────────────────────────────────────╯
[15:15:12] Executing genomad find-proviruses.                                                                                                                               
[15:15:12] Creating the WHRI_8975A_find_proviruses directory.                                                                                                               
[15:15:15] Integrases identified with MMseqs2 and geNomad database (v1.9) were written to WHRI_8975A_provirus_mmseqs2.tsv.                                                  
[15:15:15] Deleting WHRI_8975A_provirus_mmseqs2.                                                                                                                            
[15:15:15] Deleting WHRI_8975A_provirus_mmseqs2_input.faa.                                                                                                                  
[15:15:16] tRNAs identified with Aragorn were written to WHRI_8975A_provirus_aragorn.tsv.                                                                                   
[15:15:16] Deleting WHRI_8975A_provirus_aragorn_input.fna.                                                                                                                  
[15:15:16] Provirus regions identified.                                                                                                                                     
[15:15:16] Provirus data was written to WHRI_8975A_provirus.tsv.                                                                                                            
[15:15:16] Provirus nucleotide sequences were written to WHRI_8975A_provirus.fna.                                                                                           
[15:15:16] Provirus protein sequences were written to WHRI_8975A_provirus_proteins.faa.                                                                                     
[15:15:16] Provirus gene data was written to WHRI_8975A_provirus_genes.tsv.                                                                                                 
[15:15:17] Taxonomic assignment data was written to WHRI_8975A_provirus_taxonomy.tsv.                                                                                       
[15:15:17] geNomad find-proviruses finished!                                                                                                                                
