╭──────────────────────────────────────────────────────────────────────────────────────────────────────────────────────────────────────────────────────────────────────────╮
│  Executing geNomad summary (v1.11.1). This will summarize the results across modules into a classification report.                                                       │
│  ──────────────────────────────────────────────────────────────────────────────────────────────────────────────────────────────────────────────────────────────────────  │
│  Outputs:                                                                                                                                                                │
│    WHRI_7273_summary                                                                                                                                                     │
│    ├── WHRI_7273_summary.json (execution parameters)                                                                                                                     │
│    ├── WHRI_7273_virus_summary.tsv (virus classification summary)                                                                                                        │
│    ├── WHRI_7273_plasmid_summary.tsv (plasmid classification summary)                                                                                                    │
│    ├── WHRI_7273_virus.fna (virus nucleotide FASTA file)                                                                                                                 │
│    ├── WHRI_7273_plasmid.fna (plasmid nucleotide FASTA file)                                                                                                             │
│    ├── WHRI_7273_virus_proteins.faa (virus protein FASTA file)                                                                                                           │
│    ├── WHRI_7273_plasmid_proteins.faa (plasmid protein FASTA file)                                                                                                       │
│    ├── WHRI_7273_virus_genes.tsv (virus gene annotation data)                                                                                                            │
│    └── WHRI_7273_plasmid_genes.tsv (plasmid gene annotation data)                                                                                                        │
╰──────────────────────────────────────────────────────────────────────────────────────────────────────────────────────────────────────────────────────────────────────────╯
[11:51:54] Executing genomad summary.                                                                                                                                       
[11:51:54] Creating the WHRI_7273_summary directory.                                                                                                                        
[11:51:54] Using scores from aggregated-classification.                                                                                                                     
[11:51:54] 13 plasmid(s) and 1 virus(es) were identified.                                                                                                                   
[11:51:54] Nucleotide sequences were written to WHRI_7273_plasmid.fna and WHRI_7273_virus.fna.                                                                              
[11:51:54] Protein sequences were written to WHRI_7273_plasmid_proteins.faa and WHRI_7273_virus_proteins.faa.                                                               
[11:51:54] Gene annotation data was written to WHRI_7273_plasmid_genes.tsv and WHRI_7273_virus_genes.tsv.                                                                   
[11:51:54] Summary files were written to WHRI_7273_plasmid_summary.tsv and WHRI_7273_virus_summary.tsv.                                                                     
[11:51:54] geNomad summary finished!                                                                                                                                        
