╭──────────────────────────────────────────────────────────────────────────────────────────────────────────────────────────────────────────────────────────────────────────╮
│  Executing geNomad find-proviruses (v1.11.1). This will find putative proviral regions within the input sequences.                                                       │
│  ──────────────────────────────────────────────────────────────────────────────────────────────────────────────────────────────────────────────────────────────────────  │
│  Outputs:                                                                                                                                                                │
│    WHRI_8453B_find_proviruses                                                                                                                                            │
│    ├── WHRI_8453B_find_proviruses.json (execution parameters)                                                                                                            │
│    ├── WHRI_8453B_provirus.tsv (provirus data)                                                                                                                           │
│    ├── WHRI_8453B_provirus.fna (provirus nucleotide sequences)                                                                                                           │
│    ├── WHRI_8453B_provirus_proteins.faa (provirus protein sequences)                                                                                                     │
│    ├── WHRI_8453B_provirus_genes.tsv (provirus gene annotation data)                                                                                                     │
│    ├── WHRI_8453B_provirus_taxonomy.tsv (provirus taxonomic assignment)                                                                                                  │
│    ├── WHRI_8453B_provirus_mmseqs2.tsv (MMseqs2 output file)                                                                                                             │
│    └── WHRI_8453B_provirus_aragorn.tsv (Aragorn output file)                                                                                                             │
╰──────────────────────────────────────────────────────────────────────────────────────────────────────────────────────────────────────────────────────────────────────────╯
[13:31:39] Executing genomad find-proviruses.                                                                                                                               
[13:31:39] Creating the WHRI_8453B_find_proviruses directory.                                                                                                               
[13:31:42] Integrases identified with MMseqs2 and geNomad database (v1.9) were written to WHRI_8453B_provirus_mmseqs2.tsv.                                                  
[13:31:42] Deleting WHRI_8453B_provirus_mmseqs2.                                                                                                                            
[13:31:42] Deleting WHRI_8453B_provirus_mmseqs2_input.faa.                                                                                                                  
[13:31:43] tRNAs identified with Aragorn were written to WHRI_8453B_provirus_aragorn.tsv.                                                                                   
[13:31:43] Deleting WHRI_8453B_provirus_aragorn_input.fna.                                                                                                                  
[13:31:43] Provirus regions identified.                                                                                                                                     
[13:31:43] Provirus data was written to WHRI_8453B_provirus.tsv.                                                                                                            
[13:31:43] Provirus nucleotide sequences were written to WHRI_8453B_provirus.fna.                                                                                           
[13:31:43] Provirus protein sequences were written to WHRI_8453B_provirus_proteins.faa.                                                                                     
[13:31:43] Provirus gene data was written to WHRI_8453B_provirus_genes.tsv.                                                                                                 
[13:31:43] Taxonomic assignment data was written to WHRI_8453B_provirus_taxonomy.tsv.                                                                                       
[13:31:43] geNomad find-proviruses finished!                                                                                                                                
