╭──────────────────────────────────────────────────────────────────────────────────────────────────────────────────────────────────────────────────────────────────────────╮
│  Executing geNomad marker-classification (v1.11.1). This will classify the input sequences into chromosome, plasmid, or virus based on the presence of geNomad markers   │
│  and other gene-related features.                                                                                                                                        │
│  ──────────────────────────────────────────────────────────────────────────────────────────────────────────────────────────────────────────────────────────────────────  │
│  Outputs:                                                                                                                                                                │
│    WHRI_10040_marker_classification                                                                                                                                      │
│    ├── WHRI_10040_marker_classification.json (execution parameters)                                                                                                      │
│    ├── WHRI_10040_features.tsv (sequence feature data: tabular format)                                                                                                   │
│    ├── WHRI_10040_features.npz (sequence feature data: binary format)                                                                                                    │
│    ├── WHRI_10040_marker_classification.tsv (sequence classification: tabular format)                                                                                    │
│    ├── WHRI_10040_marker_classification.npz (sequence classification: binary format)                                                                                     │
│    ├── WHRI_10040_provirus_features.tsv (provirus feature data: tabular format)                                                                                          │
│    ├── WHRI_10040_provirus_features.npz (provirus feature data: binary format)                                                                                           │
│    ├── WHRI_10040_provirus_marker_classification.tsv (provirus classification: tabular format)                                                                           │
│    └── WHRI_10040_provirus_marker_classification.npz (provirus classification: binary format)                                                                            │
╰──────────────────────────────────────────────────────────────────────────────────────────────────────────────────────────────────────────────────────────────────────────╯
[07:53:12] Executing genomad marker-classification.                                                                                                                         
[07:53:12] Creating the WHRI_10040_marker_classification directory.                                                                                                         
[07:53:13] Sequence features computed.                                                                                                                                      
[07:53:13] Sequence features in binary format written to WHRI_10040_features.npz.                                                                                           
[07:53:13] Sequence features in tabular format written to WHRI_10040_features.tsv.                                                                                          
[07:53:14] Provirus features computed.                                                                                                                                      
[07:53:14] Provirus features in binary format written to WHRI_10040_provirus_features.npz.                                                                                  
[07:53:14] Provirus features in tabular format written to WHRI_10040_provirus_features.tsv.                                                                                 
[07:53:14] Sequences classified.                                                                                                                                            
[07:53:14] Sequence classification in binary format written to WHRI_10040_marker_classification.npz.                                                                        
[07:53:14] Sequence classification in tabular format written to WHRI_10040_marker_classification.tsv.                                                                       
[07:53:14] Proviruses classified.                                                                                                                                           
[07:53:14] Provirus classification in binary format written to WHRI_10040_provirus_marker_classification.npz.                                                               
[07:53:14] Provirus classification in tabular format written to WHRI_10040_provirus_marker_classification.tsv.                                                              
[07:53:14] geNomad marker-classification finished!                                                                                                                          
