╭──────────────────────────────────────────────────────────────────────────────────────────────────────────────────────────────────────────────────────────────────────────╮
│  Executing geNomad summary (v1.11.1). This will summarize the results across modules into a classification report.                                                       │
│  ──────────────────────────────────────────────────────────────────────────────────────────────────────────────────────────────────────────────────────────────────────  │
│  Outputs:                                                                                                                                                                │
│    WHRI_5482_summary                                                                                                                                                     │
│    ├── WHRI_5482_summary.json (execution parameters)                                                                                                                     │
│    ├── WHRI_5482_virus_summary.tsv (virus classification summary)                                                                                                        │
│    ├── WHRI_5482_plasmid_summary.tsv (plasmid classification summary)                                                                                                    │
│    ├── WHRI_5482_virus.fna (virus nucleotide FASTA file)                                                                                                                 │
│    ├── WHRI_5482_plasmid.fna (plasmid nucleotide FASTA file)                                                                                                             │
│    ├── WHRI_5482_virus_proteins.faa (virus protein FASTA file)                                                                                                           │
│    ├── WHRI_5482_plasmid_proteins.faa (plasmid protein FASTA file)                                                                                                       │
│    ├── WHRI_5482_virus_genes.tsv (virus gene annotation data)                                                                                                            │
│    └── WHRI_5482_plasmid_genes.tsv (plasmid gene annotation data)                                                                                                        │
╰──────────────────────────────────────────────────────────────────────────────────────────────────────────────────────────────────────────────────────────────────────────╯
[08:44:45] Executing genomad summary.                                                                                                                                       
[08:44:45] Creating the WHRI_5482_summary directory.                                                                                                                        
[08:44:45] Using scores from aggregated-classification.                                                                                                                     
[08:44:45] 11 plasmid(s) and 2 virus(es) were identified.                                                                                                                   
[08:44:45] Nucleotide sequences were written to WHRI_5482_plasmid.fna and WHRI_5482_virus.fna.                                                                              
[08:44:45] Protein sequences were written to WHRI_5482_plasmid_proteins.faa and WHRI_5482_virus_proteins.faa.                                                               
[08:44:45] Gene annotation data was written to WHRI_5482_plasmid_genes.tsv and WHRI_5482_virus_genes.tsv.                                                                   
[08:44:45] Summary files were written to WHRI_5482_plasmid_summary.tsv and WHRI_5482_virus_summary.tsv.                                                                     
[08:44:45] geNomad summary finished!                                                                                                                                        
