╭──────────────────────────────────────────────────────────────────────────────────────────────────────────────────────────────────────────────────────────────────────────╮
│  Executing geNomad marker-classification (v1.11.1). This will classify the input sequences into chromosome, plasmid, or virus based on the presence of geNomad markers   │
│  and other gene-related features.                                                                                                                                        │
│  ──────────────────────────────────────────────────────────────────────────────────────────────────────────────────────────────────────────────────────────────────────  │
│  Outputs:                                                                                                                                                                │
│    WHRI_3877_(NCPPB_1645)_marker_classification                                                                                                                          │
│    ├── WHRI_3877_(NCPPB_1645)_marker_classification.json (execution parameters)                                                                                          │
│    ├── WHRI_3877_(NCPPB_1645)_features.tsv (sequence feature data: tabular format)                                                                                       │
│    ├── WHRI_3877_(NCPPB_1645)_features.npz (sequence feature data: binary format)                                                                                        │
│    ├── WHRI_3877_(NCPPB_1645)_marker_classification.tsv (sequence classification: tabular format)                                                                        │
│    ├── WHRI_3877_(NCPPB_1645)_marker_classification.npz (sequence classification: binary format)                                                                         │
│    ├── WHRI_3877_(NCPPB_1645)_provirus_features.tsv (provirus feature data: tabular format)                                                                              │
│    ├── WHRI_3877_(NCPPB_1645)_provirus_features.npz (provirus feature data: binary format)                                                                               │
│    ├── WHRI_3877_(NCPPB_1645)_provirus_marker_classification.tsv (provirus classification: tabular format)                                                               │
│    └── WHRI_3877_(NCPPB_1645)_provirus_marker_classification.npz (provirus classification: binary format)                                                                │
╰──────────────────────────────────────────────────────────────────────────────────────────────────────────────────────────────────────────────────────────────────────────╯
[08:27:46] Executing genomad marker-classification.                                                                                                                         
[08:27:46] Creating the WHRI_3877_(NCPPB_1645)_marker_classification directory.                                                                                             
[08:27:47] Sequence features computed.                                                                                                                                      
[08:27:47] Sequence features in binary format written to WHRI_3877_(NCPPB_1645)_features.npz.                                                                               
[08:27:47] Sequence features in tabular format written to WHRI_3877_(NCPPB_1645)_features.tsv.                                                                              
[08:27:48] Provirus features computed.                                                                                                                                      
[08:27:48] Provirus features in binary format written to WHRI_3877_(NCPPB_1645)_provirus_features.npz.                                                                      
[08:27:48] Provirus features in tabular format written to WHRI_3877_(NCPPB_1645)_provirus_features.tsv.                                                                     
[08:27:48] Sequences classified.                                                                                                                                            
[08:27:48] Sequence classification in binary format written to WHRI_3877_(NCPPB_1645)_marker_classification.npz.                                                            
[08:27:48] Sequence classification in tabular format written to WHRI_3877_(NCPPB_1645)_marker_classification.tsv.                                                           
[08:27:48] Proviruses classified.                                                                                                                                           
[08:27:48] Provirus classification in binary format written to WHRI_3877_(NCPPB_1645)_provirus_marker_classification.npz.                                                   
[08:27:48] Provirus classification in tabular format written to WHRI_3877_(NCPPB_1645)_provirus_marker_classification.tsv.                                                  
[08:27:48] geNomad marker-classification finished!                                                                                                                          
