╭──────────────────────────────────────────────────────────────────────────────────────────────────────────────────────────────────────────────────────────────────────────╮
│  Executing geNomad nn-classification (v1.11.1). This will classify the input sequences into chromosome, plasmid, or virus based on the nucleotide sequence.              │
│  ──────────────────────────────────────────────────────────────────────────────────────────────────────────────────────────────────────────────────────────────────────  │
│  Outputs:                                                                                                                                                                │
│    WHRI_7942_nn_classification                                                                                                                                           │
│    ├── WHRI_7942_nn_classification.json (execution parameters)                                                                                                           │
│    ├── WHRI_7942_encoded_sequences (directory containing encoded sequence data)                                                                                          │
│    ├── WHRI_7942_nn_classification.tsv (contig classification: tabular format)                                                                                           │
│    ├── WHRI_7942_nn_classification.npz (contig classification: binary format)                                                                                            │
│    ├── WHRI_7942_encoded_proviruses (directory containing encoded sequence data)                                                                                         │
│    ├── WHRI_7942_provirus_nn_classification.tsv (provirus classification: tabular format)                                                                                │
│    └── WHRI_7942_provirus_nn_classification.npz (provirus classification: binary format)                                                                                 │
╰──────────────────────────────────────────────────────────────────────────────────────────────────────────────────────────────────────────────────────────────────────────╯
[12:30:26] Executing genomad nn-classification.                                                                                                                             
[12:30:26] Creating the WHRI_7942_nn_classification directory.                                                                                                              
[12:30:26] Creating the WHRI_7942_nn_classification/WHRI_7942_encoded_sequences directory.                                                                                  
[12:30:27] Encoded sequence data written to WHRI_7942_encoded_sequences.                                                                                                    
[12:30:27] Creating the WHRI_7942_nn_classification/WHRI_7942_encoded_proviruses directory.                                                                                 
[12:30:27] Encoded provirus data written to WHRI_7942_encoded_proviruses.                                                                                                   
[12:30:35] Sequences classified.                                                                                                                                            
[12:30:35] Sequence classification in binary format written to WHRI_7942_nn_classification.npz.                                                                             
[12:30:35] Deleting encoded sequence data.                                                                                                                                  
[12:30:35] Sequence classification in tabular format written to WHRI_7942_nn_classification.tsv.                                                                            
[12:30:38] Proviruses classified.                                                                                                                                           
[12:30:38] Provirus classification in binary format written to WHRI_7942_provirus_nn_classification.npz.                                                                    
[12:30:38] Deleting encoded provirus data.                                                                                                                                  
[12:30:38] Provirus classification in tabular format written to WHRI_7942_provirus_nn_classification.tsv.                                                                   
[12:30:38] geNomad nn-classification finished!                                                                                                                              
