╭──────────────────────────────────────────────────────────────────────────────────────────────────────────────────────────────────────────────────────────────────────────╮
│  Executing geNomad marker-classification (v1.11.1). This will classify the input sequences into chromosome, plasmid, or virus based on the presence of geNomad markers   │
│  and other gene-related features.                                                                                                                                        │
│  ──────────────────────────────────────────────────────────────────────────────────────────────────────────────────────────────────────────────────────────────────────  │
│  Outputs:                                                                                                                                                                │
│    WHRI_5631_marker_classification                                                                                                                                       │
│    ├── WHRI_5631_marker_classification.json (execution parameters)                                                                                                       │
│    ├── WHRI_5631_features.tsv (sequence feature data: tabular format)                                                                                                    │
│    ├── WHRI_5631_features.npz (sequence feature data: binary format)                                                                                                     │
│    ├── WHRI_5631_marker_classification.tsv (sequence classification: tabular format)                                                                                     │
│    └── WHRI_5631_marker_classification.npz (sequence classification: binary format)                                                                                      │
╰──────────────────────────────────────────────────────────────────────────────────────────────────────────────────────────────────────────────────────────────────────────╯
[09:13:01] Executing genomad marker-classification.                                                                                                                         
[09:13:01] Creating the WHRI_5631_marker_classification directory.                                                                                                          
[09:13:01] Sequence features computed.                                                                                                                                      
[09:13:01] Sequence features in binary format written to WHRI_5631_features.npz.                                                                                            
[09:13:01] Sequence features in tabular format written to WHRI_5631_features.tsv.                                                                                           
[09:13:01] Sequences classified.                                                                                                                                            
[09:13:01] Sequence classification in binary format written to WHRI_5631_marker_classification.npz.                                                                         
[09:13:01] Sequence classification in tabular format written to WHRI_5631_marker_classification.tsv.                                                                        
[09:13:01] geNomad marker-classification finished!                                                                                                                          
