╭──────────────────────────────────────────────────────────────────────────────────────────────────────────────────────────────────────────────────────────────────────────╮
│  Executing geNomad nn-classification (v1.11.1). This will classify the input sequences into chromosome, plasmid, or virus based on the nucleotide sequence.              │
│  ──────────────────────────────────────────────────────────────────────────────────────────────────────────────────────────────────────────────────────────────────────  │
│  Outputs:                                                                                                                                                                │
│    WHRI_6180_nn_classification                                                                                                                                           │
│    ├── WHRI_6180_nn_classification.json (execution parameters)                                                                                                           │
│    ├── WHRI_6180_encoded_sequences (directory containing encoded sequence data)                                                                                          │
│    ├── WHRI_6180_nn_classification.tsv (contig classification: tabular format)                                                                                           │
│    ├── WHRI_6180_nn_classification.npz (contig classification: binary format)                                                                                            │
│    ├── WHRI_6180_encoded_proviruses (directory containing encoded sequence data)                                                                                         │
│    ├── WHRI_6180_provirus_nn_classification.tsv (provirus classification: tabular format)                                                                                │
│    └── WHRI_6180_provirus_nn_classification.npz (provirus classification: binary format)                                                                                 │
╰──────────────────────────────────────────────────────────────────────────────────────────────────────────────────────────────────────────────────────────────────────────╯
[11:02:03] Executing genomad nn-classification.                                                                                                                             
[11:02:03] Creating the WHRI_6180_nn_classification directory.                                                                                                              
[11:02:03] Creating the WHRI_6180_nn_classification/WHRI_6180_encoded_sequences directory.                                                                                  
[11:02:04] Encoded sequence data written to WHRI_6180_encoded_sequences.                                                                                                    
[11:02:04] Creating the WHRI_6180_nn_classification/WHRI_6180_encoded_proviruses directory.                                                                                 
[11:02:04] Encoded provirus data written to WHRI_6180_encoded_proviruses.                                                                                                   
[11:02:11] Sequences classified.                                                                                                                                            
[11:02:11] Sequence classification in binary format written to WHRI_6180_nn_classification.npz.                                                                             
[11:02:11] Deleting encoded sequence data.                                                                                                                                  
[11:02:11] Sequence classification in tabular format written to WHRI_6180_nn_classification.tsv.                                                                            
[11:02:13] Proviruses classified.                                                                                                                                           
[11:02:13] Provirus classification in binary format written to WHRI_6180_provirus_nn_classification.npz.                                                                    
[11:02:13] Deleting encoded provirus data.                                                                                                                                  
[11:02:13] Provirus classification in tabular format written to WHRI_6180_provirus_nn_classification.tsv.                                                                   
[11:02:13] geNomad nn-classification finished!                                                                                                                              
