╭──────────────────────────────────────────────────────────────────────────────────────────────────────────────────────────────────────────────────────────────────────────╮
│  Executing geNomad summary (v1.11.1). This will summarize the results across modules into a classification report.                                                       │
│  ──────────────────────────────────────────────────────────────────────────────────────────────────────────────────────────────────────────────────────────────────────  │
│  Outputs:                                                                                                                                                                │
│    WHRI_6367_summary                                                                                                                                                     │
│    ├── WHRI_6367_summary.json (execution parameters)                                                                                                                     │
│    ├── WHRI_6367_virus_summary.tsv (virus classification summary)                                                                                                        │
│    ├── WHRI_6367_plasmid_summary.tsv (plasmid classification summary)                                                                                                    │
│    ├── WHRI_6367_virus.fna (virus nucleotide FASTA file)                                                                                                                 │
│    ├── WHRI_6367_plasmid.fna (plasmid nucleotide FASTA file)                                                                                                             │
│    ├── WHRI_6367_virus_proteins.faa (virus protein FASTA file)                                                                                                           │
│    ├── WHRI_6367_plasmid_proteins.faa (plasmid protein FASTA file)                                                                                                       │
│    ├── WHRI_6367_virus_genes.tsv (virus gene annotation data)                                                                                                            │
│    └── WHRI_6367_plasmid_genes.tsv (plasmid gene annotation data)                                                                                                        │
╰──────────────────────────────────────────────────────────────────────────────────────────────────────────────────────────────────────────────────────────────────────────╯
[11:27:04] Executing genomad summary.                                                                                                                                       
[11:27:04] Creating the WHRI_6367_summary directory.                                                                                                                        
[11:27:04] Using scores from aggregated-classification.                                                                                                                     
[11:27:04] 12 plasmid(s) and 8 virus(es) were identified.                                                                                                                   
[11:27:04] Nucleotide sequences were written to WHRI_6367_plasmid.fna and WHRI_6367_virus.fna.                                                                              
[11:27:04] Protein sequences were written to WHRI_6367_plasmid_proteins.faa and WHRI_6367_virus_proteins.faa.                                                               
[11:27:04] Gene annotation data was written to WHRI_6367_plasmid_genes.tsv and WHRI_6367_virus_genes.tsv.                                                                   
[11:27:04] Summary files were written to WHRI_6367_plasmid_summary.tsv and WHRI_6367_virus_summary.tsv.                                                                     
[11:27:04] geNomad summary finished!                                                                                                                                        
