╭──────────────────────────────────────────────────────────────────────────────────────────────────────────────────────────────────────────────────────────────────────────╮
│  Executing geNomad marker-classification (v1.11.1). This will classify the input sequences into chromosome, plasmid, or virus based on the presence of geNomad markers   │
│  and other gene-related features.                                                                                                                                        │
│  ──────────────────────────────────────────────────────────────────────────────────────────────────────────────────────────────────────────────────────────────────────  │
│  Outputs:                                                                                                                                                                │
│    WHRI_6023A_marker_classification                                                                                                                                      │
│    ├── WHRI_6023A_marker_classification.json (execution parameters)                                                                                                      │
│    ├── WHRI_6023A_features.tsv (sequence feature data: tabular format)                                                                                                   │
│    ├── WHRI_6023A_features.npz (sequence feature data: binary format)                                                                                                    │
│    ├── WHRI_6023A_marker_classification.tsv (sequence classification: tabular format)                                                                                    │
│    ├── WHRI_6023A_marker_classification.npz (sequence classification: binary format)                                                                                     │
│    ├── WHRI_6023A_provirus_features.tsv (provirus feature data: tabular format)                                                                                          │
│    ├── WHRI_6023A_provirus_features.npz (provirus feature data: binary format)                                                                                           │
│    ├── WHRI_6023A_provirus_marker_classification.tsv (provirus classification: tabular format)                                                                           │
│    └── WHRI_6023A_provirus_marker_classification.npz (provirus classification: binary format)                                                                            │
╰──────────────────────────────────────────────────────────────────────────────────────────────────────────────────────────────────────────────────────────────────────────╯
[10:07:01] Executing genomad marker-classification.                                                                                                                         
[10:07:01] Creating the WHRI_6023A_marker_classification directory.                                                                                                         
[10:07:02] Sequence features computed.                                                                                                                                      
[10:07:02] Sequence features in binary format written to WHRI_6023A_features.npz.                                                                                           
[10:07:02] Sequence features in tabular format written to WHRI_6023A_features.tsv.                                                                                          
[10:07:02] Provirus features computed.                                                                                                                                      
[10:07:02] Provirus features in binary format written to WHRI_6023A_provirus_features.npz.                                                                                  
[10:07:02] Provirus features in tabular format written to WHRI_6023A_provirus_features.tsv.                                                                                 
[10:07:02] Sequences classified.                                                                                                                                            
[10:07:02] Sequence classification in binary format written to WHRI_6023A_marker_classification.npz.                                                                        
[10:07:02] Sequence classification in tabular format written to WHRI_6023A_marker_classification.tsv.                                                                       
[10:07:03] Proviruses classified.                                                                                                                                           
[10:07:03] Provirus classification in binary format written to WHRI_6023A_provirus_marker_classification.npz.                                                               
[10:07:03] Provirus classification in tabular format written to WHRI_6023A_provirus_marker_classification.tsv.                                                              
[10:07:03] geNomad marker-classification finished!                                                                                                                          
