╭──────────────────────────────────────────────────────────────────────────────────────────────────────────────────────────────────────────────────────────────────────────╮
│  Executing geNomad nn-classification (v1.11.1). This will classify the input sequences into chromosome, plasmid, or virus based on the nucleotide sequence.              │
│  ──────────────────────────────────────────────────────────────────────────────────────────────────────────────────────────────────────────────────────────────────────  │
│  Outputs:                                                                                                                                                                │
│    WHRI_7657_nn_classification                                                                                                                                           │
│    ├── WHRI_7657_nn_classification.json (execution parameters)                                                                                                           │
│    ├── WHRI_7657_encoded_sequences (directory containing encoded sequence data)                                                                                          │
│    ├── WHRI_7657_nn_classification.tsv (contig classification: tabular format)                                                                                           │
│    ├── WHRI_7657_nn_classification.npz (contig classification: binary format)                                                                                            │
│    ├── WHRI_7657_encoded_proviruses (directory containing encoded sequence data)                                                                                         │
│    ├── WHRI_7657_provirus_nn_classification.tsv (provirus classification: tabular format)                                                                                │
│    └── WHRI_7657_provirus_nn_classification.npz (provirus classification: binary format)                                                                                 │
╰──────────────────────────────────────────────────────────────────────────────────────────────────────────────────────────────────────────────────────────────────────────╯
[12:11:11] Executing genomad nn-classification.                                                                                                                             
[12:11:11] Creating the WHRI_7657_nn_classification directory.                                                                                                              
[12:11:11] Creating the WHRI_7657_nn_classification/WHRI_7657_encoded_sequences directory.                                                                                  
[12:11:12] Encoded sequence data written to WHRI_7657_encoded_sequences.                                                                                                    
[12:11:12] Creating the WHRI_7657_nn_classification/WHRI_7657_encoded_proviruses directory.                                                                                 
[12:11:12] Encoded provirus data written to WHRI_7657_encoded_proviruses.                                                                                                   
[12:11:20] Sequences classified.                                                                                                                                            
[12:11:20] Sequence classification in binary format written to WHRI_7657_nn_classification.npz.                                                                             
[12:11:20] Deleting encoded sequence data.                                                                                                                                  
[12:11:20] Sequence classification in tabular format written to WHRI_7657_nn_classification.tsv.                                                                            
[12:11:23] Proviruses classified.                                                                                                                                           
[12:11:23] Provirus classification in binary format written to WHRI_7657_provirus_nn_classification.npz.                                                                    
[12:11:23] Deleting encoded provirus data.                                                                                                                                  
[12:11:23] Provirus classification in tabular format written to WHRI_7657_provirus_nn_classification.tsv.                                                                   
[12:11:23] geNomad nn-classification finished!                                                                                                                              
