╭──────────────────────────────────────────────────────────────────────────────────────────────────────────────────────────────────────────────────────────────────────────╮
│  Executing geNomad nn-classification (v1.11.1). This will classify the input sequences into chromosome, plasmid, or virus based on the nucleotide sequence.              │
│  ──────────────────────────────────────────────────────────────────────────────────────────────────────────────────────────────────────────────────────────────────────  │
│  Outputs:                                                                                                                                                                │
│    WHRI_8951_nn_classification                                                                                                                                           │
│    ├── WHRI_8951_nn_classification.json (execution parameters)                                                                                                           │
│    ├── WHRI_8951_encoded_sequences (directory containing encoded sequence data)                                                                                          │
│    ├── WHRI_8951_nn_classification.tsv (contig classification: tabular format)                                                                                           │
│    ├── WHRI_8951_nn_classification.npz (contig classification: binary format)                                                                                            │
│    ├── WHRI_8951_encoded_proviruses (directory containing encoded sequence data)                                                                                         │
│    ├── WHRI_8951_provirus_nn_classification.tsv (provirus classification: tabular format)                                                                                │
│    └── WHRI_8951_provirus_nn_classification.npz (provirus classification: binary format)                                                                                 │
╰──────────────────────────────────────────────────────────────────────────────────────────────────────────────────────────────────────────────────────────────────────────╯
[15:03:42] Executing genomad nn-classification.                                                                                                                             
[15:03:42] Creating the WHRI_8951_nn_classification directory.                                                                                                              
[15:03:42] Creating the WHRI_8951_nn_classification/WHRI_8951_encoded_sequences directory.                                                                                  
[15:03:43] Encoded sequence data written to WHRI_8951_encoded_sequences.                                                                                                    
[15:03:43] Creating the WHRI_8951_nn_classification/WHRI_8951_encoded_proviruses directory.                                                                                 
[15:03:43] Encoded provirus data written to WHRI_8951_encoded_proviruses.                                                                                                   
[15:03:50] Sequences classified.                                                                                                                                            
[15:03:50] Sequence classification in binary format written to WHRI_8951_nn_classification.npz.                                                                             
[15:03:50] Deleting encoded sequence data.                                                                                                                                  
[15:03:50] Sequence classification in tabular format written to WHRI_8951_nn_classification.tsv.                                                                            
[15:03:54] Proviruses classified.                                                                                                                                           
[15:03:54] Provirus classification in binary format written to WHRI_8951_provirus_nn_classification.npz.                                                                    
[15:03:54] Deleting encoded provirus data.                                                                                                                                  
[15:03:54] Provirus classification in tabular format written to WHRI_8951_provirus_nn_classification.tsv.                                                                   
[15:03:54] geNomad nn-classification finished!                                                                                                                              
