╭──────────────────────────────────────────────────────────────────────────────────────────────────────────────────────────────────────────────────────────────────────────╮
│  Executing geNomad marker-classification (v1.11.1). This will classify the input sequences into chromosome, plasmid, or virus based on the presence of geNomad markers   │
│  and other gene-related features.                                                                                                                                        │
│  ──────────────────────────────────────────────────────────────────────────────────────────────────────────────────────────────────────────────────────────────────────  │
│  Outputs:                                                                                                                                                                │
│    WHRI_5499_marker_classification                                                                                                                                       │
│    ├── WHRI_5499_marker_classification.json (execution parameters)                                                                                                       │
│    ├── WHRI_5499_features.tsv (sequence feature data: tabular format)                                                                                                    │
│    ├── WHRI_5499_features.npz (sequence feature data: binary format)                                                                                                     │
│    ├── WHRI_5499_marker_classification.tsv (sequence classification: tabular format)                                                                                     │
│    ├── WHRI_5499_marker_classification.npz (sequence classification: binary format)                                                                                      │
│    ├── WHRI_5499_provirus_features.tsv (provirus feature data: tabular format)                                                                                           │
│    ├── WHRI_5499_provirus_features.npz (provirus feature data: binary format)                                                                                            │
│    ├── WHRI_5499_provirus_marker_classification.tsv (provirus classification: tabular format)                                                                            │
│    └── WHRI_5499_provirus_marker_classification.npz (provirus classification: binary format)                                                                             │
╰──────────────────────────────────────────────────────────────────────────────────────────────────────────────────────────────────────────────────────────────────────────╯
[08:55:23] Executing genomad marker-classification.                                                                                                                         
[08:55:23] Creating the WHRI_5499_marker_classification directory.                                                                                                          
[08:55:24] Sequence features computed.                                                                                                                                      
[08:55:24] Sequence features in binary format written to WHRI_5499_features.npz.                                                                                            
[08:55:24] Sequence features in tabular format written to WHRI_5499_features.tsv.                                                                                           
[08:55:25] Provirus features computed.                                                                                                                                      
[08:55:25] Provirus features in binary format written to WHRI_5499_provirus_features.npz.                                                                                   
[08:55:25] Provirus features in tabular format written to WHRI_5499_provirus_features.tsv.                                                                                  
[08:55:25] Sequences classified.                                                                                                                                            
[08:55:25] Sequence classification in binary format written to WHRI_5499_marker_classification.npz.                                                                         
[08:55:25] Sequence classification in tabular format written to WHRI_5499_marker_classification.tsv.                                                                        
[08:55:25] Proviruses classified.                                                                                                                                           
[08:55:25] Provirus classification in binary format written to WHRI_5499_provirus_marker_classification.npz.                                                                
[08:55:25] Provirus classification in tabular format written to WHRI_5499_provirus_marker_classification.tsv.                                                               
[08:55:25] geNomad marker-classification finished!                                                                                                                          
