╭──────────────────────────────────────────────────────────────────────────────────────────────────────────────────────────────────────────────────────────────────────────╮
│  Executing geNomad nn-classification (v1.11.1). This will classify the input sequences into chromosome, plasmid, or virus based on the nucleotide sequence.              │
│  ──────────────────────────────────────────────────────────────────────────────────────────────────────────────────────────────────────────────────────────────────────  │
│  Outputs:                                                                                                                                                                │
│    WHRI_5734_nn_classification                                                                                                                                           │
│    ├── WHRI_5734_nn_classification.json (execution parameters)                                                                                                           │
│    ├── WHRI_5734_encoded_sequences (directory containing encoded sequence data)                                                                                          │
│    ├── WHRI_5734_nn_classification.tsv (contig classification: tabular format)                                                                                           │
│    ├── WHRI_5734_nn_classification.npz (contig classification: binary format)                                                                                            │
│    ├── WHRI_5734_encoded_proviruses (directory containing encoded sequence data)                                                                                         │
│    ├── WHRI_5734_provirus_nn_classification.tsv (provirus classification: tabular format)                                                                                │
│    └── WHRI_5734_provirus_nn_classification.npz (provirus classification: binary format)                                                                                 │
╰──────────────────────────────────────────────────────────────────────────────────────────────────────────────────────────────────────────────────────────────────────────╯
[09:24:18] Executing genomad nn-classification.                                                                                                                             
[09:24:18] Creating the WHRI_5734_nn_classification directory.                                                                                                              
[09:24:18] Creating the WHRI_5734_nn_classification/WHRI_5734_encoded_sequences directory.                                                                                  
[09:24:19] Encoded sequence data written to WHRI_5734_encoded_sequences.                                                                                                    
[09:24:19] Creating the WHRI_5734_nn_classification/WHRI_5734_encoded_proviruses directory.                                                                                 
[09:24:19] Encoded provirus data written to WHRI_5734_encoded_proviruses.                                                                                                   
[09:24:26] Sequences classified.                                                                                                                                            
[09:24:26] Sequence classification in binary format written to WHRI_5734_nn_classification.npz.                                                                             
[09:24:26] Deleting encoded sequence data.                                                                                                                                  
[09:24:26] Sequence classification in tabular format written to WHRI_5734_nn_classification.tsv.                                                                            
[09:24:29] Proviruses classified.                                                                                                                                           
[09:24:29] Provirus classification in binary format written to WHRI_5734_provirus_nn_classification.npz.                                                                    
[09:24:29] Deleting encoded provirus data.                                                                                                                                  
[09:24:29] Provirus classification in tabular format written to WHRI_5734_provirus_nn_classification.tsv.                                                                   
[09:24:29] geNomad nn-classification finished!                                                                                                                              
