╭──────────────────────────────────────────────────────────────────────────────────────────────────────────────────────────────────────────────────────────────────────────╮
│  Executing geNomad summary (v1.11.1). This will summarize the results across modules into a classification report.                                                       │
│  ──────────────────────────────────────────────────────────────────────────────────────────────────────────────────────────────────────────────────────────────────────  │
│  Outputs:                                                                                                                                                                │
│    WHRI_7943_summary                                                                                                                                                     │
│    ├── WHRI_7943_summary.json (execution parameters)                                                                                                                     │
│    ├── WHRI_7943_virus_summary.tsv (virus classification summary)                                                                                                        │
│    ├── WHRI_7943_plasmid_summary.tsv (plasmid classification summary)                                                                                                    │
│    ├── WHRI_7943_virus.fna (virus nucleotide FASTA file)                                                                                                                 │
│    ├── WHRI_7943_plasmid.fna (plasmid nucleotide FASTA file)                                                                                                             │
│    ├── WHRI_7943_virus_proteins.faa (virus protein FASTA file)                                                                                                           │
│    ├── WHRI_7943_plasmid_proteins.faa (plasmid protein FASTA file)                                                                                                       │
│    ├── WHRI_7943_virus_genes.tsv (virus gene annotation data)                                                                                                            │
│    └── WHRI_7943_plasmid_genes.tsv (plasmid gene annotation data)                                                                                                        │
╰──────────────────────────────────────────────────────────────────────────────────────────────────────────────────────────────────────────────────────────────────────────╯
[12:32:00] Executing genomad summary.                                                                                                                                       
[12:32:00] Creating the WHRI_7943_summary directory.                                                                                                                        
[12:32:00] Using scores from aggregated-classification.                                                                                                                     
[12:32:00] 2 plasmid(s) and 0 virus(es) were identified.                                                                                                                    
[12:32:00] Nucleotide sequences were written to WHRI_7943_plasmid.fna and WHRI_7943_virus.fna.                                                                              
[12:32:00] Protein sequences were written to WHRI_7943_plasmid_proteins.faa and WHRI_7943_virus_proteins.faa.                                                               
[12:32:00] Gene annotation data was written to WHRI_7943_plasmid_genes.tsv and WHRI_7943_virus_genes.tsv.                                                                   
[12:32:00] Summary files were written to WHRI_7943_plasmid_summary.tsv and WHRI_7943_virus_summary.tsv.                                                                     
[12:32:00] geNomad summary finished!                                                                                                                                        
