╭──────────────────────────────────────────────────────────────────────────────────────────────────────────────────────────────────────────────────────────────────────────╮
│  Executing geNomad nn-classification (v1.11.1). This will classify the input sequences into chromosome, plasmid, or virus based on the nucleotide sequence.              │
│  ──────────────────────────────────────────────────────────────────────────────────────────────────────────────────────────────────────────────────────────────────────  │
│  Outputs:                                                                                                                                                                │
│    WHRI_8458A_nn_classification                                                                                                                                          │
│    ├── WHRI_8458A_nn_classification.json (execution parameters)                                                                                                          │
│    ├── WHRI_8458A_encoded_sequences (directory containing encoded sequence data)                                                                                         │
│    ├── WHRI_8458A_nn_classification.tsv (contig classification: tabular format)                                                                                          │
│    ├── WHRI_8458A_nn_classification.npz (contig classification: binary format)                                                                                           │
│    ├── WHRI_8458A_encoded_proviruses (directory containing encoded sequence data)                                                                                        │
│    ├── WHRI_8458A_provirus_nn_classification.tsv (provirus classification: tabular format)                                                                               │
│    └── WHRI_8458A_provirus_nn_classification.npz (provirus classification: binary format)                                                                                │
╰──────────────────────────────────────────────────────────────────────────────────────────────────────────────────────────────────────────────────────────────────────────╯
[13:35:55] Executing genomad nn-classification.                                                                                                                             
[13:35:55] Creating the WHRI_8458A_nn_classification directory.                                                                                                             
[13:35:55] Creating the WHRI_8458A_nn_classification/WHRI_8458A_encoded_sequences directory.                                                                                
[13:35:56] Encoded sequence data written to WHRI_8458A_encoded_sequences.                                                                                                   
[13:35:56] Creating the WHRI_8458A_nn_classification/WHRI_8458A_encoded_proviruses directory.                                                                               
[13:35:56] Encoded provirus data written to WHRI_8458A_encoded_proviruses.                                                                                                  
[13:36:03] Sequences classified.                                                                                                                                            
[13:36:03] Sequence classification in binary format written to WHRI_8458A_nn_classification.npz.                                                                            
[13:36:03] Deleting encoded sequence data.                                                                                                                                  
[13:36:03] Sequence classification in tabular format written to WHRI_8458A_nn_classification.tsv.                                                                           
[13:36:06] Proviruses classified.                                                                                                                                           
[13:36:06] Provirus classification in binary format written to WHRI_8458A_provirus_nn_classification.npz.                                                                   
[13:36:06] Deleting encoded provirus data.                                                                                                                                  
[13:36:06] Provirus classification in tabular format written to WHRI_8458A_provirus_nn_classification.tsv.                                                                  
[13:36:06] geNomad nn-classification finished!                                                                                                                              
