╭──────────────────────────────────────────────────────────────────────────────────────────────────────────────────────────────────────────────────────────────────────────╮
│  Executing geNomad nn-classification (v1.11.1). This will classify the input sequences into chromosome, plasmid, or virus based on the nucleotide sequence.              │
│  ──────────────────────────────────────────────────────────────────────────────────────────────────────────────────────────────────────────────────────────────────────  │
│  Outputs:                                                                                                                                                                │
│    WHRI_8020A_nn_classification                                                                                                                                          │
│    ├── WHRI_8020A_nn_classification.json (execution parameters)                                                                                                          │
│    ├── WHRI_8020A_encoded_sequences (directory containing encoded sequence data)                                                                                         │
│    ├── WHRI_8020A_nn_classification.tsv (contig classification: tabular format)                                                                                          │
│    ├── WHRI_8020A_nn_classification.npz (contig classification: binary format)                                                                                           │
│    ├── WHRI_8020A_encoded_proviruses (directory containing encoded sequence data)                                                                                        │
│    ├── WHRI_8020A_provirus_nn_classification.tsv (provirus classification: tabular format)                                                                               │
│    └── WHRI_8020A_provirus_nn_classification.npz (provirus classification: binary format)                                                                                │
╰──────────────────────────────────────────────────────────────────────────────────────────────────────────────────────────────────────────────────────────────────────────╯
[12:34:31] Executing genomad nn-classification.                                                                                                                             
[12:34:31] Creating the WHRI_8020A_nn_classification directory.                                                                                                             
[12:34:31] Creating the WHRI_8020A_nn_classification/WHRI_8020A_encoded_sequences directory.                                                                                
[12:34:32] Encoded sequence data written to WHRI_8020A_encoded_sequences.                                                                                                   
[12:34:32] Creating the WHRI_8020A_nn_classification/WHRI_8020A_encoded_proviruses directory.                                                                               
[12:34:32] Encoded provirus data written to WHRI_8020A_encoded_proviruses.                                                                                                  
[12:34:39] Sequences classified.                                                                                                                                            
[12:34:39] Sequence classification in binary format written to WHRI_8020A_nn_classification.npz.                                                                            
[12:34:39] Deleting encoded sequence data.                                                                                                                                  
[12:34:40] Sequence classification in tabular format written to WHRI_8020A_nn_classification.tsv.                                                                           
[12:34:42] Proviruses classified.                                                                                                                                           
[12:34:42] Provirus classification in binary format written to WHRI_8020A_provirus_nn_classification.npz.                                                                   
[12:34:42] Deleting encoded provirus data.                                                                                                                                  
[12:34:42] Provirus classification in tabular format written to WHRI_8020A_provirus_nn_classification.tsv.                                                                  
[12:34:42] geNomad nn-classification finished!                                                                                                                              
