╭──────────────────────────────────────────────────────────────────────────────────────────────────────────────────────────────────────────────────────────────────────────╮
│  Executing geNomad find-proviruses (v1.11.1). This will find putative proviral regions within the input sequences.                                                       │
│  ──────────────────────────────────────────────────────────────────────────────────────────────────────────────────────────────────────────────────────────────────────  │
│  Outputs:                                                                                                                                                                │
│    WHRI_8063_find_proviruses                                                                                                                                             │
│    ├── WHRI_8063_find_proviruses.json (execution parameters)                                                                                                             │
│    ├── WHRI_8063_provirus.tsv (provirus data)                                                                                                                            │
│    ├── WHRI_8063_provirus.fna (provirus nucleotide sequences)                                                                                                            │
│    ├── WHRI_8063_provirus_proteins.faa (provirus protein sequences)                                                                                                      │
│    ├── WHRI_8063_provirus_genes.tsv (provirus gene annotation data)                                                                                                      │
│    ├── WHRI_8063_provirus_taxonomy.tsv (provirus taxonomic assignment)                                                                                                   │
│    ├── WHRI_8063_provirus_mmseqs2.tsv (MMseqs2 output file)                                                                                                              │
│    └── WHRI_8063_provirus_aragorn.tsv (Aragorn output file)                                                                                                              │
╰──────────────────────────────────────────────────────────────────────────────────────────────────────────────────────────────────────────────────────────────────────────╯
[12:44:12] Executing genomad find-proviruses.                                                                                                                               
[12:44:12] Creating the WHRI_8063_find_proviruses directory.                                                                                                                
[12:44:15] Integrases identified with MMseqs2 and geNomad database (v1.9) were written to WHRI_8063_provirus_mmseqs2.tsv.                                                   
[12:44:15] Deleting WHRI_8063_provirus_mmseqs2.                                                                                                                             
[12:44:15] Deleting WHRI_8063_provirus_mmseqs2_input.faa.                                                                                                                   
[12:44:16] tRNAs identified with Aragorn were written to WHRI_8063_provirus_aragorn.tsv.                                                                                    
[12:44:16] Deleting WHRI_8063_provirus_aragorn_input.fna.                                                                                                                   
[12:44:17] Provirus regions identified.                                                                                                                                     
[12:44:17] Provirus data was written to WHRI_8063_provirus.tsv.                                                                                                             
[12:44:17] Provirus nucleotide sequences were written to WHRI_8063_provirus.fna.                                                                                            
[12:44:17] Provirus protein sequences were written to WHRI_8063_provirus_proteins.faa.                                                                                      
[12:44:17] Provirus gene data was written to WHRI_8063_provirus_genes.tsv.                                                                                                  
[12:44:17] Taxonomic assignment data was written to WHRI_8063_provirus_taxonomy.tsv.                                                                                        
[12:44:17] geNomad find-proviruses finished!                                                                                                                                
