╭──────────────────────────────────────────────────────────────────────────────────────────────────────────────────────────────────────────────────────────────────────────╮
│  Executing geNomad nn-classification (v1.11.1). This will classify the input sequences into chromosome, plasmid, or virus based on the nucleotide sequence.              │
│  ──────────────────────────────────────────────────────────────────────────────────────────────────────────────────────────────────────────────────────────────────────  │
│  Outputs:                                                                                                                                                                │
│    WHRI_7240_nn_classification                                                                                                                                           │
│    ├── WHRI_7240_nn_classification.json (execution parameters)                                                                                                           │
│    ├── WHRI_7240_encoded_sequences (directory containing encoded sequence data)                                                                                          │
│    ├── WHRI_7240_nn_classification.tsv (contig classification: tabular format)                                                                                           │
│    ├── WHRI_7240_nn_classification.npz (contig classification: binary format)                                                                                            │
│    ├── WHRI_7240_encoded_proviruses (directory containing encoded sequence data)                                                                                         │
│    ├── WHRI_7240_provirus_nn_classification.tsv (provirus classification: tabular format)                                                                                │
│    └── WHRI_7240_provirus_nn_classification.npz (provirus classification: binary format)                                                                                 │
╰──────────────────────────────────────────────────────────────────────────────────────────────────────────────────────────────────────────────────────────────────────────╯
[11:46:13] Executing genomad nn-classification.                                                                                                                             
[11:46:13] Creating the WHRI_7240_nn_classification directory.                                                                                                              
[11:46:13] Creating the WHRI_7240_nn_classification/WHRI_7240_encoded_sequences directory.                                                                                  
[11:46:14] Encoded sequence data written to WHRI_7240_encoded_sequences.                                                                                                    
[11:46:14] Creating the WHRI_7240_nn_classification/WHRI_7240_encoded_proviruses directory.                                                                                 
[11:46:14] Encoded provirus data written to WHRI_7240_encoded_proviruses.                                                                                                   
[11:46:21] Sequences classified.                                                                                                                                            
[11:46:21] Sequence classification in binary format written to WHRI_7240_nn_classification.npz.                                                                             
[11:46:21] Deleting encoded sequence data.                                                                                                                                  
[11:46:21] Sequence classification in tabular format written to WHRI_7240_nn_classification.tsv.                                                                            
[11:46:24] Proviruses classified.                                                                                                                                           
[11:46:24] Provirus classification in binary format written to WHRI_7240_provirus_nn_classification.npz.                                                                    
[11:46:24] Deleting encoded provirus data.                                                                                                                                  
[11:46:24] Provirus classification in tabular format written to WHRI_7240_provirus_nn_classification.tsv.                                                                   
[11:46:24] geNomad nn-classification finished!                                                                                                                              
