╭──────────────────────────────────────────────────────────────────────────────────────────────────────────────────────────────────────────────────────────────────────────╮
│  Executing geNomad aggregated-classification (v1.11.1). This will aggregate the results of the marker-classification and nn-classification modules to classify the       │
│  input sequences into chromosome, plasmid, or virus.                                                                                                                     │
│  ──────────────────────────────────────────────────────────────────────────────────────────────────────────────────────────────────────────────────────────────────────  │
│  Outputs:                                                                                                                                                                │
│    WHRI_6058_aggregated_classification                                                                                                                                   │
│    ├── WHRI_6058_aggregated_classification.json (execution parameters)                                                                                                   │
│    ├── WHRI_6058_aggregated_classification.tsv (sequence classification: tabular format)                                                                                 │
│    ├── WHRI_6058_aggregated_classification.npz (sequence classification: binary format)                                                                                  │
│    ├── WHRI_6058_provirus_aggregated_classification.tsv (provirus classification: tabular format)                                                                        │
│    └── WHRI_6058_provirus_aggregated_classification.npz (provirus classification: binary format)                                                                         │
╰──────────────────────────────────────────────────────────────────────────────────────────────────────────────────────────────────────────────────────────────────────────╯
[10:29:57] Executing genomad aggregated-classification.                                                                                                                     
[10:29:57] Creating the WHRI_6058_aggregated_classification directory.                                                                                                      
[10:29:57] The total marker frequencies of the input sequences were computed.                                                                                               
[10:29:57] Sequences classified.                                                                                                                                            
[10:29:57] Sequence classification in binary format written to WHRI_6058_aggregated_classification.npz.                                                                     
[10:29:57] Sequence classification in tabular format written to WHRI_6058_aggregated_classification.tsv.                                                                    
[10:29:57] Proviruses classified.                                                                                                                                           
[10:29:57] Provirus classification in binary format written to WHRI_6058_provirus_aggregated_classification.npz.                                                            
[10:29:57] Provirus classification in tabular format written to WHRI_6058_provirus_aggregated_classification.tsv.                                                           
[10:29:57] geNomad aggregated-classification finished!                                                                                                                      
