╭──────────────────────────────────────────────────────────────────────────────────────────────────────────────────────────────────────────────────────────────────────────╮
│  Executing geNomad nn-classification (v1.11.1). This will classify the input sequences into chromosome, plasmid, or virus based on the nucleotide sequence.              │
│  ──────────────────────────────────────────────────────────────────────────────────────────────────────────────────────────────────────────────────────────────────────  │
│  Outputs:                                                                                                                                                                │
│    WHRI_3880_(NCPPB_2986)_nn_classification                                                                                                                              │
│    ├── WHRI_3880_(NCPPB_2986)_nn_classification.json (execution parameters)                                                                                              │
│    ├── WHRI_3880_(NCPPB_2986)_encoded_sequences (directory containing encoded sequence data)                                                                             │
│    ├── WHRI_3880_(NCPPB_2986)_nn_classification.tsv (contig classification: tabular format)                                                                              │
│    ├── WHRI_3880_(NCPPB_2986)_nn_classification.npz (contig classification: binary format)                                                                               │
│    ├── WHRI_3880_(NCPPB_2986)_encoded_proviruses (directory containing encoded sequence data)                                                                            │
│    ├── WHRI_3880_(NCPPB_2986)_provirus_nn_classification.tsv (provirus classification: tabular format)                                                                   │
│    └── WHRI_3880_(NCPPB_2986)_provirus_nn_classification.npz (provirus classification: binary format)                                                                    │
╰──────────────────────────────────────────────────────────────────────────────────────────────────────────────────────────────────────────────────────────────────────────╯
[08:29:15] Executing genomad nn-classification.                                                                                                                             
[08:29:15] Creating the WHRI_3880_(NCPPB_2986)_nn_classification directory.                                                                                                 
[08:29:15] Creating the WHRI_3880_(NCPPB_2986)_nn_classification/WHRI_3880_(NCPPB_2986)_encoded_sequences directory.                                                        
[08:29:16] Encoded sequence data written to WHRI_3880_(NCPPB_2986)_encoded_sequences.                                                                                       
[08:29:16] Creating the WHRI_3880_(NCPPB_2986)_nn_classification/WHRI_3880_(NCPPB_2986)_encoded_proviruses directory.                                                       
[08:29:16] Encoded provirus data written to WHRI_3880_(NCPPB_2986)_encoded_proviruses.                                                                                      
[08:29:22] Sequences classified.                                                                                                                                            
[08:29:22] Sequence classification in binary format written to WHRI_3880_(NCPPB_2986)_nn_classification.npz.                                                                
[08:29:22] Deleting encoded sequence data.                                                                                                                                  
[08:29:22] Sequence classification in tabular format written to WHRI_3880_(NCPPB_2986)_nn_classification.tsv.                                                               
[08:29:25] Proviruses classified.                                                                                                                                           
[08:29:25] Provirus classification in binary format written to WHRI_3880_(NCPPB_2986)_provirus_nn_classification.npz.                                                       
[08:29:25] Deleting encoded provirus data.                                                                                                                                  
[08:29:25] Provirus classification in tabular format written to WHRI_3880_(NCPPB_2986)_provirus_nn_classification.tsv.                                                      
[08:29:25] geNomad nn-classification finished!                                                                                                                              
