╭──────────────────────────────────────────────────────────────────────────────────────────────────────────────────────────────────────────────────────────────────────────╮
│  Executing geNomad summary (v1.11.1). This will summarize the results across modules into a classification report.                                                       │
│  ──────────────────────────────────────────────────────────────────────────────────────────────────────────────────────────────────────────────────────────────────────  │
│  Outputs:                                                                                                                                                                │
│    WHRI_6023A_summary                                                                                                                                                    │
│    ├── WHRI_6023A_summary.json (execution parameters)                                                                                                                    │
│    ├── WHRI_6023A_virus_summary.tsv (virus classification summary)                                                                                                       │
│    ├── WHRI_6023A_plasmid_summary.tsv (plasmid classification summary)                                                                                                   │
│    ├── WHRI_6023A_virus.fna (virus nucleotide FASTA file)                                                                                                                │
│    ├── WHRI_6023A_plasmid.fna (plasmid nucleotide FASTA file)                                                                                                            │
│    ├── WHRI_6023A_virus_proteins.faa (virus protein FASTA file)                                                                                                          │
│    ├── WHRI_6023A_plasmid_proteins.faa (plasmid protein FASTA file)                                                                                                      │
│    ├── WHRI_6023A_virus_genes.tsv (virus gene annotation data)                                                                                                           │
│    └── WHRI_6023A_plasmid_genes.tsv (plasmid gene annotation data)                                                                                                       │
╰──────────────────────────────────────────────────────────────────────────────────────────────────────────────────────────────────────────────────────────────────────────╯
[10:07:15] Executing genomad summary.                                                                                                                                       
[10:07:15] Creating the WHRI_6023A_summary directory.                                                                                                                       
[10:07:15] Using scores from aggregated-classification.                                                                                                                     
[10:07:15] 13 plasmid(s) and 2 virus(es) were identified.                                                                                                                   
[10:07:15] Nucleotide sequences were written to WHRI_6023A_plasmid.fna and WHRI_6023A_virus.fna.                                                                            
[10:07:15] Protein sequences were written to WHRI_6023A_plasmid_proteins.faa and WHRI_6023A_virus_proteins.faa.                                                             
[10:07:15] Gene annotation data was written to WHRI_6023A_plasmid_genes.tsv and WHRI_6023A_virus_genes.tsv.                                                                 
[10:07:15] Summary files were written to WHRI_6023A_plasmid_summary.tsv and WHRI_6023A_virus_summary.tsv.                                                                   
[10:07:15] geNomad summary finished!                                                                                                                                        
