╭──────────────────────────────────────────────────────────────────────────────────────────────────────────────────────────────────────────────────────────────────────────╮
│  Executing geNomad summary (v1.11.1). This will summarize the results across modules into a classification report.                                                       │
│  ──────────────────────────────────────────────────────────────────────────────────────────────────────────────────────────────────────────────────────────────────────  │
│  Outputs:                                                                                                                                                                │
│    WHRI_8443B_summary                                                                                                                                                    │
│    ├── WHRI_8443B_summary.json (execution parameters)                                                                                                                    │
│    ├── WHRI_8443B_virus_summary.tsv (virus classification summary)                                                                                                       │
│    ├── WHRI_8443B_plasmid_summary.tsv (plasmid classification summary)                                                                                                   │
│    ├── WHRI_8443B_virus.fna (virus nucleotide FASTA file)                                                                                                                │
│    ├── WHRI_8443B_plasmid.fna (plasmid nucleotide FASTA file)                                                                                                            │
│    ├── WHRI_8443B_virus_proteins.faa (virus protein FASTA file)                                                                                                          │
│    ├── WHRI_8443B_plasmid_proteins.faa (plasmid protein FASTA file)                                                                                                      │
│    ├── WHRI_8443B_virus_genes.tsv (virus gene annotation data)                                                                                                           │
│    └── WHRI_8443B_plasmid_genes.tsv (plasmid gene annotation data)                                                                                                       │
╰──────────────────────────────────────────────────────────────────────────────────────────────────────────────────────────────────────────────────────────────────────────╯
[13:19:22] Executing genomad summary.                                                                                                                                       
[13:19:22] Creating the WHRI_8443B_summary directory.                                                                                                                       
[13:19:22] Using scores from aggregated-classification.                                                                                                                     
[13:19:22] 12 plasmid(s) and 0 virus(es) were identified.                                                                                                                   
[13:19:22] Nucleotide sequences were written to WHRI_8443B_plasmid.fna and WHRI_8443B_virus.fna.                                                                            
[13:19:22] Protein sequences were written to WHRI_8443B_plasmid_proteins.faa and WHRI_8443B_virus_proteins.faa.                                                             
[13:19:22] Gene annotation data was written to WHRI_8443B_plasmid_genes.tsv and WHRI_8443B_virus_genes.tsv.                                                                 
[13:19:22] Summary files were written to WHRI_8443B_plasmid_summary.tsv and WHRI_8443B_virus_summary.tsv.                                                                   
[13:19:22] geNomad summary finished!                                                                                                                                        
