╭──────────────────────────────────────────────────────────────────────────────────────────────────────────────────────────────────────────────────────────────────────────╮
│  Executing geNomad nn-classification (v1.11.1). This will classify the input sequences into chromosome, plasmid, or virus based on the nucleotide sequence.              │
│  ──────────────────────────────────────────────────────────────────────────────────────────────────────────────────────────────────────────────────────────────────────  │
│  Outputs:                                                                                                                                                                │
│    WHRI_8895_nn_classification                                                                                                                                           │
│    ├── WHRI_8895_nn_classification.json (execution parameters)                                                                                                           │
│    ├── WHRI_8895_encoded_sequences (directory containing encoded sequence data)                                                                                          │
│    ├── WHRI_8895_nn_classification.tsv (contig classification: tabular format)                                                                                           │
│    ├── WHRI_8895_nn_classification.npz (contig classification: binary format)                                                                                            │
│    ├── WHRI_8895_encoded_proviruses (directory containing encoded sequence data)                                                                                         │
│    ├── WHRI_8895_provirus_nn_classification.tsv (provirus classification: tabular format)                                                                                │
│    └── WHRI_8895_provirus_nn_classification.npz (provirus classification: binary format)                                                                                 │
╰──────────────────────────────────────────────────────────────────────────────────────────────────────────────────────────────────────────────────────────────────────────╯
[14:56:40] Executing genomad nn-classification.                                                                                                                             
[14:56:40] Creating the WHRI_8895_nn_classification directory.                                                                                                              
[14:56:40] Creating the WHRI_8895_nn_classification/WHRI_8895_encoded_sequences directory.                                                                                  
[14:56:41] Encoded sequence data written to WHRI_8895_encoded_sequences.                                                                                                    
[14:56:41] Creating the WHRI_8895_nn_classification/WHRI_8895_encoded_proviruses directory.                                                                                 
[14:56:41] Encoded provirus data written to WHRI_8895_encoded_proviruses.                                                                                                   
[14:56:48] Sequences classified.                                                                                                                                            
[14:56:48] Sequence classification in binary format written to WHRI_8895_nn_classification.npz.                                                                             
[14:56:48] Deleting encoded sequence data.                                                                                                                                  
[14:56:48] Sequence classification in tabular format written to WHRI_8895_nn_classification.tsv.                                                                            
[14:56:51] Proviruses classified.                                                                                                                                           
[14:56:51] Provirus classification in binary format written to WHRI_8895_provirus_nn_classification.npz.                                                                    
[14:56:51] Deleting encoded provirus data.                                                                                                                                  
[14:56:51] Provirus classification in tabular format written to WHRI_8895_provirus_nn_classification.tsv.                                                                   
[14:56:51] geNomad nn-classification finished!                                                                                                                              
