╭──────────────────────────────────────────────────────────────────────────────────────────────────────────────────────────────────────────────────────────────────────────╮
│  Executing geNomad summary (v1.11.1). This will summarize the results across modules into a classification report.                                                       │
│  ──────────────────────────────────────────────────────────────────────────────────────────────────────────────────────────────────────────────────────────────────────  │
│  Outputs:                                                                                                                                                                │
│    WHRI_10019C_summary                                                                                                                                                   │
│    ├── WHRI_10019C_summary.json (execution parameters)                                                                                                                   │
│    ├── WHRI_10019C_virus_summary.tsv (virus classification summary)                                                                                                      │
│    ├── WHRI_10019C_plasmid_summary.tsv (plasmid classification summary)                                                                                                  │
│    ├── WHRI_10019C_virus.fna (virus nucleotide FASTA file)                                                                                                               │
│    ├── WHRI_10019C_plasmid.fna (plasmid nucleotide FASTA file)                                                                                                           │
│    ├── WHRI_10019C_virus_proteins.faa (virus protein FASTA file)                                                                                                         │
│    ├── WHRI_10019C_plasmid_proteins.faa (plasmid protein FASTA file)                                                                                                     │
│    ├── WHRI_10019C_virus_genes.tsv (virus gene annotation data)                                                                                                          │
│    └── WHRI_10019C_plasmid_genes.tsv (plasmid gene annotation data)                                                                                                      │
╰──────────────────────────────────────────────────────────────────────────────────────────────────────────────────────────────────────────────────────────────────────────╯
[07:41:14] Executing genomad summary.                                                                                                                                       
[07:41:14] Creating the WHRI_10019C_summary directory.                                                                                                                      
[07:41:14] Using scores from aggregated-classification.                                                                                                                     
[07:41:14] 12 plasmid(s) and 2 virus(es) were identified.                                                                                                                   
[07:41:14] Nucleotide sequences were written to WHRI_10019C_plasmid.fna and WHRI_10019C_virus.fna.                                                                          
[07:41:14] Protein sequences were written to WHRI_10019C_plasmid_proteins.faa and WHRI_10019C_virus_proteins.faa.                                                           
[07:41:14] Gene annotation data was written to WHRI_10019C_plasmid_genes.tsv and WHRI_10019C_virus_genes.tsv.                                                               
[07:41:14] Summary files were written to WHRI_10019C_plasmid_summary.tsv and WHRI_10019C_virus_summary.tsv.                                                                 
[07:41:14] geNomad summary finished!                                                                                                                                        
