╭──────────────────────────────────────────────────────────────────────────────────────────────────────────────────────────────────────────────────────────────────────────╮
│  Executing geNomad summary (v1.11.1). This will summarize the results across modules into a classification report.                                                       │
│  ──────────────────────────────────────────────────────────────────────────────────────────────────────────────────────────────────────────────────────────────────────  │
│  Outputs:                                                                                                                                                                │
│    WHRI_8894_summary                                                                                                                                                     │
│    ├── WHRI_8894_summary.json (execution parameters)                                                                                                                     │
│    ├── WHRI_8894_virus_summary.tsv (virus classification summary)                                                                                                        │
│    ├── WHRI_8894_plasmid_summary.tsv (plasmid classification summary)                                                                                                    │
│    ├── WHRI_8894_virus.fna (virus nucleotide FASTA file)                                                                                                                 │
│    ├── WHRI_8894_plasmid.fna (plasmid nucleotide FASTA file)                                                                                                             │
│    ├── WHRI_8894_virus_proteins.faa (virus protein FASTA file)                                                                                                           │
│    ├── WHRI_8894_plasmid_proteins.faa (plasmid protein FASTA file)                                                                                                       │
│    ├── WHRI_8894_virus_genes.tsv (virus gene annotation data)                                                                                                            │
│    └── WHRI_8894_plasmid_genes.tsv (plasmid gene annotation data)                                                                                                        │
╰──────────────────────────────────────────────────────────────────────────────────────────────────────────────────────────────────────────────────────────────────────────╯
[14:55:28] Executing genomad summary.                                                                                                                                       
[14:55:28] Creating the WHRI_8894_summary directory.                                                                                                                        
[14:55:28] Using scores from aggregated-classification.                                                                                                                     
[14:55:28] 11 plasmid(s) and 1 virus(es) were identified.                                                                                                                   
[14:55:28] Nucleotide sequences were written to WHRI_8894_plasmid.fna and WHRI_8894_virus.fna.                                                                              
[14:55:28] Protein sequences were written to WHRI_8894_plasmid_proteins.faa and WHRI_8894_virus_proteins.faa.                                                               
[14:55:28] Gene annotation data was written to WHRI_8894_plasmid_genes.tsv and WHRI_8894_virus_genes.tsv.                                                                   
[14:55:28] Summary files were written to WHRI_8894_plasmid_summary.tsv and WHRI_8894_virus_summary.tsv.                                                                     
[14:55:28] geNomad summary finished!                                                                                                                                        
