╭──────────────────────────────────────────────────────────────────────────────────────────────────────────────────────────────────────────────────────────────────────────╮
│  Executing geNomad summary (v1.11.1). This will summarize the results across modules into a classification report.                                                       │
│  ──────────────────────────────────────────────────────────────────────────────────────────────────────────────────────────────────────────────────────────────────────  │
│  Outputs:                                                                                                                                                                │
│    WHRI_5771_summary                                                                                                                                                     │
│    ├── WHRI_5771_summary.json (execution parameters)                                                                                                                     │
│    ├── WHRI_5771_virus_summary.tsv (virus classification summary)                                                                                                        │
│    ├── WHRI_5771_plasmid_summary.tsv (plasmid classification summary)                                                                                                    │
│    ├── WHRI_5771_virus.fna (virus nucleotide FASTA file)                                                                                                                 │
│    ├── WHRI_5771_plasmid.fna (plasmid nucleotide FASTA file)                                                                                                             │
│    ├── WHRI_5771_virus_proteins.faa (virus protein FASTA file)                                                                                                           │
│    ├── WHRI_5771_plasmid_proteins.faa (plasmid protein FASTA file)                                                                                                       │
│    ├── WHRI_5771_virus_genes.tsv (virus gene annotation data)                                                                                                            │
│    └── WHRI_5771_plasmid_genes.tsv (plasmid gene annotation data)                                                                                                        │
╰──────────────────────────────────────────────────────────────────────────────────────────────────────────────────────────────────────────────────────────────────────────╯
[09:37:15] Executing genomad summary.                                                                                                                                       
[09:37:15] Creating the WHRI_5771_summary directory.                                                                                                                        
[09:37:15] Using scores from aggregated-classification.                                                                                                                     
[09:37:15] 13 plasmid(s) and 2 virus(es) were identified.                                                                                                                   
[09:37:15] Nucleotide sequences were written to WHRI_5771_plasmid.fna and WHRI_5771_virus.fna.                                                                              
[09:37:15] Protein sequences were written to WHRI_5771_plasmid_proteins.faa and WHRI_5771_virus_proteins.faa.                                                               
[09:37:15] Gene annotation data was written to WHRI_5771_plasmid_genes.tsv and WHRI_5771_virus_genes.tsv.                                                                   
[09:37:15] Summary files were written to WHRI_5771_plasmid_summary.tsv and WHRI_5771_virus_summary.tsv.                                                                     
[09:37:15] geNomad summary finished!                                                                                                                                        
