╭──────────────────────────────────────────────────────────────────────────────────────────────────────────────────────────────────────────────────────────────────────────╮
│  Executing geNomad nn-classification (v1.11.1). This will classify the input sequences into chromosome, plasmid, or virus based on the nucleotide sequence.              │
│  ──────────────────────────────────────────────────────────────────────────────────────────────────────────────────────────────────────────────────────────────────────  │
│  Outputs:                                                                                                                                                                │
│    WHRI_8020C_nn_classification                                                                                                                                          │
│    ├── WHRI_8020C_nn_classification.json (execution parameters)                                                                                                          │
│    ├── WHRI_8020C_encoded_sequences (directory containing encoded sequence data)                                                                                         │
│    ├── WHRI_8020C_nn_classification.tsv (contig classification: tabular format)                                                                                          │
│    ├── WHRI_8020C_nn_classification.npz (contig classification: binary format)                                                                                           │
│    ├── WHRI_8020C_encoded_proviruses (directory containing encoded sequence data)                                                                                        │
│    ├── WHRI_8020C_provirus_nn_classification.tsv (provirus classification: tabular format)                                                                               │
│    └── WHRI_8020C_provirus_nn_classification.npz (provirus classification: binary format)                                                                                │
╰──────────────────────────────────────────────────────────────────────────────────────────────────────────────────────────────────────────────────────────────────────────╯
[12:35:57] Executing genomad nn-classification.                                                                                                                             
[12:35:57] Creating the WHRI_8020C_nn_classification directory.                                                                                                             
[12:35:57] Creating the WHRI_8020C_nn_classification/WHRI_8020C_encoded_sequences directory.                                                                                
[12:35:58] Encoded sequence data written to WHRI_8020C_encoded_sequences.                                                                                                   
[12:35:58] Creating the WHRI_8020C_nn_classification/WHRI_8020C_encoded_proviruses directory.                                                                               
[12:35:58] Encoded provirus data written to WHRI_8020C_encoded_proviruses.                                                                                                  
[12:36:05] Sequences classified.                                                                                                                                            
[12:36:05] Sequence classification in binary format written to WHRI_8020C_nn_classification.npz.                                                                            
[12:36:05] Deleting encoded sequence data.                                                                                                                                  
[12:36:05] Sequence classification in tabular format written to WHRI_8020C_nn_classification.tsv.                                                                           
[12:36:08] Proviruses classified.                                                                                                                                           
[12:36:08] Provirus classification in binary format written to WHRI_8020C_provirus_nn_classification.npz.                                                                   
[12:36:08] Deleting encoded provirus data.                                                                                                                                  
[12:36:08] Provirus classification in tabular format written to WHRI_8020C_provirus_nn_classification.tsv.                                                                  
[12:36:08] geNomad nn-classification finished!                                                                                                                              
