╭──────────────────────────────────────────────────────────────────────────────────────────────────────────────────────────────────────────────────────────────────────────╮
│  Executing geNomad summary (v1.11.1). This will summarize the results across modules into a classification report.                                                       │
│  ──────────────────────────────────────────────────────────────────────────────────────────────────────────────────────────────────────────────────────────────────────  │
│  Outputs:                                                                                                                                                                │
│    WHRI_6087_summary                                                                                                                                                     │
│    ├── WHRI_6087_summary.json (execution parameters)                                                                                                                     │
│    ├── WHRI_6087_virus_summary.tsv (virus classification summary)                                                                                                        │
│    ├── WHRI_6087_plasmid_summary.tsv (plasmid classification summary)                                                                                                    │
│    ├── WHRI_6087_virus.fna (virus nucleotide FASTA file)                                                                                                                 │
│    ├── WHRI_6087_plasmid.fna (plasmid nucleotide FASTA file)                                                                                                             │
│    ├── WHRI_6087_virus_proteins.faa (virus protein FASTA file)                                                                                                           │
│    ├── WHRI_6087_plasmid_proteins.faa (plasmid protein FASTA file)                                                                                                       │
│    ├── WHRI_6087_virus_genes.tsv (virus gene annotation data)                                                                                                            │
│    └── WHRI_6087_plasmid_genes.tsv (plasmid gene annotation data)                                                                                                        │
╰──────────────────────────────────────────────────────────────────────────────────────────────────────────────────────────────────────────────────────────────────────────╯
[10:56:38] Executing genomad summary.                                                                                                                                       
[10:56:38] Creating the WHRI_6087_summary directory.                                                                                                                        
[10:56:38] Using scores from aggregated-classification.                                                                                                                     
[10:56:38] 19 plasmid(s) and 1 virus(es) were identified.                                                                                                                   
[10:56:38] Nucleotide sequences were written to WHRI_6087_plasmid.fna and WHRI_6087_virus.fna.                                                                              
[10:56:38] Protein sequences were written to WHRI_6087_plasmid_proteins.faa and WHRI_6087_virus_proteins.faa.                                                               
[10:56:38] Gene annotation data was written to WHRI_6087_plasmid_genes.tsv and WHRI_6087_virus_genes.tsv.                                                                   
[10:56:38] Summary files were written to WHRI_6087_plasmid_summary.tsv and WHRI_6087_virus_summary.tsv.                                                                     
[10:56:38] geNomad summary finished!                                                                                                                                        
