╭──────────────────────────────────────────────────────────────────────────────────────────────────────────────────────────────────────────────────────────────────────────╮
│  Executing geNomad summary (v1.11.1). This will summarize the results across modules into a classification report.                                                       │
│  ──────────────────────────────────────────────────────────────────────────────────────────────────────────────────────────────────────────────────────────────────────  │
│  Outputs:                                                                                                                                                                │
│    WHRI_6054_summary                                                                                                                                                     │
│    ├── WHRI_6054_summary.json (execution parameters)                                                                                                                     │
│    ├── WHRI_6054_virus_summary.tsv (virus classification summary)                                                                                                        │
│    ├── WHRI_6054_plasmid_summary.tsv (plasmid classification summary)                                                                                                    │
│    ├── WHRI_6054_virus.fna (virus nucleotide FASTA file)                                                                                                                 │
│    ├── WHRI_6054_plasmid.fna (plasmid nucleotide FASTA file)                                                                                                             │
│    ├── WHRI_6054_virus_proteins.faa (virus protein FASTA file)                                                                                                           │
│    ├── WHRI_6054_plasmid_proteins.faa (plasmid protein FASTA file)                                                                                                       │
│    ├── WHRI_6054_virus_genes.tsv (virus gene annotation data)                                                                                                            │
│    └── WHRI_6054_plasmid_genes.tsv (plasmid gene annotation data)                                                                                                        │
╰──────────────────────────────────────────────────────────────────────────────────────────────────────────────────────────────────────────────────────────────────────────╯
[10:23:46] Executing genomad summary.                                                                                                                                       
[10:23:46] Creating the WHRI_6054_summary directory.                                                                                                                        
[10:23:46] Using scores from aggregated-classification.                                                                                                                     
[10:23:46] 11 plasmid(s) and 1 virus(es) were identified.                                                                                                                   
[10:23:46] Nucleotide sequences were written to WHRI_6054_plasmid.fna and WHRI_6054_virus.fna.                                                                              
[10:23:46] Protein sequences were written to WHRI_6054_plasmid_proteins.faa and WHRI_6054_virus_proteins.faa.                                                               
[10:23:46] Gene annotation data was written to WHRI_6054_plasmid_genes.tsv and WHRI_6054_virus_genes.tsv.                                                                   
[10:23:46] Summary files were written to WHRI_6054_plasmid_summary.tsv and WHRI_6054_virus_summary.tsv.                                                                     
[10:23:46] geNomad summary finished!                                                                                                                                        
