╭──────────────────────────────────────────────────────────────────────────────────────────────────────────────────────────────────────────────────────────────────────────╮
│  Executing geNomad nn-classification (v1.11.1). This will classify the input sequences into chromosome, plasmid, or virus based on the nucleotide sequence.              │
│  ──────────────────────────────────────────────────────────────────────────────────────────────────────────────────────────────────────────────────────────────────────  │
│  Outputs:                                                                                                                                                                │
│    WHRI_5821_nn_classification                                                                                                                                           │
│    ├── WHRI_5821_nn_classification.json (execution parameters)                                                                                                           │
│    ├── WHRI_5821_encoded_sequences (directory containing encoded sequence data)                                                                                          │
│    ├── WHRI_5821_nn_classification.tsv (contig classification: tabular format)                                                                                           │
│    ├── WHRI_5821_nn_classification.npz (contig classification: binary format)                                                                                            │
│    ├── WHRI_5821_encoded_proviruses (directory containing encoded sequence data)                                                                                         │
│    ├── WHRI_5821_provirus_nn_classification.tsv (provirus classification: tabular format)                                                                                │
│    └── WHRI_5821_provirus_nn_classification.npz (provirus classification: binary format)                                                                                 │
╰──────────────────────────────────────────────────────────────────────────────────────────────────────────────────────────────────────────────────────────────────────────╯
[09:58:45] Executing genomad nn-classification.                                                                                                                             
[09:58:45] Creating the WHRI_5821_nn_classification directory.                                                                                                              
[09:58:45] Creating the WHRI_5821_nn_classification/WHRI_5821_encoded_sequences directory.                                                                                  
[09:58:46] Encoded sequence data written to WHRI_5821_encoded_sequences.                                                                                                    
[09:58:46] Creating the WHRI_5821_nn_classification/WHRI_5821_encoded_proviruses directory.                                                                                 
[09:58:46] Encoded provirus data written to WHRI_5821_encoded_proviruses.                                                                                                   
[09:58:53] Sequences classified.                                                                                                                                            
[09:58:53] Sequence classification in binary format written to WHRI_5821_nn_classification.npz.                                                                             
[09:58:53] Deleting encoded sequence data.                                                                                                                                  
[09:58:53] Sequence classification in tabular format written to WHRI_5821_nn_classification.tsv.                                                                            
[09:58:56] Proviruses classified.                                                                                                                                           
[09:58:56] Provirus classification in binary format written to WHRI_5821_provirus_nn_classification.npz.                                                                    
[09:58:56] Deleting encoded provirus data.                                                                                                                                  
[09:58:56] Provirus classification in tabular format written to WHRI_5821_provirus_nn_classification.tsv.                                                                   
[09:58:56] geNomad nn-classification finished!                                                                                                                              
