╭──────────────────────────────────────────────────────────────────────────────────────────────────────────────────────────────────────────────────────────────────────────╮
│  Executing geNomad find-proviruses (v1.11.1). This will find putative proviral regions within the input sequences.                                                       │
│  ──────────────────────────────────────────────────────────────────────────────────────────────────────────────────────────────────────────────────────────────────────  │
│  Outputs:                                                                                                                                                                │
│    WHRI_6414_find_proviruses                                                                                                                                             │
│    ├── WHRI_6414_find_proviruses.json (execution parameters)                                                                                                             │
│    ├── WHRI_6414_provirus.tsv (provirus data)                                                                                                                            │
│    ├── WHRI_6414_provirus.fna (provirus nucleotide sequences)                                                                                                            │
│    ├── WHRI_6414_provirus_proteins.faa (provirus protein sequences)                                                                                                      │
│    ├── WHRI_6414_provirus_genes.tsv (provirus gene annotation data)                                                                                                      │
│    ├── WHRI_6414_provirus_taxonomy.tsv (provirus taxonomic assignment)                                                                                                   │
│    ├── WHRI_6414_provirus_mmseqs2.tsv (MMseqs2 output file)                                                                                                              │
│    └── WHRI_6414_provirus_aragorn.tsv (Aragorn output file)                                                                                                              │
╰──────────────────────────────────────────────────────────────────────────────────────────────────────────────────────────────────────────────────────────────────────────╯
[11:36:22] Executing genomad find-proviruses.                                                                                                                               
[11:36:22] Creating the WHRI_6414_find_proviruses directory.                                                                                                                
[11:36:25] Integrases identified with MMseqs2 and geNomad database (v1.9) were written to WHRI_6414_provirus_mmseqs2.tsv.                                                   
[11:36:25] Deleting WHRI_6414_provirus_mmseqs2.                                                                                                                             
[11:36:25] Deleting WHRI_6414_provirus_mmseqs2_input.faa.                                                                                                                   
[11:36:26] tRNAs identified with Aragorn were written to WHRI_6414_provirus_aragorn.tsv.                                                                                    
[11:36:26] Deleting WHRI_6414_provirus_aragorn_input.fna.                                                                                                                   
[11:36:27] Provirus regions identified.                                                                                                                                     
[11:36:27] Provirus data was written to WHRI_6414_provirus.tsv.                                                                                                             
[11:36:27] Provirus nucleotide sequences were written to WHRI_6414_provirus.fna.                                                                                            
[11:36:27] Provirus protein sequences were written to WHRI_6414_provirus_proteins.faa.                                                                                      
[11:36:27] Provirus gene data was written to WHRI_6414_provirus_genes.tsv.                                                                                                  
[11:36:27] Taxonomic assignment data was written to WHRI_6414_provirus_taxonomy.tsv.                                                                                        
[11:36:27] geNomad find-proviruses finished!                                                                                                                                
