╭──────────────────────────────────────────────────────────────────────────────────────────────────────────────────────────────────────────────────────────────────────────╮
│  Executing geNomad nn-classification (v1.11.1). This will classify the input sequences into chromosome, plasmid, or virus based on the nucleotide sequence.              │
│  ──────────────────────────────────────────────────────────────────────────────────────────────────────────────────────────────────────────────────────────────────────  │
│  Outputs:                                                                                                                                                                │
│    WHRI_8758_nn_classification                                                                                                                                           │
│    ├── WHRI_8758_nn_classification.json (execution parameters)                                                                                                           │
│    ├── WHRI_8758_encoded_sequences (directory containing encoded sequence data)                                                                                          │
│    ├── WHRI_8758_nn_classification.tsv (contig classification: tabular format)                                                                                           │
│    ├── WHRI_8758_nn_classification.npz (contig classification: binary format)                                                                                            │
│    ├── WHRI_8758_encoded_proviruses (directory containing encoded sequence data)                                                                                         │
│    ├── WHRI_8758_provirus_nn_classification.tsv (provirus classification: tabular format)                                                                                │
│    └── WHRI_8758_provirus_nn_classification.npz (provirus classification: binary format)                                                                                 │
╰──────────────────────────────────────────────────────────────────────────────────────────────────────────────────────────────────────────────────────────────────────────╯
[14:18:37] Executing genomad nn-classification.                                                                                                                             
[14:18:37] Creating the WHRI_8758_nn_classification directory.                                                                                                              
[14:18:37] Creating the WHRI_8758_nn_classification/WHRI_8758_encoded_sequences directory.                                                                                  
[14:18:38] Encoded sequence data written to WHRI_8758_encoded_sequences.                                                                                                    
[14:18:38] Creating the WHRI_8758_nn_classification/WHRI_8758_encoded_proviruses directory.                                                                                 
[14:18:38] Encoded provirus data written to WHRI_8758_encoded_proviruses.                                                                                                   
[14:18:45] Sequences classified.                                                                                                                                            
[14:18:45] Sequence classification in binary format written to WHRI_8758_nn_classification.npz.                                                                             
[14:18:45] Deleting encoded sequence data.                                                                                                                                  
[14:18:45] Sequence classification in tabular format written to WHRI_8758_nn_classification.tsv.                                                                            
[14:18:48] Proviruses classified.                                                                                                                                           
[14:18:48] Provirus classification in binary format written to WHRI_8758_provirus_nn_classification.npz.                                                                    
[14:18:48] Deleting encoded provirus data.                                                                                                                                  
[14:18:48] Provirus classification in tabular format written to WHRI_8758_provirus_nn_classification.tsv.                                                                   
[14:18:48] geNomad nn-classification finished!                                                                                                                              
