╭──────────────────────────────────────────────────────────────────────────────────────────────────────────────────────────────────────────────────────────────────────────╮
│  Executing geNomad marker-classification (v1.11.1). This will classify the input sequences into chromosome, plasmid, or virus based on the presence of geNomad markers   │
│  and other gene-related features.                                                                                                                                        │
│  ──────────────────────────────────────────────────────────────────────────────────────────────────────────────────────────────────────────────────────────────────────  │
│  Outputs:                                                                                                                                                                │
│    WHRI_8322_marker_classification                                                                                                                                       │
│    ├── WHRI_8322_marker_classification.json (execution parameters)                                                                                                       │
│    ├── WHRI_8322_features.tsv (sequence feature data: tabular format)                                                                                                    │
│    ├── WHRI_8322_features.npz (sequence feature data: binary format)                                                                                                     │
│    ├── WHRI_8322_marker_classification.tsv (sequence classification: tabular format)                                                                                     │
│    ├── WHRI_8322_marker_classification.npz (sequence classification: binary format)                                                                                      │
│    ├── WHRI_8322_provirus_features.tsv (provirus feature data: tabular format)                                                                                           │
│    ├── WHRI_8322_provirus_features.npz (provirus feature data: binary format)                                                                                            │
│    ├── WHRI_8322_provirus_marker_classification.tsv (provirus classification: tabular format)                                                                            │
│    └── WHRI_8322_provirus_marker_classification.npz (provirus classification: binary format)                                                                             │
╰──────────────────────────────────────────────────────────────────────────────────────────────────────────────────────────────────────────────────────────────────────────╯
[12:48:25] Executing genomad marker-classification.                                                                                                                         
[12:48:25] Creating the WHRI_8322_marker_classification directory.                                                                                                          
[12:48:26] Sequence features computed.                                                                                                                                      
[12:48:26] Sequence features in binary format written to WHRI_8322_features.npz.                                                                                            
[12:48:26] Sequence features in tabular format written to WHRI_8322_features.tsv.                                                                                           
[12:48:27] Provirus features computed.                                                                                                                                      
[12:48:27] Provirus features in binary format written to WHRI_8322_provirus_features.npz.                                                                                   
[12:48:27] Provirus features in tabular format written to WHRI_8322_provirus_features.tsv.                                                                                  
[12:48:27] Sequences classified.                                                                                                                                            
[12:48:27] Sequence classification in binary format written to WHRI_8322_marker_classification.npz.                                                                         
[12:48:27] Sequence classification in tabular format written to WHRI_8322_marker_classification.tsv.                                                                        
[12:48:27] Proviruses classified.                                                                                                                                           
[12:48:27] Provirus classification in binary format written to WHRI_8322_provirus_marker_classification.npz.                                                                
[12:48:27] Provirus classification in tabular format written to WHRI_8322_provirus_marker_classification.tsv.                                                               
[12:48:27] geNomad marker-classification finished!                                                                                                                          
