╭──────────────────────────────────────────────────────────────────────────────────────────────────────────────────────────────────────────────────────────────────────────╮
│  Executing geNomad nn-classification (v1.11.1). This will classify the input sequences into chromosome, plasmid, or virus based on the nucleotide sequence.              │
│  ──────────────────────────────────────────────────────────────────────────────────────────────────────────────────────────────────────────────────────────────────────  │
│  Outputs:                                                                                                                                                                │
│    WHRI_1279A_nn_classification                                                                                                                                          │
│    ├── WHRI_1279A_nn_classification.json (execution parameters)                                                                                                          │
│    ├── WHRI_1279A_encoded_sequences (directory containing encoded sequence data)                                                                                         │
│    ├── WHRI_1279A_nn_classification.tsv (contig classification: tabular format)                                                                                          │
│    ├── WHRI_1279A_nn_classification.npz (contig classification: binary format)                                                                                           │
│    ├── WHRI_1279A_encoded_proviruses (directory containing encoded sequence data)                                                                                        │
│    ├── WHRI_1279A_provirus_nn_classification.tsv (provirus classification: tabular format)                                                                               │
│    └── WHRI_1279A_provirus_nn_classification.npz (provirus classification: binary format)                                                                                │
╰──────────────────────────────────────────────────────────────────────────────────────────────────────────────────────────────────────────────────────────────────────────╯
[08:08:08] Executing genomad nn-classification.                                                                                                                             
[08:08:08] Creating the WHRI_1279A_nn_classification directory.                                                                                                             
[08:08:08] Creating the WHRI_1279A_nn_classification/WHRI_1279A_encoded_sequences directory.                                                                                
[08:08:09] Encoded sequence data written to WHRI_1279A_encoded_sequences.                                                                                                   
[08:08:09] Creating the WHRI_1279A_nn_classification/WHRI_1279A_encoded_proviruses directory.                                                                               
[08:08:09] Encoded provirus data written to WHRI_1279A_encoded_proviruses.                                                                                                  
[08:08:16] Sequences classified.                                                                                                                                            
[08:08:16] Sequence classification in binary format written to WHRI_1279A_nn_classification.npz.                                                                            
[08:08:16] Deleting encoded sequence data.                                                                                                                                  
[08:08:16] Sequence classification in tabular format written to WHRI_1279A_nn_classification.tsv.                                                                           
[08:08:19] Proviruses classified.                                                                                                                                           
[08:08:19] Provirus classification in binary format written to WHRI_1279A_provirus_nn_classification.npz.                                                                   
[08:08:19] Deleting encoded provirus data.                                                                                                                                  
[08:08:19] Provirus classification in tabular format written to WHRI_1279A_provirus_nn_classification.tsv.                                                                  
[08:08:19] geNomad nn-classification finished!                                                                                                                              
