╭──────────────────────────────────────────────────────────────────────────────────────────────────────────────────────────────────────────────────────────────────────────╮
│  Executing geNomad summary (v1.11.1). This will summarize the results across modules into a classification report.                                                       │
│  ──────────────────────────────────────────────────────────────────────────────────────────────────────────────────────────────────────────────────────────────────────  │
│  Outputs:                                                                                                                                                                │
│    WHRI_8807_summary                                                                                                                                                     │
│    ├── WHRI_8807_summary.json (execution parameters)                                                                                                                     │
│    ├── WHRI_8807_virus_summary.tsv (virus classification summary)                                                                                                        │
│    ├── WHRI_8807_plasmid_summary.tsv (plasmid classification summary)                                                                                                    │
│    ├── WHRI_8807_virus.fna (virus nucleotide FASTA file)                                                                                                                 │
│    ├── WHRI_8807_plasmid.fna (plasmid nucleotide FASTA file)                                                                                                             │
│    ├── WHRI_8807_virus_proteins.faa (virus protein FASTA file)                                                                                                           │
│    ├── WHRI_8807_plasmid_proteins.faa (plasmid protein FASTA file)                                                                                                       │
│    ├── WHRI_8807_virus_genes.tsv (virus gene annotation data)                                                                                                            │
│    └── WHRI_8807_plasmid_genes.tsv (plasmid gene annotation data)                                                                                                        │
╰──────────────────────────────────────────────────────────────────────────────────────────────────────────────────────────────────────────────────────────────────────────╯
[14:27:04] Executing genomad summary.                                                                                                                                       
[14:27:04] Creating the WHRI_8807_summary directory.                                                                                                                        
[14:27:04] Using scores from aggregated-classification.                                                                                                                     
[14:27:04] 15 plasmid(s) and 3 virus(es) were identified.                                                                                                                   
[14:27:04] Nucleotide sequences were written to WHRI_8807_plasmid.fna and WHRI_8807_virus.fna.                                                                              
[14:27:04] Protein sequences were written to WHRI_8807_plasmid_proteins.faa and WHRI_8807_virus_proteins.faa.                                                               
[14:27:04] Gene annotation data was written to WHRI_8807_plasmid_genes.tsv and WHRI_8807_virus_genes.tsv.                                                                   
[14:27:04] Summary files were written to WHRI_8807_plasmid_summary.tsv and WHRI_8807_virus_summary.tsv.                                                                     
[14:27:04] geNomad summary finished!                                                                                                                                        
