╭──────────────────────────────────────────────────────────────────────────────────────────────────────────────────────────────────────────────────────────────────────────╮
│  Executing geNomad nn-classification (v1.11.1). This will classify the input sequences into chromosome, plasmid, or virus based on the nucleotide sequence.              │
│  ──────────────────────────────────────────────────────────────────────────────────────────────────────────────────────────────────────────────────────────────────────  │
│  Outputs:                                                                                                                                                                │
│    WHRI_8021_nn_classification                                                                                                                                           │
│    ├── WHRI_8021_nn_classification.json (execution parameters)                                                                                                           │
│    ├── WHRI_8021_encoded_sequences (directory containing encoded sequence data)                                                                                          │
│    ├── WHRI_8021_nn_classification.tsv (contig classification: tabular format)                                                                                           │
│    ├── WHRI_8021_nn_classification.npz (contig classification: binary format)                                                                                            │
│    ├── WHRI_8021_encoded_proviruses (directory containing encoded sequence data)                                                                                         │
│    ├── WHRI_8021_provirus_nn_classification.tsv (provirus classification: tabular format)                                                                                │
│    └── WHRI_8021_provirus_nn_classification.npz (provirus classification: binary format)                                                                                 │
╰──────────────────────────────────────────────────────────────────────────────────────────────────────────────────────────────────────────────────────────────────────────╯
[12:37:24] Executing genomad nn-classification.                                                                                                                             
[12:37:24] Creating the WHRI_8021_nn_classification directory.                                                                                                              
[12:37:24] Creating the WHRI_8021_nn_classification/WHRI_8021_encoded_sequences directory.                                                                                  
[12:37:25] Encoded sequence data written to WHRI_8021_encoded_sequences.                                                                                                    
[12:37:25] Creating the WHRI_8021_nn_classification/WHRI_8021_encoded_proviruses directory.                                                                                 
[12:37:25] Encoded provirus data written to WHRI_8021_encoded_proviruses.                                                                                                   
[12:37:33] Sequences classified.                                                                                                                                            
[12:37:33] Sequence classification in binary format written to WHRI_8021_nn_classification.npz.                                                                             
[12:37:33] Deleting encoded sequence data.                                                                                                                                  
[12:37:33] Sequence classification in tabular format written to WHRI_8021_nn_classification.tsv.                                                                            
[12:37:36] Proviruses classified.                                                                                                                                           
[12:37:36] Provirus classification in binary format written to WHRI_8021_provirus_nn_classification.npz.                                                                    
[12:37:36] Deleting encoded provirus data.                                                                                                                                  
[12:37:36] Provirus classification in tabular format written to WHRI_8021_provirus_nn_classification.tsv.                                                                   
[12:37:36] geNomad nn-classification finished!                                                                                                                              
