╭──────────────────────────────────────────────────────────────────────────────────────────────────────────────────────────────────────────────────────────────────────────╮
│  Executing geNomad marker-classification (v1.11.1). This will classify the input sequences into chromosome, plasmid, or virus based on the presence of geNomad markers   │
│  and other gene-related features.                                                                                                                                        │
│  ──────────────────────────────────────────────────────────────────────────────────────────────────────────────────────────────────────────────────────────────────────  │
│  Outputs:                                                                                                                                                                │
│    WHRI_5715A_marker_classification                                                                                                                                      │
│    ├── WHRI_5715A_marker_classification.json (execution parameters)                                                                                                      │
│    ├── WHRI_5715A_features.tsv (sequence feature data: tabular format)                                                                                                   │
│    ├── WHRI_5715A_features.npz (sequence feature data: binary format)                                                                                                    │
│    ├── WHRI_5715A_marker_classification.tsv (sequence classification: tabular format)                                                                                    │
│    ├── WHRI_5715A_marker_classification.npz (sequence classification: binary format)                                                                                     │
│    ├── WHRI_5715A_provirus_features.tsv (provirus feature data: tabular format)                                                                                          │
│    ├── WHRI_5715A_provirus_features.npz (provirus feature data: binary format)                                                                                           │
│    ├── WHRI_5715A_provirus_marker_classification.tsv (provirus classification: tabular format)                                                                           │
│    └── WHRI_5715A_provirus_marker_classification.npz (provirus classification: binary format)                                                                            │
╰──────────────────────────────────────────────────────────────────────────────────────────────────────────────────────────────────────────────────────────────────────────╯
[09:20:00] Executing genomad marker-classification.                                                                                                                         
[09:20:00] Creating the WHRI_5715A_marker_classification directory.                                                                                                         
[09:20:01] Sequence features computed.                                                                                                                                      
[09:20:01] Sequence features in binary format written to WHRI_5715A_features.npz.                                                                                           
[09:20:01] Sequence features in tabular format written to WHRI_5715A_features.tsv.                                                                                          
[09:20:01] Provirus features computed.                                                                                                                                      
[09:20:01] Provirus features in binary format written to WHRI_5715A_provirus_features.npz.                                                                                  
[09:20:01] Provirus features in tabular format written to WHRI_5715A_provirus_features.tsv.                                                                                 
[09:20:02] Sequences classified.                                                                                                                                            
[09:20:02] Sequence classification in binary format written to WHRI_5715A_marker_classification.npz.                                                                        
[09:20:02] Sequence classification in tabular format written to WHRI_5715A_marker_classification.tsv.                                                                       
[09:20:02] Proviruses classified.                                                                                                                                           
[09:20:02] Provirus classification in binary format written to WHRI_5715A_provirus_marker_classification.npz.                                                               
[09:20:02] Provirus classification in tabular format written to WHRI_5715A_provirus_marker_classification.tsv.                                                              
[09:20:02] geNomad marker-classification finished!                                                                                                                          
