╭──────────────────────────────────────────────────────────────────────────────────────────────────────────────────────────────────────────────────────────────────────────╮
│  Executing geNomad summary (v1.11.1). This will summarize the results across modules into a classification report.                                                       │
│  ──────────────────────────────────────────────────────────────────────────────────────────────────────────────────────────────────────────────────────────────────────  │
│  Outputs:                                                                                                                                                                │
│    WHRI_8500_summary                                                                                                                                                     │
│    ├── WHRI_8500_summary.json (execution parameters)                                                                                                                     │
│    ├── WHRI_8500_virus_summary.tsv (virus classification summary)                                                                                                        │
│    ├── WHRI_8500_plasmid_summary.tsv (plasmid classification summary)                                                                                                    │
│    ├── WHRI_8500_virus.fna (virus nucleotide FASTA file)                                                                                                                 │
│    ├── WHRI_8500_plasmid.fna (plasmid nucleotide FASTA file)                                                                                                             │
│    ├── WHRI_8500_virus_proteins.faa (virus protein FASTA file)                                                                                                           │
│    ├── WHRI_8500_plasmid_proteins.faa (plasmid protein FASTA file)                                                                                                       │
│    ├── WHRI_8500_virus_genes.tsv (virus gene annotation data)                                                                                                            │
│    └── WHRI_8500_plasmid_genes.tsv (plasmid gene annotation data)                                                                                                        │
╰──────────────────────────────────────────────────────────────────────────────────────────────────────────────────────────────────────────────────────────────────────────╯
[13:47:07] Executing genomad summary.                                                                                                                                       
[13:47:07] Creating the WHRI_8500_summary directory.                                                                                                                        
[13:47:07] Using scores from aggregated-classification.                                                                                                                     
[13:47:07] 15 plasmid(s) and 1 virus(es) were identified.                                                                                                                   
[13:47:08] Nucleotide sequences were written to WHRI_8500_plasmid.fna and WHRI_8500_virus.fna.                                                                              
[13:47:08] Protein sequences were written to WHRI_8500_plasmid_proteins.faa and WHRI_8500_virus_proteins.faa.                                                               
[13:47:08] Gene annotation data was written to WHRI_8500_plasmid_genes.tsv and WHRI_8500_virus_genes.tsv.                                                                   
[13:47:08] Summary files were written to WHRI_8500_plasmid_summary.tsv and WHRI_8500_virus_summary.tsv.                                                                     
[13:47:08] geNomad summary finished!                                                                                                                                        
