╭──────────────────────────────────────────────────────────────────────────────────────────────────────────────────────────────────────────────────────────────────────────╮
│  Executing geNomad summary (v1.11.1). This will summarize the results across modules into a classification report.                                                       │
│  ──────────────────────────────────────────────────────────────────────────────────────────────────────────────────────────────────────────────────────────────────────  │
│  Outputs:                                                                                                                                                                │
│    WHRI_5212_(NCPPB_528)_summary                                                                                                                                         │
│    ├── WHRI_5212_(NCPPB_528)_summary.json (execution parameters)                                                                                                         │
│    ├── WHRI_5212_(NCPPB_528)_virus_summary.tsv (virus classification summary)                                                                                            │
│    ├── WHRI_5212_(NCPPB_528)_plasmid_summary.tsv (plasmid classification summary)                                                                                        │
│    ├── WHRI_5212_(NCPPB_528)_virus.fna (virus nucleotide FASTA file)                                                                                                     │
│    ├── WHRI_5212_(NCPPB_528)_plasmid.fna (plasmid nucleotide FASTA file)                                                                                                 │
│    ├── WHRI_5212_(NCPPB_528)_virus_proteins.faa (virus protein FASTA file)                                                                                               │
│    ├── WHRI_5212_(NCPPB_528)_plasmid_proteins.faa (plasmid protein FASTA file)                                                                                           │
│    ├── WHRI_5212_(NCPPB_528)_virus_genes.tsv (virus gene annotation data)                                                                                                │
│    └── WHRI_5212_(NCPPB_528)_plasmid_genes.tsv (plasmid gene annotation data)                                                                                            │
╰──────────────────────────────────────────────────────────────────────────────────────────────────────────────────────────────────────────────────────────────────────────╯
[08:43:21] Executing genomad summary.                                                                                                                                       
[08:43:21] Creating the WHRI_5212_(NCPPB_528)_summary directory.                                                                                                            
[08:43:21] Using scores from aggregated-classification.                                                                                                                     
[08:43:21] 10 plasmid(s) and 4 virus(es) were identified.                                                                                                                   
[08:43:21] Nucleotide sequences were written to WHRI_5212_(NCPPB_528)_plasmid.fna and WHRI_5212_(NCPPB_528)_virus.fna.                                                      
[08:43:21] Protein sequences were written to WHRI_5212_(NCPPB_528)_plasmid_proteins.faa and WHRI_5212_(NCPPB_528)_virus_proteins.faa.                                       
[08:43:21] Gene annotation data was written to WHRI_5212_(NCPPB_528)_plasmid_genes.tsv and WHRI_5212_(NCPPB_528)_virus_genes.tsv.                                           
[08:43:21] Summary files were written to WHRI_5212_(NCPPB_528)_plasmid_summary.tsv and WHRI_5212_(NCPPB_528)_virus_summary.tsv.                                             
[08:43:21] geNomad summary finished!                                                                                                                                        
