╭──────────────────────────────────────────────────────────────────────────────────────────────────────────────────────────────────────────────────────────────────────────╮
│  Executing geNomad nn-classification (v1.11.1). This will classify the input sequences into chromosome, plasmid, or virus based on the nucleotide sequence.              │
│  ──────────────────────────────────────────────────────────────────────────────────────────────────────────────────────────────────────────────────────────────────────  │
│  Outputs:                                                                                                                                                                │
│    WHRI_6196_nn_classification                                                                                                                                           │
│    ├── WHRI_6196_nn_classification.json (execution parameters)                                                                                                           │
│    ├── WHRI_6196_encoded_sequences (directory containing encoded sequence data)                                                                                          │
│    ├── WHRI_6196_nn_classification.tsv (contig classification: tabular format)                                                                                           │
│    ├── WHRI_6196_nn_classification.npz (contig classification: binary format)                                                                                            │
│    ├── WHRI_6196_encoded_proviruses (directory containing encoded sequence data)                                                                                         │
│    ├── WHRI_6196_provirus_nn_classification.tsv (provirus classification: tabular format)                                                                                │
│    └── WHRI_6196_provirus_nn_classification.npz (provirus classification: binary format)                                                                                 │
╰──────────────────────────────────────────────────────────────────────────────────────────────────────────────────────────────────────────────────────────────────────────╯
[11:19:58] Executing genomad nn-classification.                                                                                                                             
[11:19:58] Creating the WHRI_6196_nn_classification directory.                                                                                                              
[11:19:58] Creating the WHRI_6196_nn_classification/WHRI_6196_encoded_sequences directory.                                                                                  
[11:20:00] Encoded sequence data written to WHRI_6196_encoded_sequences.                                                                                                    
[11:20:00] Creating the WHRI_6196_nn_classification/WHRI_6196_encoded_proviruses directory.                                                                                 
[11:20:00] Encoded provirus data written to WHRI_6196_encoded_proviruses.                                                                                                   
[11:20:06] Sequences classified.                                                                                                                                            
[11:20:06] Sequence classification in binary format written to WHRI_6196_nn_classification.npz.                                                                             
[11:20:06] Deleting encoded sequence data.                                                                                                                                  
[11:20:06] Sequence classification in tabular format written to WHRI_6196_nn_classification.tsv.                                                                            
[11:20:08] Proviruses classified.                                                                                                                                           
[11:20:08] Provirus classification in binary format written to WHRI_6196_provirus_nn_classification.npz.                                                                    
[11:20:08] Deleting encoded provirus data.                                                                                                                                  
[11:20:08] Provirus classification in tabular format written to WHRI_6196_provirus_nn_classification.tsv.                                                                   
[11:20:08] geNomad nn-classification finished!                                                                                                                              
