╭──────────────────────────────────────────────────────────────────────────────────────────────────────────────────────────────────────────────────────────────────────────╮
│  Executing geNomad summary (v1.11.1). This will summarize the results across modules into a classification report.                                                       │
│  ──────────────────────────────────────────────────────────────────────────────────────────────────────────────────────────────────────────────────────────────────────  │
│  Outputs:                                                                                                                                                                │
│    WHRI_6052_summary                                                                                                                                                     │
│    ├── WHRI_6052_summary.json (execution parameters)                                                                                                                     │
│    ├── WHRI_6052_virus_summary.tsv (virus classification summary)                                                                                                        │
│    ├── WHRI_6052_plasmid_summary.tsv (plasmid classification summary)                                                                                                    │
│    ├── WHRI_6052_virus.fna (virus nucleotide FASTA file)                                                                                                                 │
│    ├── WHRI_6052_plasmid.fna (plasmid nucleotide FASTA file)                                                                                                             │
│    ├── WHRI_6052_virus_proteins.faa (virus protein FASTA file)                                                                                                           │
│    ├── WHRI_6052_plasmid_proteins.faa (plasmid protein FASTA file)                                                                                                       │
│    ├── WHRI_6052_virus_genes.tsv (virus gene annotation data)                                                                                                            │
│    └── WHRI_6052_plasmid_genes.tsv (plasmid gene annotation data)                                                                                                        │
╰──────────────────────────────────────────────────────────────────────────────────────────────────────────────────────────────────────────────────────────────────────────╯
[10:20:58] Executing genomad summary.                                                                                                                                       
[10:20:58] Creating the WHRI_6052_summary directory.                                                                                                                        
[10:20:58] Using scores from aggregated-classification.                                                                                                                     
[10:20:58] 8 plasmid(s) and 3 virus(es) were identified.                                                                                                                    
[10:20:58] Nucleotide sequences were written to WHRI_6052_plasmid.fna and WHRI_6052_virus.fna.                                                                              
[10:20:58] Protein sequences were written to WHRI_6052_plasmid_proteins.faa and WHRI_6052_virus_proteins.faa.                                                               
[10:20:58] Gene annotation data was written to WHRI_6052_plasmid_genes.tsv and WHRI_6052_virus_genes.tsv.                                                                   
[10:20:58] Summary files were written to WHRI_6052_plasmid_summary.tsv and WHRI_6052_virus_summary.tsv.                                                                     
[10:20:58] geNomad summary finished!                                                                                                                                        
