╭──────────────────────────────────────────────────────────────────────────────────────────────────────────────────────────────────────────────────────────────────────────╮
│  Executing geNomad summary (v1.11.1). This will summarize the results across modules into a classification report.                                                       │
│  ──────────────────────────────────────────────────────────────────────────────────────────────────────────────────────────────────────────────────────────────────────  │
│  Outputs:                                                                                                                                                                │
│    WHRI_6062_summary                                                                                                                                                     │
│    ├── WHRI_6062_summary.json (execution parameters)                                                                                                                     │
│    ├── WHRI_6062_virus_summary.tsv (virus classification summary)                                                                                                        │
│    ├── WHRI_6062_plasmid_summary.tsv (plasmid classification summary)                                                                                                    │
│    ├── WHRI_6062_virus.fna (virus nucleotide FASTA file)                                                                                                                 │
│    ├── WHRI_6062_plasmid.fna (plasmid nucleotide FASTA file)                                                                                                             │
│    ├── WHRI_6062_virus_proteins.faa (virus protein FASTA file)                                                                                                           │
│    ├── WHRI_6062_plasmid_proteins.faa (plasmid protein FASTA file)                                                                                                       │
│    ├── WHRI_6062_virus_genes.tsv (virus gene annotation data)                                                                                                            │
│    └── WHRI_6062_plasmid_genes.tsv (plasmid gene annotation data)                                                                                                        │
╰──────────────────────────────────────────────────────────────────────────────────────────────────────────────────────────────────────────────────────────────────────────╯
[10:34:07] Executing genomad summary.                                                                                                                                       
[10:34:07] Creating the WHRI_6062_summary directory.                                                                                                                        
[10:34:07] Using scores from aggregated-classification.                                                                                                                     
[10:34:07] 10 plasmid(s) and 1 virus(es) were identified.                                                                                                                   
[10:34:07] Nucleotide sequences were written to WHRI_6062_plasmid.fna and WHRI_6062_virus.fna.                                                                              
[10:34:07] Protein sequences were written to WHRI_6062_plasmid_proteins.faa and WHRI_6062_virus_proteins.faa.                                                               
[10:34:07] Gene annotation data was written to WHRI_6062_plasmid_genes.tsv and WHRI_6062_virus_genes.tsv.                                                                   
[10:34:07] Summary files were written to WHRI_6062_plasmid_summary.tsv and WHRI_6062_virus_summary.tsv.                                                                     
[10:34:07] geNomad summary finished!                                                                                                                                        
