╭──────────────────────────────────────────────────────────────────────────────────────────────────────────────────────────────────────────────────────────────────────────╮
│  Executing geNomad find-proviruses (v1.11.1). This will find putative proviral regions within the input sequences.                                                       │
│  ──────────────────────────────────────────────────────────────────────────────────────────────────────────────────────────────────────────────────────────────────────  │
│  Outputs:                                                                                                                                                                │
│    WHRI_8955_find_proviruses                                                                                                                                             │
│    ├── WHRI_8955_find_proviruses.json (execution parameters)                                                                                                             │
│    ├── WHRI_8955_provirus.tsv (provirus data)                                                                                                                            │
│    ├── WHRI_8955_provirus.fna (provirus nucleotide sequences)                                                                                                            │
│    ├── WHRI_8955_provirus_proteins.faa (provirus protein sequences)                                                                                                      │
│    ├── WHRI_8955_provirus_genes.tsv (provirus gene annotation data)                                                                                                      │
│    ├── WHRI_8955_provirus_taxonomy.tsv (provirus taxonomic assignment)                                                                                                   │
│    ├── WHRI_8955_provirus_mmseqs2.tsv (MMseqs2 output file)                                                                                                              │
│    └── WHRI_8955_provirus_aragorn.tsv (Aragorn output file)                                                                                                              │
╰──────────────────────────────────────────────────────────────────────────────────────────────────────────────────────────────────────────────────────────────────────────╯
[15:08:04] Executing genomad find-proviruses.                                                                                                                               
[15:08:04] Creating the WHRI_8955_find_proviruses directory.                                                                                                                
[15:08:08] Integrases identified with MMseqs2 and geNomad database (v1.9) were written to WHRI_8955_provirus_mmseqs2.tsv.                                                   
[15:08:08] Deleting WHRI_8955_provirus_mmseqs2.                                                                                                                             
[15:08:08] Deleting WHRI_8955_provirus_mmseqs2_input.faa.                                                                                                                   
[15:08:25] tRNAs identified with Aragorn were written to WHRI_8955_provirus_aragorn.tsv.                                                                                    
[15:08:25] Deleting WHRI_8955_provirus_aragorn_input.fna.                                                                                                                   
[15:08:26] Provirus regions identified.                                                                                                                                     
[15:08:26] Provirus data was written to WHRI_8955_provirus.tsv.                                                                                                             
[15:08:26] Provirus nucleotide sequences were written to WHRI_8955_provirus.fna.                                                                                            
[15:08:26] Provirus protein sequences were written to WHRI_8955_provirus_proteins.faa.                                                                                      
[15:08:26] Provirus gene data was written to WHRI_8955_provirus_genes.tsv.                                                                                                  
[15:08:26] Taxonomic assignment data was written to WHRI_8955_provirus_taxonomy.tsv.                                                                                        
[15:08:26] geNomad find-proviruses finished!                                                                                                                                
