╭──────────────────────────────────────────────────────────────────────────────────────────────────────────────────────────────────────────────────────────────────────────╮
│  Executing geNomad summary (v1.11.1). This will summarize the results across modules into a classification report.                                                       │
│  ──────────────────────────────────────────────────────────────────────────────────────────────────────────────────────────────────────────────────────────────────────  │
│  Outputs:                                                                                                                                                                │
│    WHRI_8127_summary                                                                                                                                                     │
│    ├── WHRI_8127_summary.json (execution parameters)                                                                                                                     │
│    ├── WHRI_8127_virus_summary.tsv (virus classification summary)                                                                                                        │
│    ├── WHRI_8127_plasmid_summary.tsv (plasmid classification summary)                                                                                                    │
│    ├── WHRI_8127_virus.fna (virus nucleotide FASTA file)                                                                                                                 │
│    ├── WHRI_8127_plasmid.fna (plasmid nucleotide FASTA file)                                                                                                             │
│    ├── WHRI_8127_virus_proteins.faa (virus protein FASTA file)                                                                                                           │
│    ├── WHRI_8127_plasmid_proteins.faa (plasmid protein FASTA file)                                                                                                       │
│    ├── WHRI_8127_virus_genes.tsv (virus gene annotation data)                                                                                                            │
│    └── WHRI_8127_plasmid_genes.tsv (plasmid gene annotation data)                                                                                                        │
╰──────────────────────────────────────────────────────────────────────────────────────────────────────────────────────────────────────────────────────────────────────────╯
[12:45:54] Executing genomad summary.                                                                                                                                       
[12:45:54] Creating the WHRI_8127_summary directory.                                                                                                                        
[12:45:54] Using scores from aggregated-classification.                                                                                                                     
[12:45:54] 12 plasmid(s) and 2 virus(es) were identified.                                                                                                                   
[12:45:54] Nucleotide sequences were written to WHRI_8127_plasmid.fna and WHRI_8127_virus.fna.                                                                              
[12:45:54] Protein sequences were written to WHRI_8127_plasmid_proteins.faa and WHRI_8127_virus_proteins.faa.                                                               
[12:45:54] Gene annotation data was written to WHRI_8127_plasmid_genes.tsv and WHRI_8127_virus_genes.tsv.                                                                   
[12:45:54] Summary files were written to WHRI_8127_plasmid_summary.tsv and WHRI_8127_virus_summary.tsv.                                                                     
[12:45:54] geNomad summary finished!                                                                                                                                        
