╭──────────────────────────────────────────────────────────────────────────────────────────────────────────────────────────────────────────────────────────────────────────╮
│  Executing geNomad summary (v1.11.1). This will summarize the results across modules into a classification report.                                                       │
│  ──────────────────────────────────────────────────────────────────────────────────────────────────────────────────────────────────────────────────────────────────────  │
│  Outputs:                                                                                                                                                                │
│    WHRI_8709_summary                                                                                                                                                     │
│    ├── WHRI_8709_summary.json (execution parameters)                                                                                                                     │
│    ├── WHRI_8709_virus_summary.tsv (virus classification summary)                                                                                                        │
│    ├── WHRI_8709_plasmid_summary.tsv (plasmid classification summary)                                                                                                    │
│    ├── WHRI_8709_virus.fna (virus nucleotide FASTA file)                                                                                                                 │
│    ├── WHRI_8709_plasmid.fna (plasmid nucleotide FASTA file)                                                                                                             │
│    ├── WHRI_8709_virus_proteins.faa (virus protein FASTA file)                                                                                                           │
│    ├── WHRI_8709_plasmid_proteins.faa (plasmid protein FASTA file)                                                                                                       │
│    ├── WHRI_8709_virus_genes.tsv (virus gene annotation data)                                                                                                            │
│    └── WHRI_8709_plasmid_genes.tsv (plasmid gene annotation data)                                                                                                        │
╰──────────────────────────────────────────────────────────────────────────────────────────────────────────────────────────────────────────────────────────────────────────╯
[14:10:36] Executing genomad summary.                                                                                                                                       
[14:10:36] Creating the WHRI_8709_summary directory.                                                                                                                        
[14:10:36] Using scores from aggregated-classification.                                                                                                                     
[14:10:36] 12 plasmid(s) and 7 virus(es) were identified.                                                                                                                   
[14:10:36] Nucleotide sequences were written to WHRI_8709_plasmid.fna and WHRI_8709_virus.fna.                                                                              
[14:10:36] Protein sequences were written to WHRI_8709_plasmid_proteins.faa and WHRI_8709_virus_proteins.faa.                                                               
[14:10:36] Gene annotation data was written to WHRI_8709_plasmid_genes.tsv and WHRI_8709_virus_genes.tsv.                                                                   
[14:10:36] Summary files were written to WHRI_8709_plasmid_summary.tsv and WHRI_8709_virus_summary.tsv.                                                                     
[14:10:36] geNomad summary finished!                                                                                                                                        
