╭──────────────────────────────────────────────────────────────────────────────────────────────────────────────────────────────────────────────────────────────────────────╮
│  Executing geNomad find-proviruses (v1.11.1). This will find putative proviral regions within the input sequences.                                                       │
│  ──────────────────────────────────────────────────────────────────────────────────────────────────────────────────────────────────────────────────────────────────────  │
│  Outputs:                                                                                                                                                                │
│    WHRI_10061_find_proviruses                                                                                                                                            │
│    ├── WHRI_10061_find_proviruses.json (execution parameters)                                                                                                            │
│    ├── WHRI_10061_provirus.tsv (provirus data)                                                                                                                           │
│    ├── WHRI_10061_provirus.fna (provirus nucleotide sequences)                                                                                                           │
│    ├── WHRI_10061_provirus_proteins.faa (provirus protein sequences)                                                                                                     │
│    ├── WHRI_10061_provirus_genes.tsv (provirus gene annotation data)                                                                                                     │
│    ├── WHRI_10061_provirus_taxonomy.tsv (provirus taxonomic assignment)                                                                                                  │
│    ├── WHRI_10061_provirus_mmseqs2.tsv (MMseqs2 output file)                                                                                                             │
│    └── WHRI_10061_provirus_aragorn.tsv (Aragorn output file)                                                                                                             │
╰──────────────────────────────────────────────────────────────────────────────────────────────────────────────────────────────────────────────────────────────────────────╯
[07:55:47] Executing genomad find-proviruses.                                                                                                                               
[07:55:47] Creating the WHRI_10061_find_proviruses directory.                                                                                                               
[07:55:49] Integrases identified with MMseqs2 and geNomad database (v1.9) were written to WHRI_10061_provirus_mmseqs2.tsv.                                                  
[07:55:49] Deleting WHRI_10061_provirus_mmseqs2.                                                                                                                            
[07:55:49] Deleting WHRI_10061_provirus_mmseqs2_input.faa.                                                                                                                  
[07:55:50] tRNAs identified with Aragorn were written to WHRI_10061_provirus_aragorn.tsv.                                                                                   
[07:55:50] Deleting WHRI_10061_provirus_aragorn_input.fna.                                                                                                                  
[07:55:51] Provirus regions identified.                                                                                                                                     
[07:55:51] Provirus data was written to WHRI_10061_provirus.tsv.                                                                                                            
[07:55:51] Provirus nucleotide sequences were written to WHRI_10061_provirus.fna.                                                                                           
[07:55:51] Provirus protein sequences were written to WHRI_10061_provirus_proteins.faa.                                                                                     
[07:55:51] Provirus gene data was written to WHRI_10061_provirus_genes.tsv.                                                                                                 
[07:55:51] Taxonomic assignment data was written to WHRI_10061_provirus_taxonomy.tsv.                                                                                       
[07:55:51] geNomad find-proviruses finished!                                                                                                                                
