╭──────────────────────────────────────────────────────────────────────────────────────────────────────────────────────────────────────────────────────────────────────────╮
│  Executing geNomad find-proviruses (v1.11.1). This will find putative proviral regions within the input sequences.                                                       │
│  ──────────────────────────────────────────────────────────────────────────────────────────────────────────────────────────────────────────────────────────────────────  │
│  Outputs:                                                                                                                                                                │
│    WHRI_8978_find_proviruses                                                                                                                                             │
│    ├── WHRI_8978_find_proviruses.json (execution parameters)                                                                                                             │
│    ├── WHRI_8978_provirus.tsv (provirus data)                                                                                                                            │
│    ├── WHRI_8978_provirus.fna (provirus nucleotide sequences)                                                                                                            │
│    ├── WHRI_8978_provirus_proteins.faa (provirus protein sequences)                                                                                                      │
│    ├── WHRI_8978_provirus_genes.tsv (provirus gene annotation data)                                                                                                      │
│    ├── WHRI_8978_provirus_taxonomy.tsv (provirus taxonomic assignment)                                                                                                   │
│    ├── WHRI_8978_provirus_mmseqs2.tsv (MMseqs2 output file)                                                                                                              │
│    └── WHRI_8978_provirus_aragorn.tsv (Aragorn output file)                                                                                                              │
╰──────────────────────────────────────────────────────────────────────────────────────────────────────────────────────────────────────────────────────────────────────────╯
[15:18:18] Executing genomad find-proviruses.                                                                                                                               
[15:18:18] Creating the WHRI_8978_find_proviruses directory.                                                                                                                
[15:18:21] Integrases identified with MMseqs2 and geNomad database (v1.9) were written to WHRI_8978_provirus_mmseqs2.tsv.                                                   
[15:18:21] Deleting WHRI_8978_provirus_mmseqs2.                                                                                                                             
[15:18:21] Deleting WHRI_8978_provirus_mmseqs2_input.faa.                                                                                                                   
[15:18:40] tRNAs identified with Aragorn were written to WHRI_8978_provirus_aragorn.tsv.                                                                                    
[15:18:40] Deleting WHRI_8978_provirus_aragorn_input.fna.                                                                                                                   
[15:18:41] Provirus regions identified.                                                                                                                                     
[15:18:41] Provirus data was written to WHRI_8978_provirus.tsv.                                                                                                             
[15:18:41] Provirus nucleotide sequences were written to WHRI_8978_provirus.fna.                                                                                            
[15:18:41] Provirus protein sequences were written to WHRI_8978_provirus_proteins.faa.                                                                                      
[15:18:41] Provirus gene data was written to WHRI_8978_provirus_genes.tsv.                                                                                                  
[15:18:41] Taxonomic assignment data was written to WHRI_8978_provirus_taxonomy.tsv.                                                                                        
[15:18:41] geNomad find-proviruses finished!                                                                                                                                
