╭──────────────────────────────────────────────────────────────────────────────────────────────────────────────────────────────────────────────────────────────────────────╮
│  Executing geNomad summary (v1.11.1). This will summarize the results across modules into a classification report.                                                       │
│  ──────────────────────────────────────────────────────────────────────────────────────────────────────────────────────────────────────────────────────────────────────  │
│  Outputs:                                                                                                                                                                │
│    WHRI_5821_summary                                                                                                                                                     │
│    ├── WHRI_5821_summary.json (execution parameters)                                                                                                                     │
│    ├── WHRI_5821_virus_summary.tsv (virus classification summary)                                                                                                        │
│    ├── WHRI_5821_plasmid_summary.tsv (plasmid classification summary)                                                                                                    │
│    ├── WHRI_5821_virus.fna (virus nucleotide FASTA file)                                                                                                                 │
│    ├── WHRI_5821_plasmid.fna (plasmid nucleotide FASTA file)                                                                                                             │
│    ├── WHRI_5821_virus_proteins.faa (virus protein FASTA file)                                                                                                           │
│    ├── WHRI_5821_plasmid_proteins.faa (plasmid protein FASTA file)                                                                                                       │
│    ├── WHRI_5821_virus_genes.tsv (virus gene annotation data)                                                                                                            │
│    └── WHRI_5821_plasmid_genes.tsv (plasmid gene annotation data)                                                                                                        │
╰──────────────────────────────────────────────────────────────────────────────────────────────────────────────────────────────────────────────────────────────────────────╯
[09:58:56] Executing genomad summary.                                                                                                                                       
[09:58:56] Creating the WHRI_5821_summary directory.                                                                                                                        
[09:58:56] Using scores from aggregated-classification.                                                                                                                     
[09:58:56] 13 plasmid(s) and 2 virus(es) were identified.                                                                                                                   
[09:58:56] Nucleotide sequences were written to WHRI_5821_plasmid.fna and WHRI_5821_virus.fna.                                                                              
[09:58:56] Protein sequences were written to WHRI_5821_plasmid_proteins.faa and WHRI_5821_virus_proteins.faa.                                                               
[09:58:56] Gene annotation data was written to WHRI_5821_plasmid_genes.tsv and WHRI_5821_virus_genes.tsv.                                                                   
[09:58:56] Summary files were written to WHRI_5821_plasmid_summary.tsv and WHRI_5821_virus_summary.tsv.                                                                     
[09:58:56] geNomad summary finished!                                                                                                                                        
