╭──────────────────────────────────────────────────────────────────────────────────────────────────────────────────────────────────────────────────────────────────────────╮
│  Executing geNomad marker-classification (v1.11.1). This will classify the input sequences into chromosome, plasmid, or virus based on the presence of geNomad markers   │
│  and other gene-related features.                                                                                                                                        │
│  ──────────────────────────────────────────────────────────────────────────────────────────────────────────────────────────────────────────────────────────────────────  │
│  Outputs:                                                                                                                                                                │
│    WHRI_3818A_marker_classification                                                                                                                                      │
│    ├── WHRI_3818A_marker_classification.json (execution parameters)                                                                                                      │
│    ├── WHRI_3818A_features.tsv (sequence feature data: tabular format)                                                                                                   │
│    ├── WHRI_3818A_features.npz (sequence feature data: binary format)                                                                                                    │
│    ├── WHRI_3818A_marker_classification.tsv (sequence classification: tabular format)                                                                                    │
│    ├── WHRI_3818A_marker_classification.npz (sequence classification: binary format)                                                                                     │
│    ├── WHRI_3818A_provirus_features.tsv (provirus feature data: tabular format)                                                                                          │
│    ├── WHRI_3818A_provirus_features.npz (provirus feature data: binary format)                                                                                           │
│    ├── WHRI_3818A_provirus_marker_classification.tsv (provirus classification: tabular format)                                                                           │
│    └── WHRI_3818A_provirus_marker_classification.npz (provirus classification: binary format)                                                                            │
╰──────────────────────────────────────────────────────────────────────────────────────────────────────────────────────────────────────────────────────────────────────────╯
[08:09:29] Executing genomad marker-classification.                                                                                                                         
[08:09:29] Creating the WHRI_3818A_marker_classification directory.                                                                                                         
[08:09:30] Sequence features computed.                                                                                                                                      
[08:09:30] Sequence features in binary format written to WHRI_3818A_features.npz.                                                                                           
[08:09:30] Sequence features in tabular format written to WHRI_3818A_features.tsv.                                                                                          
[08:09:31] Provirus features computed.                                                                                                                                      
[08:09:31] Provirus features in binary format written to WHRI_3818A_provirus_features.npz.                                                                                  
[08:09:31] Provirus features in tabular format written to WHRI_3818A_provirus_features.tsv.                                                                                 
[08:09:31] Sequences classified.                                                                                                                                            
[08:09:31] Sequence classification in binary format written to WHRI_3818A_marker_classification.npz.                                                                        
[08:09:31] Sequence classification in tabular format written to WHRI_3818A_marker_classification.tsv.                                                                       
[08:09:31] Proviruses classified.                                                                                                                                           
[08:09:31] Provirus classification in binary format written to WHRI_3818A_provirus_marker_classification.npz.                                                               
[08:09:31] Provirus classification in tabular format written to WHRI_3818A_provirus_marker_classification.tsv.                                                              
[08:09:31] geNomad marker-classification finished!                                                                                                                          
