╭──────────────────────────────────────────────────────────────────────────────────────────────────────────────────────────────────────────────────────────────────────────╮
│  Executing geNomad summary (v1.11.1). This will summarize the results across modules into a classification report.                                                       │
│  ──────────────────────────────────────────────────────────────────────────────────────────────────────────────────────────────────────────────────────────────────────  │
│  Outputs:                                                                                                                                                                │
│    WHRI_6058_summary                                                                                                                                                     │
│    ├── WHRI_6058_summary.json (execution parameters)                                                                                                                     │
│    ├── WHRI_6058_virus_summary.tsv (virus classification summary)                                                                                                        │
│    ├── WHRI_6058_plasmid_summary.tsv (plasmid classification summary)                                                                                                    │
│    ├── WHRI_6058_virus.fna (virus nucleotide FASTA file)                                                                                                                 │
│    ├── WHRI_6058_plasmid.fna (plasmid nucleotide FASTA file)                                                                                                             │
│    ├── WHRI_6058_virus_proteins.faa (virus protein FASTA file)                                                                                                           │
│    ├── WHRI_6058_plasmid_proteins.faa (plasmid protein FASTA file)                                                                                                       │
│    ├── WHRI_6058_virus_genes.tsv (virus gene annotation data)                                                                                                            │
│    └── WHRI_6058_plasmid_genes.tsv (plasmid gene annotation data)                                                                                                        │
╰──────────────────────────────────────────────────────────────────────────────────────────────────────────────────────────────────────────────────────────────────────────╯
[10:29:57] Executing genomad summary.                                                                                                                                       
[10:29:57] Creating the WHRI_6058_summary directory.                                                                                                                        
[10:29:57] Using scores from aggregated-classification.                                                                                                                     
[10:29:57] 9 plasmid(s) and 1 virus(es) were identified.                                                                                                                    
[10:29:57] Nucleotide sequences were written to WHRI_6058_plasmid.fna and WHRI_6058_virus.fna.                                                                              
[10:29:57] Protein sequences were written to WHRI_6058_plasmid_proteins.faa and WHRI_6058_virus_proteins.faa.                                                               
[10:29:57] Gene annotation data was written to WHRI_6058_plasmid_genes.tsv and WHRI_6058_virus_genes.tsv.                                                                   
[10:29:57] Summary files were written to WHRI_6058_plasmid_summary.tsv and WHRI_6058_virus_summary.tsv.                                                                     
[10:29:57] geNomad summary finished!                                                                                                                                        
