╭──────────────────────────────────────────────────────────────────────────────────────────────────────────────────────────────────────────────────────────────────────────╮
│  Executing geNomad summary (v1.11.1). This will summarize the results across modules into a classification report.                                                       │
│  ──────────────────────────────────────────────────────────────────────────────────────────────────────────────────────────────────────────────────────────────────────  │
│  Outputs:                                                                                                                                                                │
│    WHRI_7804_summary                                                                                                                                                     │
│    ├── WHRI_7804_summary.json (execution parameters)                                                                                                                     │
│    ├── WHRI_7804_virus_summary.tsv (virus classification summary)                                                                                                        │
│    ├── WHRI_7804_plasmid_summary.tsv (plasmid classification summary)                                                                                                    │
│    ├── WHRI_7804_virus.fna (virus nucleotide FASTA file)                                                                                                                 │
│    ├── WHRI_7804_plasmid.fna (plasmid nucleotide FASTA file)                                                                                                             │
│    ├── WHRI_7804_virus_proteins.faa (virus protein FASTA file)                                                                                                           │
│    ├── WHRI_7804_plasmid_proteins.faa (plasmid protein FASTA file)                                                                                                       │
│    ├── WHRI_7804_virus_genes.tsv (virus gene annotation data)                                                                                                            │
│    └── WHRI_7804_plasmid_genes.tsv (plasmid gene annotation data)                                                                                                        │
╰──────────────────────────────────────────────────────────────────────────────────────────────────────────────────────────────────────────────────────────────────────────╯
[12:21:08] Executing genomad summary.                                                                                                                                       
[12:21:08] Creating the WHRI_7804_summary directory.                                                                                                                        
[12:21:08] Using scores from aggregated-classification.                                                                                                                     
[12:21:08] 19 plasmid(s) and 1 virus(es) were identified.                                                                                                                   
[12:21:08] Nucleotide sequences were written to WHRI_7804_plasmid.fna and WHRI_7804_virus.fna.                                                                              
[12:21:08] Protein sequences were written to WHRI_7804_plasmid_proteins.faa and WHRI_7804_virus_proteins.faa.                                                               
[12:21:08] Gene annotation data was written to WHRI_7804_plasmid_genes.tsv and WHRI_7804_virus_genes.tsv.                                                                   
[12:21:08] Summary files were written to WHRI_7804_plasmid_summary.tsv and WHRI_7804_virus_summary.tsv.                                                                     
[12:21:08] geNomad summary finished!                                                                                                                                        
