╭──────────────────────────────────────────────────────────────────────────────────────────────────────────────────────────────────────────────────────────────────────────╮
│  Executing geNomad summary (v1.11.1). This will summarize the results across modules into a classification report.                                                       │
│  ──────────────────────────────────────────────────────────────────────────────────────────────────────────────────────────────────────────────────────────────────────  │
│  Outputs:                                                                                                                                                                │
│    WHRI_8429A_summary                                                                                                                                                    │
│    ├── WHRI_8429A_summary.json (execution parameters)                                                                                                                    │
│    ├── WHRI_8429A_virus_summary.tsv (virus classification summary)                                                                                                       │
│    ├── WHRI_8429A_plasmid_summary.tsv (plasmid classification summary)                                                                                                   │
│    ├── WHRI_8429A_virus.fna (virus nucleotide FASTA file)                                                                                                                │
│    ├── WHRI_8429A_plasmid.fna (plasmid nucleotide FASTA file)                                                                                                            │
│    ├── WHRI_8429A_virus_proteins.faa (virus protein FASTA file)                                                                                                          │
│    ├── WHRI_8429A_plasmid_proteins.faa (plasmid protein FASTA file)                                                                                                      │
│    ├── WHRI_8429A_virus_genes.tsv (virus gene annotation data)                                                                                                           │
│    └── WHRI_8429A_plasmid_genes.tsv (plasmid gene annotation data)                                                                                                       │
╰──────────────────────────────────────────────────────────────────────────────────────────────────────────────────────────────────────────────────────────────────────────╯
[13:12:26] Executing genomad summary.                                                                                                                                       
[13:12:26] Creating the WHRI_8429A_summary directory.                                                                                                                       
[13:12:26] Using scores from aggregated-classification.                                                                                                                     
[13:12:26] 12 plasmid(s) and 3 virus(es) were identified.                                                                                                                   
[13:12:26] Nucleotide sequences were written to WHRI_8429A_plasmid.fna and WHRI_8429A_virus.fna.                                                                            
[13:12:26] Protein sequences were written to WHRI_8429A_plasmid_proteins.faa and WHRI_8429A_virus_proteins.faa.                                                             
[13:12:26] Gene annotation data was written to WHRI_8429A_plasmid_genes.tsv and WHRI_8429A_virus_genes.tsv.                                                                 
[13:12:26] Summary files were written to WHRI_8429A_plasmid_summary.tsv and WHRI_8429A_virus_summary.tsv.                                                                   
[13:12:26] geNomad summary finished!                                                                                                                                        
