╭──────────────────────────────────────────────────────────────────────────────────────────────────────────────────────────────────────────────────────────────────────────╮
│  Executing geNomad nn-classification (v1.11.1). This will classify the input sequences into chromosome, plasmid, or virus based on the nucleotide sequence.              │
│  ──────────────────────────────────────────────────────────────────────────────────────────────────────────────────────────────────────────────────────────────────────  │
│  Outputs:                                                                                                                                                                │
│    WHRI_5808_nn_classification                                                                                                                                           │
│    ├── WHRI_5808_nn_classification.json (execution parameters)                                                                                                           │
│    ├── WHRI_5808_encoded_sequences (directory containing encoded sequence data)                                                                                          │
│    ├── WHRI_5808_nn_classification.tsv (contig classification: tabular format)                                                                                           │
│    ├── WHRI_5808_nn_classification.npz (contig classification: binary format)                                                                                            │
│    ├── WHRI_5808_encoded_proviruses (directory containing encoded sequence data)                                                                                         │
│    ├── WHRI_5808_provirus_nn_classification.tsv (provirus classification: tabular format)                                                                                │
│    └── WHRI_5808_provirus_nn_classification.npz (provirus classification: binary format)                                                                                 │
╰──────────────────────────────────────────────────────────────────────────────────────────────────────────────────────────────────────────────────────────────────────────╯
[09:48:16] Executing genomad nn-classification.                                                                                                                             
[09:48:16] Creating the WHRI_5808_nn_classification directory.                                                                                                              
[09:48:16] Creating the WHRI_5808_nn_classification/WHRI_5808_encoded_sequences directory.                                                                                  
[09:48:17] Encoded sequence data written to WHRI_5808_encoded_sequences.                                                                                                    
[09:48:17] Creating the WHRI_5808_nn_classification/WHRI_5808_encoded_proviruses directory.                                                                                 
[09:48:17] Encoded provirus data written to WHRI_5808_encoded_proviruses.                                                                                                   
[09:48:24] Sequences classified.                                                                                                                                            
[09:48:24] Sequence classification in binary format written to WHRI_5808_nn_classification.npz.                                                                             
[09:48:24] Deleting encoded sequence data.                                                                                                                                  
[09:48:24] Sequence classification in tabular format written to WHRI_5808_nn_classification.tsv.                                                                            
[09:48:27] Proviruses classified.                                                                                                                                           
[09:48:27] Provirus classification in binary format written to WHRI_5808_provirus_nn_classification.npz.                                                                    
[09:48:27] Deleting encoded provirus data.                                                                                                                                  
[09:48:27] Provirus classification in tabular format written to WHRI_5808_provirus_nn_classification.tsv.                                                                   
[09:48:27] geNomad nn-classification finished!                                                                                                                              
