╭──────────────────────────────────────────────────────────────────────────────────────────────────────────────────────────────────────────────────────────────────────────╮
│  Executing geNomad summary (v1.11.1). This will summarize the results across modules into a classification report.                                                       │
│  ──────────────────────────────────────────────────────────────────────────────────────────────────────────────────────────────────────────────────────────────────────  │
│  Outputs:                                                                                                                                                                │
│    WHRI_8320_summary                                                                                                                                                     │
│    ├── WHRI_8320_summary.json (execution parameters)                                                                                                                     │
│    ├── WHRI_8320_virus_summary.tsv (virus classification summary)                                                                                                        │
│    ├── WHRI_8320_plasmid_summary.tsv (plasmid classification summary)                                                                                                    │
│    ├── WHRI_8320_virus.fna (virus nucleotide FASTA file)                                                                                                                 │
│    ├── WHRI_8320_plasmid.fna (plasmid nucleotide FASTA file)                                                                                                             │
│    ├── WHRI_8320_virus_proteins.faa (virus protein FASTA file)                                                                                                           │
│    ├── WHRI_8320_plasmid_proteins.faa (plasmid protein FASTA file)                                                                                                       │
│    ├── WHRI_8320_virus_genes.tsv (virus gene annotation data)                                                                                                            │
│    └── WHRI_8320_plasmid_genes.tsv (plasmid gene annotation data)                                                                                                        │
╰──────────────────────────────────────────────────────────────────────────────────────────────────────────────────────────────────────────────────────────────────────────╯
[12:47:15] Executing genomad summary.                                                                                                                                       
[12:47:15] Creating the WHRI_8320_summary directory.                                                                                                                        
[12:47:15] Using scores from aggregated-classification.                                                                                                                     
[12:47:15] 16 plasmid(s) and 0 virus(es) were identified.                                                                                                                   
[12:47:15] Nucleotide sequences were written to WHRI_8320_plasmid.fna and WHRI_8320_virus.fna.                                                                              
[12:47:15] Protein sequences were written to WHRI_8320_plasmid_proteins.faa and WHRI_8320_virus_proteins.faa.                                                               
[12:47:15] Gene annotation data was written to WHRI_8320_plasmid_genes.tsv and WHRI_8320_virus_genes.tsv.                                                                   
[12:47:15] Summary files were written to WHRI_8320_plasmid_summary.tsv and WHRI_8320_virus_summary.tsv.                                                                     
[12:47:15] geNomad summary finished!                                                                                                                                        
