╭──────────────────────────────────────────────────────────────────────────────────────────────────────────────────────────────────────────────────────────────────────────╮
│  Executing geNomad marker-classification (v1.11.1). This will classify the input sequences into chromosome, plasmid, or virus based on the presence of geNomad markers   │
│  and other gene-related features.                                                                                                                                        │
│  ──────────────────────────────────────────────────────────────────────────────────────────────────────────────────────────────────────────────────────────────────────  │
│  Outputs:                                                                                                                                                                │
│    WHRI_3844B_marker_classification                                                                                                                                      │
│    ├── WHRI_3844B_marker_classification.json (execution parameters)                                                                                                      │
│    ├── WHRI_3844B_features.tsv (sequence feature data: tabular format)                                                                                                   │
│    ├── WHRI_3844B_features.npz (sequence feature data: binary format)                                                                                                    │
│    ├── WHRI_3844B_marker_classification.tsv (sequence classification: tabular format)                                                                                    │
│    └── WHRI_3844B_marker_classification.npz (sequence classification: binary format)                                                                                     │
╰──────────────────────────────────────────────────────────────────────────────────────────────────────────────────────────────────────────────────────────────────────────╯
[08:25:02] Executing genomad marker-classification.                                                                                                                         
[08:25:02] Creating the WHRI_3844B_marker_classification directory.                                                                                                         
[08:25:02] Sequence features computed.                                                                                                                                      
[08:25:02] Sequence features in binary format written to WHRI_3844B_features.npz.                                                                                           
[08:25:02] Sequence features in tabular format written to WHRI_3844B_features.tsv.                                                                                          
[08:25:03] Sequences classified.                                                                                                                                            
[08:25:03] Sequence classification in binary format written to WHRI_3844B_marker_classification.npz.                                                                        
[08:25:03] Sequence classification in tabular format written to WHRI_3844B_marker_classification.tsv.                                                                       
[08:25:03] geNomad marker-classification finished!                                                                                                                          
