╭──────────────────────────────────────────────────────────────────────────────────────────────────────────────────────────────────────────────────────────────────────────╮
│  Executing geNomad aggregated-classification (v1.11.1). This will aggregate the results of the marker-classification and nn-classification modules to classify the       │
│  input sequences into chromosome, plasmid, or virus.                                                                                                                     │
│  ──────────────────────────────────────────────────────────────────────────────────────────────────────────────────────────────────────────────────────────────────────  │
│  Outputs:                                                                                                                                                                │
│    WHRI_8578_aggregated_classification                                                                                                                                   │
│    ├── WHRI_8578_aggregated_classification.json (execution parameters)                                                                                                   │
│    ├── WHRI_8578_aggregated_classification.tsv (sequence classification: tabular format)                                                                                 │
│    ├── WHRI_8578_aggregated_classification.npz (sequence classification: binary format)                                                                                  │
│    ├── WHRI_8578_provirus_aggregated_classification.tsv (provirus classification: tabular format)                                                                        │
│    └── WHRI_8578_provirus_aggregated_classification.npz (provirus classification: binary format)                                                                         │
╰──────────────────────────────────────────────────────────────────────────────────────────────────────────────────────────────────────────────────────────────────────────╯
[13:54:00] Executing genomad aggregated-classification.                                                                                                                     
[13:54:00] Creating the WHRI_8578_aggregated_classification directory.                                                                                                      
[13:54:00] The total marker frequencies of the input sequences were computed.                                                                                               
[13:54:00] Sequences classified.                                                                                                                                            
[13:54:00] Sequence classification in binary format written to WHRI_8578_aggregated_classification.npz.                                                                     
[13:54:00] Sequence classification in tabular format written to WHRI_8578_aggregated_classification.tsv.                                                                    
[13:54:00] Proviruses classified.                                                                                                                                           
[13:54:00] Provirus classification in binary format written to WHRI_8578_provirus_aggregated_classification.npz.                                                            
[13:54:00] Provirus classification in tabular format written to WHRI_8578_provirus_aggregated_classification.tsv.                                                           
[13:54:00] geNomad aggregated-classification finished!                                                                                                                      
