╭──────────────────────────────────────────────────────────────────────────────────────────────────────────────────────────────────────────────────────────────────────────╮
│  Executing geNomad summary (v1.11.1). This will summarize the results across modules into a classification report.                                                       │
│  ──────────────────────────────────────────────────────────────────────────────────────────────────────────────────────────────────────────────────────────────────────  │
│  Outputs:                                                                                                                                                                │
│    WHRI_8978_summary                                                                                                                                                     │
│    ├── WHRI_8978_summary.json (execution parameters)                                                                                                                     │
│    ├── WHRI_8978_virus_summary.tsv (virus classification summary)                                                                                                        │
│    ├── WHRI_8978_plasmid_summary.tsv (plasmid classification summary)                                                                                                    │
│    ├── WHRI_8978_virus.fna (virus nucleotide FASTA file)                                                                                                                 │
│    ├── WHRI_8978_plasmid.fna (plasmid nucleotide FASTA file)                                                                                                             │
│    ├── WHRI_8978_virus_proteins.faa (virus protein FASTA file)                                                                                                           │
│    ├── WHRI_8978_plasmid_proteins.faa (plasmid protein FASTA file)                                                                                                       │
│    ├── WHRI_8978_virus_genes.tsv (virus gene annotation data)                                                                                                            │
│    └── WHRI_8978_plasmid_genes.tsv (plasmid gene annotation data)                                                                                                        │
╰──────────────────────────────────────────────────────────────────────────────────────────────────────────────────────────────────────────────────────────────────────────╯
[15:18:57] Executing genomad summary.                                                                                                                                       
[15:18:57] Creating the WHRI_8978_summary directory.                                                                                                                        
[15:18:57] Using scores from aggregated-classification.                                                                                                                     
[15:18:57] 1 plasmid(s) and 1 virus(es) were identified.                                                                                                                    
[15:18:57] Nucleotide sequences were written to WHRI_8978_plasmid.fna and WHRI_8978_virus.fna.                                                                              
[15:18:57] Protein sequences were written to WHRI_8978_plasmid_proteins.faa and WHRI_8978_virus_proteins.faa.                                                               
[15:18:57] Gene annotation data was written to WHRI_8978_plasmid_genes.tsv and WHRI_8978_virus_genes.tsv.                                                                   
[15:18:57] Summary files were written to WHRI_8978_plasmid_summary.tsv and WHRI_8978_virus_summary.tsv.                                                                     
[15:18:57] geNomad summary finished!                                                                                                                                        
