╭──────────────────────────────────────────────────────────────────────────────────────────────────────────────────────────────────────────────────────────────────────────╮
│  Executing geNomad summary (v1.11.1). This will summarize the results across modules into a classification report.                                                       │
│  ──────────────────────────────────────────────────────────────────────────────────────────────────────────────────────────────────────────────────────────────────────  │
│  Outputs:                                                                                                                                                                │
│    WHRI_6189_summary                                                                                                                                                     │
│    ├── WHRI_6189_summary.json (execution parameters)                                                                                                                     │
│    ├── WHRI_6189_virus_summary.tsv (virus classification summary)                                                                                                        │
│    ├── WHRI_6189_plasmid_summary.tsv (plasmid classification summary)                                                                                                    │
│    ├── WHRI_6189_virus.fna (virus nucleotide FASTA file)                                                                                                                 │
│    ├── WHRI_6189_plasmid.fna (plasmid nucleotide FASTA file)                                                                                                             │
│    ├── WHRI_6189_virus_proteins.faa (virus protein FASTA file)                                                                                                           │
│    ├── WHRI_6189_plasmid_proteins.faa (plasmid protein FASTA file)                                                                                                       │
│    ├── WHRI_6189_virus_genes.tsv (virus gene annotation data)                                                                                                            │
│    └── WHRI_6189_plasmid_genes.tsv (plasmid gene annotation data)                                                                                                        │
╰──────────────────────────────────────────────────────────────────────────────────────────────────────────────────────────────────────────────────────────────────────────╯
[11:11:44] Executing genomad summary.                                                                                                                                       
[11:11:44] Creating the WHRI_6189_summary directory.                                                                                                                        
[11:11:44] Using scores from aggregated-classification.                                                                                                                     
[11:11:44] 13 plasmid(s) and 1 virus(es) were identified.                                                                                                                   
[11:11:44] Nucleotide sequences were written to WHRI_6189_plasmid.fna and WHRI_6189_virus.fna.                                                                              
[11:11:44] Protein sequences were written to WHRI_6189_plasmid_proteins.faa and WHRI_6189_virus_proteins.faa.                                                               
[11:11:44] Gene annotation data was written to WHRI_6189_plasmid_genes.tsv and WHRI_6189_virus_genes.tsv.                                                                   
[11:11:44] Summary files were written to WHRI_6189_plasmid_summary.tsv and WHRI_6189_virus_summary.tsv.                                                                     
[11:11:44] geNomad summary finished!                                                                                                                                        
