╭──────────────────────────────────────────────────────────────────────────────────────────────────────────────────────────────────────────────────────────────────────────╮
│  Executing geNomad nn-classification (v1.11.1). This will classify the input sequences into chromosome, plasmid, or virus based on the nucleotide sequence.              │
│  ──────────────────────────────────────────────────────────────────────────────────────────────────────────────────────────────────────────────────────────────────────  │
│  Outputs:                                                                                                                                                                │
│    WHRI_8127_nn_classification                                                                                                                                           │
│    ├── WHRI_8127_nn_classification.json (execution parameters)                                                                                                           │
│    ├── WHRI_8127_encoded_sequences (directory containing encoded sequence data)                                                                                          │
│    ├── WHRI_8127_nn_classification.tsv (contig classification: tabular format)                                                                                           │
│    ├── WHRI_8127_nn_classification.npz (contig classification: binary format)                                                                                            │
│    ├── WHRI_8127_encoded_proviruses (directory containing encoded sequence data)                                                                                         │
│    ├── WHRI_8127_provirus_nn_classification.tsv (provirus classification: tabular format)                                                                                │
│    └── WHRI_8127_provirus_nn_classification.npz (provirus classification: binary format)                                                                                 │
╰──────────────────────────────────────────────────────────────────────────────────────────────────────────────────────────────────────────────────────────────────────────╯
[12:45:43] Executing genomad nn-classification.                                                                                                                             
[12:45:43] Creating the WHRI_8127_nn_classification directory.                                                                                                              
[12:45:43] Creating the WHRI_8127_nn_classification/WHRI_8127_encoded_sequences directory.                                                                                  
[12:45:44] Encoded sequence data written to WHRI_8127_encoded_sequences.                                                                                                    
[12:45:44] Creating the WHRI_8127_nn_classification/WHRI_8127_encoded_proviruses directory.                                                                                 
[12:45:44] Encoded provirus data written to WHRI_8127_encoded_proviruses.                                                                                                   
[12:45:51] Sequences classified.                                                                                                                                            
[12:45:51] Sequence classification in binary format written to WHRI_8127_nn_classification.npz.                                                                             
[12:45:51] Deleting encoded sequence data.                                                                                                                                  
[12:45:51] Sequence classification in tabular format written to WHRI_8127_nn_classification.tsv.                                                                            
[12:45:53] Proviruses classified.                                                                                                                                           
[12:45:53] Provirus classification in binary format written to WHRI_8127_provirus_nn_classification.npz.                                                                    
[12:45:53] Deleting encoded provirus data.                                                                                                                                  
[12:45:53] Provirus classification in tabular format written to WHRI_8127_provirus_nn_classification.tsv.                                                                   
[12:45:53] geNomad nn-classification finished!                                                                                                                              
