╭──────────────────────────────────────────────────────────────────────────────────────────────────────────────────────────────────────────────────────────────────────────╮
│  Executing geNomad summary (v1.11.1). This will summarize the results across modules into a classification report.                                                       │
│  ──────────────────────────────────────────────────────────────────────────────────────────────────────────────────────────────────────────────────────────────────────  │
│  Outputs:                                                                                                                                                                │
│    WHRI_6369_summary                                                                                                                                                     │
│    ├── WHRI_6369_summary.json (execution parameters)                                                                                                                     │
│    ├── WHRI_6369_virus_summary.tsv (virus classification summary)                                                                                                        │
│    ├── WHRI_6369_plasmid_summary.tsv (plasmid classification summary)                                                                                                    │
│    ├── WHRI_6369_virus.fna (virus nucleotide FASTA file)                                                                                                                 │
│    ├── WHRI_6369_plasmid.fna (plasmid nucleotide FASTA file)                                                                                                             │
│    ├── WHRI_6369_virus_proteins.faa (virus protein FASTA file)                                                                                                           │
│    ├── WHRI_6369_plasmid_proteins.faa (plasmid protein FASTA file)                                                                                                       │
│    ├── WHRI_6369_virus_genes.tsv (virus gene annotation data)                                                                                                            │
│    └── WHRI_6369_plasmid_genes.tsv (plasmid gene annotation data)                                                                                                        │
╰──────────────────────────────────────────────────────────────────────────────────────────────────────────────────────────────────────────────────────────────────────────╯
[11:29:49] Executing genomad summary.                                                                                                                                       
[11:29:49] Creating the WHRI_6369_summary directory.                                                                                                                        
[11:29:49] Using scores from aggregated-classification.                                                                                                                     
[11:29:49] 15 plasmid(s) and 9 virus(es) were identified.                                                                                                                   
[11:29:49] Nucleotide sequences were written to WHRI_6369_plasmid.fna and WHRI_6369_virus.fna.                                                                              
[11:29:49] Protein sequences were written to WHRI_6369_plasmid_proteins.faa and WHRI_6369_virus_proteins.faa.                                                               
[11:29:49] Gene annotation data was written to WHRI_6369_plasmid_genes.tsv and WHRI_6369_virus_genes.tsv.                                                                   
[11:29:49] Summary files were written to WHRI_6369_plasmid_summary.tsv and WHRI_6369_virus_summary.tsv.                                                                     
[11:29:49] geNomad summary finished!                                                                                                                                        
