╭──────────────────────────────────────────────────────────────────────────────────────────────────────────────────────────────────────────────────────────────────────────╮
│  Executing geNomad nn-classification (v1.11.1). This will classify the input sequences into chromosome, plasmid, or virus based on the nucleotide sequence.              │
│  ──────────────────────────────────────────────────────────────────────────────────────────────────────────────────────────────────────────────────────────────────────  │
│  Outputs:                                                                                                                                                                │
│    WHRI_8541_nn_classification                                                                                                                                           │
│    ├── WHRI_8541_nn_classification.json (execution parameters)                                                                                                           │
│    ├── WHRI_8541_encoded_sequences (directory containing encoded sequence data)                                                                                          │
│    ├── WHRI_8541_nn_classification.tsv (contig classification: tabular format)                                                                                           │
│    ├── WHRI_8541_nn_classification.npz (contig classification: binary format)                                                                                            │
│    ├── WHRI_8541_encoded_proviruses (directory containing encoded sequence data)                                                                                         │
│    ├── WHRI_8541_provirus_nn_classification.tsv (provirus classification: tabular format)                                                                                │
│    └── WHRI_8541_provirus_nn_classification.npz (provirus classification: binary format)                                                                                 │
╰──────────────────────────────────────────────────────────────────────────────────────────────────────────────────────────────────────────────────────────────────────────╯
[13:49:42] Executing genomad nn-classification.                                                                                                                             
[13:49:42] Creating the WHRI_8541_nn_classification directory.                                                                                                              
[13:49:42] Creating the WHRI_8541_nn_classification/WHRI_8541_encoded_sequences directory.                                                                                  
[13:49:43] Encoded sequence data written to WHRI_8541_encoded_sequences.                                                                                                    
[13:49:43] Creating the WHRI_8541_nn_classification/WHRI_8541_encoded_proviruses directory.                                                                                 
[13:49:43] Encoded provirus data written to WHRI_8541_encoded_proviruses.                                                                                                   
[13:49:49] Sequences classified.                                                                                                                                            
[13:49:49] Sequence classification in binary format written to WHRI_8541_nn_classification.npz.                                                                             
[13:49:49] Deleting encoded sequence data.                                                                                                                                  
[13:49:49] Sequence classification in tabular format written to WHRI_8541_nn_classification.tsv.                                                                            
[13:49:52] Proviruses classified.                                                                                                                                           
[13:49:52] Provirus classification in binary format written to WHRI_8541_provirus_nn_classification.npz.                                                                    
[13:49:52] Deleting encoded provirus data.                                                                                                                                  
[13:49:52] Provirus classification in tabular format written to WHRI_8541_provirus_nn_classification.tsv.                                                                   
[13:49:52] geNomad nn-classification finished!                                                                                                                              
