╭──────────────────────────────────────────────────────────────────────────────────────────────────────────────────────────────────────────────────────────────────────────╮
│  Executing geNomad find-proviruses (v1.11.1). This will find putative proviral regions within the input sequences.                                                       │
│  ──────────────────────────────────────────────────────────────────────────────────────────────────────────────────────────────────────────────────────────────────────  │
│  Outputs:                                                                                                                                                                │
│    WHRI_6058_find_proviruses                                                                                                                                             │
│    ├── WHRI_6058_find_proviruses.json (execution parameters)                                                                                                             │
│    ├── WHRI_6058_provirus.tsv (provirus data)                                                                                                                            │
│    ├── WHRI_6058_provirus.fna (provirus nucleotide sequences)                                                                                                            │
│    ├── WHRI_6058_provirus_proteins.faa (provirus protein sequences)                                                                                                      │
│    ├── WHRI_6058_provirus_genes.tsv (provirus gene annotation data)                                                                                                      │
│    ├── WHRI_6058_provirus_taxonomy.tsv (provirus taxonomic assignment)                                                                                                   │
│    ├── WHRI_6058_provirus_mmseqs2.tsv (MMseqs2 output file)                                                                                                              │
│    └── WHRI_6058_provirus_aragorn.tsv (Aragorn output file)                                                                                                              │
╰──────────────────────────────────────────────────────────────────────────────────────────────────────────────────────────────────────────────────────────────────────────╯
[10:29:37] Executing genomad find-proviruses.                                                                                                                               
[10:29:37] Creating the WHRI_6058_find_proviruses directory.                                                                                                                
[10:29:40] Integrases identified with MMseqs2 and geNomad database (v1.9) were written to WHRI_6058_provirus_mmseqs2.tsv.                                                   
[10:29:40] Deleting WHRI_6058_provirus_mmseqs2.                                                                                                                             
[10:29:40] Deleting WHRI_6058_provirus_mmseqs2_input.faa.                                                                                                                   
[10:29:40] tRNAs identified with Aragorn were written to WHRI_6058_provirus_aragorn.tsv.                                                                                    
[10:29:40] Deleting WHRI_6058_provirus_aragorn_input.fna.                                                                                                                   
[10:29:41] Provirus regions identified.                                                                                                                                     
[10:29:41] Provirus data was written to WHRI_6058_provirus.tsv.                                                                                                             
[10:29:41] Provirus nucleotide sequences were written to WHRI_6058_provirus.fna.                                                                                            
[10:29:41] Provirus protein sequences were written to WHRI_6058_provirus_proteins.faa.                                                                                      
[10:29:41] Provirus gene data was written to WHRI_6058_provirus_genes.tsv.                                                                                                  
[10:29:41] Taxonomic assignment data was written to WHRI_6058_provirus_taxonomy.tsv.                                                                                        
[10:29:41] geNomad find-proviruses finished!                                                                                                                                
