╭──────────────────────────────────────────────────────────────────────────────────────────────────────────────────────────────────────────────────────────────────────────╮
│  Executing geNomad aggregated-classification (v1.11.1). This will aggregate the results of the marker-classification and nn-classification modules to classify the       │
│  input sequences into chromosome, plasmid, or virus.                                                                                                                     │
│  ──────────────────────────────────────────────────────────────────────────────────────────────────────────────────────────────────────────────────────────────────────  │
│  Outputs:                                                                                                                                                                │
│    WHRI_8455A_aggregated_classification                                                                                                                                  │
│    ├── WHRI_8455A_aggregated_classification.json (execution parameters)                                                                                                  │
│    ├── WHRI_8455A_aggregated_classification.tsv (sequence classification: tabular format)                                                                                │
│    ├── WHRI_8455A_aggregated_classification.npz (sequence classification: binary format)                                                                                 │
│    ├── WHRI_8455A_provirus_aggregated_classification.tsv (provirus classification: tabular format)                                                                       │
│    └── WHRI_8455A_provirus_aggregated_classification.npz (provirus classification: binary format)                                                                        │
╰──────────────────────────────────────────────────────────────────────────────────────────────────────────────────────────────────────────────────────────────────────────╯
[13:34:41] Executing genomad aggregated-classification.                                                                                                                     
[13:34:41] Creating the WHRI_8455A_aggregated_classification directory.                                                                                                     
[13:34:41] The total marker frequencies of the input sequences were computed.                                                                                               
[13:34:41] Sequences classified.                                                                                                                                            
[13:34:41] Sequence classification in binary format written to WHRI_8455A_aggregated_classification.npz.                                                                    
[13:34:41] Sequence classification in tabular format written to WHRI_8455A_aggregated_classification.tsv.                                                                   
[13:34:41] Proviruses classified.                                                                                                                                           
[13:34:41] Provirus classification in binary format written to WHRI_8455A_provirus_aggregated_classification.npz.                                                           
[13:34:41] Provirus classification in tabular format written to WHRI_8455A_provirus_aggregated_classification.tsv.                                                          
[13:34:41] geNomad aggregated-classification finished!                                                                                                                      
