╭──────────────────────────────────────────────────────────────────────────────────────────────────────────────────────────────────────────────────────────────────────────╮
│  Executing geNomad summary (v1.11.1). This will summarize the results across modules into a classification report.                                                       │
│  ──────────────────────────────────────────────────────────────────────────────────────────────────────────────────────────────────────────────────────────────────────  │
│  Outputs:                                                                                                                                                                │
│    WHRI_3978_summary                                                                                                                                                     │
│    ├── WHRI_3978_summary.json (execution parameters)                                                                                                                     │
│    ├── WHRI_3978_virus_summary.tsv (virus classification summary)                                                                                                        │
│    ├── WHRI_3978_plasmid_summary.tsv (plasmid classification summary)                                                                                                    │
│    ├── WHRI_3978_virus.fna (virus nucleotide FASTA file)                                                                                                                 │
│    ├── WHRI_3978_plasmid.fna (plasmid nucleotide FASTA file)                                                                                                             │
│    ├── WHRI_3978_virus_proteins.faa (virus protein FASTA file)                                                                                                           │
│    ├── WHRI_3978_plasmid_proteins.faa (plasmid protein FASTA file)                                                                                                       │
│    ├── WHRI_3978_virus_genes.tsv (virus gene annotation data)                                                                                                            │
│    └── WHRI_3978_plasmid_genes.tsv (plasmid gene annotation data)                                                                                                        │
╰──────────────────────────────────────────────────────────────────────────────────────────────────────────────────────────────────────────────────────────────────────────╯
[08:39:11] Executing genomad summary.                                                                                                                                       
[08:39:11] Creating the WHRI_3978_summary directory.                                                                                                                        
[08:39:11] Using scores from aggregated-classification.                                                                                                                     
[08:39:11] 10 plasmid(s) and 2 virus(es) were identified.                                                                                                                   
[08:39:11] Nucleotide sequences were written to WHRI_3978_plasmid.fna and WHRI_3978_virus.fna.                                                                              
[08:39:11] Protein sequences were written to WHRI_3978_plasmid_proteins.faa and WHRI_3978_virus_proteins.faa.                                                               
[08:39:11] Gene annotation data was written to WHRI_3978_plasmid_genes.tsv and WHRI_3978_virus_genes.tsv.                                                                   
[08:39:11] Summary files were written to WHRI_3978_plasmid_summary.tsv and WHRI_3978_virus_summary.tsv.                                                                     
[08:39:11] geNomad summary finished!                                                                                                                                        
