╭──────────────────────────────────────────────────────────────────────────────────────────────────────────────────────────────────────────────────────────────────────────╮
│  Executing geNomad nn-classification (v1.11.1). This will classify the input sequences into chromosome, plasmid, or virus based on the nucleotide sequence.              │
│  ──────────────────────────────────────────────────────────────────────────────────────────────────────────────────────────────────────────────────────────────────────  │
│  Outputs:                                                                                                                                                                │
│    WHRI_6058_nn_classification                                                                                                                                           │
│    ├── WHRI_6058_nn_classification.json (execution parameters)                                                                                                           │
│    ├── WHRI_6058_encoded_sequences (directory containing encoded sequence data)                                                                                          │
│    ├── WHRI_6058_nn_classification.tsv (contig classification: tabular format)                                                                                           │
│    ├── WHRI_6058_nn_classification.npz (contig classification: binary format)                                                                                            │
│    ├── WHRI_6058_encoded_proviruses (directory containing encoded sequence data)                                                                                         │
│    ├── WHRI_6058_provirus_nn_classification.tsv (provirus classification: tabular format)                                                                                │
│    └── WHRI_6058_provirus_nn_classification.npz (provirus classification: binary format)                                                                                 │
╰──────────────────────────────────────────────────────────────────────────────────────────────────────────────────────────────────────────────────────────────────────────╯
[10:29:45] Executing genomad nn-classification.                                                                                                                             
[10:29:45] Creating the WHRI_6058_nn_classification directory.                                                                                                              
[10:29:45] Creating the WHRI_6058_nn_classification/WHRI_6058_encoded_sequences directory.                                                                                  
[10:29:47] Encoded sequence data written to WHRI_6058_encoded_sequences.                                                                                                    
[10:29:47] Creating the WHRI_6058_nn_classification/WHRI_6058_encoded_proviruses directory.                                                                                 
[10:29:47] Encoded provirus data written to WHRI_6058_encoded_proviruses.                                                                                                   
[10:29:54] Sequences classified.                                                                                                                                            
[10:29:54] Sequence classification in binary format written to WHRI_6058_nn_classification.npz.                                                                             
[10:29:54] Deleting encoded sequence data.                                                                                                                                  
[10:29:54] Sequence classification in tabular format written to WHRI_6058_nn_classification.tsv.                                                                            
[10:29:57] Proviruses classified.                                                                                                                                           
[10:29:57] Provirus classification in binary format written to WHRI_6058_provirus_nn_classification.npz.                                                                    
[10:29:57] Deleting encoded provirus data.                                                                                                                                  
[10:29:57] Provirus classification in tabular format written to WHRI_6058_provirus_nn_classification.tsv.                                                                   
[10:29:57] geNomad nn-classification finished!                                                                                                                              
