╭──────────────────────────────────────────────────────────────────────────────────────────────────────────────────────────────────────────────────────────────────────────╮
│  Executing geNomad nn-classification (v1.11.1). This will classify the input sequences into chromosome, plasmid, or virus based on the nucleotide sequence.              │
│  ──────────────────────────────────────────────────────────────────────────────────────────────────────────────────────────────────────────────────────────────────────  │
│  Outputs:                                                                                                                                                                │
│    WHRI_5212_(NCPPB_528)_nn_classification                                                                                                                               │
│    ├── WHRI_5212_(NCPPB_528)_nn_classification.json (execution parameters)                                                                                               │
│    ├── WHRI_5212_(NCPPB_528)_encoded_sequences (directory containing encoded sequence data)                                                                              │
│    ├── WHRI_5212_(NCPPB_528)_nn_classification.tsv (contig classification: tabular format)                                                                               │
│    ├── WHRI_5212_(NCPPB_528)_nn_classification.npz (contig classification: binary format)                                                                                │
│    ├── WHRI_5212_(NCPPB_528)_encoded_proviruses (directory containing encoded sequence data)                                                                             │
│    ├── WHRI_5212_(NCPPB_528)_provirus_nn_classification.tsv (provirus classification: tabular format)                                                                    │
│    └── WHRI_5212_(NCPPB_528)_provirus_nn_classification.npz (provirus classification: binary format)                                                                     │
╰──────────────────────────────────────────────────────────────────────────────────────────────────────────────────────────────────────────────────────────────────────────╯
[08:43:09] Executing genomad nn-classification.                                                                                                                             
[08:43:09] Creating the WHRI_5212_(NCPPB_528)_nn_classification directory.                                                                                                  
[08:43:09] Creating the WHRI_5212_(NCPPB_528)_nn_classification/WHRI_5212_(NCPPB_528)_encoded_sequences directory.                                                          
[08:43:10] Encoded sequence data written to WHRI_5212_(NCPPB_528)_encoded_sequences.                                                                                        
[08:43:10] Creating the WHRI_5212_(NCPPB_528)_nn_classification/WHRI_5212_(NCPPB_528)_encoded_proviruses directory.                                                         
[08:43:10] Encoded provirus data written to WHRI_5212_(NCPPB_528)_encoded_proviruses.                                                                                       
[08:43:18] Sequences classified.                                                                                                                                            
[08:43:18] Sequence classification in binary format written to WHRI_5212_(NCPPB_528)_nn_classification.npz.                                                                 
[08:43:18] Deleting encoded sequence data.                                                                                                                                  
[08:43:18] Sequence classification in tabular format written to WHRI_5212_(NCPPB_528)_nn_classification.tsv.                                                                
[08:43:21] Proviruses classified.                                                                                                                                           
[08:43:21] Provirus classification in binary format written to WHRI_5212_(NCPPB_528)_provirus_nn_classification.npz.                                                        
[08:43:21] Deleting encoded provirus data.                                                                                                                                  
[08:43:21] Provirus classification in tabular format written to WHRI_5212_(NCPPB_528)_provirus_nn_classification.tsv.                                                       
[08:43:21] geNomad nn-classification finished!                                                                                                                              
