╭──────────────────────────────────────────────────────────────────────────────────────────────────────────────────────────────────────────────────────────────────────────╮
│  Executing geNomad marker-classification (v1.11.1). This will classify the input sequences into chromosome, plasmid, or virus based on the presence of geNomad markers   │
│  and other gene-related features.                                                                                                                                        │
│  ──────────────────────────────────────────────────────────────────────────────────────────────────────────────────────────────────────────────────────────────────────  │
│  Outputs:                                                                                                                                                                │
│    WHRI_5771_marker_classification                                                                                                                                       │
│    ├── WHRI_5771_marker_classification.json (execution parameters)                                                                                                       │
│    ├── WHRI_5771_features.tsv (sequence feature data: tabular format)                                                                                                    │
│    ├── WHRI_5771_features.npz (sequence feature data: binary format)                                                                                                     │
│    ├── WHRI_5771_marker_classification.tsv (sequence classification: tabular format)                                                                                     │
│    ├── WHRI_5771_marker_classification.npz (sequence classification: binary format)                                                                                      │
│    ├── WHRI_5771_provirus_features.tsv (provirus feature data: tabular format)                                                                                           │
│    ├── WHRI_5771_provirus_features.npz (provirus feature data: binary format)                                                                                            │
│    ├── WHRI_5771_provirus_marker_classification.tsv (provirus classification: tabular format)                                                                            │
│    └── WHRI_5771_provirus_marker_classification.npz (provirus classification: binary format)                                                                             │
╰──────────────────────────────────────────────────────────────────────────────────────────────────────────────────────────────────────────────────────────────────────────╯
[09:37:01] Executing genomad marker-classification.                                                                                                                         
[09:37:01] Creating the WHRI_5771_marker_classification directory.                                                                                                          
[09:37:02] Sequence features computed.                                                                                                                                      
[09:37:02] Sequence features in binary format written to WHRI_5771_features.npz.                                                                                            
[09:37:02] Sequence features in tabular format written to WHRI_5771_features.tsv.                                                                                           
[09:37:03] Provirus features computed.                                                                                                                                      
[09:37:03] Provirus features in binary format written to WHRI_5771_provirus_features.npz.                                                                                   
[09:37:03] Provirus features in tabular format written to WHRI_5771_provirus_features.tsv.                                                                                  
[09:37:03] Sequences classified.                                                                                                                                            
[09:37:03] Sequence classification in binary format written to WHRI_5771_marker_classification.npz.                                                                         
[09:37:03] Sequence classification in tabular format written to WHRI_5771_marker_classification.tsv.                                                                        
[09:37:03] Proviruses classified.                                                                                                                                           
[09:37:03] Provirus classification in binary format written to WHRI_5771_provirus_marker_classification.npz.                                                                
[09:37:03] Provirus classification in tabular format written to WHRI_5771_provirus_marker_classification.tsv.                                                               
[09:37:03] geNomad marker-classification finished!                                                                                                                          
