╭──────────────────────────────────────────────────────────────────────────────────────────────────────────────────────────────────────────────────────────────────────────╮
│  Executing geNomad nn-classification (v1.11.1). This will classify the input sequences into chromosome, plasmid, or virus based on the nucleotide sequence.              │
│  ──────────────────────────────────────────────────────────────────────────────────────────────────────────────────────────────────────────────────────────────────────  │
│  Outputs:                                                                                                                                                                │
│    WHRI_8429A_nn_classification                                                                                                                                          │
│    ├── WHRI_8429A_nn_classification.json (execution parameters)                                                                                                          │
│    ├── WHRI_8429A_encoded_sequences (directory containing encoded sequence data)                                                                                         │
│    ├── WHRI_8429A_nn_classification.tsv (contig classification: tabular format)                                                                                          │
│    ├── WHRI_8429A_nn_classification.npz (contig classification: binary format)                                                                                           │
│    ├── WHRI_8429A_encoded_proviruses (directory containing encoded sequence data)                                                                                        │
│    ├── WHRI_8429A_provirus_nn_classification.tsv (provirus classification: tabular format)                                                                               │
│    └── WHRI_8429A_provirus_nn_classification.npz (provirus classification: binary format)                                                                                │
╰──────────────────────────────────────────────────────────────────────────────────────────────────────────────────────────────────────────────────────────────────────────╯
[13:12:16] Executing genomad nn-classification.                                                                                                                             
[13:12:16] Creating the WHRI_8429A_nn_classification directory.                                                                                                             
[13:12:16] Creating the WHRI_8429A_nn_classification/WHRI_8429A_encoded_sequences directory.                                                                                
[13:12:17] Encoded sequence data written to WHRI_8429A_encoded_sequences.                                                                                                   
[13:12:17] Creating the WHRI_8429A_nn_classification/WHRI_8429A_encoded_proviruses directory.                                                                               
[13:12:17] Encoded provirus data written to WHRI_8429A_encoded_proviruses.                                                                                                  
[13:12:24] Sequences classified.                                                                                                                                            
[13:12:24] Sequence classification in binary format written to WHRI_8429A_nn_classification.npz.                                                                            
[13:12:24] Deleting encoded sequence data.                                                                                                                                  
[13:12:24] Sequence classification in tabular format written to WHRI_8429A_nn_classification.tsv.                                                                           
[13:12:26] Proviruses classified.                                                                                                                                           
[13:12:26] Provirus classification in binary format written to WHRI_8429A_provirus_nn_classification.npz.                                                                   
[13:12:26] Deleting encoded provirus data.                                                                                                                                  
[13:12:26] Provirus classification in tabular format written to WHRI_8429A_provirus_nn_classification.tsv.                                                                  
[13:12:26] geNomad nn-classification finished!                                                                                                                              
