╭──────────────────────────────────────────────────────────────────────────────────────────────────────────────────────────────────────────────────────────────────────────╮
│  Executing geNomad nn-classification (v1.11.1). This will classify the input sequences into chromosome, plasmid, or virus based on the nucleotide sequence.              │
│  ──────────────────────────────────────────────────────────────────────────────────────────────────────────────────────────────────────────────────────────────────────  │
│  Outputs:                                                                                                                                                                │
│    WHRI_7260_nn_classification                                                                                                                                           │
│    ├── WHRI_7260_nn_classification.json (execution parameters)                                                                                                           │
│    ├── WHRI_7260_encoded_sequences (directory containing encoded sequence data)                                                                                          │
│    ├── WHRI_7260_nn_classification.tsv (contig classification: tabular format)                                                                                           │
│    ├── WHRI_7260_nn_classification.npz (contig classification: binary format)                                                                                            │
│    ├── WHRI_7260_encoded_proviruses (directory containing encoded sequence data)                                                                                         │
│    ├── WHRI_7260_provirus_nn_classification.tsv (provirus classification: tabular format)                                                                                │
│    └── WHRI_7260_provirus_nn_classification.npz (provirus classification: binary format)                                                                                 │
╰──────────────────────────────────────────────────────────────────────────────────────────────────────────────────────────────────────────────────────────────────────────╯
[11:47:39] Executing genomad nn-classification.                                                                                                                             
[11:47:39] Creating the WHRI_7260_nn_classification directory.                                                                                                              
[11:47:39] Creating the WHRI_7260_nn_classification/WHRI_7260_encoded_sequences directory.                                                                                  
[11:47:40] Encoded sequence data written to WHRI_7260_encoded_sequences.                                                                                                    
[11:47:40] Creating the WHRI_7260_nn_classification/WHRI_7260_encoded_proviruses directory.                                                                                 
[11:47:40] Encoded provirus data written to WHRI_7260_encoded_proviruses.                                                                                                   
[11:47:47] Sequences classified.                                                                                                                                            
[11:47:47] Sequence classification in binary format written to WHRI_7260_nn_classification.npz.                                                                             
[11:47:47] Deleting encoded sequence data.                                                                                                                                  
[11:47:47] Sequence classification in tabular format written to WHRI_7260_nn_classification.tsv.                                                                            
[11:47:50] Proviruses classified.                                                                                                                                           
[11:47:50] Provirus classification in binary format written to WHRI_7260_provirus_nn_classification.npz.                                                                    
[11:47:50] Deleting encoded provirus data.                                                                                                                                  
[11:47:50] Provirus classification in tabular format written to WHRI_7260_provirus_nn_classification.tsv.                                                                   
[11:47:50] geNomad nn-classification finished!                                                                                                                              
