╭──────────────────────────────────────────────────────────────────────────────────────────────────────────────────────────────────────────────────────────────────────────╮
│  Executing geNomad summary (v1.11.1). This will summarize the results across modules into a classification report.                                                       │
│  ──────────────────────────────────────────────────────────────────────────────────────────────────────────────────────────────────────────────────────────────────────  │
│  Outputs:                                                                                                                                                                │
│    WHRI_8865_summary                                                                                                                                                     │
│    ├── WHRI_8865_summary.json (execution parameters)                                                                                                                     │
│    ├── WHRI_8865_virus_summary.tsv (virus classification summary)                                                                                                        │
│    ├── WHRI_8865_plasmid_summary.tsv (plasmid classification summary)                                                                                                    │
│    ├── WHRI_8865_virus.fna (virus nucleotide FASTA file)                                                                                                                 │
│    ├── WHRI_8865_plasmid.fna (plasmid nucleotide FASTA file)                                                                                                             │
│    ├── WHRI_8865_virus_proteins.faa (virus protein FASTA file)                                                                                                           │
│    ├── WHRI_8865_plasmid_proteins.faa (plasmid protein FASTA file)                                                                                                       │
│    ├── WHRI_8865_virus_genes.tsv (virus gene annotation data)                                                                                                            │
│    └── WHRI_8865_plasmid_genes.tsv (plasmid gene annotation data)                                                                                                        │
╰──────────────────────────────────────────────────────────────────────────────────────────────────────────────────────────────────────────────────────────────────────────╯
[14:47:56] Executing genomad summary.                                                                                                                                       
[14:47:56] Creating the WHRI_8865_summary directory.                                                                                                                        
[14:47:56] Using scores from aggregated-classification.                                                                                                                     
[14:47:56] 15 plasmid(s) and 7 virus(es) were identified.                                                                                                                   
[14:47:56] Nucleotide sequences were written to WHRI_8865_plasmid.fna and WHRI_8865_virus.fna.                                                                              
[14:47:56] Protein sequences were written to WHRI_8865_plasmid_proteins.faa and WHRI_8865_virus_proteins.faa.                                                               
[14:47:56] Gene annotation data was written to WHRI_8865_plasmid_genes.tsv and WHRI_8865_virus_genes.tsv.                                                                   
[14:47:56] Summary files were written to WHRI_8865_plasmid_summary.tsv and WHRI_8865_virus_summary.tsv.                                                                     
[14:47:56] geNomad summary finished!                                                                                                                                        
