╭──────────────────────────────────────────────────────────────────────────────────────────────────────────────────────────────────────────────────────────────────────────╮
│  Executing geNomad aggregated-classification (v1.11.1). This will aggregate the results of the marker-classification and nn-classification modules to classify the       │
│  input sequences into chromosome, plasmid, or virus.                                                                                                                     │
│  ──────────────────────────────────────────────────────────────────────────────────────────────────────────────────────────────────────────────────────────────────────  │
│  Outputs:                                                                                                                                                                │
│    WHRI_8436_aggregated_classification                                                                                                                                   │
│    ├── WHRI_8436_aggregated_classification.json (execution parameters)                                                                                                   │
│    ├── WHRI_8436_aggregated_classification.tsv (sequence classification: tabular format)                                                                                 │
│    ├── WHRI_8436_aggregated_classification.npz (sequence classification: binary format)                                                                                  │
│    ├── WHRI_8436_provirus_aggregated_classification.tsv (provirus classification: tabular format)                                                                        │
│    └── WHRI_8436_provirus_aggregated_classification.npz (provirus classification: binary format)                                                                         │
╰──────────────────────────────────────────────────────────────────────────────────────────────────────────────────────────────────────────────────────────────────────────╯
[13:16:37] Executing genomad aggregated-classification.                                                                                                                     
[13:16:37] Creating the WHRI_8436_aggregated_classification directory.                                                                                                      
[13:16:37] The total marker frequencies of the input sequences were computed.                                                                                               
[13:16:37] Sequences classified.                                                                                                                                            
[13:16:37] Sequence classification in binary format written to WHRI_8436_aggregated_classification.npz.                                                                     
[13:16:37] Sequence classification in tabular format written to WHRI_8436_aggregated_classification.tsv.                                                                    
[13:16:37] Proviruses classified.                                                                                                                                           
[13:16:37] Provirus classification in binary format written to WHRI_8436_provirus_aggregated_classification.npz.                                                            
[13:16:37] Provirus classification in tabular format written to WHRI_8436_provirus_aggregated_classification.tsv.                                                           
[13:16:37] geNomad aggregated-classification finished!                                                                                                                      
