╭──────────────────────────────────────────────────────────────────────────────────────────────────────────────────────────────────────────────────────────────────────────╮
│  Executing geNomad marker-classification (v1.11.1). This will classify the input sequences into chromosome, plasmid, or virus based on the presence of geNomad markers   │
│  and other gene-related features.                                                                                                                                        │
│  ──────────────────────────────────────────────────────────────────────────────────────────────────────────────────────────────────────────────────────────────────────  │
│  Outputs:                                                                                                                                                                │
│    WHRI_10072A_marker_classification                                                                                                                                     │
│    ├── WHRI_10072A_marker_classification.json (execution parameters)                                                                                                     │
│    ├── WHRI_10072A_features.tsv (sequence feature data: tabular format)                                                                                                  │
│    ├── WHRI_10072A_features.npz (sequence feature data: binary format)                                                                                                   │
│    ├── WHRI_10072A_marker_classification.tsv (sequence classification: tabular format)                                                                                   │
│    └── WHRI_10072A_marker_classification.npz (sequence classification: binary format)                                                                                    │
╰──────────────────────────────────────────────────────────────────────────────────────────────────────────────────────────────────────────────────────────────────────────╯
[08:01:17] Executing genomad marker-classification.                                                                                                                         
[08:01:17] Creating the WHRI_10072A_marker_classification directory.                                                                                                        
[08:01:18] Sequence features computed.                                                                                                                                      
[08:01:18] Sequence features in binary format written to WHRI_10072A_features.npz.                                                                                          
[08:01:18] Sequence features in tabular format written to WHRI_10072A_features.tsv.                                                                                         
[08:01:18] Sequences classified.                                                                                                                                            
[08:01:18] Sequence classification in binary format written to WHRI_10072A_marker_classification.npz.                                                                       
[08:01:18] Sequence classification in tabular format written to WHRI_10072A_marker_classification.tsv.                                                                      
[08:01:18] geNomad marker-classification finished!                                                                                                                          
