╭──────────────────────────────────────────────────────────────────────────────────────────────────────────────────────────────────────────────────────────────────────────╮
│  Executing geNomad nn-classification (v1.11.1). This will classify the input sequences into chromosome, plasmid, or virus based on the nucleotide sequence.              │
│  ──────────────────────────────────────────────────────────────────────────────────────────────────────────────────────────────────────────────────────────────────────  │
│  Outputs:                                                                                                                                                                │
│    WHRI_6367_nn_classification                                                                                                                                           │
│    ├── WHRI_6367_nn_classification.json (execution parameters)                                                                                                           │
│    ├── WHRI_6367_encoded_sequences (directory containing encoded sequence data)                                                                                          │
│    ├── WHRI_6367_nn_classification.tsv (contig classification: tabular format)                                                                                           │
│    ├── WHRI_6367_nn_classification.npz (contig classification: binary format)                                                                                            │
│    ├── WHRI_6367_encoded_proviruses (directory containing encoded sequence data)                                                                                         │
│    ├── WHRI_6367_provirus_nn_classification.tsv (provirus classification: tabular format)                                                                                │
│    └── WHRI_6367_provirus_nn_classification.npz (provirus classification: binary format)                                                                                 │
╰──────────────────────────────────────────────────────────────────────────────────────────────────────────────────────────────────────────────────────────────────────────╯
[11:26:54] Executing genomad nn-classification.                                                                                                                             
[11:26:54] Creating the WHRI_6367_nn_classification directory.                                                                                                              
[11:26:54] Creating the WHRI_6367_nn_classification/WHRI_6367_encoded_sequences directory.                                                                                  
[11:26:55] Encoded sequence data written to WHRI_6367_encoded_sequences.                                                                                                    
[11:26:55] Creating the WHRI_6367_nn_classification/WHRI_6367_encoded_proviruses directory.                                                                                 
[11:26:55] Encoded provirus data written to WHRI_6367_encoded_proviruses.                                                                                                   
[11:27:01] Sequences classified.                                                                                                                                            
[11:27:01] Sequence classification in binary format written to WHRI_6367_nn_classification.npz.                                                                             
[11:27:01] Deleting encoded sequence data.                                                                                                                                  
[11:27:01] Sequence classification in tabular format written to WHRI_6367_nn_classification.tsv.                                                                            
[11:27:04] Proviruses classified.                                                                                                                                           
[11:27:04] Provirus classification in binary format written to WHRI_6367_provirus_nn_classification.npz.                                                                    
[11:27:04] Deleting encoded provirus data.                                                                                                                                  
[11:27:04] Provirus classification in tabular format written to WHRI_6367_provirus_nn_classification.tsv.                                                                   
[11:27:04] geNomad nn-classification finished!                                                                                                                              
