╭──────────────────────────────────────────────────────────────────────────────────────────────────────────────────────────────────────────────────────────────────────────╮
│  Executing geNomad summary (v1.11.1). This will summarize the results across modules into a classification report.                                                       │
│  ──────────────────────────────────────────────────────────────────────────────────────────────────────────────────────────────────────────────────────────────────────  │
│  Outputs:                                                                                                                                                                │
│    WHRI_8596_summary                                                                                                                                                     │
│    ├── WHRI_8596_summary.json (execution parameters)                                                                                                                     │
│    ├── WHRI_8596_virus_summary.tsv (virus classification summary)                                                                                                        │
│    ├── WHRI_8596_plasmid_summary.tsv (plasmid classification summary)                                                                                                    │
│    ├── WHRI_8596_virus.fna (virus nucleotide FASTA file)                                                                                                                 │
│    ├── WHRI_8596_plasmid.fna (plasmid nucleotide FASTA file)                                                                                                             │
│    ├── WHRI_8596_virus_proteins.faa (virus protein FASTA file)                                                                                                           │
│    ├── WHRI_8596_plasmid_proteins.faa (plasmid protein FASTA file)                                                                                                       │
│    ├── WHRI_8596_virus_genes.tsv (virus gene annotation data)                                                                                                            │
│    └── WHRI_8596_plasmid_genes.tsv (plasmid gene annotation data)                                                                                                        │
╰──────────────────────────────────────────────────────────────────────────────────────────────────────────────────────────────────────────────────────────────────────────╯
[13:55:27] Executing genomad summary.                                                                                                                                       
[13:55:27] Creating the WHRI_8596_summary directory.                                                                                                                        
[13:55:27] Using scores from aggregated-classification.                                                                                                                     
[13:55:27] 14 plasmid(s) and 6 virus(es) were identified.                                                                                                                   
[13:55:27] Nucleotide sequences were written to WHRI_8596_plasmid.fna and WHRI_8596_virus.fna.                                                                              
[13:55:27] Protein sequences were written to WHRI_8596_plasmid_proteins.faa and WHRI_8596_virus_proteins.faa.                                                               
[13:55:27] Gene annotation data was written to WHRI_8596_plasmid_genes.tsv and WHRI_8596_virus_genes.tsv.                                                                   
[13:55:27] Summary files were written to WHRI_8596_plasmid_summary.tsv and WHRI_8596_virus_summary.tsv.                                                                     
[13:55:27] geNomad summary finished!                                                                                                                                        
