╭──────────────────────────────────────────────────────────────────────────────────────────────────────────────────────────────────────────────────────────────────────────╮
│  Executing geNomad summary (v1.11.1). This will summarize the results across modules into a classification report.                                                       │
│  ──────────────────────────────────────────────────────────────────────────────────────────────────────────────────────────────────────────────────────────────────────  │
│  Outputs:                                                                                                                                                                │
│    WHRI_7240_summary                                                                                                                                                     │
│    ├── WHRI_7240_summary.json (execution parameters)                                                                                                                     │
│    ├── WHRI_7240_virus_summary.tsv (virus classification summary)                                                                                                        │
│    ├── WHRI_7240_plasmid_summary.tsv (plasmid classification summary)                                                                                                    │
│    ├── WHRI_7240_virus.fna (virus nucleotide FASTA file)                                                                                                                 │
│    ├── WHRI_7240_plasmid.fna (plasmid nucleotide FASTA file)                                                                                                             │
│    ├── WHRI_7240_virus_proteins.faa (virus protein FASTA file)                                                                                                           │
│    ├── WHRI_7240_plasmid_proteins.faa (plasmid protein FASTA file)                                                                                                       │
│    ├── WHRI_7240_virus_genes.tsv (virus gene annotation data)                                                                                                            │
│    └── WHRI_7240_plasmid_genes.tsv (plasmid gene annotation data)                                                                                                        │
╰──────────────────────────────────────────────────────────────────────────────────────────────────────────────────────────────────────────────────────────────────────────╯
[11:46:25] Executing genomad summary.                                                                                                                                       
[11:46:25] Creating the WHRI_7240_summary directory.                                                                                                                        
[11:46:25] Using scores from aggregated-classification.                                                                                                                     
[11:46:25] 10 plasmid(s) and 2 virus(es) were identified.                                                                                                                   
[11:46:25] Nucleotide sequences were written to WHRI_7240_plasmid.fna and WHRI_7240_virus.fna.                                                                              
[11:46:25] Protein sequences were written to WHRI_7240_plasmid_proteins.faa and WHRI_7240_virus_proteins.faa.                                                               
[11:46:25] Gene annotation data was written to WHRI_7240_plasmid_genes.tsv and WHRI_7240_virus_genes.tsv.                                                                   
[11:46:25] Summary files were written to WHRI_7240_plasmid_summary.tsv and WHRI_7240_virus_summary.tsv.                                                                     
[11:46:25] geNomad summary finished!                                                                                                                                        
