╭──────────────────────────────────────────────────────────────────────────────────────────────────────────────────────────────────────────────────────────────────────────╮
│  Executing geNomad summary (v1.11.1). This will summarize the results across modules into a classification report.                                                       │
│  ──────────────────────────────────────────────────────────────────────────────────────────────────────────────────────────────────────────────────────────────────────  │
│  Outputs:                                                                                                                                                                │
│    WHRI_8733_summary                                                                                                                                                     │
│    ├── WHRI_8733_summary.json (execution parameters)                                                                                                                     │
│    ├── WHRI_8733_virus_summary.tsv (virus classification summary)                                                                                                        │
│    ├── WHRI_8733_plasmid_summary.tsv (plasmid classification summary)                                                                                                    │
│    ├── WHRI_8733_virus.fna (virus nucleotide FASTA file)                                                                                                                 │
│    ├── WHRI_8733_plasmid.fna (plasmid nucleotide FASTA file)                                                                                                             │
│    ├── WHRI_8733_virus_proteins.faa (virus protein FASTA file)                                                                                                           │
│    ├── WHRI_8733_plasmid_proteins.faa (plasmid protein FASTA file)                                                                                                       │
│    ├── WHRI_8733_virus_genes.tsv (virus gene annotation data)                                                                                                            │
│    └── WHRI_8733_plasmid_genes.tsv (plasmid gene annotation data)                                                                                                        │
╰──────────────────────────────────────────────────────────────────────────────────────────────────────────────────────────────────────────────────────────────────────────╯
[14:14:42] Executing genomad summary.                                                                                                                                       
[14:14:42] Creating the WHRI_8733_summary directory.                                                                                                                        
[14:14:42] Using scores from aggregated-classification.                                                                                                                     
[14:14:42] 13 plasmid(s) and 2 virus(es) were identified.                                                                                                                   
[14:14:42] Nucleotide sequences were written to WHRI_8733_plasmid.fna and WHRI_8733_virus.fna.                                                                              
[14:14:42] Protein sequences were written to WHRI_8733_plasmid_proteins.faa and WHRI_8733_virus_proteins.faa.                                                               
[14:14:42] Gene annotation data was written to WHRI_8733_plasmid_genes.tsv and WHRI_8733_virus_genes.tsv.                                                                   
[14:14:42] Summary files were written to WHRI_8733_plasmid_summary.tsv and WHRI_8733_virus_summary.tsv.                                                                     
[14:14:42] geNomad summary finished!                                                                                                                                        
