╭──────────────────────────────────────────────────────────────────────────────────────────────────────────────────────────────────────────────────────────────────────────╮
│  Executing geNomad summary (v1.11.1). This will summarize the results across modules into a classification report.                                                       │
│  ──────────────────────────────────────────────────────────────────────────────────────────────────────────────────────────────────────────────────────────────────────  │
│  Outputs:                                                                                                                                                                │
│    WHRI_5733_summary                                                                                                                                                     │
│    ├── WHRI_5733_summary.json (execution parameters)                                                                                                                     │
│    ├── WHRI_5733_virus_summary.tsv (virus classification summary)                                                                                                        │
│    ├── WHRI_5733_plasmid_summary.tsv (plasmid classification summary)                                                                                                    │
│    ├── WHRI_5733_virus.fna (virus nucleotide FASTA file)                                                                                                                 │
│    ├── WHRI_5733_plasmid.fna (plasmid nucleotide FASTA file)                                                                                                             │
│    ├── WHRI_5733_virus_proteins.faa (virus protein FASTA file)                                                                                                           │
│    ├── WHRI_5733_plasmid_proteins.faa (plasmid protein FASTA file)                                                                                                       │
│    ├── WHRI_5733_virus_genes.tsv (virus gene annotation data)                                                                                                            │
│    └── WHRI_5733_plasmid_genes.tsv (plasmid gene annotation data)                                                                                                        │
╰──────────────────────────────────────────────────────────────────────────────────────────────────────────────────────────────────────────────────────────────────────────╯
[09:23:06] Executing genomad summary.                                                                                                                                       
[09:23:06] Creating the WHRI_5733_summary directory.                                                                                                                        
[09:23:06] Using scores from aggregated-classification.                                                                                                                     
[09:23:06] 19 plasmid(s) and 3 virus(es) were identified.                                                                                                                   
[09:23:06] Nucleotide sequences were written to WHRI_5733_plasmid.fna and WHRI_5733_virus.fna.                                                                              
[09:23:06] Protein sequences were written to WHRI_5733_plasmid_proteins.faa and WHRI_5733_virus_proteins.faa.                                                               
[09:23:06] Gene annotation data was written to WHRI_5733_plasmid_genes.tsv and WHRI_5733_virus_genes.tsv.                                                                   
[09:23:06] Summary files were written to WHRI_5733_plasmid_summary.tsv and WHRI_5733_virus_summary.tsv.                                                                     
[09:23:06] geNomad summary finished!                                                                                                                                        
