╭──────────────────────────────────────────────────────────────────────────────────────────────────────────────────────────────────────────────────────────────────────────╮
│  Executing geNomad nn-classification (v1.11.1). This will classify the input sequences into chromosome, plasmid, or virus based on the nucleotide sequence.              │
│  ──────────────────────────────────────────────────────────────────────────────────────────────────────────────────────────────────────────────────────────────────────  │
│  Outputs:                                                                                                                                                                │
│    WHRI_7286_nn_classification                                                                                                                                           │
│    ├── WHRI_7286_nn_classification.json (execution parameters)                                                                                                           │
│    ├── WHRI_7286_encoded_sequences (directory containing encoded sequence data)                                                                                          │
│    ├── WHRI_7286_nn_classification.tsv (contig classification: tabular format)                                                                                           │
│    ├── WHRI_7286_nn_classification.npz (contig classification: binary format)                                                                                            │
│    ├── WHRI_7286_encoded_proviruses (directory containing encoded sequence data)                                                                                         │
│    ├── WHRI_7286_provirus_nn_classification.tsv (provirus classification: tabular format)                                                                                │
│    └── WHRI_7286_provirus_nn_classification.npz (provirus classification: binary format)                                                                                 │
╰──────────────────────────────────────────────────────────────────────────────────────────────────────────────────────────────────────────────────────────────────────────╯
[12:02:48] Executing genomad nn-classification.                                                                                                                             
[12:02:48] Creating the WHRI_7286_nn_classification directory.                                                                                                              
[12:02:48] Creating the WHRI_7286_nn_classification/WHRI_7286_encoded_sequences directory.                                                                                  
[12:02:49] Encoded sequence data written to WHRI_7286_encoded_sequences.                                                                                                    
[12:02:49] Creating the WHRI_7286_nn_classification/WHRI_7286_encoded_proviruses directory.                                                                                 
[12:02:49] Encoded provirus data written to WHRI_7286_encoded_proviruses.                                                                                                   
[12:02:56] Sequences classified.                                                                                                                                            
[12:02:56] Sequence classification in binary format written to WHRI_7286_nn_classification.npz.                                                                             
[12:02:56] Deleting encoded sequence data.                                                                                                                                  
[12:02:56] Sequence classification in tabular format written to WHRI_7286_nn_classification.tsv.                                                                            
[12:02:59] Proviruses classified.                                                                                                                                           
[12:02:59] Provirus classification in binary format written to WHRI_7286_provirus_nn_classification.npz.                                                                    
[12:02:59] Deleting encoded provirus data.                                                                                                                                  
[12:02:59] Provirus classification in tabular format written to WHRI_7286_provirus_nn_classification.tsv.                                                                   
[12:02:59] geNomad nn-classification finished!                                                                                                                              
