╭──────────────────────────────────────────────────────────────────────────────────────────────────────────────────────────────────────────────────────────────────────────╮
│  Executing geNomad summary (v1.11.1). This will summarize the results across modules into a classification report.                                                       │
│  ──────────────────────────────────────────────────────────────────────────────────────────────────────────────────────────────────────────────────────────────────────  │
│  Outputs:                                                                                                                                                                │
│    WHRI_5589_summary                                                                                                                                                     │
│    ├── WHRI_5589_summary.json (execution parameters)                                                                                                                     │
│    ├── WHRI_5589_virus_summary.tsv (virus classification summary)                                                                                                        │
│    ├── WHRI_5589_plasmid_summary.tsv (plasmid classification summary)                                                                                                    │
│    ├── WHRI_5589_virus.fna (virus nucleotide FASTA file)                                                                                                                 │
│    ├── WHRI_5589_plasmid.fna (plasmid nucleotide FASTA file)                                                                                                             │
│    ├── WHRI_5589_virus_proteins.faa (virus protein FASTA file)                                                                                                           │
│    ├── WHRI_5589_plasmid_proteins.faa (plasmid protein FASTA file)                                                                                                       │
│    ├── WHRI_5589_virus_genes.tsv (virus gene annotation data)                                                                                                            │
│    └── WHRI_5589_plasmid_genes.tsv (plasmid gene annotation data)                                                                                                        │
╰──────────────────────────────────────────────────────────────────────────────────────────────────────────────────────────────────────────────────────────────────────────╯
[09:05:03] Executing genomad summary.                                                                                                                                       
[09:05:03] Creating the WHRI_5589_summary directory.                                                                                                                        
[09:05:03] Using scores from aggregated-classification.                                                                                                                     
[09:05:03] 16 plasmid(s) and 2 virus(es) were identified.                                                                                                                   
[09:05:03] Nucleotide sequences were written to WHRI_5589_plasmid.fna and WHRI_5589_virus.fna.                                                                              
[09:05:03] Protein sequences were written to WHRI_5589_plasmid_proteins.faa and WHRI_5589_virus_proteins.faa.                                                               
[09:05:03] Gene annotation data was written to WHRI_5589_plasmid_genes.tsv and WHRI_5589_virus_genes.tsv.                                                                   
[09:05:03] Summary files were written to WHRI_5589_plasmid_summary.tsv and WHRI_5589_virus_summary.tsv.                                                                     
[09:05:03] geNomad summary finished!                                                                                                                                        
