╭──────────────────────────────────────────────────────────────────────────────────────────────────────────────────────────────────────────────────────────────────────────╮
│  Executing geNomad summary (v1.11.1). This will summarize the results across modules into a classification report.                                                       │
│  ──────────────────────────────────────────────────────────────────────────────────────────────────────────────────────────────────────────────────────────────────────  │
│  Outputs:                                                                                                                                                                │
│    WHRI_7782_summary                                                                                                                                                     │
│    ├── WHRI_7782_summary.json (execution parameters)                                                                                                                     │
│    ├── WHRI_7782_virus_summary.tsv (virus classification summary)                                                                                                        │
│    ├── WHRI_7782_plasmid_summary.tsv (plasmid classification summary)                                                                                                    │
│    ├── WHRI_7782_virus.fna (virus nucleotide FASTA file)                                                                                                                 │
│    ├── WHRI_7782_plasmid.fna (plasmid nucleotide FASTA file)                                                                                                             │
│    ├── WHRI_7782_virus_proteins.faa (virus protein FASTA file)                                                                                                           │
│    ├── WHRI_7782_plasmid_proteins.faa (plasmid protein FASTA file)                                                                                                       │
│    ├── WHRI_7782_virus_genes.tsv (virus gene annotation data)                                                                                                            │
│    └── WHRI_7782_plasmid_genes.tsv (plasmid gene annotation data)                                                                                                        │
╰──────────────────────────────────────────────────────────────────────────────────────────────────────────────────────────────────────────────────────────────────────────╯
[12:16:58] Executing genomad summary.                                                                                                                                       
[12:16:58] Creating the WHRI_7782_summary directory.                                                                                                                        
[12:16:58] Using scores from aggregated-classification.                                                                                                                     
[12:16:58] 8 plasmid(s) and 3 virus(es) were identified.                                                                                                                    
[12:16:58] Nucleotide sequences were written to WHRI_7782_plasmid.fna and WHRI_7782_virus.fna.                                                                              
[12:16:58] Protein sequences were written to WHRI_7782_plasmid_proteins.faa and WHRI_7782_virus_proteins.faa.                                                               
[12:16:58] Gene annotation data was written to WHRI_7782_plasmid_genes.tsv and WHRI_7782_virus_genes.tsv.                                                                   
[12:16:58] Summary files were written to WHRI_7782_plasmid_summary.tsv and WHRI_7782_virus_summary.tsv.                                                                     
[12:16:58] geNomad summary finished!                                                                                                                                        
