╭──────────────────────────────────────────────────────────────────────────────────────────────────────────────────────────────────────────────────────────────────────────╮
│  Executing geNomad find-proviruses (v1.11.1). This will find putative proviral regions within the input sequences.                                                       │
│  ──────────────────────────────────────────────────────────────────────────────────────────────────────────────────────────────────────────────────────────────────────  │
│  Outputs:                                                                                                                                                                │
│    WHRI_8022C_find_proviruses                                                                                                                                            │
│    ├── WHRI_8022C_find_proviruses.json (execution parameters)                                                                                                            │
│    ├── WHRI_8022C_provirus.tsv (provirus data)                                                                                                                           │
│    ├── WHRI_8022C_provirus.fna (provirus nucleotide sequences)                                                                                                           │
│    ├── WHRI_8022C_provirus_proteins.faa (provirus protein sequences)                                                                                                     │
│    ├── WHRI_8022C_provirus_genes.tsv (provirus gene annotation data)                                                                                                     │
│    ├── WHRI_8022C_provirus_taxonomy.tsv (provirus taxonomic assignment)                                                                                                  │
│    ├── WHRI_8022C_provirus_mmseqs2.tsv (MMseqs2 output file)                                                                                                             │
│    └── WHRI_8022C_provirus_aragorn.tsv (Aragorn output file)                                                                                                             │
╰──────────────────────────────────────────────────────────────────────────────────────────────────────────────────────────────────────────────────────────────────────────╯
[12:40:03] Executing genomad find-proviruses.                                                                                                                               
[12:40:03] Creating the WHRI_8022C_find_proviruses directory.                                                                                                               
[12:40:06] Integrases identified with MMseqs2 and geNomad database (v1.9) were written to WHRI_8022C_provirus_mmseqs2.tsv.                                                  
[12:40:06] Deleting WHRI_8022C_provirus_mmseqs2.                                                                                                                            
[12:40:06] Deleting WHRI_8022C_provirus_mmseqs2_input.faa.                                                                                                                  
[12:40:07] tRNAs identified with Aragorn were written to WHRI_8022C_provirus_aragorn.tsv.                                                                                   
[12:40:07] Deleting WHRI_8022C_provirus_aragorn_input.fna.                                                                                                                  
[12:40:08] Provirus regions identified.                                                                                                                                     
[12:40:08] Provirus data was written to WHRI_8022C_provirus.tsv.                                                                                                            
[12:40:08] Provirus nucleotide sequences were written to WHRI_8022C_provirus.fna.                                                                                           
[12:40:08] Provirus protein sequences were written to WHRI_8022C_provirus_proteins.faa.                                                                                     
[12:40:08] Provirus gene data was written to WHRI_8022C_provirus_genes.tsv.                                                                                                 
[12:40:08] Taxonomic assignment data was written to WHRI_8022C_provirus_taxonomy.tsv.                                                                                       
[12:40:08] geNomad find-proviruses finished!                                                                                                                                
