╭──────────────────────────────────────────────────────────────────────────────────────────────────────────────────────────────────────────────────────────────────────────╮
│  Executing geNomad summary (v1.11.1). This will summarize the results across modules into a classification report.                                                       │
│  ──────────────────────────────────────────────────────────────────────────────────────────────────────────────────────────────────────────────────────────────────────  │
│  Outputs:                                                                                                                                                                │
│    WHRI_6180_summary                                                                                                                                                     │
│    ├── WHRI_6180_summary.json (execution parameters)                                                                                                                     │
│    ├── WHRI_6180_virus_summary.tsv (virus classification summary)                                                                                                        │
│    ├── WHRI_6180_plasmid_summary.tsv (plasmid classification summary)                                                                                                    │
│    ├── WHRI_6180_virus.fna (virus nucleotide FASTA file)                                                                                                                 │
│    ├── WHRI_6180_plasmid.fna (plasmid nucleotide FASTA file)                                                                                                             │
│    ├── WHRI_6180_virus_proteins.faa (virus protein FASTA file)                                                                                                           │
│    ├── WHRI_6180_plasmid_proteins.faa (plasmid protein FASTA file)                                                                                                       │
│    ├── WHRI_6180_virus_genes.tsv (virus gene annotation data)                                                                                                            │
│    └── WHRI_6180_plasmid_genes.tsv (plasmid gene annotation data)                                                                                                        │
╰──────────────────────────────────────────────────────────────────────────────────────────────────────────────────────────────────────────────────────────────────────────╯
[11:02:13] Executing genomad summary.                                                                                                                                       
[11:02:13] Creating the WHRI_6180_summary directory.                                                                                                                        
[11:02:13] Using scores from aggregated-classification.                                                                                                                     
[11:02:13] 7 plasmid(s) and 1 virus(es) were identified.                                                                                                                    
[11:02:13] Nucleotide sequences were written to WHRI_6180_plasmid.fna and WHRI_6180_virus.fna.                                                                              
[11:02:13] Protein sequences were written to WHRI_6180_plasmid_proteins.faa and WHRI_6180_virus_proteins.faa.                                                               
[11:02:13] Gene annotation data was written to WHRI_6180_plasmid_genes.tsv and WHRI_6180_virus_genes.tsv.                                                                   
[11:02:13] Summary files were written to WHRI_6180_plasmid_summary.tsv and WHRI_6180_virus_summary.tsv.                                                                     
[11:02:13] geNomad summary finished!                                                                                                                                        
