╭──────────────────────────────────────────────────────────────────────────────────────────────────────────────────────────────────────────────────────────────────────────╮
│  Executing geNomad summary (v1.11.1). This will summarize the results across modules into a classification report.                                                       │
│  ──────────────────────────────────────────────────────────────────────────────────────────────────────────────────────────────────────────────────────────────────────  │
│  Outputs:                                                                                                                                                                │
│    WHRI_7942_summary                                                                                                                                                     │
│    ├── WHRI_7942_summary.json (execution parameters)                                                                                                                     │
│    ├── WHRI_7942_virus_summary.tsv (virus classification summary)                                                                                                        │
│    ├── WHRI_7942_plasmid_summary.tsv (plasmid classification summary)                                                                                                    │
│    ├── WHRI_7942_virus.fna (virus nucleotide FASTA file)                                                                                                                 │
│    ├── WHRI_7942_plasmid.fna (plasmid nucleotide FASTA file)                                                                                                             │
│    ├── WHRI_7942_virus_proteins.faa (virus protein FASTA file)                                                                                                           │
│    ├── WHRI_7942_plasmid_proteins.faa (plasmid protein FASTA file)                                                                                                       │
│    ├── WHRI_7942_virus_genes.tsv (virus gene annotation data)                                                                                                            │
│    └── WHRI_7942_plasmid_genes.tsv (plasmid gene annotation data)                                                                                                        │
╰──────────────────────────────────────────────────────────────────────────────────────────────────────────────────────────────────────────────────────────────────────────╯
[12:30:38] Executing genomad summary.                                                                                                                                       
[12:30:38] Creating the WHRI_7942_summary directory.                                                                                                                        
[12:30:38] Using scores from aggregated-classification.                                                                                                                     
[12:30:38] 0 plasmid(s) and 1 virus(es) were identified.                                                                                                                    
[12:30:38] Nucleotide sequences were written to WHRI_7942_plasmid.fna and WHRI_7942_virus.fna.                                                                              
[12:30:38] Protein sequences were written to WHRI_7942_plasmid_proteins.faa and WHRI_7942_virus_proteins.faa.                                                               
[12:30:38] Gene annotation data was written to WHRI_7942_plasmid_genes.tsv and WHRI_7942_virus_genes.tsv.                                                                   
[12:30:38] Summary files were written to WHRI_7942_plasmid_summary.tsv and WHRI_7942_virus_summary.tsv.                                                                     
[12:30:38] geNomad summary finished!                                                                                                                                        
