╭──────────────────────────────────────────────────────────────────────────────────────────────────────────────────────────────────────────────────────────────────────────╮
│  Executing geNomad find-proviruses (v1.11.1). This will find putative proviral regions within the input sequences.                                                       │
│  ──────────────────────────────────────────────────────────────────────────────────────────────────────────────────────────────────────────────────────────────────────  │
│  Outputs:                                                                                                                                                                │
│    WHRI_6054_find_proviruses                                                                                                                                             │
│    ├── WHRI_6054_find_proviruses.json (execution parameters)                                                                                                             │
│    ├── WHRI_6054_provirus.tsv (provirus data)                                                                                                                            │
│    ├── WHRI_6054_provirus.fna (provirus nucleotide sequences)                                                                                                            │
│    ├── WHRI_6054_provirus_proteins.faa (provirus protein sequences)                                                                                                      │
│    ├── WHRI_6054_provirus_genes.tsv (provirus gene annotation data)                                                                                                      │
│    ├── WHRI_6054_provirus_taxonomy.tsv (provirus taxonomic assignment)                                                                                                   │
│    ├── WHRI_6054_provirus_mmseqs2.tsv (MMseqs2 output file)                                                                                                              │
│    └── WHRI_6054_provirus_aragorn.tsv (Aragorn output file)                                                                                                              │
╰──────────────────────────────────────────────────────────────────────────────────────────────────────────────────────────────────────────────────────────────────────────╯
[10:23:27] Executing genomad find-proviruses.                                                                                                                               
[10:23:27] Creating the WHRI_6054_find_proviruses directory.                                                                                                                
[10:23:30] Integrases identified with MMseqs2 and geNomad database (v1.9) were written to WHRI_6054_provirus_mmseqs2.tsv.                                                   
[10:23:30] Deleting WHRI_6054_provirus_mmseqs2.                                                                                                                             
[10:23:30] Deleting WHRI_6054_provirus_mmseqs2_input.faa.                                                                                                                   
[10:23:30] tRNAs identified with Aragorn were written to WHRI_6054_provirus_aragorn.tsv.                                                                                    
[10:23:30] Deleting WHRI_6054_provirus_aragorn_input.fna.                                                                                                                   
[10:23:31] Provirus regions identified.                                                                                                                                     
[10:23:31] Provirus data was written to WHRI_6054_provirus.tsv.                                                                                                             
[10:23:31] Provirus nucleotide sequences were written to WHRI_6054_provirus.fna.                                                                                            
[10:23:31] Provirus protein sequences were written to WHRI_6054_provirus_proteins.faa.                                                                                      
[10:23:31] Provirus gene data was written to WHRI_6054_provirus_genes.tsv.                                                                                                  
[10:23:31] Taxonomic assignment data was written to WHRI_6054_provirus_taxonomy.tsv.                                                                                        
[10:23:31] geNomad find-proviruses finished!                                                                                                                                
