╭──────────────────────────────────────────────────────────────────────────────────────────────────────────────────────────────────────────────────────────────────────────╮
│  Executing geNomad summary (v1.11.1). This will summarize the results across modules into a classification report.                                                       │
│  ──────────────────────────────────────────────────────────────────────────────────────────────────────────────────────────────────────────────────────────────────────  │
│  Outputs:                                                                                                                                                                │
│    WHRI_8816_summary                                                                                                                                                     │
│    ├── WHRI_8816_summary.json (execution parameters)                                                                                                                     │
│    ├── WHRI_8816_virus_summary.tsv (virus classification summary)                                                                                                        │
│    ├── WHRI_8816_plasmid_summary.tsv (plasmid classification summary)                                                                                                    │
│    ├── WHRI_8816_virus.fna (virus nucleotide FASTA file)                                                                                                                 │
│    ├── WHRI_8816_plasmid.fna (plasmid nucleotide FASTA file)                                                                                                             │
│    ├── WHRI_8816_virus_proteins.faa (virus protein FASTA file)                                                                                                           │
│    ├── WHRI_8816_plasmid_proteins.faa (plasmid protein FASTA file)                                                                                                       │
│    ├── WHRI_8816_virus_genes.tsv (virus gene annotation data)                                                                                                            │
│    └── WHRI_8816_plasmid_genes.tsv (plasmid gene annotation data)                                                                                                        │
╰──────────────────────────────────────────────────────────────────────────────────────────────────────────────────────────────────────────────────────────────────────────╯
[14:29:51] Executing genomad summary.                                                                                                                                       
[14:29:51] Creating the WHRI_8816_summary directory.                                                                                                                        
[14:29:51] Using scores from aggregated-classification.                                                                                                                     
[14:29:51] 10 plasmid(s) and 0 virus(es) were identified.                                                                                                                   
[14:29:51] Nucleotide sequences were written to WHRI_8816_plasmid.fna and WHRI_8816_virus.fna.                                                                              
[14:29:51] Protein sequences were written to WHRI_8816_plasmid_proteins.faa and WHRI_8816_virus_proteins.faa.                                                               
[14:29:51] Gene annotation data was written to WHRI_8816_plasmid_genes.tsv and WHRI_8816_virus_genes.tsv.                                                                   
[14:29:51] Summary files were written to WHRI_8816_plasmid_summary.tsv and WHRI_8816_virus_summary.tsv.                                                                     
[14:29:51] geNomad summary finished!                                                                                                                                        
