╭──────────────────────────────────────────────────────────────────────────────────────────────────────────────────────────────────────────────────────────────────────────╮
│  Executing geNomad nn-classification (v1.11.1). This will classify the input sequences into chromosome, plasmid, or virus based on the nucleotide sequence.              │
│  ──────────────────────────────────────────────────────────────────────────────────────────────────────────────────────────────────────────────────────────────────────  │
│  Outputs:                                                                                                                                                                │
│    WHRI_5811A_nn_classification                                                                                                                                          │
│    ├── WHRI_5811A_nn_classification.json (execution parameters)                                                                                                          │
│    ├── WHRI_5811A_encoded_sequences (directory containing encoded sequence data)                                                                                         │
│    ├── WHRI_5811A_nn_classification.tsv (contig classification: tabular format)                                                                                          │
│    ├── WHRI_5811A_nn_classification.npz (contig classification: binary format)                                                                                           │
│    ├── WHRI_5811A_encoded_proviruses (directory containing encoded sequence data)                                                                                        │
│    ├── WHRI_5811A_provirus_nn_classification.tsv (provirus classification: tabular format)                                                                               │
│    └── WHRI_5811A_provirus_nn_classification.npz (provirus classification: binary format)                                                                                │
╰──────────────────────────────────────────────────────────────────────────────────────────────────────────────────────────────────────────────────────────────────────────╯
[09:49:41] Executing genomad nn-classification.                                                                                                                             
[09:49:41] Creating the WHRI_5811A_nn_classification directory.                                                                                                             
[09:49:41] Creating the WHRI_5811A_nn_classification/WHRI_5811A_encoded_sequences directory.                                                                                
[09:49:42] Encoded sequence data written to WHRI_5811A_encoded_sequences.                                                                                                   
[09:49:42] Creating the WHRI_5811A_nn_classification/WHRI_5811A_encoded_proviruses directory.                                                                               
[09:49:42] Encoded provirus data written to WHRI_5811A_encoded_proviruses.                                                                                                  
[09:49:48] Sequences classified.                                                                                                                                            
[09:49:48] Sequence classification in binary format written to WHRI_5811A_nn_classification.npz.                                                                            
[09:49:48] Deleting encoded sequence data.                                                                                                                                  
[09:49:48] Sequence classification in tabular format written to WHRI_5811A_nn_classification.tsv.                                                                           
[09:49:51] Proviruses classified.                                                                                                                                           
[09:49:51] Provirus classification in binary format written to WHRI_5811A_provirus_nn_classification.npz.                                                                   
[09:49:51] Deleting encoded provirus data.                                                                                                                                  
[09:49:51] Provirus classification in tabular format written to WHRI_5811A_provirus_nn_classification.tsv.                                                                  
[09:49:51] geNomad nn-classification finished!                                                                                                                              
