╭──────────────────────────────────────────────────────────────────────────────────────────────────────────────────────────────────────────────────────────────────────────╮
│  Executing geNomad summary (v1.11.1). This will summarize the results across modules into a classification report.                                                       │
│  ──────────────────────────────────────────────────────────────────────────────────────────────────────────────────────────────────────────────────────────────────────  │
│  Outputs:                                                                                                                                                                │
│    WHRI_5737_summary                                                                                                                                                     │
│    ├── WHRI_5737_summary.json (execution parameters)                                                                                                                     │
│    ├── WHRI_5737_virus_summary.tsv (virus classification summary)                                                                                                        │
│    ├── WHRI_5737_plasmid_summary.tsv (plasmid classification summary)                                                                                                    │
│    ├── WHRI_5737_virus.fna (virus nucleotide FASTA file)                                                                                                                 │
│    ├── WHRI_5737_plasmid.fna (plasmid nucleotide FASTA file)                                                                                                             │
│    ├── WHRI_5737_virus_proteins.faa (virus protein FASTA file)                                                                                                           │
│    ├── WHRI_5737_plasmid_proteins.faa (plasmid protein FASTA file)                                                                                                       │
│    ├── WHRI_5737_virus_genes.tsv (virus gene annotation data)                                                                                                            │
│    └── WHRI_5737_plasmid_genes.tsv (plasmid gene annotation data)                                                                                                        │
╰──────────────────────────────────────────────────────────────────────────────────────────────────────────────────────────────────────────────────────────────────────────╯
[09:28:43] Executing genomad summary.                                                                                                                                       
[09:28:43] Creating the WHRI_5737_summary directory.                                                                                                                        
[09:28:43] Using scores from aggregated-classification.                                                                                                                     
[09:28:43] 15 plasmid(s) and 2 virus(es) were identified.                                                                                                                   
[09:28:43] Nucleotide sequences were written to WHRI_5737_plasmid.fna and WHRI_5737_virus.fna.                                                                              
[09:28:43] Protein sequences were written to WHRI_5737_plasmid_proteins.faa and WHRI_5737_virus_proteins.faa.                                                               
[09:28:43] Gene annotation data was written to WHRI_5737_plasmid_genes.tsv and WHRI_5737_virus_genes.tsv.                                                                   
[09:28:43] Summary files were written to WHRI_5737_plasmid_summary.tsv and WHRI_5737_virus_summary.tsv.                                                                     
[09:28:43] geNomad summary finished!                                                                                                                                        
