╭──────────────────────────────────────────────────────────────────────────────────────────────────────────────────────────────────────────────────────────────────────────╮
│  Executing geNomad nn-classification (v1.11.1). This will classify the input sequences into chromosome, plasmid, or virus based on the nucleotide sequence.              │
│  ──────────────────────────────────────────────────────────────────────────────────────────────────────────────────────────────────────────────────────────────────────  │
│  Outputs:                                                                                                                                                                │
│    WHRI_8837_nn_classification                                                                                                                                           │
│    ├── WHRI_8837_nn_classification.json (execution parameters)                                                                                                           │
│    ├── WHRI_8837_encoded_sequences (directory containing encoded sequence data)                                                                                          │
│    ├── WHRI_8837_nn_classification.tsv (contig classification: tabular format)                                                                                           │
│    ├── WHRI_8837_nn_classification.npz (contig classification: binary format)                                                                                            │
│    ├── WHRI_8837_encoded_proviruses (directory containing encoded sequence data)                                                                                         │
│    ├── WHRI_8837_provirus_nn_classification.tsv (provirus classification: tabular format)                                                                                │
│    └── WHRI_8837_provirus_nn_classification.npz (provirus classification: binary format)                                                                                 │
╰──────────────────────────────────────────────────────────────────────────────────────────────────────────────────────────────────────────────────────────────────────────╯
[14:42:15] Executing genomad nn-classification.                                                                                                                             
[14:42:15] Creating the WHRI_8837_nn_classification directory.                                                                                                              
[14:42:15] Creating the WHRI_8837_nn_classification/WHRI_8837_encoded_sequences directory.                                                                                  
[14:42:16] Encoded sequence data written to WHRI_8837_encoded_sequences.                                                                                                    
[14:42:16] Creating the WHRI_8837_nn_classification/WHRI_8837_encoded_proviruses directory.                                                                                 
[14:42:16] Encoded provirus data written to WHRI_8837_encoded_proviruses.                                                                                                   
[14:42:23] Sequences classified.                                                                                                                                            
[14:42:23] Sequence classification in binary format written to WHRI_8837_nn_classification.npz.                                                                             
[14:42:23] Deleting encoded sequence data.                                                                                                                                  
[14:42:23] Sequence classification in tabular format written to WHRI_8837_nn_classification.tsv.                                                                            
[14:42:26] Proviruses classified.                                                                                                                                           
[14:42:26] Provirus classification in binary format written to WHRI_8837_provirus_nn_classification.npz.                                                                    
[14:42:26] Deleting encoded provirus data.                                                                                                                                  
[14:42:26] Provirus classification in tabular format written to WHRI_8837_provirus_nn_classification.tsv.                                                                   
[14:42:26] geNomad nn-classification finished!                                                                                                                              
