╭──────────────────────────────────────────────────────────────────────────────────────────────────────────────────────────────────────────────────────────────────────────╮
│  Executing geNomad summary (v1.11.1). This will summarize the results across modules into a classification report.                                                       │
│  ──────────────────────────────────────────────────────────────────────────────────────────────────────────────────────────────────────────────────────────────────────  │
│  Outputs:                                                                                                                                                                │
│    WHRI_8322_summary                                                                                                                                                     │
│    ├── WHRI_8322_summary.json (execution parameters)                                                                                                                     │
│    ├── WHRI_8322_virus_summary.tsv (virus classification summary)                                                                                                        │
│    ├── WHRI_8322_plasmid_summary.tsv (plasmid classification summary)                                                                                                    │
│    ├── WHRI_8322_virus.fna (virus nucleotide FASTA file)                                                                                                                 │
│    ├── WHRI_8322_plasmid.fna (plasmid nucleotide FASTA file)                                                                                                             │
│    ├── WHRI_8322_virus_proteins.faa (virus protein FASTA file)                                                                                                           │
│    ├── WHRI_8322_plasmid_proteins.faa (plasmid protein FASTA file)                                                                                                       │
│    ├── WHRI_8322_virus_genes.tsv (virus gene annotation data)                                                                                                            │
│    └── WHRI_8322_plasmid_genes.tsv (plasmid gene annotation data)                                                                                                        │
╰──────────────────────────────────────────────────────────────────────────────────────────────────────────────────────────────────────────────────────────────────────────╯
[12:48:40] Executing genomad summary.                                                                                                                                       
[12:48:40] Creating the WHRI_8322_summary directory.                                                                                                                        
[12:48:41] Using scores from aggregated-classification.                                                                                                                     
[12:48:41] 10 plasmid(s) and 2 virus(es) were identified.                                                                                                                   
[12:48:41] Nucleotide sequences were written to WHRI_8322_plasmid.fna and WHRI_8322_virus.fna.                                                                              
[12:48:41] Protein sequences were written to WHRI_8322_plasmid_proteins.faa and WHRI_8322_virus_proteins.faa.                                                               
[12:48:41] Gene annotation data was written to WHRI_8322_plasmid_genes.tsv and WHRI_8322_virus_genes.tsv.                                                                   
[12:48:41] Summary files were written to WHRI_8322_plasmid_summary.tsv and WHRI_8322_virus_summary.tsv.                                                                     
[12:48:41] geNomad summary finished!                                                                                                                                        
