╭──────────────────────────────────────────────────────────────────────────────────────────────────────────────────────────────────────────────────────────────────────────╮
│  Executing geNomad summary (v1.11.1). This will summarize the results across modules into a classification report.                                                       │
│  ──────────────────────────────────────────────────────────────────────────────────────────────────────────────────────────────────────────────────────────────────────  │
│  Outputs:                                                                                                                                                                │
│    WHRI_8348_summary                                                                                                                                                     │
│    ├── WHRI_8348_summary.json (execution parameters)                                                                                                                     │
│    ├── WHRI_8348_virus_summary.tsv (virus classification summary)                                                                                                        │
│    ├── WHRI_8348_plasmid_summary.tsv (plasmid classification summary)                                                                                                    │
│    ├── WHRI_8348_virus.fna (virus nucleotide FASTA file)                                                                                                                 │
│    ├── WHRI_8348_plasmid.fna (plasmid nucleotide FASTA file)                                                                                                             │
│    ├── WHRI_8348_virus_proteins.faa (virus protein FASTA file)                                                                                                           │
│    ├── WHRI_8348_plasmid_proteins.faa (plasmid protein FASTA file)                                                                                                       │
│    ├── WHRI_8348_virus_genes.tsv (virus gene annotation data)                                                                                                            │
│    └── WHRI_8348_plasmid_genes.tsv (plasmid gene annotation data)                                                                                                        │
╰──────────────────────────────────────────────────────────────────────────────────────────────────────────────────────────────────────────────────────────────────────────╯
[12:57:01] Executing genomad summary.                                                                                                                                       
[12:57:01] Creating the WHRI_8348_summary directory.                                                                                                                        
[12:57:01] Using scores from aggregated-classification.                                                                                                                     
[12:57:01] 13 plasmid(s) and 2 virus(es) were identified.                                                                                                                   
[12:57:01] Nucleotide sequences were written to WHRI_8348_plasmid.fna and WHRI_8348_virus.fna.                                                                              
[12:57:01] Protein sequences were written to WHRI_8348_plasmid_proteins.faa and WHRI_8348_virus_proteins.faa.                                                               
[12:57:01] Gene annotation data was written to WHRI_8348_plasmid_genes.tsv and WHRI_8348_virus_genes.tsv.                                                                   
[12:57:01] Summary files were written to WHRI_8348_plasmid_summary.tsv and WHRI_8348_virus_summary.tsv.                                                                     
[12:57:01] geNomad summary finished!                                                                                                                                        
