╭──────────────────────────────────────────────────────────────────────────────────────────────────────────────────────────────────────────────────────────────────────────╮
│  Executing geNomad marker-classification (v1.11.1). This will classify the input sequences into chromosome, plasmid, or virus based on the presence of geNomad markers   │
│  and other gene-related features.                                                                                                                                        │
│  ──────────────────────────────────────────────────────────────────────────────────────────────────────────────────────────────────────────────────────────────────────  │
│  Outputs:                                                                                                                                                                │
│    WHRI_5582_marker_classification                                                                                                                                       │
│    ├── WHRI_5582_marker_classification.json (execution parameters)                                                                                                       │
│    ├── WHRI_5582_features.tsv (sequence feature data: tabular format)                                                                                                    │
│    ├── WHRI_5582_features.npz (sequence feature data: binary format)                                                                                                     │
│    ├── WHRI_5582_marker_classification.tsv (sequence classification: tabular format)                                                                                     │
│    └── WHRI_5582_marker_classification.npz (sequence classification: binary format)                                                                                      │
╰──────────────────────────────────────────────────────────────────────────────────────────────────────────────────────────────────────────────────────────────────────────╯
[08:56:47] Executing genomad marker-classification.                                                                                                                         
[08:56:47] Creating the WHRI_5582_marker_classification directory.                                                                                                          
[08:56:48] Sequence features computed.                                                                                                                                      
[08:56:48] Sequence features in binary format written to WHRI_5582_features.npz.                                                                                            
[08:56:48] Sequence features in tabular format written to WHRI_5582_features.tsv.                                                                                           
[08:56:48] Sequences classified.                                                                                                                                            
[08:56:48] Sequence classification in binary format written to WHRI_5582_marker_classification.npz.                                                                         
[08:56:48] Sequence classification in tabular format written to WHRI_5582_marker_classification.tsv.                                                                        
[08:56:48] geNomad marker-classification finished!                                                                                                                          
