╭──────────────────────────────────────────────────────────────────────────────────────────────────────────────────────────────────────────────────────────────────────────╮
│  Executing geNomad summary (v1.11.1). This will summarize the results across modules into a classification report.                                                       │
│  ──────────────────────────────────────────────────────────────────────────────────────────────────────────────────────────────────────────────────────────────────────  │
│  Outputs:                                                                                                                                                                │
│    WHRI_5591_summary                                                                                                                                                     │
│    ├── WHRI_5591_summary.json (execution parameters)                                                                                                                     │
│    ├── WHRI_5591_virus_summary.tsv (virus classification summary)                                                                                                        │
│    ├── WHRI_5591_plasmid_summary.tsv (plasmid classification summary)                                                                                                    │
│    ├── WHRI_5591_virus.fna (virus nucleotide FASTA file)                                                                                                                 │
│    ├── WHRI_5591_plasmid.fna (plasmid nucleotide FASTA file)                                                                                                             │
│    ├── WHRI_5591_virus_proteins.faa (virus protein FASTA file)                                                                                                           │
│    ├── WHRI_5591_plasmid_proteins.faa (plasmid protein FASTA file)                                                                                                       │
│    ├── WHRI_5591_virus_genes.tsv (virus gene annotation data)                                                                                                            │
│    └── WHRI_5591_plasmid_genes.tsv (plasmid gene annotation data)                                                                                                        │
╰──────────────────────────────────────────────────────────────────────────────────────────────────────────────────────────────────────────────────────────────────────────╯
[09:06:26] Executing genomad summary.                                                                                                                                       
[09:06:26] Creating the WHRI_5591_summary directory.                                                                                                                        
[09:06:26] Using scores from aggregated-classification.                                                                                                                     
[09:06:26] 12 plasmid(s) and 2 virus(es) were identified.                                                                                                                   
[09:06:26] Nucleotide sequences were written to WHRI_5591_plasmid.fna and WHRI_5591_virus.fna.                                                                              
[09:06:26] Protein sequences were written to WHRI_5591_plasmid_proteins.faa and WHRI_5591_virus_proteins.faa.                                                               
[09:06:26] Gene annotation data was written to WHRI_5591_plasmid_genes.tsv and WHRI_5591_virus_genes.tsv.                                                                   
[09:06:26] Summary files were written to WHRI_5591_plasmid_summary.tsv and WHRI_5591_virus_summary.tsv.                                                                     
[09:06:26] geNomad summary finished!                                                                                                                                        
