╭──────────────────────────────────────────────────────────────────────────────────────────────────────────────────────────────────────────────────────────────────────────╮
│  Executing geNomad nn-classification (v1.11.1). This will classify the input sequences into chromosome, plasmid, or virus based on the nucleotide sequence.              │
│  ──────────────────────────────────────────────────────────────────────────────────────────────────────────────────────────────────────────────────────────────────────  │
│  Outputs:                                                                                                                                                                │
│    WHRI_7779_nn_classification                                                                                                                                           │
│    ├── WHRI_7779_nn_classification.json (execution parameters)                                                                                                           │
│    ├── WHRI_7779_encoded_sequences (directory containing encoded sequence data)                                                                                          │
│    ├── WHRI_7779_nn_classification.tsv (contig classification: tabular format)                                                                                           │
│    ├── WHRI_7779_nn_classification.npz (contig classification: binary format)                                                                                            │
│    ├── WHRI_7779_encoded_proviruses (directory containing encoded sequence data)                                                                                         │
│    ├── WHRI_7779_provirus_nn_classification.tsv (provirus classification: tabular format)                                                                                │
│    └── WHRI_7779_provirus_nn_classification.npz (provirus classification: binary format)                                                                                 │
╰──────────────────────────────────────────────────────────────────────────────────────────────────────────────────────────────────────────────────────────────────────────╯
[12:15:22] Executing genomad nn-classification.                                                                                                                             
[12:15:22] Creating the WHRI_7779_nn_classification directory.                                                                                                              
[12:15:22] Creating the WHRI_7779_nn_classification/WHRI_7779_encoded_sequences directory.                                                                                  
[12:15:23] Encoded sequence data written to WHRI_7779_encoded_sequences.                                                                                                    
[12:15:23] Creating the WHRI_7779_nn_classification/WHRI_7779_encoded_proviruses directory.                                                                                 
[12:15:23] Encoded provirus data written to WHRI_7779_encoded_proviruses.                                                                                                   
[12:15:31] Sequences classified.                                                                                                                                            
[12:15:31] Sequence classification in binary format written to WHRI_7779_nn_classification.npz.                                                                             
[12:15:31] Deleting encoded sequence data.                                                                                                                                  
[12:15:31] Sequence classification in tabular format written to WHRI_7779_nn_classification.tsv.                                                                            
[12:15:34] Proviruses classified.                                                                                                                                           
[12:15:34] Provirus classification in binary format written to WHRI_7779_provirus_nn_classification.npz.                                                                    
[12:15:34] Deleting encoded provirus data.                                                                                                                                  
[12:15:34] Provirus classification in tabular format written to WHRI_7779_provirus_nn_classification.tsv.                                                                   
[12:15:34] geNomad nn-classification finished!                                                                                                                              
