╭──────────────────────────────────────────────────────────────────────────────────────────────────────────────────────────────────────────────────────────────────────────╮
│  Executing geNomad summary (v1.11.1). This will summarize the results across modules into a classification report.                                                       │
│  ──────────────────────────────────────────────────────────────────────────────────────────────────────────────────────────────────────────────────────────────────────  │
│  Outputs:                                                                                                                                                                │
│    WHRI_8823_summary                                                                                                                                                     │
│    ├── WHRI_8823_summary.json (execution parameters)                                                                                                                     │
│    ├── WHRI_8823_virus_summary.tsv (virus classification summary)                                                                                                        │
│    ├── WHRI_8823_plasmid_summary.tsv (plasmid classification summary)                                                                                                    │
│    ├── WHRI_8823_virus.fna (virus nucleotide FASTA file)                                                                                                                 │
│    ├── WHRI_8823_plasmid.fna (plasmid nucleotide FASTA file)                                                                                                             │
│    ├── WHRI_8823_virus_proteins.faa (virus protein FASTA file)                                                                                                           │
│    ├── WHRI_8823_plasmid_proteins.faa (plasmid protein FASTA file)                                                                                                       │
│    ├── WHRI_8823_virus_genes.tsv (virus gene annotation data)                                                                                                            │
│    └── WHRI_8823_plasmid_genes.tsv (plasmid gene annotation data)                                                                                                        │
╰──────────────────────────────────────────────────────────────────────────────────────────────────────────────────────────────────────────────────────────────────────────╯
[14:35:20] Executing genomad summary.                                                                                                                                       
[14:35:20] Creating the WHRI_8823_summary directory.                                                                                                                        
[14:35:20] Using scores from aggregated-classification.                                                                                                                     
[14:35:20] 23 plasmid(s) and 12 virus(es) were identified.                                                                                                                  
[14:35:20] Nucleotide sequences were written to WHRI_8823_plasmid.fna and WHRI_8823_virus.fna.                                                                              
[14:35:20] Protein sequences were written to WHRI_8823_plasmid_proteins.faa and WHRI_8823_virus_proteins.faa.                                                               
[14:35:20] Gene annotation data was written to WHRI_8823_plasmid_genes.tsv and WHRI_8823_virus_genes.tsv.                                                                   
[14:35:20] Summary files were written to WHRI_8823_plasmid_summary.tsv and WHRI_8823_virus_summary.tsv.                                                                     
[14:35:20] geNomad summary finished!                                                                                                                                        
