╭──────────────────────────────────────────────────────────────────────────────────────────────────────────────────────────────────────────────────────────────────────────╮
│  Executing geNomad summary (v1.11.1). This will summarize the results across modules into a classification report.                                                       │
│  ──────────────────────────────────────────────────────────────────────────────────────────────────────────────────────────────────────────────────────────────────────  │
│  Outputs:                                                                                                                                                                │
│    WHRI_8020C_summary                                                                                                                                                    │
│    ├── WHRI_8020C_summary.json (execution parameters)                                                                                                                    │
│    ├── WHRI_8020C_virus_summary.tsv (virus classification summary)                                                                                                       │
│    ├── WHRI_8020C_plasmid_summary.tsv (plasmid classification summary)                                                                                                   │
│    ├── WHRI_8020C_virus.fna (virus nucleotide FASTA file)                                                                                                                │
│    ├── WHRI_8020C_plasmid.fna (plasmid nucleotide FASTA file)                                                                                                            │
│    ├── WHRI_8020C_virus_proteins.faa (virus protein FASTA file)                                                                                                          │
│    ├── WHRI_8020C_plasmid_proteins.faa (plasmid protein FASTA file)                                                                                                      │
│    ├── WHRI_8020C_virus_genes.tsv (virus gene annotation data)                                                                                                           │
│    └── WHRI_8020C_plasmid_genes.tsv (plasmid gene annotation data)                                                                                                       │
╰──────────────────────────────────────────────────────────────────────────────────────────────────────────────────────────────────────────────────────────────────────────╯
[12:36:08] Executing genomad summary.                                                                                                                                       
[12:36:08] Creating the WHRI_8020C_summary directory.                                                                                                                       
[12:36:08] Using scores from aggregated-classification.                                                                                                                     
[12:36:08] 13 plasmid(s) and 9 virus(es) were identified.                                                                                                                   
[12:36:08] Nucleotide sequences were written to WHRI_8020C_plasmid.fna and WHRI_8020C_virus.fna.                                                                            
[12:36:08] Protein sequences were written to WHRI_8020C_plasmid_proteins.faa and WHRI_8020C_virus_proteins.faa.                                                             
[12:36:08] Gene annotation data was written to WHRI_8020C_plasmid_genes.tsv and WHRI_8020C_virus_genes.tsv.                                                                 
[12:36:08] Summary files were written to WHRI_8020C_plasmid_summary.tsv and WHRI_8020C_virus_summary.tsv.                                                                   
[12:36:08] geNomad summary finished!                                                                                                                                        
