╭──────────────────────────────────────────────────────────────────────────────────────────────────────────────────────────────────────────────────────────────────────────╮
│  Executing geNomad summary (v1.11.1). This will summarize the results across modules into a classification report.                                                       │
│  ──────────────────────────────────────────────────────────────────────────────────────────────────────────────────────────────────────────────────────────────────────  │
│  Outputs:                                                                                                                                                                │
│    WHRI_6075_summary                                                                                                                                                     │
│    ├── WHRI_6075_summary.json (execution parameters)                                                                                                                     │
│    ├── WHRI_6075_virus_summary.tsv (virus classification summary)                                                                                                        │
│    ├── WHRI_6075_plasmid_summary.tsv (plasmid classification summary)                                                                                                    │
│    ├── WHRI_6075_virus.fna (virus nucleotide FASTA file)                                                                                                                 │
│    ├── WHRI_6075_plasmid.fna (plasmid nucleotide FASTA file)                                                                                                             │
│    ├── WHRI_6075_virus_proteins.faa (virus protein FASTA file)                                                                                                           │
│    ├── WHRI_6075_plasmid_proteins.faa (plasmid protein FASTA file)                                                                                                       │
│    ├── WHRI_6075_virus_genes.tsv (virus gene annotation data)                                                                                                            │
│    └── WHRI_6075_plasmid_genes.tsv (plasmid gene annotation data)                                                                                                        │
╰──────────────────────────────────────────────────────────────────────────────────────────────────────────────────────────────────────────────────────────────────────────╯
[10:52:36] Executing genomad summary.                                                                                                                                       
[10:52:36] Creating the WHRI_6075_summary directory.                                                                                                                        
[10:52:36] Using scores from aggregated-classification.                                                                                                                     
[10:52:36] 13 plasmid(s) and 1 virus(es) were identified.                                                                                                                   
[10:52:36] Nucleotide sequences were written to WHRI_6075_plasmid.fna and WHRI_6075_virus.fna.                                                                              
[10:52:36] Protein sequences were written to WHRI_6075_plasmid_proteins.faa and WHRI_6075_virus_proteins.faa.                                                               
[10:52:36] Gene annotation data was written to WHRI_6075_plasmid_genes.tsv and WHRI_6075_virus_genes.tsv.                                                                   
[10:52:36] Summary files were written to WHRI_6075_plasmid_summary.tsv and WHRI_6075_virus_summary.tsv.                                                                     
[10:52:36] geNomad summary finished!                                                                                                                                        
