╭──────────────────────────────────────────────────────────────────────────────────────────────────────────────────────────────────────────────────────────────────────────╮
│  Executing geNomad summary (v1.11.1). This will summarize the results across modules into a classification report.                                                       │
│  ──────────────────────────────────────────────────────────────────────────────────────────────────────────────────────────────────────────────────────────────────────  │
│  Outputs:                                                                                                                                                                │
│    WHRI_6380_(NCPPB_404)_summary                                                                                                                                         │
│    ├── WHRI_6380_(NCPPB_404)_summary.json (execution parameters)                                                                                                         │
│    ├── WHRI_6380_(NCPPB_404)_virus_summary.tsv (virus classification summary)                                                                                            │
│    ├── WHRI_6380_(NCPPB_404)_plasmid_summary.tsv (plasmid classification summary)                                                                                        │
│    ├── WHRI_6380_(NCPPB_404)_virus.fna (virus nucleotide FASTA file)                                                                                                     │
│    ├── WHRI_6380_(NCPPB_404)_plasmid.fna (plasmid nucleotide FASTA file)                                                                                                 │
│    ├── WHRI_6380_(NCPPB_404)_virus_proteins.faa (virus protein FASTA file)                                                                                               │
│    ├── WHRI_6380_(NCPPB_404)_plasmid_proteins.faa (plasmid protein FASTA file)                                                                                           │
│    ├── WHRI_6380_(NCPPB_404)_virus_genes.tsv (virus gene annotation data)                                                                                                │
│    └── WHRI_6380_(NCPPB_404)_plasmid_genes.tsv (plasmid gene annotation data)                                                                                            │
╰──────────────────────────────────────────────────────────────────────────────────────────────────────────────────────────────────────────────────────────────────────────╯
[11:32:35] Executing genomad summary.                                                                                                                                       
[11:32:35] Creating the WHRI_6380_(NCPPB_404)_summary directory.                                                                                                            
[11:32:35] Using scores from aggregated-classification.                                                                                                                     
[11:32:35] 13 plasmid(s) and 1 virus(es) were identified.                                                                                                                   
[11:32:35] Nucleotide sequences were written to WHRI_6380_(NCPPB_404)_plasmid.fna and WHRI_6380_(NCPPB_404)_virus.fna.                                                      
[11:32:35] Protein sequences were written to WHRI_6380_(NCPPB_404)_plasmid_proteins.faa and WHRI_6380_(NCPPB_404)_virus_proteins.faa.                                       
[11:32:35] Gene annotation data was written to WHRI_6380_(NCPPB_404)_plasmid_genes.tsv and WHRI_6380_(NCPPB_404)_virus_genes.tsv.                                           
[11:32:35] Summary files were written to WHRI_6380_(NCPPB_404)_plasmid_summary.tsv and WHRI_6380_(NCPPB_404)_virus_summary.tsv.                                             
[11:32:35] geNomad summary finished!                                                                                                                                        
