╭──────────────────────────────────────────────────────────────────────────────────────────────────────────────────────────────────────────────────────────────────────────╮
│  Executing geNomad summary (v1.11.1). This will summarize the results across modules into a classification report.                                                       │
│  ──────────────────────────────────────────────────────────────────────────────────────────────────────────────────────────────────────────────────────────────────────  │
│  Outputs:                                                                                                                                                                │
│    WHRI_8837_summary                                                                                                                                                     │
│    ├── WHRI_8837_summary.json (execution parameters)                                                                                                                     │
│    ├── WHRI_8837_virus_summary.tsv (virus classification summary)                                                                                                        │
│    ├── WHRI_8837_plasmid_summary.tsv (plasmid classification summary)                                                                                                    │
│    ├── WHRI_8837_virus.fna (virus nucleotide FASTA file)                                                                                                                 │
│    ├── WHRI_8837_plasmid.fna (plasmid nucleotide FASTA file)                                                                                                             │
│    ├── WHRI_8837_virus_proteins.faa (virus protein FASTA file)                                                                                                           │
│    ├── WHRI_8837_plasmid_proteins.faa (plasmid protein FASTA file)                                                                                                       │
│    ├── WHRI_8837_virus_genes.tsv (virus gene annotation data)                                                                                                            │
│    └── WHRI_8837_plasmid_genes.tsv (plasmid gene annotation data)                                                                                                        │
╰──────────────────────────────────────────────────────────────────────────────────────────────────────────────────────────────────────────────────────────────────────────╯
[14:42:26] Executing genomad summary.                                                                                                                                       
[14:42:26] Creating the WHRI_8837_summary directory.                                                                                                                        
[14:42:26] Using scores from aggregated-classification.                                                                                                                     
[14:42:26] 12 plasmid(s) and 2 virus(es) were identified.                                                                                                                   
[14:42:26] Nucleotide sequences were written to WHRI_8837_plasmid.fna and WHRI_8837_virus.fna.                                                                              
[14:42:26] Protein sequences were written to WHRI_8837_plasmid_proteins.faa and WHRI_8837_virus_proteins.faa.                                                               
[14:42:26] Gene annotation data was written to WHRI_8837_plasmid_genes.tsv and WHRI_8837_virus_genes.tsv.                                                                   
[14:42:26] Summary files were written to WHRI_8837_plasmid_summary.tsv and WHRI_8837_virus_summary.tsv.                                                                     
[14:42:26] geNomad summary finished!                                                                                                                                        
