╭──────────────────────────────────────────────────────────────────────────────────────────────────────────────────────────────────────────────────────────────────────────╮
│  Executing geNomad nn-classification (v1.11.1). This will classify the input sequences into chromosome, plasmid, or virus based on the nucleotide sequence.              │
│  ──────────────────────────────────────────────────────────────────────────────────────────────────────────────────────────────────────────────────────────────────────  │
│  Outputs:                                                                                                                                                                │
│    WHRI_6062_nn_classification                                                                                                                                           │
│    ├── WHRI_6062_nn_classification.json (execution parameters)                                                                                                           │
│    ├── WHRI_6062_encoded_sequences (directory containing encoded sequence data)                                                                                          │
│    ├── WHRI_6062_nn_classification.tsv (contig classification: tabular format)                                                                                           │
│    ├── WHRI_6062_nn_classification.npz (contig classification: binary format)                                                                                            │
│    ├── WHRI_6062_encoded_proviruses (directory containing encoded sequence data)                                                                                         │
│    ├── WHRI_6062_provirus_nn_classification.tsv (provirus classification: tabular format)                                                                                │
│    └── WHRI_6062_provirus_nn_classification.npz (provirus classification: binary format)                                                                                 │
╰──────────────────────────────────────────────────────────────────────────────────────────────────────────────────────────────────────────────────────────────────────────╯
[10:33:56] Executing genomad nn-classification.                                                                                                                             
[10:33:56] Creating the WHRI_6062_nn_classification directory.                                                                                                              
[10:33:56] Creating the WHRI_6062_nn_classification/WHRI_6062_encoded_sequences directory.                                                                                  
[10:33:57] Encoded sequence data written to WHRI_6062_encoded_sequences.                                                                                                    
[10:33:57] Creating the WHRI_6062_nn_classification/WHRI_6062_encoded_proviruses directory.                                                                                 
[10:33:57] Encoded provirus data written to WHRI_6062_encoded_proviruses.                                                                                                   
[10:34:04] Sequences classified.                                                                                                                                            
[10:34:04] Sequence classification in binary format written to WHRI_6062_nn_classification.npz.                                                                             
[10:34:04] Deleting encoded sequence data.                                                                                                                                  
[10:34:04] Sequence classification in tabular format written to WHRI_6062_nn_classification.tsv.                                                                            
[10:34:07] Proviruses classified.                                                                                                                                           
[10:34:07] Provirus classification in binary format written to WHRI_6062_provirus_nn_classification.npz.                                                                    
[10:34:07] Deleting encoded provirus data.                                                                                                                                  
[10:34:07] Provirus classification in tabular format written to WHRI_6062_provirus_nn_classification.tsv.                                                                   
[10:34:07] geNomad nn-classification finished!                                                                                                                              
