╭──────────────────────────────────────────────────────────────────────────────────────────────────────────────────────────────────────────────────────────────────────────╮
│  Executing geNomad summary (v1.11.1). This will summarize the results across modules into a classification report.                                                       │
│  ──────────────────────────────────────────────────────────────────────────────────────────────────────────────────────────────────────────────────────────────────────  │
│  Outputs:                                                                                                                                                                │
│    WHRI_6047_summary                                                                                                                                                     │
│    ├── WHRI_6047_summary.json (execution parameters)                                                                                                                     │
│    ├── WHRI_6047_virus_summary.tsv (virus classification summary)                                                                                                        │
│    ├── WHRI_6047_plasmid_summary.tsv (plasmid classification summary)                                                                                                    │
│    ├── WHRI_6047_virus.fna (virus nucleotide FASTA file)                                                                                                                 │
│    ├── WHRI_6047_plasmid.fna (plasmid nucleotide FASTA file)                                                                                                             │
│    ├── WHRI_6047_virus_proteins.faa (virus protein FASTA file)                                                                                                           │
│    ├── WHRI_6047_plasmid_proteins.faa (plasmid protein FASTA file)                                                                                                       │
│    ├── WHRI_6047_virus_genes.tsv (virus gene annotation data)                                                                                                            │
│    └── WHRI_6047_plasmid_genes.tsv (plasmid gene annotation data)                                                                                                        │
╰──────────────────────────────────────────────────────────────────────────────────────────────────────────────────────────────────────────────────────────────────────────╯
[10:14:09] Executing genomad summary.                                                                                                                                       
[10:14:09] Creating the WHRI_6047_summary directory.                                                                                                                        
[10:14:09] Using scores from aggregated-classification.                                                                                                                     
[10:14:09] 10 plasmid(s) and 3 virus(es) were identified.                                                                                                                   
[10:14:09] Nucleotide sequences were written to WHRI_6047_plasmid.fna and WHRI_6047_virus.fna.                                                                              
[10:14:09] Protein sequences were written to WHRI_6047_plasmid_proteins.faa and WHRI_6047_virus_proteins.faa.                                                               
[10:14:09] Gene annotation data was written to WHRI_6047_plasmid_genes.tsv and WHRI_6047_virus_genes.tsv.                                                                   
[10:14:09] Summary files were written to WHRI_6047_plasmid_summary.tsv and WHRI_6047_virus_summary.tsv.                                                                     
[10:14:09] geNomad summary finished!                                                                                                                                        
