╭──────────────────────────────────────────────────────────────────────────────────────────────────────────────────────────────────────────────────────────────────────────╮
│  Executing geNomad marker-classification (v1.11.1). This will classify the input sequences into chromosome, plasmid, or virus based on the presence of geNomad markers   │
│  and other gene-related features.                                                                                                                                        │
│  ──────────────────────────────────────────────────────────────────────────────────────────────────────────────────────────────────────────────────────────────────────  │
│  Outputs:                                                                                                                                                                │
│    WHRI_8824A_marker_classification                                                                                                                                      │
│    ├── WHRI_8824A_marker_classification.json (execution parameters)                                                                                                      │
│    ├── WHRI_8824A_features.tsv (sequence feature data: tabular format)                                                                                                   │
│    ├── WHRI_8824A_features.npz (sequence feature data: binary format)                                                                                                    │
│    ├── WHRI_8824A_marker_classification.tsv (sequence classification: tabular format)                                                                                    │
│    ├── WHRI_8824A_marker_classification.npz (sequence classification: binary format)                                                                                     │
│    ├── WHRI_8824A_provirus_features.tsv (provirus feature data: tabular format)                                                                                          │
│    ├── WHRI_8824A_provirus_features.npz (provirus feature data: binary format)                                                                                           │
│    ├── WHRI_8824A_provirus_marker_classification.tsv (provirus classification: tabular format)                                                                           │
│    └── WHRI_8824A_provirus_marker_classification.npz (provirus classification: binary format)                                                                            │
╰──────────────────────────────────────────────────────────────────────────────────────────────────────────────────────────────────────────────────────────────────────────╯
[14:36:29] Executing genomad marker-classification.                                                                                                                         
[14:36:29] Creating the WHRI_8824A_marker_classification directory.                                                                                                         
[14:36:30] Sequence features computed.                                                                                                                                      
[14:36:30] Sequence features in binary format written to WHRI_8824A_features.npz.                                                                                           
[14:36:30] Sequence features in tabular format written to WHRI_8824A_features.tsv.                                                                                          
[14:36:30] Provirus features computed.                                                                                                                                      
[14:36:30] Provirus features in binary format written to WHRI_8824A_provirus_features.npz.                                                                                  
[14:36:30] Provirus features in tabular format written to WHRI_8824A_provirus_features.tsv.                                                                                 
[14:36:31] Sequences classified.                                                                                                                                            
[14:36:31] Sequence classification in binary format written to WHRI_8824A_marker_classification.npz.                                                                        
[14:36:31] Sequence classification in tabular format written to WHRI_8824A_marker_classification.tsv.                                                                       
[14:36:31] Proviruses classified.                                                                                                                                           
[14:36:31] Provirus classification in binary format written to WHRI_8824A_provirus_marker_classification.npz.                                                               
[14:36:31] Provirus classification in tabular format written to WHRI_8824A_provirus_marker_classification.tsv.                                                              
[14:36:31] geNomad marker-classification finished!                                                                                                                          
