╭──────────────────────────────────────────────────────────────────────────────────────────────────────────────────────────────────────────────────────────────────────────╮
│  Executing geNomad nn-classification (v1.11.1). This will classify the input sequences into chromosome, plasmid, or virus based on the nucleotide sequence.              │
│  ──────────────────────────────────────────────────────────────────────────────────────────────────────────────────────────────────────────────────────────────────────  │
│  Outputs:                                                                                                                                                                │
│    WHRI_6198_nn_classification                                                                                                                                           │
│    ├── WHRI_6198_nn_classification.json (execution parameters)                                                                                                           │
│    ├── WHRI_6198_encoded_sequences (directory containing encoded sequence data)                                                                                          │
│    ├── WHRI_6198_nn_classification.tsv (contig classification: tabular format)                                                                                           │
│    ├── WHRI_6198_nn_classification.npz (contig classification: binary format)                                                                                            │
│    ├── WHRI_6198_encoded_proviruses (directory containing encoded sequence data)                                                                                         │
│    ├── WHRI_6198_provirus_nn_classification.tsv (provirus classification: tabular format)                                                                                │
│    └── WHRI_6198_provirus_nn_classification.npz (provirus classification: binary format)                                                                                 │
╰──────────────────────────────────────────────────────────────────────────────────────────────────────────────────────────────────────────────────────────────────────────╯
[11:21:18] Executing genomad nn-classification.                                                                                                                             
[11:21:18] Creating the WHRI_6198_nn_classification directory.                                                                                                              
[11:21:18] Creating the WHRI_6198_nn_classification/WHRI_6198_encoded_sequences directory.                                                                                  
[11:21:19] Encoded sequence data written to WHRI_6198_encoded_sequences.                                                                                                    
[11:21:19] Creating the WHRI_6198_nn_classification/WHRI_6198_encoded_proviruses directory.                                                                                 
[11:21:19] Encoded provirus data written to WHRI_6198_encoded_proviruses.                                                                                                   
[11:21:27] Sequences classified.                                                                                                                                            
[11:21:27] Sequence classification in binary format written to WHRI_6198_nn_classification.npz.                                                                             
[11:21:27] Deleting encoded sequence data.                                                                                                                                  
[11:21:27] Sequence classification in tabular format written to WHRI_6198_nn_classification.tsv.                                                                            
[11:21:29] Proviruses classified.                                                                                                                                           
[11:21:29] Provirus classification in binary format written to WHRI_6198_provirus_nn_classification.npz.                                                                    
[11:21:29] Deleting encoded provirus data.                                                                                                                                  
[11:21:29] Provirus classification in tabular format written to WHRI_6198_provirus_nn_classification.tsv.                                                                   
[11:21:29] geNomad nn-classification finished!                                                                                                                              
