╭──────────────────────────────────────────────────────────────────────────────────────────────────────────────────────────────────────────────────────────────────────────╮
│  Executing geNomad find-proviruses (v1.11.1). This will find putative proviral regions within the input sequences.                                                       │
│  ──────────────────────────────────────────────────────────────────────────────────────────────────────────────────────────────────────────────────────────────────────  │
│  Outputs:                                                                                                                                                                │
│    WHRI_5485_find_proviruses                                                                                                                                             │
│    ├── WHRI_5485_find_proviruses.json (execution parameters)                                                                                                             │
│    ├── WHRI_5485_provirus.tsv (provirus data)                                                                                                                            │
│    ├── WHRI_5485_provirus.fna (provirus nucleotide sequences)                                                                                                            │
│    ├── WHRI_5485_provirus_proteins.faa (provirus protein sequences)                                                                                                      │
│    ├── WHRI_5485_provirus_genes.tsv (provirus gene annotation data)                                                                                                      │
│    ├── WHRI_5485_provirus_taxonomy.tsv (provirus taxonomic assignment)                                                                                                   │
│    ├── WHRI_5485_provirus_mmseqs2.tsv (MMseqs2 output file)                                                                                                              │
│    └── WHRI_5485_provirus_aragorn.tsv (Aragorn output file)                                                                                                              │
╰──────────────────────────────────────────────────────────────────────────────────────────────────────────────────────────────────────────────────────────────────────────╯
[08:45:50] Executing genomad find-proviruses.                                                                                                                               
[08:45:50] Creating the WHRI_5485_find_proviruses directory.                                                                                                                
[08:45:53] Integrases identified with MMseqs2 and geNomad database (v1.9) were written to WHRI_5485_provirus_mmseqs2.tsv.                                                   
[08:45:53] Deleting WHRI_5485_provirus_mmseqs2.                                                                                                                             
[08:45:53] Deleting WHRI_5485_provirus_mmseqs2_input.faa.                                                                                                                   
[08:45:53] tRNAs identified with Aragorn were written to WHRI_5485_provirus_aragorn.tsv.                                                                                    
[08:45:53] Deleting WHRI_5485_provirus_aragorn_input.fna.                                                                                                                   
[08:45:54] Provirus regions identified.                                                                                                                                     
[08:45:54] Provirus data was written to WHRI_5485_provirus.tsv.                                                                                                             
[08:45:54] Provirus nucleotide sequences were written to WHRI_5485_provirus.fna.                                                                                            
[08:45:54] Provirus protein sequences were written to WHRI_5485_provirus_proteins.faa.                                                                                      
[08:45:54] Provirus gene data was written to WHRI_5485_provirus_genes.tsv.                                                                                                  
[08:45:54] Taxonomic assignment data was written to WHRI_5485_provirus_taxonomy.tsv.                                                                                        
[08:45:54] geNomad find-proviruses finished!                                                                                                                                
