╭──────────────────────────────────────────────────────────────────────────────────────────────────────────────────────────────────────────────────────────────────────────╮
│  Executing geNomad find-proviruses (v1.11.1). This will find putative proviral regions within the input sequences.                                                       │
│  ──────────────────────────────────────────────────────────────────────────────────────────────────────────────────────────────────────────────────────────────────────  │
│  Outputs:                                                                                                                                                                │
│    WHRI_7294_find_proviruses                                                                                                                                             │
│    ├── WHRI_7294_find_proviruses.json (execution parameters)                                                                                                             │
│    ├── WHRI_7294_provirus.tsv (provirus data)                                                                                                                            │
│    ├── WHRI_7294_provirus.fna (provirus nucleotide sequences)                                                                                                            │
│    ├── WHRI_7294_provirus_proteins.faa (provirus protein sequences)                                                                                                      │
│    ├── WHRI_7294_provirus_genes.tsv (provirus gene annotation data)                                                                                                      │
│    ├── WHRI_7294_provirus_taxonomy.tsv (provirus taxonomic assignment)                                                                                                   │
│    ├── WHRI_7294_provirus_mmseqs2.tsv (MMseqs2 output file)                                                                                                              │
│    └── WHRI_7294_provirus_aragorn.tsv (Aragorn output file)                                                                                                              │
╰──────────────────────────────────────────────────────────────────────────────────────────────────────────────────────────────────────────────────────────────────────────╯
[12:09:35] Executing genomad find-proviruses.                                                                                                                               
[12:09:35] Creating the WHRI_7294_find_proviruses directory.                                                                                                                
[12:09:38] Integrases identified with MMseqs2 and geNomad database (v1.9) were written to WHRI_7294_provirus_mmseqs2.tsv.                                                   
[12:09:38] Deleting WHRI_7294_provirus_mmseqs2.                                                                                                                             
[12:09:38] Deleting WHRI_7294_provirus_mmseqs2_input.faa.                                                                                                                   
[12:09:39] tRNAs identified with Aragorn were written to WHRI_7294_provirus_aragorn.tsv.                                                                                    
[12:09:39] Deleting WHRI_7294_provirus_aragorn_input.fna.                                                                                                                   
[12:09:40] Provirus regions identified.                                                                                                                                     
[12:09:40] Provirus data was written to WHRI_7294_provirus.tsv.                                                                                                             
[12:09:40] Provirus nucleotide sequences were written to WHRI_7294_provirus.fna.                                                                                            
[12:09:40] Provirus protein sequences were written to WHRI_7294_provirus_proteins.faa.                                                                                      
[12:09:40] Provirus gene data was written to WHRI_7294_provirus_genes.tsv.                                                                                                  
[12:09:40] Taxonomic assignment data was written to WHRI_7294_provirus_taxonomy.tsv.                                                                                        
[12:09:40] geNomad find-proviruses finished!                                                                                                                                
