╭──────────────────────────────────────────────────────────────────────────────────────────────────────────────────────────────────────────────────────────────────────────╮
│  Executing geNomad find-proviruses (v1.11.1). This will find putative proviral regions within the input sequences.                                                       │
│  ──────────────────────────────────────────────────────────────────────────────────────────────────────────────────────────────────────────────────────────────────────  │
│  Outputs:                                                                                                                                                                │
│    WHRI_6022A_find_proviruses                                                                                                                                            │
│    ├── WHRI_6022A_find_proviruses.json (execution parameters)                                                                                                            │
│    ├── WHRI_6022A_provirus.tsv (provirus data)                                                                                                                           │
│    ├── WHRI_6022A_provirus.fna (provirus nucleotide sequences)                                                                                                           │
│    ├── WHRI_6022A_provirus_proteins.faa (provirus protein sequences)                                                                                                     │
│    ├── WHRI_6022A_provirus_genes.tsv (provirus gene annotation data)                                                                                                     │
│    ├── WHRI_6022A_provirus_taxonomy.tsv (provirus taxonomic assignment)                                                                                                  │
│    ├── WHRI_6022A_provirus_mmseqs2.tsv (MMseqs2 output file)                                                                                                             │
│    └── WHRI_6022A_provirus_aragorn.tsv (Aragorn output file)                                                                                                             │
╰──────────────────────────────────────────────────────────────────────────────────────────────────────────────────────────────────────────────────────────────────────────╯
[10:05:31] Executing genomad find-proviruses.                                                                                                                               
[10:05:31] Creating the WHRI_6022A_find_proviruses directory.                                                                                                               
[10:05:33] Integrases identified with MMseqs2 and geNomad database (v1.9) were written to WHRI_6022A_provirus_mmseqs2.tsv.                                                  
[10:05:33] Deleting WHRI_6022A_provirus_mmseqs2.                                                                                                                            
[10:05:33] Deleting WHRI_6022A_provirus_mmseqs2_input.faa.                                                                                                                  
[10:05:34] tRNAs identified with Aragorn were written to WHRI_6022A_provirus_aragorn.tsv.                                                                                   
[10:05:34] Deleting WHRI_6022A_provirus_aragorn_input.fna.                                                                                                                  
[10:05:35] Provirus regions identified.                                                                                                                                     
[10:05:35] Provirus data was written to WHRI_6022A_provirus.tsv.                                                                                                            
[10:05:35] Provirus nucleotide sequences were written to WHRI_6022A_provirus.fna.                                                                                           
[10:05:35] Provirus protein sequences were written to WHRI_6022A_provirus_proteins.faa.                                                                                     
[10:05:35] Provirus gene data was written to WHRI_6022A_provirus_genes.tsv.                                                                                                 
[10:05:35] Taxonomic assignment data was written to WHRI_6022A_provirus_taxonomy.tsv.                                                                                       
[10:05:35] geNomad find-proviruses finished!                                                                                                                                
