╭──────────────────────────────────────────────────────────────────────────────────────────────────────────────────────────────────────────────────────────────────────────╮
│  Executing geNomad nn-classification (v1.11.1). This will classify the input sequences into chromosome, plasmid, or virus based on the nucleotide sequence.              │
│  ──────────────────────────────────────────────────────────────────────────────────────────────────────────────────────────────────────────────────────────────────────  │
│  Outputs:                                                                                                                                                                │
│    WHRI_6055_nn_classification                                                                                                                                           │
│    ├── WHRI_6055_nn_classification.json (execution parameters)                                                                                                           │
│    ├── WHRI_6055_encoded_sequences (directory containing encoded sequence data)                                                                                          │
│    ├── WHRI_6055_nn_classification.tsv (contig classification: tabular format)                                                                                           │
│    ├── WHRI_6055_nn_classification.npz (contig classification: binary format)                                                                                            │
│    ├── WHRI_6055_encoded_proviruses (directory containing encoded sequence data)                                                                                         │
│    ├── WHRI_6055_provirus_nn_classification.tsv (provirus classification: tabular format)                                                                                │
│    └── WHRI_6055_provirus_nn_classification.npz (provirus classification: binary format)                                                                                 │
╰──────────────────────────────────────────────────────────────────────────────────────────────────────────────────────────────────────────────────────────────────────────╯
[10:25:01] Executing genomad nn-classification.                                                                                                                             
[10:25:01] Creating the WHRI_6055_nn_classification directory.                                                                                                              
[10:25:01] Creating the WHRI_6055_nn_classification/WHRI_6055_encoded_sequences directory.                                                                                  
[10:25:02] Encoded sequence data written to WHRI_6055_encoded_sequences.                                                                                                    
[10:25:02] Creating the WHRI_6055_nn_classification/WHRI_6055_encoded_proviruses directory.                                                                                 
[10:25:02] Encoded provirus data written to WHRI_6055_encoded_proviruses.                                                                                                   
[10:25:08] Sequences classified.                                                                                                                                            
[10:25:08] Sequence classification in binary format written to WHRI_6055_nn_classification.npz.                                                                             
[10:25:08] Deleting encoded sequence data.                                                                                                                                  
[10:25:09] Sequence classification in tabular format written to WHRI_6055_nn_classification.tsv.                                                                            
[10:25:11] Proviruses classified.                                                                                                                                           
[10:25:11] Provirus classification in binary format written to WHRI_6055_provirus_nn_classification.npz.                                                                    
[10:25:11] Deleting encoded provirus data.                                                                                                                                  
[10:25:11] Provirus classification in tabular format written to WHRI_6055_provirus_nn_classification.tsv.                                                                   
[10:25:11] geNomad nn-classification finished!                                                                                                                              
