╭──────────────────────────────────────────────────────────────────────────────────────────────────────────────────────────────────────────────────────────────────────────╮
│  Executing geNomad nn-classification (v1.11.1). This will classify the input sequences into chromosome, plasmid, or virus based on the nucleotide sequence.              │
│  ──────────────────────────────────────────────────────────────────────────────────────────────────────────────────────────────────────────────────────────────────────  │
│  Outputs:                                                                                                                                                                │
│    WHRI_6063_nn_classification                                                                                                                                           │
│    ├── WHRI_6063_nn_classification.json (execution parameters)                                                                                                           │
│    ├── WHRI_6063_encoded_sequences (directory containing encoded sequence data)                                                                                          │
│    ├── WHRI_6063_nn_classification.tsv (contig classification: tabular format)                                                                                           │
│    ├── WHRI_6063_nn_classification.npz (contig classification: binary format)                                                                                            │
│    ├── WHRI_6063_encoded_proviruses (directory containing encoded sequence data)                                                                                         │
│    ├── WHRI_6063_provirus_nn_classification.tsv (provirus classification: tabular format)                                                                                │
│    └── WHRI_6063_provirus_nn_classification.npz (provirus classification: binary format)                                                                                 │
╰──────────────────────────────────────────────────────────────────────────────────────────────────────────────────────────────────────────────────────────────────────────╯
[10:35:22] Executing genomad nn-classification.                                                                                                                             
[10:35:22] Creating the WHRI_6063_nn_classification directory.                                                                                                              
[10:35:22] Creating the WHRI_6063_nn_classification/WHRI_6063_encoded_sequences directory.                                                                                  
[10:35:24] Encoded sequence data written to WHRI_6063_encoded_sequences.                                                                                                    
[10:35:24] Creating the WHRI_6063_nn_classification/WHRI_6063_encoded_proviruses directory.                                                                                 
[10:35:24] Encoded provirus data written to WHRI_6063_encoded_proviruses.                                                                                                   
[10:35:30] Sequences classified.                                                                                                                                            
[10:35:30] Sequence classification in binary format written to WHRI_6063_nn_classification.npz.                                                                             
[10:35:30] Deleting encoded sequence data.                                                                                                                                  
[10:35:30] Sequence classification in tabular format written to WHRI_6063_nn_classification.tsv.                                                                            
[10:35:33] Proviruses classified.                                                                                                                                           
[10:35:33] Provirus classification in binary format written to WHRI_6063_provirus_nn_classification.npz.                                                                    
[10:35:33] Deleting encoded provirus data.                                                                                                                                  
[10:35:33] Provirus classification in tabular format written to WHRI_6063_provirus_nn_classification.tsv.                                                                   
[10:35:33] geNomad nn-classification finished!                                                                                                                              
