╭──────────────────────────────────────────────────────────────────────────────────────────────────────────────────────────────────────────────────────────────────────────╮
│  Executing geNomad aggregated-classification (v1.11.1). This will aggregate the results of the marker-classification and nn-classification modules to classify the       │
│  input sequences into chromosome, plasmid, or virus.                                                                                                                     │
│  ──────────────────────────────────────────────────────────────────────────────────────────────────────────────────────────────────────────────────────────────────────  │
│  Outputs:                                                                                                                                                                │
│    WHRI_6024A_aggregated_classification                                                                                                                                  │
│    ├── WHRI_6024A_aggregated_classification.json (execution parameters)                                                                                                  │
│    ├── WHRI_6024A_aggregated_classification.tsv (sequence classification: tabular format)                                                                                │
│    ├── WHRI_6024A_aggregated_classification.npz (sequence classification: binary format)                                                                                 │
│    ├── WHRI_6024A_provirus_aggregated_classification.tsv (provirus classification: tabular format)                                                                       │
│    └── WHRI_6024A_provirus_aggregated_classification.npz (provirus classification: binary format)                                                                        │
╰──────────────────────────────────────────────────────────────────────────────────────────────────────────────────────────────────────────────────────────────────────────╯
[10:08:37] Executing genomad aggregated-classification.                                                                                                                     
[10:08:37] Creating the WHRI_6024A_aggregated_classification directory.                                                                                                     
[10:08:37] The total marker frequencies of the input sequences were computed.                                                                                               
[10:08:37] Sequences classified.                                                                                                                                            
[10:08:37] Sequence classification in binary format written to WHRI_6024A_aggregated_classification.npz.                                                                    
[10:08:37] Sequence classification in tabular format written to WHRI_6024A_aggregated_classification.tsv.                                                                   
[10:08:37] Proviruses classified.                                                                                                                                           
[10:08:37] Provirus classification in binary format written to WHRI_6024A_provirus_aggregated_classification.npz.                                                           
[10:08:37] Provirus classification in tabular format written to WHRI_6024A_provirus_aggregated_classification.tsv.                                                          
[10:08:37] geNomad aggregated-classification finished!                                                                                                                      
