╭──────────────────────────────────────────────────────────────────────────────────────────────────────────────────────────────────────────────────────────────────────────╮
│  Executing geNomad nn-classification (v1.11.1). This will classify the input sequences into chromosome, plasmid, or virus based on the nucleotide sequence.              │
│  ──────────────────────────────────────────────────────────────────────────────────────────────────────────────────────────────────────────────────────────────────────  │
│  Outputs:                                                                                                                                                                │
│    WHRI_8401_nn_classification                                                                                                                                           │
│    ├── WHRI_8401_nn_classification.json (execution parameters)                                                                                                           │
│    ├── WHRI_8401_encoded_sequences (directory containing encoded sequence data)                                                                                          │
│    ├── WHRI_8401_nn_classification.tsv (contig classification: tabular format)                                                                                           │
│    ├── WHRI_8401_nn_classification.npz (contig classification: binary format)                                                                                            │
│    ├── WHRI_8401_encoded_proviruses (directory containing encoded sequence data)                                                                                         │
│    ├── WHRI_8401_provirus_nn_classification.tsv (provirus classification: tabular format)                                                                                │
│    └── WHRI_8401_provirus_nn_classification.npz (provirus classification: binary format)                                                                                 │
╰──────────────────────────────────────────────────────────────────────────────────────────────────────────────────────────────────────────────────────────────────────────╯
[13:02:32] Executing genomad nn-classification.                                                                                                                             
[13:02:32] Creating the WHRI_8401_nn_classification directory.                                                                                                              
[13:02:32] Creating the WHRI_8401_nn_classification/WHRI_8401_encoded_sequences directory.                                                                                  
[13:02:33] Encoded sequence data written to WHRI_8401_encoded_sequences.                                                                                                    
[13:02:33] Creating the WHRI_8401_nn_classification/WHRI_8401_encoded_proviruses directory.                                                                                 
[13:02:33] Encoded provirus data written to WHRI_8401_encoded_proviruses.                                                                                                   
[13:02:39] Sequences classified.                                                                                                                                            
[13:02:39] Sequence classification in binary format written to WHRI_8401_nn_classification.npz.                                                                             
[13:02:39] Deleting encoded sequence data.                                                                                                                                  
[13:02:39] Sequence classification in tabular format written to WHRI_8401_nn_classification.tsv.                                                                            
[13:02:42] Proviruses classified.                                                                                                                                           
[13:02:42] Provirus classification in binary format written to WHRI_8401_provirus_nn_classification.npz.                                                                    
[13:02:42] Deleting encoded provirus data.                                                                                                                                  
[13:02:42] Provirus classification in tabular format written to WHRI_8401_provirus_nn_classification.tsv.                                                                   
[13:02:42] geNomad nn-classification finished!                                                                                                                              
