╭──────────────────────────────────────────────────────────────────────────────────────────────────────────────────────────────────────────────────────────────────────────╮
│  Executing geNomad summary (v1.11.1). This will summarize the results across modules into a classification report.                                                       │
│  ──────────────────────────────────────────────────────────────────────────────────────────────────────────────────────────────────────────────────────────────────────  │
│  Outputs:                                                                                                                                                                │
│    WHRI_6412_summary                                                                                                                                                     │
│    ├── WHRI_6412_summary.json (execution parameters)                                                                                                                     │
│    ├── WHRI_6412_virus_summary.tsv (virus classification summary)                                                                                                        │
│    ├── WHRI_6412_plasmid_summary.tsv (plasmid classification summary)                                                                                                    │
│    ├── WHRI_6412_virus.fna (virus nucleotide FASTA file)                                                                                                                 │
│    ├── WHRI_6412_plasmid.fna (plasmid nucleotide FASTA file)                                                                                                             │
│    ├── WHRI_6412_virus_proteins.faa (virus protein FASTA file)                                                                                                           │
│    ├── WHRI_6412_plasmid_proteins.faa (plasmid protein FASTA file)                                                                                                       │
│    ├── WHRI_6412_virus_genes.tsv (virus gene annotation data)                                                                                                            │
│    └── WHRI_6412_plasmid_genes.tsv (plasmid gene annotation data)                                                                                                        │
╰──────────────────────────────────────────────────────────────────────────────────────────────────────────────────────────────────────────────────────────────────────────╯
[11:35:17] Executing genomad summary.                                                                                                                                       
[11:35:17] Creating the WHRI_6412_summary directory.                                                                                                                        
[11:35:17] Using scores from aggregated-classification.                                                                                                                     
[11:35:17] 18 plasmid(s) and 1 virus(es) were identified.                                                                                                                   
[11:35:17] Nucleotide sequences were written to WHRI_6412_plasmid.fna and WHRI_6412_virus.fna.                                                                              
[11:35:17] Protein sequences were written to WHRI_6412_plasmid_proteins.faa and WHRI_6412_virus_proteins.faa.                                                               
[11:35:17] Gene annotation data was written to WHRI_6412_plasmid_genes.tsv and WHRI_6412_virus_genes.tsv.                                                                   
[11:35:17] Summary files were written to WHRI_6412_plasmid_summary.tsv and WHRI_6412_virus_summary.tsv.                                                                     
[11:35:17] geNomad summary finished!                                                                                                                                        
