╭──────────────────────────────────────────────────────────────────────────────────────────────────────────────────────────────────────────────────────────────────────────╮
│  Executing geNomad summary (v1.11.1). This will summarize the results across modules into a classification report.                                                       │
│  ──────────────────────────────────────────────────────────────────────────────────────────────────────────────────────────────────────────────────────────────────────  │
│  Outputs:                                                                                                                                                                │
│    WHRI_7074_summary                                                                                                                                                     │
│    ├── WHRI_7074_summary.json (execution parameters)                                                                                                                     │
│    ├── WHRI_7074_virus_summary.tsv (virus classification summary)                                                                                                        │
│    ├── WHRI_7074_plasmid_summary.tsv (plasmid classification summary)                                                                                                    │
│    ├── WHRI_7074_virus.fna (virus nucleotide FASTA file)                                                                                                                 │
│    ├── WHRI_7074_plasmid.fna (plasmid nucleotide FASTA file)                                                                                                             │
│    ├── WHRI_7074_virus_proteins.faa (virus protein FASTA file)                                                                                                           │
│    ├── WHRI_7074_plasmid_proteins.faa (plasmid protein FASTA file)                                                                                                       │
│    ├── WHRI_7074_virus_genes.tsv (virus gene annotation data)                                                                                                            │
│    └── WHRI_7074_plasmid_genes.tsv (plasmid gene annotation data)                                                                                                        │
╰──────────────────────────────────────────────────────────────────────────────────────────────────────────────────────────────────────────────────────────────────────────╯
[11:42:12] Executing genomad summary.                                                                                                                                       
[11:42:12] Creating the WHRI_7074_summary directory.                                                                                                                        
[11:42:12] Using scores from aggregated-classification.                                                                                                                     
[11:42:12] 13 plasmid(s) and 2 virus(es) were identified.                                                                                                                   
[11:42:12] Nucleotide sequences were written to WHRI_7074_plasmid.fna and WHRI_7074_virus.fna.                                                                              
[11:42:12] Protein sequences were written to WHRI_7074_plasmid_proteins.faa and WHRI_7074_virus_proteins.faa.                                                               
[11:42:12] Gene annotation data was written to WHRI_7074_plasmid_genes.tsv and WHRI_7074_virus_genes.tsv.                                                                   
[11:42:12] Summary files were written to WHRI_7074_plasmid_summary.tsv and WHRI_7074_virus_summary.tsv.                                                                     
[11:42:12] geNomad summary finished!                                                                                                                                        
