╭──────────────────────────────────────────────────────────────────────────────────────────────────────────────────────────────────────────────────────────────────────────╮
│  Executing geNomad nn-classification (v1.11.1). This will classify the input sequences into chromosome, plasmid, or virus based on the nucleotide sequence.              │
│  ──────────────────────────────────────────────────────────────────────────────────────────────────────────────────────────────────────────────────────────────────────  │
│  Outputs:                                                                                                                                                                │
│    WHRI_5741_nn_classification                                                                                                                                           │
│    ├── WHRI_5741_nn_classification.json (execution parameters)                                                                                                           │
│    ├── WHRI_5741_encoded_sequences (directory containing encoded sequence data)                                                                                          │
│    ├── WHRI_5741_nn_classification.tsv (contig classification: tabular format)                                                                                           │
│    ├── WHRI_5741_nn_classification.npz (contig classification: binary format)                                                                                            │
│    ├── WHRI_5741_encoded_proviruses (directory containing encoded sequence data)                                                                                         │
│    ├── WHRI_5741_provirus_nn_classification.tsv (provirus classification: tabular format)                                                                                │
│    └── WHRI_5741_provirus_nn_classification.npz (provirus classification: binary format)                                                                                 │
╰──────────────────────────────────────────────────────────────────────────────────────────────────────────────────────────────────────────────────────────────────────────╯
[09:32:49] Executing genomad nn-classification.                                                                                                                             
[09:32:49] Creating the WHRI_5741_nn_classification directory.                                                                                                              
[09:32:49] Creating the WHRI_5741_nn_classification/WHRI_5741_encoded_sequences directory.                                                                                  
[09:32:50] Encoded sequence data written to WHRI_5741_encoded_sequences.                                                                                                    
[09:32:50] Creating the WHRI_5741_nn_classification/WHRI_5741_encoded_proviruses directory.                                                                                 
[09:32:50] Encoded provirus data written to WHRI_5741_encoded_proviruses.                                                                                                   
[09:32:57] Sequences classified.                                                                                                                                            
[09:32:57] Sequence classification in binary format written to WHRI_5741_nn_classification.npz.                                                                             
[09:32:57] Deleting encoded sequence data.                                                                                                                                  
[09:32:57] Sequence classification in tabular format written to WHRI_5741_nn_classification.tsv.                                                                            
[09:33:00] Proviruses classified.                                                                                                                                           
[09:33:00] Provirus classification in binary format written to WHRI_5741_provirus_nn_classification.npz.                                                                    
[09:33:00] Deleting encoded provirus data.                                                                                                                                  
[09:33:00] Provirus classification in tabular format written to WHRI_5741_provirus_nn_classification.tsv.                                                                   
[09:33:00] geNomad nn-classification finished!                                                                                                                              
