╭──────────────────────────────────────────────────────────────────────────────────────────────────────────────────────────────────────────────────────────────────────────╮
│  Executing geNomad marker-classification (v1.11.1). This will classify the input sequences into chromosome, plasmid, or virus based on the presence of geNomad markers   │
│  and other gene-related features.                                                                                                                                        │
│  ──────────────────────────────────────────────────────────────────────────────────────────────────────────────────────────────────────────────────────────────────────  │
│  Outputs:                                                                                                                                                                │
│    WHRI_6381_(NCPPB_529)_marker_classification                                                                                                                           │
│    ├── WHRI_6381_(NCPPB_529)_marker_classification.json (execution parameters)                                                                                           │
│    ├── WHRI_6381_(NCPPB_529)_features.tsv (sequence feature data: tabular format)                                                                                        │
│    ├── WHRI_6381_(NCPPB_529)_features.npz (sequence feature data: binary format)                                                                                         │
│    ├── WHRI_6381_(NCPPB_529)_marker_classification.tsv (sequence classification: tabular format)                                                                         │
│    └── WHRI_6381_(NCPPB_529)_marker_classification.npz (sequence classification: binary format)                                                                          │
╰──────────────────────────────────────────────────────────────────────────────────────────────────────────────────────────────────────────────────────────────────────────╯
[11:33:44] Executing genomad marker-classification.                                                                                                                         
[11:33:44] Creating the WHRI_6381_(NCPPB_529)_marker_classification directory.                                                                                              
[11:33:45] Sequence features computed.                                                                                                                                      
[11:33:45] Sequence features in binary format written to WHRI_6381_(NCPPB_529)_features.npz.                                                                                
[11:33:45] Sequence features in tabular format written to WHRI_6381_(NCPPB_529)_features.tsv.                                                                               
[11:33:45] Sequences classified.                                                                                                                                            
[11:33:45] Sequence classification in binary format written to WHRI_6381_(NCPPB_529)_marker_classification.npz.                                                             
[11:33:45] Sequence classification in tabular format written to WHRI_6381_(NCPPB_529)_marker_classification.tsv.                                                            
[11:33:45] geNomad marker-classification finished!                                                                                                                          
