╭──────────────────────────────────────────────────────────────────────────────────────────────────────────────────────────────────────────────────────────────────────────╮
│  Executing geNomad find-proviruses (v1.11.1). This will find putative proviral regions within the input sequences.                                                       │
│  ──────────────────────────────────────────────────────────────────────────────────────────────────────────────────────────────────────────────────────────────────────  │
│  Outputs:                                                                                                                                                                │
│    WHRI_7234_find_proviruses                                                                                                                                             │
│    ├── WHRI_7234_find_proviruses.json (execution parameters)                                                                                                             │
│    ├── WHRI_7234_provirus.tsv (provirus data)                                                                                                                            │
│    ├── WHRI_7234_provirus.fna (provirus nucleotide sequences)                                                                                                            │
│    ├── WHRI_7234_provirus_proteins.faa (provirus protein sequences)                                                                                                      │
│    ├── WHRI_7234_provirus_genes.tsv (provirus gene annotation data)                                                                                                      │
│    ├── WHRI_7234_provirus_taxonomy.tsv (provirus taxonomic assignment)                                                                                                   │
│    ├── WHRI_7234_provirus_mmseqs2.tsv (MMseqs2 output file)                                                                                                              │
│    └── WHRI_7234_provirus_aragorn.tsv (Aragorn output file)                                                                                                              │
╰──────────────────────────────────────────────────────────────────────────────────────────────────────────────────────────────────────────────────────────────────────────╯
[11:44:40] Executing genomad find-proviruses.                                                                                                                               
[11:44:40] Creating the WHRI_7234_find_proviruses directory.                                                                                                                
[11:44:43] Integrases identified with MMseqs2 and geNomad database (v1.9) were written to WHRI_7234_provirus_mmseqs2.tsv.                                                   
[11:44:43] Deleting WHRI_7234_provirus_mmseqs2.                                                                                                                             
[11:44:43] Deleting WHRI_7234_provirus_mmseqs2_input.faa.                                                                                                                   
[11:44:43] tRNAs identified with Aragorn were written to WHRI_7234_provirus_aragorn.tsv.                                                                                    
[11:44:43] Deleting WHRI_7234_provirus_aragorn_input.fna.                                                                                                                   
[11:44:44] Provirus regions identified.                                                                                                                                     
[11:44:44] Provirus data was written to WHRI_7234_provirus.tsv.                                                                                                             
[11:44:44] Provirus nucleotide sequences were written to WHRI_7234_provirus.fna.                                                                                            
[11:44:44] Provirus protein sequences were written to WHRI_7234_provirus_proteins.faa.                                                                                      
[11:44:44] Provirus gene data was written to WHRI_7234_provirus_genes.tsv.                                                                                                  
[11:44:44] Taxonomic assignment data was written to WHRI_7234_provirus_taxonomy.tsv.                                                                                        
[11:44:44] geNomad find-proviruses finished!                                                                                                                                
