╭──────────────────────────────────────────────────────────────────────────────────────────────────────────────────────────────────────────────────────────────────────────╮
│  Executing geNomad summary (v1.11.1). This will summarize the results across modules into a classification report.                                                       │
│  ──────────────────────────────────────────────────────────────────────────────────────────────────────────────────────────────────────────────────────────────────────  │
│  Outputs:                                                                                                                                                                │
│    WHRI_8763_summary                                                                                                                                                     │
│    ├── WHRI_8763_summary.json (execution parameters)                                                                                                                     │
│    ├── WHRI_8763_virus_summary.tsv (virus classification summary)                                                                                                        │
│    ├── WHRI_8763_plasmid_summary.tsv (plasmid classification summary)                                                                                                    │
│    ├── WHRI_8763_virus.fna (virus nucleotide FASTA file)                                                                                                                 │
│    ├── WHRI_8763_plasmid.fna (plasmid nucleotide FASTA file)                                                                                                             │
│    ├── WHRI_8763_virus_proteins.faa (virus protein FASTA file)                                                                                                           │
│    ├── WHRI_8763_plasmid_proteins.faa (plasmid protein FASTA file)                                                                                                       │
│    ├── WHRI_8763_virus_genes.tsv (virus gene annotation data)                                                                                                            │
│    └── WHRI_8763_plasmid_genes.tsv (plasmid gene annotation data)                                                                                                        │
╰──────────────────────────────────────────────────────────────────────────────────────────────────────────────────────────────────────────────────────────────────────────╯
[14:21:30] Executing genomad summary.                                                                                                                                       
[14:21:30] Creating the WHRI_8763_summary directory.                                                                                                                        
[14:21:30] Using scores from aggregated-classification.                                                                                                                     
[14:21:30] 14 plasmid(s) and 0 virus(es) were identified.                                                                                                                   
[14:21:30] Nucleotide sequences were written to WHRI_8763_plasmid.fna and WHRI_8763_virus.fna.                                                                              
[14:21:30] Protein sequences were written to WHRI_8763_plasmid_proteins.faa and WHRI_8763_virus_proteins.faa.                                                               
[14:21:30] Gene annotation data was written to WHRI_8763_plasmid_genes.tsv and WHRI_8763_virus_genes.tsv.                                                                   
[14:21:30] Summary files were written to WHRI_8763_plasmid_summary.tsv and WHRI_8763_virus_summary.tsv.                                                                     
[14:21:30] geNomad summary finished!                                                                                                                                        
