╭──────────────────────────────────────────────────────────────────────────────────────────────────────────────────────────────────────────────────────────────────────────╮
│  Executing geNomad marker-classification (v1.11.1). This will classify the input sequences into chromosome, plasmid, or virus based on the presence of geNomad markers   │
│  and other gene-related features.                                                                                                                                        │
│  ──────────────────────────────────────────────────────────────────────────────────────────────────────────────────────────────────────────────────────────────────────  │
│  Outputs:                                                                                                                                                                │
│    WHRI_8976_marker_classification                                                                                                                                       │
│    ├── WHRI_8976_marker_classification.json (execution parameters)                                                                                                       │
│    ├── WHRI_8976_features.tsv (sequence feature data: tabular format)                                                                                                    │
│    ├── WHRI_8976_features.npz (sequence feature data: binary format)                                                                                                     │
│    ├── WHRI_8976_marker_classification.tsv (sequence classification: tabular format)                                                                                     │
│    ├── WHRI_8976_marker_classification.npz (sequence classification: binary format)                                                                                      │
│    ├── WHRI_8976_provirus_features.tsv (provirus feature data: tabular format)                                                                                           │
│    ├── WHRI_8976_provirus_features.npz (provirus feature data: binary format)                                                                                            │
│    ├── WHRI_8976_provirus_marker_classification.tsv (provirus classification: tabular format)                                                                            │
│    └── WHRI_8976_provirus_marker_classification.npz (provirus classification: binary format)                                                                             │
╰──────────────────────────────────────────────────────────────────────────────────────────────────────────────────────────────────────────────────────────────────────────╯
[15:16:40] Executing genomad marker-classification.                                                                                                                         
[15:16:40] Creating the WHRI_8976_marker_classification directory.                                                                                                          
[15:16:41] Sequence features computed.                                                                                                                                      
[15:16:41] Sequence features in binary format written to WHRI_8976_features.npz.                                                                                            
[15:16:41] Sequence features in tabular format written to WHRI_8976_features.tsv.                                                                                           
[15:16:41] Provirus features computed.                                                                                                                                      
[15:16:41] Provirus features in binary format written to WHRI_8976_provirus_features.npz.                                                                                   
[15:16:41] Provirus features in tabular format written to WHRI_8976_provirus_features.tsv.                                                                                  
[15:16:41] Sequences classified.                                                                                                                                            
[15:16:41] Sequence classification in binary format written to WHRI_8976_marker_classification.npz.                                                                         
[15:16:42] Sequence classification in tabular format written to WHRI_8976_marker_classification.tsv.                                                                        
[15:16:42] Proviruses classified.                                                                                                                                           
[15:16:42] Provirus classification in binary format written to WHRI_8976_provirus_marker_classification.npz.                                                                
[15:16:42] Provirus classification in tabular format written to WHRI_8976_provirus_marker_classification.tsv.                                                               
[15:16:42] geNomad marker-classification finished!                                                                                                                          
