╭──────────────────────────────────────────────────────────────────────────────────────────────────────────────────────────────────────────────────────────────────────────╮
│  Executing geNomad marker-classification (v1.11.1). This will classify the input sequences into chromosome, plasmid, or virus based on the presence of geNomad markers   │
│  and other gene-related features.                                                                                                                                        │
│  ──────────────────────────────────────────────────────────────────────────────────────────────────────────────────────────────────────────────────────────────────────  │
│  Outputs:                                                                                                                                                                │
│    WHRI_7808_marker_classification                                                                                                                                       │
│    ├── WHRI_7808_marker_classification.json (execution parameters)                                                                                                       │
│    ├── WHRI_7808_features.tsv (sequence feature data: tabular format)                                                                                                    │
│    ├── WHRI_7808_features.npz (sequence feature data: binary format)                                                                                                     │
│    ├── WHRI_7808_marker_classification.tsv (sequence classification: tabular format)                                                                                     │
│    └── WHRI_7808_marker_classification.npz (sequence classification: binary format)                                                                                      │
╰──────────────────────────────────────────────────────────────────────────────────────────────────────────────────────────────────────────────────────────────────────────╯
[12:26:18] Executing genomad marker-classification.                                                                                                                         
[12:26:18] Creating the WHRI_7808_marker_classification directory.                                                                                                          
[12:26:19] Sequence features computed.                                                                                                                                      
[12:26:19] Sequence features in binary format written to WHRI_7808_features.npz.                                                                                            
[12:26:19] Sequence features in tabular format written to WHRI_7808_features.tsv.                                                                                           
[12:26:19] Sequences classified.                                                                                                                                            
[12:26:19] Sequence classification in binary format written to WHRI_7808_marker_classification.npz.                                                                         
[12:26:19] Sequence classification in tabular format written to WHRI_7808_marker_classification.tsv.                                                                        
[12:26:19] geNomad marker-classification finished!                                                                                                                          
