╭──────────────────────────────────────────────────────────────────────────────────────────────────────────────────────────────────────────────────────────────────────────╮
│  Executing geNomad summary (v1.11.1). This will summarize the results across modules into a classification report.                                                       │
│  ──────────────────────────────────────────────────────────────────────────────────────────────────────────────────────────────────────────────────────────────────────  │
│  Outputs:                                                                                                                                                                │
│    WHRI_5588_summary                                                                                                                                                     │
│    ├── WHRI_5588_summary.json (execution parameters)                                                                                                                     │
│    ├── WHRI_5588_virus_summary.tsv (virus classification summary)                                                                                                        │
│    ├── WHRI_5588_plasmid_summary.tsv (plasmid classification summary)                                                                                                    │
│    ├── WHRI_5588_virus.fna (virus nucleotide FASTA file)                                                                                                                 │
│    ├── WHRI_5588_plasmid.fna (plasmid nucleotide FASTA file)                                                                                                             │
│    ├── WHRI_5588_virus_proteins.faa (virus protein FASTA file)                                                                                                           │
│    ├── WHRI_5588_plasmid_proteins.faa (plasmid protein FASTA file)                                                                                                       │
│    ├── WHRI_5588_virus_genes.tsv (virus gene annotation data)                                                                                                            │
│    └── WHRI_5588_plasmid_genes.tsv (plasmid gene annotation data)                                                                                                        │
╰──────────────────────────────────────────────────────────────────────────────────────────────────────────────────────────────────────────────────────────────────────────╯
[09:03:40] Executing genomad summary.                                                                                                                                       
[09:03:40] Creating the WHRI_5588_summary directory.                                                                                                                        
[09:03:40] Using scores from aggregated-classification.                                                                                                                     
[09:03:40] 21 plasmid(s) and 2 virus(es) were identified.                                                                                                                   
[09:03:40] Nucleotide sequences were written to WHRI_5588_plasmid.fna and WHRI_5588_virus.fna.                                                                              
[09:03:40] Protein sequences were written to WHRI_5588_plasmid_proteins.faa and WHRI_5588_virus_proteins.faa.                                                               
[09:03:40] Gene annotation data was written to WHRI_5588_plasmid_genes.tsv and WHRI_5588_virus_genes.tsv.                                                                   
[09:03:40] Summary files were written to WHRI_5588_plasmid_summary.tsv and WHRI_5588_virus_summary.tsv.                                                                     
[09:03:40] geNomad summary finished!                                                                                                                                        
