
Running self-nucmer on /data/djs217/PROJECTS/47_phage/misc-strains/03_workdir/files/X__oryzae_pv__oryzae_WHRI_5233.fna
[RUNNING:] nucmer --maxmatch --nosimplify --prefix=seq_seq3019479 /data/djs217/PROJECTS/47_phage/misc-strains/03_workdir/files/X__oryzae_pv__oryzae_WHRI_5233.fna /data/djs217/PROJECTS/47_phage/misc-strains/03_workdir/files/X__oryzae_pv__oryzae_WHRI_5233.fna 2>/dev/null
[RUNNING:] show-coords -r -I 97 -L 75 -T seq_seq3019479.delta | awk '$1 != $3 || $2 != $4 && $8==$9 {print}' > seq_seq3019479.coords

Repeat coords for all references found.
Self-NUCmer complete
==================================================================
Aligning to the reference genome /data/djs217/PROJECTS/47_phage/misc-strains/03_workdir/files/X__oryzae_pv__oryzae_WHRI_5233.fna

Running nucmer on X__oryzae_pv__oryzae_WHRI_5233_X__oryzae_pv__oryzae_WHRI_5233

NUCmer on all reference genomes complete.
==================================================================

runContigNUCmer.pl -r /data/djs217/PROJECTS/47_phage/misc-strains/03_workdir/files/X__oryzae_pv__oryzae_WHRI_5233.fna -q /data/djs217/PROJECTS/47_phage/misc-strains/03_workdir -d /data/djs217/PROJECTS/47_phage/misc-strains/03_workdir/results -l /data/djs217/PROJECTS/47_phage/misc-strains/03_workdir/contigs_list.txt -t 1 -y 2 2>>/data/djs217/PROJECTS/47_phage/misc-strains/03_workdir/results/misc_xanth__fastree.error >> /data/djs217/PROJECTS/47_phage/misc-strains/03_workdir/results/misc_xanth__fastree.log


Using given reference:  /data/djs217/PROJECTS/47_phage/misc-strains/03_workdir/files/X__oryzae_pv__oryzae_WHRI_5233.fna
Running nucmer on X__oryzae_pv__oryzae_WHRI_5233_X__sp__WHRI_10064A_WHRI_10064A_contig
Running nucmer on X__oryzae_pv__oryzae_WHRI_5233_X__nasturtii_WHRI_10052_contig
Running nucmer on X__oryzae_pv__oryzae_WHRI_5233_X__sp__WHRI_8391_WHRI_8391_contig
Running nucmer on X__oryzae_pv__oryzae_WHRI_5233_X__sp__WHRI_8393_WHRI_8393_contig
Running nucmer on X__oryzae_pv__oryzae_WHRI_5233_X__hortorum_pv__pelargonii_WHRI_5616_contig
Running nucmer on X__oryzae_pv__oryzae_WHRI_5233_X__hortorum_pv__hederae_WHRI_7731A_contig
Running nucmer on X__oryzae_pv__oryzae_WHRI_5233_X__fragariae_WHRI_6150_contig
Running nucmer on X__oryzae_pv__oryzae_WHRI_5233_X__hortorum_WHRI_3810A_contig
Running nucmer on X__oryzae_pv__oryzae_WHRI_5233_X__hortorum_WHRI_6229A_contig
Running nucmer on X__oryzae_pv__oryzae_WHRI_5233_X__hortorum_pv__hederae_WHRI_7735A_contig
Running nucmer on X__oryzae_pv__oryzae_WHRI_5233_X__hortorum_pv__pelargonii_WHRI_5635_contig
Running nucmer on X__oryzae_pv__oryzae_WHRI_5233_X__hortorum_pv__hederae_WHRI_7185_contig
Running nucmer on X__oryzae_pv__oryzae_WHRI_5233_X__hortorum_pv__pelargonii_WHRI_5726_contig
Running nucmer on X__oryzae_pv__oryzae_WHRI_5233_X__citri_pv__malvacearum_WHRI_10262_contig
Running nucmer on X__oryzae_pv__oryzae_WHRI_5233_X__sp__WHRI_10204_WHRI_10204_contig
Running nucmer on X__oryzae_pv__oryzae_WHRI_5233_X__hortorum_pv__hederae_WHRI_7743_contig
Running nucmer on X__oryzae_pv__oryzae_WHRI_5233_X__hortorum_pv__hederae_WHRI_7219_contig
Running nucmer on X__oryzae_pv__oryzae_WHRI_5233_X__hortorum_WHRI_7742_contig
Running nucmer on X__oryzae_pv__oryzae_WHRI_5233_X__fragariae_WHRI_6147_contig
Running nucmer on X__oryzae_pv__oryzae_WHRI_5233_X__fragariae_WHRI_6153_contig
Running nucmer on X__oryzae_pv__oryzae_WHRI_5233_X__hortorum_pv__hederae_WHRI_7722_contig
Running nucmer on X__oryzae_pv__oryzae_WHRI_5233_X__hortorum_pv__hederae_WHRI_7747_contig
Running nucmer on X__oryzae_pv__oryzae_WHRI_5233_X__fragariae_WHRI_6149_contig
Running nucmer on X__oryzae_pv__oryzae_WHRI_5233_X__sp__WHRI_7064_WHRI_7064_contig
Running nucmer on X__oryzae_pv__oryzae_WHRI_5233_X__sp__WHRI_8932A_WHRI_8932A_contig
Running nucmer on X__oryzae_pv__oryzae_WHRI_5233_X__hortorum_pv__hederae_WHRI_7714_contig
Running nucmer on X__oryzae_pv__oryzae_WHRI_5233_X__fragariae_WHRI_6151_contig
Running nucmer on X__oryzae_pv__oryzae_WHRI_5233_X__sp__WHRI_7065_WHRI_7065_contig
Running nucmer on X__oryzae_pv__oryzae_WHRI_5233_X__hortorum_pv__hederae_WHRI_7726B_contig
Running nucmer on X__oryzae_pv__oryzae_WHRI_5233_X__hortorum_pv__vitians_WHRI_6092A_contig
Running nucmer on X__oryzae_pv__oryzae_WHRI_5233_X__dyei_WHRI_5755_contig
Running nucmer on X__oryzae_pv__oryzae_WHRI_5233_X__hortorum_WHRI_5689A_contig
Running nucmer on X__oryzae_pv__oryzae_WHRI_5233_X__hortorum_pv__hederae_WHRI_5690_contig
Running nucmer on X__oryzae_pv__oryzae_WHRI_5233_X__arboricola_WHRI_5708_contig
Running nucmer on X__oryzae_pv__oryzae_WHRI_5233_X__hortorum_pv__hederae_WHRI_7724B_contig
Running nucmer on X__oryzae_pv__oryzae_WHRI_5233_X__sp__NCPPB_2654_NCPPB_2654_contig
Running nucmer on X__oryzae_pv__oryzae_WHRI_5233_X__arboricola_WHRI_7004_contig
Running nucmer on X__oryzae_pv__oryzae_WHRI_5233_X__hortorum_pv__pelargonii_WHRI_5639_contig
Running nucmer on X__oryzae_pv__oryzae_WHRI_5233_X__hortorum_pv__hederae_WHRI_7732A_contig
Running nucmer on X__oryzae_pv__oryzae_WHRI_5233_X__sp__WHRI_8356_WHRI_8356_contig
Running nucmer on X__oryzae_pv__oryzae_WHRI_5233_X__hortorum_pv__hederae_WHRI_5889_contig
Running nucmer on X__oryzae_pv__oryzae_WHRI_5233_X__hortorum_pv__pelargonii_WHRI_5644_contig
Running nucmer on X__oryzae_pv__oryzae_WHRI_5233_X__hortorum_pv__pelargonii_WHRI_5649_contig
Running nucmer on X__oryzae_pv__oryzae_WHRI_5233_X__hortorum_pv__pelargonii_WHRI_5641_contig
Running nucmer on X__oryzae_pv__oryzae_WHRI_5233_X__citri_pv__citri_WHRI_10264_contig
Running nucmer on X__oryzae_pv__oryzae_WHRI_5233_X__hortorum_pv__hederae_WHRI_8090_contig
Running nucmer on X__oryzae_pv__oryzae_WHRI_5233_X__arboricola_WHRI_6013_contig
Running nucmer on X__oryzae_pv__oryzae_WHRI_5233_X__dyei_WHRI_64A_contig
Running nucmer on X__oryzae_pv__oryzae_WHRI_5233_X__hortorum_pv__hederae_WHRI_7717B_contig
Running nucmer on X__oryzae_pv__oryzae_WHRI_5233_X__hortorum_pv__hederae_WHRI_7720_contig
Running nucmer on X__oryzae_pv__oryzae_WHRI_5233_X__hortorum_pv__pelargonii_WHRI_5642_contig
Running nucmer on X__oryzae_pv__oryzae_WHRI_5233_X__fragariae_WHRI_6148_contig
Running nucmer on X__oryzae_pv__oryzae_WHRI_5233_X__hortorum_pv__hederae_WHRI_7733A_contig
Running nucmer on X__oryzae_pv__oryzae_WHRI_5233_X__citri_pv__fuscans_WHRI_10263_contig
Running nucmer on X__oryzae_pv__oryzae_WHRI_5233_X__hortorum_pv__hederae_WHRI_7730E_contig
Running nucmer on X__oryzae_pv__oryzae_WHRI_5233_X__hortorum_pv__hederae_WHRI_7734A_contig
Running nucmer on X__oryzae_pv__oryzae_WHRI_5233_X__hortorum_pv__pelargonii_WHRI_5648_contig
Running nucmer on X__oryzae_pv__oryzae_WHRI_5233_X__hortorum_pv__hederae_WHRI_7204_contig
Running nucmer on X__oryzae_pv__oryzae_WHRI_5233_X__sp__WHRI_10064B_WHRI_10064B_contig
Running nucmer on X__oryzae_pv__oryzae_WHRI_5233_X__citri_pv__fuscans_WHRI_10261_contig
Running nucmer on X__oryzae_pv__oryzae_WHRI_5233_X__hortorum_pv__hederae_WHRI_8097_contig
Running nucmer on X__oryzae_pv__oryzae_WHRI_5233_X__hortorum_pv__hederae_WHRI_7738B_contig
Running nucmer on X__oryzae_pv__oryzae_WHRI_5233_X__hortorum_WHRI_6029A_contig
Running nucmer on X__oryzae_pv__oryzae_WHRI_5233_X__sp__WHRI_8370_WHRI_8370_contig
Running nucmer on X__oryzae_pv__oryzae_WHRI_5233_X__hortorum_pv__hederae_WHRI_5993_contig
Running nucmer on X__oryzae_pv__oryzae_WHRI_5233_X__hortorum_pv__hederae_WHRI_7736B_contig
Running nucmer on X__oryzae_pv__oryzae_WHRI_5233_X__hortorum_pv__hederae_WHRI_7053B_contig
Running nucmer on X__oryzae_pv__oryzae_WHRI_5233_X__hortorum_pv__pelargonii_WHRI_5636_contig
Running nucmer on X__oryzae_pv__oryzae_WHRI_5233_X__sp__WHRI_1810A_WHRI_1810A_contig
Running nucmer on X__oryzae_pv__oryzae_WHRI_5233_X__fragariae_WHRI_6152_contig
NUCmer on all contig/draft genomes complete.


buildSNPDB.pl -i /data/djs217/PROJECTS/47_phage/misc-strains/03_workdir/results -r /data/djs217/PROJECTS/47_phage/misc-strains/03_workdir/files/X__oryzae_pv__oryzae_WHRI_5233.fna -l /data/djs217/PROJECTS/47_phage/misc-strains/03_workdir/working_list.txt -p misc_xanth__fastree -c 0 -g 0.1 2>>/data/djs217/PROJECTS/47_phage/misc-strains/03_workdir/results/misc_xanth__fastree.error >> /data/djs217/PROJECTS/47_phage/misc-strains/03_workdir/results/misc_xanth__fastree.log

Reading Gaps file.
X__arboricola_WHRI_7004_contig covered 0.56845 of the X__oryzae_pv__oryzae_WHRI_5233 (<cutoff = 0.1). It will be used to build SNP tree and matrix.
X__citri_pv__malvacearum_WHRI_10262_contig covered 0.70345 of the X__oryzae_pv__oryzae_WHRI_5233 (<cutoff = 0.1). It will be used to build SNP tree and matrix.
Warnings: X__sp__WHRI_1810A_WHRI_1810A_contig covered only 0.01905 of the X__oryzae_pv__oryzae_WHRI_5233 (<cutoff = 0.1). It will NOT be used to build SNP tree and matrix.
X__hortorum_pv__hederae_WHRI_7185_contig covered 0.58891 of the X__oryzae_pv__oryzae_WHRI_5233 (<cutoff = 0.1). It will be used to build SNP tree and matrix.
X__fragariae_WHRI_6148_contig covered 0.50600 of the X__oryzae_pv__oryzae_WHRI_5233 (<cutoff = 0.1). It will be used to build SNP tree and matrix.
X__hortorum_pv__hederae_WHRI_7714_contig covered 0.60892 of the X__oryzae_pv__oryzae_WHRI_5233 (<cutoff = 0.1). It will be used to build SNP tree and matrix.
X__citri_pv__fuscans_WHRI_10261_contig covered 0.68454 of the X__oryzae_pv__oryzae_WHRI_5233 (<cutoff = 0.1). It will be used to build SNP tree and matrix.
X__fragariae_WHRI_6147_contig covered 0.51224 of the X__oryzae_pv__oryzae_WHRI_5233 (<cutoff = 0.1). It will be used to build SNP tree and matrix.
X__sp__WHRI_8393_WHRI_8393_contig covered 0.56877 of the X__oryzae_pv__oryzae_WHRI_5233 (<cutoff = 0.1). It will be used to build SNP tree and matrix.
X__sp__WHRI_8391_WHRI_8391_contig covered 0.60765 of the X__oryzae_pv__oryzae_WHRI_5233 (<cutoff = 0.1). It will be used to build SNP tree and matrix.
X__arboricola_WHRI_6013_contig covered 0.59133 of the X__oryzae_pv__oryzae_WHRI_5233 (<cutoff = 0.1). It will be used to build SNP tree and matrix.
X__hortorum_pv__hederae_WHRI_7743_contig covered 0.60220 of the X__oryzae_pv__oryzae_WHRI_5233 (<cutoff = 0.1). It will be used to build SNP tree and matrix.
X__sp__NCPPB_2654_NCPPB_2654_contig covered 0.24894 of the X__oryzae_pv__oryzae_WHRI_5233 (<cutoff = 0.1). It will be used to build SNP tree and matrix.
X__hortorum_pv__hederae_WHRI_5889_contig covered 0.58926 of the X__oryzae_pv__oryzae_WHRI_5233 (<cutoff = 0.1). It will be used to build SNP tree and matrix.
X__hortorum_pv__hederae_WHRI_7720_contig covered 0.59302 of the X__oryzae_pv__oryzae_WHRI_5233 (<cutoff = 0.1). It will be used to build SNP tree and matrix.
X__sp__WHRI_10064B_WHRI_10064B_contig covered 0.55172 of the X__oryzae_pv__oryzae_WHRI_5233 (<cutoff = 0.1). It will be used to build SNP tree and matrix.
X__hortorum_pv__pelargonii_WHRI_5642_contig covered 0.59068 of the X__oryzae_pv__oryzae_WHRI_5233 (<cutoff = 0.1). It will be used to build SNP tree and matrix.
X__hortorum_pv__hederae_WHRI_7733A_contig covered 0.60530 of the X__oryzae_pv__oryzae_WHRI_5233 (<cutoff = 0.1). It will be used to build SNP tree and matrix.
X__dyei_WHRI_5755_contig covered 0.58865 of the X__oryzae_pv__oryzae_WHRI_5233 (<cutoff = 0.1). It will be used to build SNP tree and matrix.
X__hortorum_WHRI_6029A_contig covered 0.60916 of the X__oryzae_pv__oryzae_WHRI_5233 (<cutoff = 0.1). It will be used to build SNP tree and matrix.
X__hortorum_pv__hederae_WHRI_7738B_contig covered 0.58928 of the X__oryzae_pv__oryzae_WHRI_5233 (<cutoff = 0.1). It will be used to build SNP tree and matrix.
X__hortorum_pv__hederae_WHRI_7722_contig covered 0.59732 of the X__oryzae_pv__oryzae_WHRI_5233 (<cutoff = 0.1). It will be used to build SNP tree and matrix.
X__hortorum_pv__pelargonii_WHRI_5641_contig covered 0.59164 of the X__oryzae_pv__oryzae_WHRI_5233 (<cutoff = 0.1). It will be used to build SNP tree and matrix.
X__hortorum_pv__pelargonii_WHRI_5726_contig covered 0.59165 of the X__oryzae_pv__oryzae_WHRI_5233 (<cutoff = 0.1). It will be used to build SNP tree and matrix.
X__hortorum_pv__pelargonii_WHRI_5639_contig covered 0.59156 of the X__oryzae_pv__oryzae_WHRI_5233 (<cutoff = 0.1). It will be used to build SNP tree and matrix.
X__hortorum_pv__hederae_WHRI_5690_contig covered 0.59328 of the X__oryzae_pv__oryzae_WHRI_5233 (<cutoff = 0.1). It will be used to build SNP tree and matrix.
X__arboricola_WHRI_5708_contig covered 0.56558 of the X__oryzae_pv__oryzae_WHRI_5233 (<cutoff = 0.1). It will be used to build SNP tree and matrix.
X__hortorum_WHRI_3810A_contig covered 0.60323 of the X__oryzae_pv__oryzae_WHRI_5233 (<cutoff = 0.1). It will be used to build SNP tree and matrix.
X__sp__WHRI_8932A_WHRI_8932A_contig covered 0.55755 of the X__oryzae_pv__oryzae_WHRI_5233 (<cutoff = 0.1). It will be used to build SNP tree and matrix.
X__hortorum_pv__hederae_WHRI_7736B_contig covered 0.59385 of the X__oryzae_pv__oryzae_WHRI_5233 (<cutoff = 0.1). It will be used to build SNP tree and matrix.
X__hortorum_pv__hederae_WHRI_5993_contig covered 0.59346 of the X__oryzae_pv__oryzae_WHRI_5233 (<cutoff = 0.1). It will be used to build SNP tree and matrix.
X__fragariae_WHRI_6150_contig covered 0.51007 of the X__oryzae_pv__oryzae_WHRI_5233 (<cutoff = 0.1). It will be used to build SNP tree and matrix.
X__hortorum_pv__hederae_WHRI_7219_contig covered 0.60509 of the X__oryzae_pv__oryzae_WHRI_5233 (<cutoff = 0.1). It will be used to build SNP tree and matrix.
X__hortorum_pv__hederae_WHRI_7726B_contig covered 0.59865 of the X__oryzae_pv__oryzae_WHRI_5233 (<cutoff = 0.1). It will be used to build SNP tree and matrix.
X__hortorum_pv__hederae_WHRI_8097_contig covered 0.58561 of the X__oryzae_pv__oryzae_WHRI_5233 (<cutoff = 0.1). It will be used to build SNP tree and matrix.
X__hortorum_WHRI_6229A_contig covered 0.60753 of the X__oryzae_pv__oryzae_WHRI_5233 (<cutoff = 0.1). It will be used to build SNP tree and matrix.
X__sp__WHRI_8370_WHRI_8370_contig covered 0.60711 of the X__oryzae_pv__oryzae_WHRI_5233 (<cutoff = 0.1). It will be used to build SNP tree and matrix.
X__hortorum_pv__hederae_WHRI_7724B_contig covered 0.60892 of the X__oryzae_pv__oryzae_WHRI_5233 (<cutoff = 0.1). It will be used to build SNP tree and matrix.
X__hortorum_WHRI_5689A_contig covered 0.58886 of the X__oryzae_pv__oryzae_WHRI_5233 (<cutoff = 0.1). It will be used to build SNP tree and matrix.
X__hortorum_pv__hederae_WHRI_7734A_contig covered 0.60257 of the X__oryzae_pv__oryzae_WHRI_5233 (<cutoff = 0.1). It will be used to build SNP tree and matrix.
X__hortorum_pv__hederae_WHRI_7747_contig covered 0.58928 of the X__oryzae_pv__oryzae_WHRI_5233 (<cutoff = 0.1). It will be used to build SNP tree and matrix.
X__hortorum_pv__vitians_WHRI_6092A_contig covered 0.57282 of the X__oryzae_pv__oryzae_WHRI_5233 (<cutoff = 0.1). It will be used to build SNP tree and matrix.
X__sp__WHRI_8356_WHRI_8356_contig covered 0.61369 of the X__oryzae_pv__oryzae_WHRI_5233 (<cutoff = 0.1). It will be used to build SNP tree and matrix.
X__hortorum_pv__pelargonii_WHRI_5649_contig covered 0.59060 of the X__oryzae_pv__oryzae_WHRI_5233 (<cutoff = 0.1). It will be used to build SNP tree and matrix.
X__hortorum_pv__hederae_WHRI_7732A_contig covered 0.59405 of the X__oryzae_pv__oryzae_WHRI_5233 (<cutoff = 0.1). It will be used to build SNP tree and matrix.
X__hortorum_pv__hederae_WHRI_7731A_contig covered 0.59326 of the X__oryzae_pv__oryzae_WHRI_5233 (<cutoff = 0.1). It will be used to build SNP tree and matrix.
X__sp__WHRI_7065_WHRI_7065_contig covered 0.56797 of the X__oryzae_pv__oryzae_WHRI_5233 (<cutoff = 0.1). It will be used to build SNP tree and matrix.
X__nasturtii_WHRI_10052_contig covered 0.55016 of the X__oryzae_pv__oryzae_WHRI_5233 (<cutoff = 0.1). It will be used to build SNP tree and matrix.
X__hortorum_pv__hederae_WHRI_7053B_contig covered 0.60180 of the X__oryzae_pv__oryzae_WHRI_5233 (<cutoff = 0.1). It will be used to build SNP tree and matrix.
X__hortorum_pv__pelargonii_WHRI_5635_contig covered 0.59070 of the X__oryzae_pv__oryzae_WHRI_5233 (<cutoff = 0.1). It will be used to build SNP tree and matrix.
X__fragariae_WHRI_6152_contig covered 0.50932 of the X__oryzae_pv__oryzae_WHRI_5233 (<cutoff = 0.1). It will be used to build SNP tree and matrix.
REPEATS covered 0.84636 of the X__oryzae_pv__oryzae_WHRI_5233 (<cutoff = 0.1). It will be used to build SNP tree and matrix.
X__sp__WHRI_10064A_WHRI_10064A_contig covered 0.55168 of the X__oryzae_pv__oryzae_WHRI_5233 (<cutoff = 0.1). It will be used to build SNP tree and matrix.
X__hortorum_pv__pelargonii_WHRI_5616_contig covered 0.58302 of the X__oryzae_pv__oryzae_WHRI_5233 (<cutoff = 0.1). It will be used to build SNP tree and matrix.
X__hortorum_pv__hederae_WHRI_7204_contig covered 0.58633 of the X__oryzae_pv__oryzae_WHRI_5233 (<cutoff = 0.1). It will be used to build SNP tree and matrix.
X__sp__WHRI_10204_WHRI_10204_contig covered 0.55172 of the X__oryzae_pv__oryzae_WHRI_5233 (<cutoff = 0.1). It will be used to build SNP tree and matrix.
X__hortorum_pv__pelargonii_WHRI_5648_contig covered 0.59166 of the X__oryzae_pv__oryzae_WHRI_5233 (<cutoff = 0.1). It will be used to build SNP tree and matrix.
X__oryzae_pv__oryzae_WHRI_5233 covered 0.99979 of the X__oryzae_pv__oryzae_WHRI_5233 (<cutoff = 0.1). It will be used to build SNP tree and matrix.
X__hortorum_WHRI_7742_contig covered 0.58926 of the X__oryzae_pv__oryzae_WHRI_5233 (<cutoff = 0.1). It will be used to build SNP tree and matrix.
X__hortorum_pv__hederae_WHRI_7735A_contig covered 0.60670 of the X__oryzae_pv__oryzae_WHRI_5233 (<cutoff = 0.1). It will be used to build SNP tree and matrix.
X__fragariae_WHRI_6153_contig covered 0.51525 of the X__oryzae_pv__oryzae_WHRI_5233 (<cutoff = 0.1). It will be used to build SNP tree and matrix.
X__sp__WHRI_7064_WHRI_7064_contig covered 0.56874 of the X__oryzae_pv__oryzae_WHRI_5233 (<cutoff = 0.1). It will be used to build SNP tree and matrix.
X__hortorum_pv__hederae_WHRI_8090_contig covered 0.60976 of the X__oryzae_pv__oryzae_WHRI_5233 (<cutoff = 0.1). It will be used to build SNP tree and matrix.
X__fragariae_WHRI_6151_contig covered 0.51027 of the X__oryzae_pv__oryzae_WHRI_5233 (<cutoff = 0.1). It will be used to build SNP tree and matrix.
X__hortorum_pv__pelargonii_WHRI_5636_contig covered 0.59169 of the X__oryzae_pv__oryzae_WHRI_5233 (<cutoff = 0.1). It will be used to build SNP tree and matrix.
X__fragariae_WHRI_6149_contig covered 0.50624 of the X__oryzae_pv__oryzae_WHRI_5233 (<cutoff = 0.1). It will be used to build SNP tree and matrix.
X__hortorum_pv__hederae_WHRI_7730E_contig covered 0.59672 of the X__oryzae_pv__oryzae_WHRI_5233 (<cutoff = 0.1). It will be used to build SNP tree and matrix.
X__hortorum_pv__pelargonii_WHRI_5644_contig covered 0.59062 of the X__oryzae_pv__oryzae_WHRI_5233 (<cutoff = 0.1). It will be used to build SNP tree and matrix.
X__hortorum_pv__hederae_WHRI_7717B_contig covered 0.60849 of the X__oryzae_pv__oryzae_WHRI_5233 (<cutoff = 0.1). It will be used to build SNP tree and matrix.
X__dyei_WHRI_64A_contig covered 0.58776 of the X__oryzae_pv__oryzae_WHRI_5233 (<cutoff = 0.1). It will be used to build SNP tree and matrix.
X__citri_pv__fuscans_WHRI_10263_contig covered 0.68030 of the X__oryzae_pv__oryzae_WHRI_5233 (<cutoff = 0.1). It will be used to build SNP tree and matrix.
X__citri_pv__citri_WHRI_10264_contig covered 0.68714 of the X__oryzae_pv__oryzae_WHRI_5233 (<cutoff = 0.1). It will be used to build SNP tree and matrix.
Printing Summary Statistics.
Creating SNP alignment.
X__sp__WHRI_1810A_WHRI_1810A_contig
X__sp__WHRI_1810A_WHRI_1810A_contig
X__sp__WHRI_1810A_WHRI_1810A_contig
X__sp__WHRI_1810A_WHRI_1810A_contig
Creating SNP stats file. 
SNP alignment complete.
Reconstructing phylogeny using FastTree
export OMP_NUM_THREADS=1; FastTree -quiet -nt -gtr < /data/djs217/PROJECTS/47_phage/misc-strains/03_workdir/results/misc_xanth__fastree_all_snp_alignment.fna > /data/djs217/PROJECTS/47_phage/misc-strains/03_workdir/results/misc_xanth__fastree_all.fasttree 2>>/data/djs217/PROJECTS/47_phage/misc-strains/03_workdir/results/misc_xanth__fastree.error 

Tree phylogeny complete.
